-1.296776225481321987e+01
5.461079349981283748e+00
1.846962631030604740e+01
-5.002339606450955323e+00
8.404989283980377479e+00
-1.049767561953631123e+01
1.248646275209858914e+01
1.539840648587833094e+01
1.906801820700021821e+01
2.241359571921596849e+00
8.446279405024620601e+00
-7.793962253339164370e+00
-1.883044412833244197e+00
-1.220356231152216075e+01
-1.633764460434538890e+01
-7.948591379330745887e+00
9.292399654060011116e+00
-2.676272410874986818e+01
-2.290936961571745645e+00
1.098330460972316480e+01
-1.494137199201482247e+01
4.578678003860777501e+00
5.527226100857481228e+00
-6.989450034348516638e+00
1.921687976904984296e+01
1.864820930366228069e+01
9.210983518004288939e+00
7.761628230241022663e+00
1.050032954469697621e+01
1.467637925359708539e+01
1.544400844300246334e+01
-1.543364328077259273e+01
3.659303169916182430e+00
1.370828721518050664e+01
1.614295968232158529e+01
-1.046916968278109294e+01
1.010808606549018762e+01
-1.047089779717337699e+01
2.385586056390654619e+01
-1.075508325500525508e+01
-5.909810999215285854e+00
-1.531865688324540953e+00
-9.577312780043750751e-01
-2.410670396350214162e+01
-3.576305117928924027e+00
-1.500174331199639433e+01
-1.068249818751571567e+01
5.106597424955935161e+00
-1.177030113391292510e+01
-1.327483840033021067e+01
1.407665774535818315e+01
-5.023045745835438503e+00
9.476633562522616572e+00
5.097464428414991922e+00
2.280091883869837943e+01
8.058086275786106256e+00
-8.088402679531521144e+00
6.010695455415507205e+00
-1.132724036967139014e+01
-4.283805124403992970e+00
7.137077541729464514e+00
1.018886939273816772e+01
-1.518854332141906305e+01
-1.822705042772811268e+01
-2.490546670744937430e+01
3.152507012540248232e-01
-2.377726348961450142e+01
9.092604443785489821e+00
1.629587199286262233e+01
-8.796571920786631082e+00
5.118558712769424091e+00
1.212767731652268743e+01
5.926190510935305689e+00
2.983254019141800661e+00
-2.469283127576591141e+01
-1.097833313203335237e+01
1.331840724395900111e+01
4.564783343678677774e+00
-1.613239047933511827e+01
-5.267097382261166638e-01
-1.330744103191727667e+01
9.412993186602649942e+00
9.503451191048673863e+00
-2.153733665226370775e+01
6.175496095823056031e+00
-1.743422608112511085e+01
1.257474136959629263e+01
4.532209020744799588e+00
-7.199504536581533110e+00
-3.710816622934485220e+00
-2.178226567088952947e+01
6.540064530149663824e+00
-1.816817970853192676e+01
8.314844803848870924e+00
6.138655045102436425e+00
1.002581862762490950e+01
-1.204749803572331501e+01
1.454736866672982520e+00
1.315298194139249155e+01
-8.037457034865726158e+00
-7.460188700571948606e-02
-3.432448661129774981e-01
1.414979811908938245e+01
1.945432945082325205e+01
8.473078851533243139e+00
-1.849226496763262517e+01
1.980965073360163808e+00
7.509795183267929275e+00
8.805981312053805965e+00
7.578890875666552951e+00
-2.812470664495311468e+01
5.081319724516364822e+00
-1.657015799836977976e+01
-1.103185278604187403e+01
-1.179815662519552966e+01
1.365862057541058050e+01
-2.431132526837958885e+00
9.477401448774083192e+00
1.574309696566762540e+01
8.077517678553652658e+00
-2.736623403285503286e+01
-3.994412049122923580e+00
1.224719687107923960e+01
-3.403153005549626631e+00
-1.346589698355136733e+01
1.150326822328751142e+01
-9.547555298288623149e+00
-1.221596707355559275e+01
8.560536739399191575e+00
-1.608710325126555674e+01
5.350661932124080700e+00
-1.271624005306551730e+01
-1.070744985174377284e+01
-1.416189623980796597e+01
-5.789505041397329244e+00
2.675633950941556805e+01
2.038505627925824015e+00
7.744748955802561063e+00
-1.066557489823560800e+01
-6.563937511090132126e+00
2.168339720959174244e+01
2.934886598050993811e+01
-1.128771149544938979e+01
2.933429157699289469e+00
1.090001507506342371e+01
8.434640047088180381e+00
6.801595282995060110e+00
-4.555782121218353353e+00
-1.543333279706716432e+01
8.164729433334066755e+00
-5.401462862413233701e+00
9.545665127229579383e+00
-1.281518815641837072e+01
-1.289537991751254253e+01
4.405130639215796506e+00
8.365791793018267697e+00
1.303068757267049804e+01
6.689948459113818302e+00
4.123462785640993111e+00
-8.749672995950763976e+00
-1.567732386668818867e+00
2.675480817355978758e+01
7.226315942978800422e+00
-2.721532557646620987e+01
-1.148189135290414065e+01
-6.506661746323877615e+00
3.521614814790297032e+00
2.566812315617737283e+01
4.186718948997360634e+00
-3.384999879691078739e+00
-7.551851277731554291e+00
1.948656180537430060e+01
2.164856297314375766e+01
8.282571312720189427e-01
-9.167758664797005963e+00
2.255513029777586098e+01
1.403844132806859690e+01
8.474330032251547351e+00
-3.412584467301480018e+00
1.034397503917648997e+01
-1.007704873140256829e+01
3.256001510497936291e+00
-1.523658456681026729e+00
-1.071797747286284164e+01
7.873269430062861396e+00
-8.970370298369539697e+00
-1.069366526254017735e+01
-1.852170421111202714e+01
1.638303526893547968e+01
-8.436111644825340150e+00
1.003356335441201530e+01
-3.869506657811715211e+00
-3.997203193586235770e+00
7.809305974143770257e+00
1.130503845288317599e+01
-9.993077585291688436e+00
-6.360848613782817296e+00
-1.278537643903467647e+01
-2.827893711849142733e+01
-1.373013013916736291e+01
2.401129690287139073e+00
9.155532617948269447e+00
1.085163211689087959e+01
-9.972454107890428077e+00
-6.676291641688469447e+00
1.274413457773839298e+01
-2.982303821569538105e+00
-7.309220076192005422e+00
-8.495778232304695976e+00
-1.272271262342080966e+01
-4.835392088536681676e+00
-3.004271963886717689e+00
1.951663548448347996e+01
-9.461908210336281044e+00
1.678884738448562430e+01
1.449447516205629327e+01
6.911155464511206103e-01
-7.747705128247830864e+00
-1.316121176257023073e+01
-5.325146396914995250e+00
1.155838564973282345e+01
-4.583295382829437159e+00
-5.981291559068554697e+00
-3.045971089110299790e+00
-5.586992265828380155e+00
-2.662259100435950820e+00
1.127115701473127274e+01
-4.705068509463444570e+00
-9.325181040060838811e+00
-5.520134546428913325e+00
3.001559312850727856e+00
-6.971326675830828989e+00
-5.433341681047147986e+00
1.320954513490198678e+01
-1.025917227476440452e+01
1.566360895792863772e+01
-6.638930680540372720e+00
-1.025234922238977120e+01
-7.585126937175086681e+00
8.803042430954079123e+00
9.257950246184938337e+00
-1.486497668180065190e+01
-4.104633177667698085e+00
5.113006333021163918e+00
1.444517692497445260e+01
-7.595878944188809712e+00
1.103475925539696512e+01
-8.005125027293789941e+00
2.365375631154332225e+01
-9.770513726995314840e+00
-4.782810838499369055e+00
1.429369063621347102e+01
-4.201989105107409195e+00
-9.444320067051132028e+00
5.310082724878389948e-01
1.489598886807447720e+01
3.416627381531613850e+01
3.602227055043558668e+00
1.240635022955894584e+01
1.782287945033781185e+01
1.266852934959878674e+01
-7.025884220304998706e+00
-7.668195377665762535e+00
-1.275732369905229469e+01
-4.192390567774557653e+00
-3.720199482930354407e+00
-5.978102231898256846e+00
-8.763062495481186431e+00
8.116054643381273692e+00
9.878161080739026545e+00
2.306367602841823405e+00
-1.071086820073201373e+01
6.017132752954541530e+00
-6.336286348267376134e+00
-7.119246732291756530e+00
8.871733931560601860e+00
-8.542514725847688339e+00
2.221518866369205725e+01
1.520773979474158999e+01
-3.526805388302435063e+00
-9.485243496846909039e+00
-3.450418136435140504e+00
-9.853431792247617338e+00
-3.448588758564148815e+00
1.180333261819032664e+01
2.679036916876559093e+00
-1.161305434689899307e+01
-4.406168203319952958e+00
-1.972496319680147270e+00
-7.419389275531771410e+00
-1.425909942048318868e+01
-6.985737570091467674e+00
-1.461925892096770596e+01
-7.016167069317472915e+00
2.981582504683308876e+00
-4.985651833482285689e+00
1.698486174986686192e+00
7.268175641424515776e-01
-8.041814007209643123e+00
-7.544474618712355252e+00
-8.164478469234479618e+00
-3.433565953363491019e+00
1.192539292284941510e+01
-7.462230018675403365e+00
-7.781740147908746685e+00
-6.344538670126778079e+00
-4.572777372023873355e+00
-6.712432332037767679e+00
-1.738960358862845013e+01
1.828641099622677624e+00
-1.051972791961723175e+01
-4.763143076146768351e+00
-5.864431443958769918e+00
-7.782772149048777344e+00
-1.496479874423261336e+01
-6.214282060036853572e+00
-3.614729196558688074e+00
-4.805898588698869212e+00
-1.063343211197141791e+01
-9.009750421090837236e+00
-1.307904876644337833e+01
-1.198026281028662332e+01
-1.105542849408667117e+01
-7.859412388557422524e+00
1.694766880824173683e+01
2.248150904460291866e+00
-9.785345451488568713e+00
1.514783652754332266e+01
5.521895717256299463e+00
2.039421286138988876e+01
5.734659614016717200e+00
-4.928985067903982831e+00
1.423665036660925809e+00
-1.227251510309929117e+01
1.839176188192646677e+01
7.007703887805468490e+00
-1.255095786266490343e+01
4.372622767266797439e+00
1.750047285558661514e+01
4.924938152569962035e+00
-4.928744248261681449e+00
-6.556276190510357260e+00
1.904354466626822884e+01
-9.510977084341163845e+00
5.743064000775285116e+00
1.629800879442953487e+01
9.195123352212773327e+00
-6.896723057479744234e+00
-1.025318502995868997e+01
8.949600699507428203e+00
2.307379978823728806e+01
-6.063574220499523548e+00
1.277140423311669970e+01
1.001038899501695312e+01
-6.267066415170129190e+00
1.146404388754243442e+01
1.565128560287198844e+01
-2.629814513485926764e+00
2.124698289355116732e+00
5.439616208445364087e+00
-6.171833361081022318e+00
-6.576663974373140320e+00
-1.316811033016900367e+01
8.380794377504905412e-01
1.825405917877197481e+01
9.544261919153244733e+00
-9.962871226041020378e+00
-5.593427817716361439e+00
-1.072275153504683942e+01
-5.191496946681084523e+00
1.413745419604923725e+01
-8.638060550061911869e+00
-4.577024919535413794e+00
-3.033807793971558642e+00
1.347973613386755964e+01
-1.091823571148832173e+01
-7.410617685103611407e+00
1.023976661757167328e+01
1.424516057605590547e+01
-6.997096780838190533e+00
2.497668581676883903e+01
9.260558892837741141e+00
-5.953576497142014645e+00
-7.635234630438527681e+00
8.545753814755949307e+00
1.307057093248123003e+01
-7.596965984715269293e+00
-2.575875112447488569e+00
-9.479456213121022046e+00
-5.898387789638155354e+00
-8.925109314795466986e+00
2.165415935914409573e+01
1.823162623849580299e+01
-9.971700285219300852e+00
8.758264064189427600e+00
9.463195308269902739e+00
-8.272911627319672334e+00
1.592865648572805171e+01
-1.082998691456087492e+01
-5.194768065025487935e+00
-1.961041255944405748e+01
1.780563607718779195e+01
1.205454138082639481e+01
1.057433414305616282e+01
4.039127884937978585e+00
-1.171428153253376081e+01
1.299892681549719953e+01
-2.234302918391354531e+00
8.863595292191813968e+00
4.459903717540991686e+00
1.519496221960897842e+01
3.334883859093572767e+00
1.086201641206966428e+01
1.370357403634399773e+01
2.711260195417776853e+00
7.771749741873549944e+00
5.675749291054433598e+00
-3.574398726302118945e+01
2.429422166905066760e+01
-2.349428605099646017e+00
5.366157736325095406e+00
-8.787007553719309527e+00
1.187901836454191562e+00
-2.339970926813465635e+00
-1.694600541531814386e+01
5.803750391821444587e+00
-3.071794616704890402e-01
9.985839049490017771e+00
9.331234356072228842e-01
-2.409497969330126566e+01
1.092861212752240796e+01
1.185300596830348319e+01
-2.493255062780165954e+00
3.882665432709357045e+00
6.845593673393191914e+00
-4.046073382777474414e+00
6.766636743077576455e+00
-7.307803333679438573e+00
8.207510603749437195e+00
1.955706841877702828e+01
3.517934308110227892e+00
3.692072119880556613e+00
-2.839242790542332084e+00
2.585402618062610625e+00
6.544032797331460927e+00
6.160269099116506553e+00
-1.886579112640899680e+01
-1.852341487701410827e+01
1.876263610240970081e+01
1.154585016458916513e+01
-1.217488571204741277e+01
1.327004065452448067e+01
4.118950427361276034e+00
1.587087548470620924e+01
1.578453150127110405e+01
9.347174306379880449e+00
1.088921873464526158e+01
3.629020339090893277e+00
8.695490549463050556e+00
1.378317771861503438e+01
5.006202798055347181e+00
8.404088066587217298e+00
-1.951845421590589424e+01
2.087228832994380223e+00
-3.175546839738640159e+01
9.078007711497500409e+00
1.129070038322456604e+01
4.477271019076969338e+00
-8.710742287984833965e+00
4.147095082478841732e+00
1.862317736182744765e+00
1.487146176829000943e+01
-1.240676550761678776e+01
-1.052281781564062824e+00
1.754039590101125867e+01
3.934370709879460026e+00
-3.199787396290638242e+01
-1.753447093859006856e+01
-1.558046399320751796e+01
-9.409134562468988605e+00
-1.542843923816157137e+01
1.277411010287740289e+00
5.549172983333443554e+00
5.522353099808213095e+00
-2.976847496692808548e+01
2.042560767112783182e+01
-1.310434071162311120e+01
-1.006964625819974124e+01
-1.121870328952954310e+01
-1.707576259542136299e+01
-9.973233211046494961e-01
-6.023711147979117442e+00
-2.235118241606403267e+00
-5.199679260151900628e+00
8.107960336265325196e+00
-1.987215197680732004e+01
-2.075156543291170408e+01
-8.738922651203058223e-01
3.306099923582750399e+00
1.884776681223959693e+00
-7.143094844769255047e+00
5.323454566204446792e+00
1.152161404934139632e+01
-1.025167797888141585e+01
2.464821134246236500e+00
-8.364093450691462150e-01
-4.353978403118061280e+00
-1.774659161061722301e+01
5.240636832826090163e+00
8.842178485544382127e+00
3.455813917605056851e+00
5.248336082693965565e+00
-1.816837322743242922e+01
1.134573604461895613e+01
-2.270680498362541400e+01
-3.003249418596265841e+01
-3.565552717473630118e+00
2.015267416546197055e+01
8.037487201626298372e+00
-1.770263519593662238e+01
1.060734431148196144e+01
4.746785241610384176e+00
3.595410439484526766e+00
-3.031020935527137361e+00
1.227310638112225183e+00
5.926928842250847929e+00
1.637443277936434072e+01
6.179271741795706596e+00
-9.694982377714027599e-01
1.955995783467820814e+01
-4.037633463214793217e+00
-1.058253620961355085e-01
6.646642406575478113e+00
-1.499117684403131356e+01
-1.471800982304211303e+01
-8.746408202532670373e+00
-9.909061316051953616e-01
-1.314643612793769956e+00
1.088879297339598651e+01
-6.145157054807285135e+00
7.315593950276978674e+00
-1.287427545485198443e+01
1.702218978710306274e+01
1.485942330752316032e+01
3.081830768158611900e+00
-3.190063232025502682e+00
7.054925993556254049e+00
9.321618371113707724e+00
-2.107437164057256851e+01
2.703469443204644218e+00
2.341569109949903194e+01
-3.222639285018510691e+01
-1.724620782270272201e+01
-7.503271748371117766e+00
-1.292291782150109647e+01
4.799414676230453480e+00
7.745086906355282963e+00
-1.752665621107196969e+01
-3.016418568509777032e+01
2.878413391797955523e+00
1.154792828453607889e+01
-1.011075491345640920e+01
-2.519767960288854169e+01
5.143747439607988525e+00
-2.172084167206729077e+01
3.799905083656563765e+00
1.331737717544649202e+00
2.151418818194295213e+01
2.210326446072931272e+00
-6.880602376646906215e+00
-7.339942757203861134e+00
-1.363772214455707577e+01
1.773494067285578168e+01
4.477782426157241424e+00
-2.001678610018349858e+01
-6.520899713974255718e+00
8.224857424475247925e+00
2.522612070886047775e+00
8.881363564395137189e+00
6.755070884954238686e+00
2.284035657059348168e+01
3.642025069730731590e-01
1.456014417563529939e+01
-1.477905940096039039e+01
6.960612111068755326e+00
9.273524710281588312e+00
9.707224375831602359e+00
1.312190999627765287e+01
-2.498895227562784171e+01
-5.591404745067197091e+00
7.081580499173890431e+00
6.746059766808353508e+00
1.461251134403704910e+01
3.548349957122614473e+00
-4.842513209158226140e+00
-1.547990446841527090e+00
-2.253361625559808346e+00
-4.496445486899790289e+00
9.229806510134277886e+00
8.847685117355648110e-01
-1.095087925155424635e+01
1.846380553584970485e+01
-1.728579112752562708e+01
-2.403742748494268966e+01
3.552075782701106910e+00
-6.677286449331473861e+00
-7.128749443565205013e+00
9.569432290570290434e+00
-3.244108013362568244e+01
3.461032118909638911e+00
-6.024633499579845619e+00
3.395699681382173818e+00
6.392475029451951229e+00
2.044310986232473581e+01
-1.371266808137097648e+01
-1.642461741500446593e+01
6.716759221716174899e+00
2.424302150562740366e+01
2.372465551056250632e+01
1.500844676027991431e+00
2.426647561766714922e+00
-1.715010972007786094e+01
1.912149066726857694e+00
-6.796917709563413901e+00
-2.989389925608891829e+01
8.620471878215232309e+00
6.519848369991419368e+00
-1.522759245555862506e+01
-5.769524527278839798e+00
-1.768100872661008083e+01
-1.693654798586749877e+01
-1.130815416256047534e+01
-3.291005920315606570e+00
1.769809371554171840e+00
1.161785266629752833e+01
-9.388058612231924727e+00
-1.608390357014581440e+01
-6.952852797563907394e+00
-7.678663121401353209e+00
3.128415066062178340e+00
6.536062175233988469e+00
-2.373838868193838270e+00
1.595042514269344291e+00
8.868833943507470341e-01
-2.865242472301266830e+01
-3.429041154054826457e+00
-2.454089899653582485e+00
1.276678506222387099e+00
9.122149408743572607e+00
7.670709266720945330e+00
9.931250414538283167e+00
-1.136907686764970649e+01
4.318263032159497250e+00
1.992154003945844920e+01
-2.443174768918737882e+01
7.006371958935241340e-01
-1.847237089616074357e+01
6.438408135943483046e-01
-5.810002827418188076e+00
1.492429361923639775e+01
-3.050388880218444676e+00
5.876756731949090984e+00
8.742020909890930724e+00
9.697327235084589603e+00
1.017950062920307452e+01
3.660303847124925625e+00
3.901773820842362461e+00
-2.180763622453407269e+00
-6.008708699600338932e+00
-8.323801235820921463e+00
-1.799037562693916320e-02
1.500711800779350114e+01
2.505260625241359396e+00
-2.021907478193049335e-01
1.546733905406689225e+01
2.445699578830147214e+00
-2.469444199221694802e+01
1.450686710071277474e+01
-1.644878453095935100e+01
-1.722921751355929454e-01
-3.278471949024638832e+01
-1.316151201303683926e+01
9.518270237263768863e+00
1.184597650452733575e+01
1.689542041872388989e+00
1.434461631559399564e+01
-5.722552740282416117e+00
1.460920357248955304e+00
4.841756199354705359e+00
-5.976057752067855944e+00
-2.507268635675322344e+01
-6.501329842277775439e-01
2.142684203453461933e+01
1.556645029238297795e+01
-3.538199040321421407e+00
-2.702924537877068545e+01
-1.162410554110708372e+00
-4.473640060974037325e-01
-3.261748612097432165e+00
1.475647442703022527e+01
-8.387655865787575493e+00
8.729080849007546661e+00
1.267310157148153493e+01
-2.547420057657853931e+01
-4.137426972537385783e-01
7.608710108790536886e+00
1.354120178655441187e+01
1.390476450811365261e+01
1.267099329425681820e+00
-6.141111822975812373e+00
6.764372879781371140e+00
4.080662524503458677e+00
9.431993113544182350e+00
-9.577505900925794791e+00
5.410889810643407571e+00
-3.276057308701444626e+00
4.900607547912389172e+00
1.917974922568643592e+01
1.136760743202809643e+01
6.622559288209941997e+00
3.966051895330314547e+00
8.159397103546046637e+00
9.387315449804187750e+00
2.541077968950247268e+01
7.533878376424231860e+00
5.266018150587513880e+00
1.654174045698430717e+01
-3.401710453412968960e+00
5.648770076428706766e+00
-2.036942985442051490e-01
-3.252933739573231176e+00
5.935470359708357790e+00
-3.765111322718785125e+00
2.428317372704398291e+00
1.884472957491597045e+00
2.076446853042751428e+01
-1.475816864893566560e+00
2.819026466448777857e+00
4.908479504189196874e+00
2.695472917178418637e-01
-6.938226726816431267e+00
2.087120463694749972e+01
-1.852561500686372398e+01
1.371770609123042917e+01
-2.665688909974189613e+01
-1.342393394495144854e+01
7.423640314578602073e+00
-3.056602215550286328e+00
1.597776275950855585e+01
-3.508195922033512382e+00
1.945902252010267830e+01
-1.841475345793024943e+01
4.424501715474076668e+00
2.632336898947070236e-01
3.763682066324607334e+00
-6.058324104688873391e+00
-7.064170161581321494e+00
8.125726920675238052e-01
9.932166031399379591e+00
-3.096275233105517888e+00
-6.523474464591368260e+00
-2.556353903729952037e+01
-2.142341841962638682e+01
7.555981274821171212e+00
-1.432829882505092201e+01
-2.154949230159727236e+01
-2.794335272421175631e+00
1.613092651239638187e+01
-1.174253339377247629e+00
8.566141701061122049e+00
8.983751952478259639e+00
8.630528918550545825e+00
-3.357599730398779059e+01
-1.405888263522426795e+00
-1.102627954759636708e+01
-9.274745011711480913e+00
8.618027764836659443e+00
-6.975650774812861554e-01
-6.575121415485095655e-01
4.577812028409721457e+00
1.547326442809231217e+01
-2.261082980683989163e+00
1.582378219958824417e+01
-3.153247122326450214e+00
5.340614826770155865e+00
-2.442302156620141496e+00
1.335545583767386013e+01
1.539714147243846298e+01
-1.993828344381285333e+01
4.464806175084601314e+00
8.607107352718262661e+00
1.279289880479507957e+01
1.413949198182295142e+01
-2.268440083056063372e+00
-2.631202500905789776e+01
7.446638500090790203e+00
1.100018413972085085e+01
-1.472641304654059802e+01
1.059232276601989930e+01
8.324407551483147927e+00
2.823612412382077252e+01
-1.872406992847237106e+01
-1.957040641554390348e+01
1.507012935740249482e+01
-3.025667594227799384e+01
9.360254656240378779e+00
1.583146313409087114e+01
-1.498726907124375707e+01
-5.471718145046951420e+00
4.258014922260011659e+00
9.271496371332027309e+00
8.887854834526642378e+00
-2.624397754194945875e+01
-1.155821176775359227e+01
1.229242309721598758e+01
1.613008278799845385e+01
-9.421003687512609304e+00
-1.345992458883642584e+01
-1.862695414973726926e+01
-3.600230841774195500e+00
6.793482716343599570e+00
1.827785516010174049e+01
-3.854947116246138616e+00
1.394212440321271806e+01
1.671424116263203530e+01
-2.103809922633034546e+01
-9.696786845070642258e+00
-2.473812743944816539e+00
-1.398790987706427380e+01
1.925599100865997215e+01
-9.814453614889819377e+00
1.498999311569366277e+01
4.872526267401330990e+00
-2.091647243524143818e+01
-4.676706695464598340e+01
1.292505635860482904e+01
4.789934686465903368e+00
1.576700389642873823e+01
-2.111949524212588969e+01
-2.295960505163193943e+01
-1.018458094133202785e+01
9.898290246787219360e+00
5.643775808192047272e+00
5.680562476204572775e+00
1.272333787712201314e+01
8.756801546365215572e+00
1.484922739017644489e+01
8.180269655927661532e+00
2.616538461311556674e+01
-4.352136349097535550e+00
-1.252768716799516824e+01
-1.446502434450812480e+01
-1.912530812763023391e+01
1.456968315806668102e+01
-2.050696469076682504e+01
-1.484337400151086861e+01
-2.516425122820035387e+00
2.910493830525819448e+00
1.191892933261548038e+01
1.259149172409641082e+01
-1.347721101635367980e+01
-1.485500909998228458e+01
1.827786015860389313e+01
1.573897293163183519e+01
1.425093749381433028e+01
-1.682777679278596139e+01
1.543931264642558610e+01
2.683578052840653427e+00
6.546175835217030725e-01
1.091291307741898642e+01
2.198705271800730721e+00
-2.059316637900164793e+01
2.004325523888280447e+00
-2.586892403943207075e+00
1.975594643565460018e+01
9.223480716764784759e+00
1.326377709441817565e+01
-1.524778712156471627e+01
1.604051153136548535e+01
3.055864171887430203e+01
1.546712037270934559e+01
2.800637973179129325e+00
-1.180281046558176072e+01
1.541844451970680296e+01
-1.437504202959627442e+00
2.841502592828851093e+01
-2.651900396578498231e+01
7.450739700584394498e+00
1.482511498004798201e+00
2.330236688772002651e+01
1.661017082068390138e+01
8.368528669820731736e+00
-1.163422676515800092e+01
-3.564849926096756150e+01
7.548833847465806990e+00
1.048058423905733072e+01
2.636660281630595293e+01
2.107864887199684567e+00
1.232528717335656943e+01
-7.842581300425194080e+00
6.263017453613541008e+00
-1.884859364023920136e+01
-2.343329392221490082e+01
1.699066946505650222e+01
5.704993345226093027e+00
4.203381399821138231e+00
-1.434238864908879663e+01
-1.400156902124236602e+01
9.753447120003974291e+00
-1.163717035327050375e+01
1.196334518244735001e+01
6.893630526707690720e+00
6.715113327847955560e+00
1.251022413361601515e+01
2.189607485195859837e+01
8.579632290109117321e+00
-1.002759030032984988e+01
-2.439226317247022990e+01
-2.291902800030565857e+01
-9.118705408948979851e+00
1.457776522701645838e+01
1.254404853395546482e+01
-1.893972316709207959e+01
-1.575058839135414779e+01
4.990694394561625558e+00
-1.994881412690498124e+01
-2.241843098900615061e+01
7.102507717488069972e+00
-1.040053888337292509e+00
-1.815769378116266708e+01
-8.251911011368383564e-01
1.480403015023650681e+01
6.518036249893301992e+00
1.070767240473591819e+01
-8.762300817452601365e+00
-1.369519145894252077e+01
5.788452876773209077e+00
-1.700832876545875649e+01
1.534626335515959283e+01
6.342374234127937882e+00
-1.605168268518780650e+01
-1.366073914236424258e+01
5.553302867135779586e+00
1.857009063441614316e+01
9.706496902157176976e+00
1.807814700049726397e+01
-1.965092891346115067e+01
1.351574859327280187e+01
-1.595045044070888274e+01
9.672752401954825885e+00
-1.514658773668779190e+01
2.027377237788200404e+01
8.683594636629628383e+00
1.239333347392646978e+01
7.325643614928124769e+00
5.550236575092777791e+00
8.097515628177173852e+00
6.886503886236154059e+00
-1.565612993567012978e+01
2.322825269212227539e+00
6.546817294699656120e-01
-6.661130373356149548e+00
1.481534751731498289e+01
1.158959211585542448e+01
1.813394934661486957e+01
1.356465182171921846e+01
4.482838868797038856e+00
-1.647545156342604500e+01
3.341345645344951709e+00
-1.251125372826593463e+01
-1.394452384708053749e+01
-1.516366378922622005e+01
2.043505491947944464e+01
7.545664415730890973e+00
1.868920466508752654e+01
-2.082646026622368396e+01
-4.160859182472158579e+01
1.075414217819111329e+01
-1.925149308058061237e+01
-2.184865215145275386e+01
-2.024628372206887406e+01
8.130723747370725007e+00
-3.456101662556236676e+01
1.123214978694468869e+01
4.949123006674563285e+00
-5.088576413229265683e+00
-8.480620945097493646e+00
-2.040864316108536514e+01
1.037523716331905455e+01
6.353967863094987401e+00
-2.104331989083774701e+01
2.265425155930892664e+00
-1.876189216782314872e+01
9.246654789168733402e+00
9.901530031323028114e-01
-4.249479258830661799e+00
7.658808304150766411e+00
7.232751329000462803e+00
1.404051894991995297e+01
7.682686569400292598e+00
-1.318451668456725123e+01
-2.903908193743031418e+01
-5.416019545034923333e+00
-1.781058003303250103e+01
1.138496632026910049e+01
-1.922567898890384797e+01
-2.590415097843855108e+01
9.607959178344284368e+00
-2.467752411443542471e+01
5.388784204732607108e+00
-6.539287400704541398e+00
4.893208760696581727e+00
-1.106623325735733410e+01
1.786828955773016503e+01
-2.664867572345670865e+01
-1.954748615746302676e+01
3.337973385262908432e-01
2.483180035515610484e+01
5.689251544827798490e+00
-9.866367524225198027e-01
8.027767342743432621e+00
-7.560091735428114745e+00
-1.688646427106305525e+00
-3.585226165247749286e+00
1.421888066036228260e+01
9.153811843331171261e+00
-8.326418654209321035e-01
-2.123434051975544534e+01
5.633244406992601760e+00
3.623005112477124534e+00
2.617974872274811737e+00
-2.102004839554847848e+00
-7.750444395396981712e+00
2.015817828794866262e+00
4.888647129020903925e+00
-2.222458332207965981e+01
-1.659631274134444823e+01
1.447397508943058853e+01
-1.693502654631130611e+01
1.731097825838506354e+00
2.490366241666333913e+00
-8.105958454891600828e-01
3.154328694967556412e-01
2.148938937994840259e+00
-1.845059678446358831e+01
1.613174958760871247e+00
-2.537495263961000447e+00
4.946179349075393361e+00
-3.329112376779797700e+01
7.727597648402767305e+00
1.101963431568300500e+01
8.981592827687951086e+00
5.570516540206058131e+00
-3.281763550687488618e+01
-5.256467543787432639e+00
-1.879270742152941054e+01
-6.791666661646082126e+00
2.862920545067036304e+00
-8.072826593643322113e+00
-4.314843663065619950e+01
5.979576214941336509e+00
2.230911525008631102e+00
2.240456877458089302e+00
1.258298834559411894e+01
9.723082185860759452e+00
-2.245684312808316971e-02
-2.632806784362223596e+01
-2.062095674173350657e-01
-4.047321043591178835e+00
-7.030736938553856064e+00
3.546790236734531199e+00
1.416631313581738816e+01
1.203119997412325448e+00
2.739970202207885563e+00
1.125590555456313524e+01
-2.530273363191594882e+01
7.472203710204839311e+00
2.033679667443220396e+01
1.347770844949135416e+01
3.965277691546114980e+00
3.487641872995368431e+01
2.339368680205329287e+00
-1.962779528113066618e+01
-2.732703255432821621e+01
5.742852906710624872e+00
-1.901182032140836142e+01
1.801151997142480710e+01
5.870451783379661004e-01
4.937887922565835197e+00
-1.480474557798462243e+01
1.151390648944827433e+01
1.671578075734980962e+00
2.248284279047244283e+01
1.544509670547337699e+01
-3.816892676311438581e+00
6.470400324793143199e+00
9.504827337543646948e+00
-3.843101057841747270e+00
1.841979360250156850e+00
-6.530578262246419463e+00
2.799357200719782224e+00
7.403980270298372801e+00
1.114564851325754802e+01
1.465388346231885208e+01
-5.911022477501861161e+00
9.746354500171225510e+00
1.078029575508391069e+01
1.429587110627401003e+01
-3.799108027519141473e+01
8.487888560772843149e+00
9.105412059037176320e+00
3.406474032820876463e+00
1.167191300019879918e+01
6.590775610645674298e+00
2.507922605287591011e+01
1.444347122972448716e+01
3.365958141075599652e+00
-3.636571496689207983e+00
1.171699935433252371e+01
7.953451093459616317e+00
-3.004029504073960410e+00
1.133857250397347194e+01
6.293777310909701050e+00
1.855058578082248744e+01
1.213408617737021622e+01
6.796501829532643590e+00
-8.070737183314790286e+00
-7.373202247639271789e+00
2.556499449801476143e+00
-2.886662323453212409e+01
3.966618936900016545e-01
-2.812564289662823924e+01
-4.798283586169079129e+00
6.411753663572031137e+00
1.070872026299162449e+01
2.037080318022455216e+01
-3.969724398784966635e+00
1.137950119219400946e+01
-1.574570325830930351e+01
4.434539967184604414e+00
-1.118868217990880432e+01
1.975813025044601190e+01
-1.281767252058219952e+01
-1.722171424699264719e+01
-9.682576465533378141e+00
1.798626987083800643e-01
9.101687818702274058e+00
3.749726968608145139e+00
1.585108940637694452e+01
5.260983918650204316e+00
2.633732975908122942e+00
1.229885947185074890e+01
6.833793351083675915e+00
-1.785948183010083312e+01
3.928746181378705238e+00
-9.599910954154715625e-01
-1.541390337387847964e+01
-2.055255939760234352e+00
1.358840008012263567e+01
8.533919632582636083e+00
-2.370855083525485796e+01
-1.922828578355385343e+00
9.964464755501728277e+00
9.564123279821666657e+00
-1.331940244919998939e+01
-4.662552707437986221e+00
-3.042883880102343230e+00
-1.730410380324481778e+01
3.227830712996481388e+00
9.360181292888873017e+00
7.185966168800031362e+00
2.097782650026774576e+01
-2.466463462717243260e+01
1.685408003444363478e+00
-2.536138297625164029e+01
2.179370214347814638e+01
9.500091439085487366e+00
7.952912260565394575e+00
-1.963034221789274891e+00
8.115457638456893719e+00
-3.622763801683242946e+01
5.228424443426140655e+00
-1.132158290848504478e+01
1.165208914459693368e+01
6.828980495972062137e+00
4.420832425980523617e+00
1.369958652997527437e+01
1.104273735684173019e+01
1.570148583221665639e+01
6.399401583418212525e+00
1.046947625673213089e+01
-1.050638202667467347e+01
-9.746709679085761024e+00
2.803805916937692100e+00
3.189988472016802579e+00
3.493820417410060220e+00
1.286708940512298760e+01
-1.181223333585949575e+01
6.169478375029794570e+00
9.547960685579255369e+00
-9.415807799051066240e+00
-1.499628961806108585e+01
1.886513815421821505e+01
1.398953932508068299e+01
-1.289285822630485079e+01
5.219436879670177554e+00
-2.468185325545233866e+01
-1.181041182028103975e+01
1.661025527363804599e+01
-4.201783011821841107e+00
1.927784253669397652e+00
-1.196179871227522185e+01
-8.753449157134886249e+00
-1.651366611260753459e+01
1.205642000261451052e+01
-1.478349595183220089e+01
1.492963884792655271e+01
1.883152765012193086e+01
-2.275636798593028942e+01
3.187153851394302961e+00
-1.291003818850921014e+01
1.699837697449173390e+01
6.386107591421072094e+00
-1.270556241670002806e-01
-6.712186723857538340e+00
1.807716969534175533e+01
1.370542871094644610e+01
-7.551716703671190523e+00
9.982725761204676473e+00
1.094849324678344393e+00
1.294840909022216557e+01
2.466712997737378288e+01
4.799152565722311969e+00
1.726057425817647761e+00
-1.354578178498426233e+01
-4.793560148001726695e+00
-1.253865683307546774e+01
1.648768372496129686e+01
-1.737188069289756953e+01
-1.321728264233986927e+01
-8.364133502530659570e+00
4.494133330710353036e+00
-1.381705862326866274e+01
-1.992348780109546968e+00
-1.229677592418896559e+01
1.324830682976806173e+00
1.549054480017672120e+01
5.730989968540741053e+00
-2.109887098769713987e+01
-1.337012537011711544e+01
4.694283399178391214e+00
1.485524396792815516e+01
6.106280571565561033e+00
-1.661728754583842615e+01
2.018757002860636618e+01
6.463938126853283173e+00
-1.154102872617655962e+01
5.802877250167305156e+00
2.735715047195572236e+00
-2.113840711909421088e+01
1.356897915702735702e+01
-1.420953922302897787e+01
-1.082837351444647389e+01
-5.259108236025553218e+00
1.765330668115947788e+01
-2.132987246265958259e+00
1.209585342948370013e+01
8.843078761532439103e+00
-3.450686030368206869e-01
-4.591314335538068114e+00
4.342530756394980429e+00
-2.209382450859715163e+01
-5.852772886831442811e+00
4.781149107782148633e+00
-1.703515661735488607e+01
-8.420022082978206868e+00
5.610772064537830062e+00
-8.956203561453799367e+00
-4.032397540119999846e+00
-8.323820605464597122e+00
-7.169875444359729677e+00
-7.652566701272181859e+00
-1.173723466630061729e+01
4.341623577173741921e+00
7.844676298377645907e+00
2.804773033905988910e+01
1.319184385092875189e+01
7.238606019589235885e+00
-1.228943292026002254e+01
-1.210362396893920156e+01
1.705874372134655559e+01
-2.302961851495053669e-01
2.443875706369486167e+01
-1.249450755323174711e+01
5.698246331284734900e+00
9.522509392765421410e+00
2.606358748930533764e+01
9.927553082801431339e-01
-2.178723003704577721e+01
3.625588679394891489e+00
4.609692398489014131e+00
-1.416347090507301409e+01
-2.496960528619468889e+01
2.033503257471704728e+01
1.255350773573273626e+00
1.492649795017787895e+01
-1.605759419480370198e+01
-1.186897696142408698e+01
8.186467794613095705e+00
1.143353857530836137e+01
9.411681363627126373e+00
6.292605714635390868e+00
-1.209205690687637613e+01
1.300684118695417446e+01
-1.203529620736456529e+01
1.811905842607241368e+01
-1.087085066820112900e+01
-8.835493165299000751e+00
-9.713342104323485771e+00
-3.668457184777858426e+00
3.371764953416081845e+00
5.777034922214960844e+00
-1.106804065847928165e+01
-8.154720556142443399e+00
-6.838293935591016393e+00
9.716734271442099669e+00
-1.600528875915359706e+01
-2.342482425428048387e+01
1.311874517494165460e+01
-7.688101991441322447e+00
4.473361581319486469e+00
-4.977342939472142902e+00
3.931034408992828855e+00
-9.625002430474594917e+00
2.867632697297558764e+00
-1.273970505393187125e+01
5.188788249498741401e+00
2.078414598343357156e+01
-9.285559034006089618e+00
6.734796131227009042e+00
-4.759017546202751525e+00
-1.463676334885817987e+01
2.034053305942537193e+01
-7.130657894932414642e+00
1.354475247174661767e+01
2.021119458438971250e+01
1.078678168369058810e+01
-1.312659650796647171e+01
-1.168971246854266255e+01
1.167136733170561058e+01
-1.922980103485420145e+01
-9.850593193844718876e-01
1.220399437108249607e+01
6.510098411529181561e+00
6.609913960322868931e+00
1.109598815309637843e+01
-1.387108282451634622e+01
9.550945330291273905e+00
1.097365204830764718e+01
-6.766856890397192181e+00
1.771973288628344889e+01
2.346709865139300177e+01
1.711614920844197485e+01
-2.132226241663201449e+01
-1.060582147898418981e+01
-8.224955314846049248e+00
2.012255348164550206e+00
-2.592123372676880422e+01
4.497421711019979895e+00
1.200559223108983886e+01
-4.328038202905742260e+00
-7.971092928018678414e+00
-1.759724265841273194e+01
-1.929698951365995896e+01
-1.434937633112564903e+01
-9.792214591813781510e+00
-1.351011821344027908e+01
1.007041411786626917e+01
1.061258041517656103e+01
7.190836479471633069e+00
-7.836556591876707500e+00
1.250597214608084329e+01
-1.228609939870246492e+01
6.437626673989293558e+00
-7.888100230368472410e+00
8.734183452529579839e+00
2.071761956022960405e+01
1.950314627244488008e+01
1.139638935063938341e+01
4.232297547373319091e+00
1.510482958424626077e+01
-3.564400401015483943e+00
-1.742132157088522249e+01
6.624569906217882220e+00
1.178487053816559715e+01
7.969998337114430065e+00
8.201665847200358073e+00
-5.342809920287474590e+00
8.803447592847248870e+00
-6.843221829929346356e+00
3.012046459224997008e+01
2.133545883939264343e+01
-8.986580232170938487e+00
1.562157585472943033e+01
1.349542272918317387e+01
9.977584007981549874e+00
1.209993612377684258e+01
-1.464682321422145428e+01
1.125728574133660231e+01
-1.417059776029623741e+01
-8.831266222446087610e+00
6.994348540413230175e+00
2.276863071853502518e+01
-7.626581915197738759e+00
-5.360365231247824269e+00
1.662539197861984519e+01
-9.198116010483341043e+00
-1.325629613641627280e+01
1.286336049337942811e+01
2.702600271863479620e+00
1.485018609678682466e+01
1.400842115744679361e+01
-2.101406311497237667e+00
1.639409326923923871e+01
-1.565172293224887134e+01
-1.600897878674862085e+01
-7.707721018676394920e+00
2.543869990407219461e+01
-3.586509393903841936e+00
1.132585612536936104e+01
-1.145389337154140108e+01
-1.337879161185064625e+01
2.749749298977537837e+00
-9.907635344084919637e+00
1.421793975097791929e+01
1.321875319225843270e+01
1.914353141079284271e+01
-2.798378098289960647e+01
1.729302012702050817e+01
1.767699329098260819e+01
1.010016159762970211e+01
5.343856099150832151e+00
7.954465686946001313e+00
3.162400016211799336e+00
1.441576307905954124e+01
7.973712156837978071e+00
9.799795975248608570e+00
-2.095017432647867661e-01
1.474645384375537382e+01
-1.694349658104626455e+00
-1.615484889894971587e+01
-6.573559158686922643e+00
-1.078179642365818403e+01
-4.214125218825385488e+00
-1.267137569730029512e+01
-6.793291445045503529e+00
1.376882299397827580e+01
-2.736859206778850861e+01
-5.524372595660240748e+00
1.235877582282259013e+01
-8.865073581317384210e+00
2.296924395761745785e-01
1.750745622193434770e+01
-1.999025426739935085e+01
-5.338666530001876076e+00
1.005871703828157493e+01
-1.075461811570180259e+01
-1.512117993349420653e+00
3.555731569978164863e+00
1.020504405874524068e+01
-1.727888546639308354e+00
-1.458325058611297464e+00
7.861730771407548168e+00
5.496152404260850055e+00
-2.438513827289400027e+01
1.081106303990562445e+01
1.361324922169294105e+01
2.615878906834075757e+00
1.618234555603365266e+01
-5.295445626338342038e+00
-2.887985880317455667e+01
1.018963191319797978e+01
7.581970144084110963e+00
-1.192814595682899359e+01
-1.113699390711331461e+01
-1.331148946913794262e+01
-1.214608537713653069e+00
3.166299833257858687e+00
1.237788499721819058e+01
1.947306751519324663e+01
1.238941207158467961e+01
4.557086468639541366e+00
-2.088798550256090536e+01
2.393704694291178825e+01
2.804740451529887935e+00
4.824430456498093989e+00
5.373954108075927216e+00
6.622870037579455804e+00
1.584648456188751275e+01
-3.709378965507401205e+01
4.474744690252794754e+00
1.123386460790474928e+01
-8.932954807619283955e+00
-1.035132367425910438e+01
6.719689134426402255e+00
-3.066905970974919526e+01
-1.492891167987826684e+01
4.310160926314438257e+00
8.744043546963201408e+00
1.040635629124302675e+01
-1.726443227266758385e+01
-6.646502141890262116e+00
1.125938297599063631e+01
1.121344764842135788e+01
-3.674666206456071649e+01
-5.774018243727145894e+00
7.472047816109023799e+00
-9.490453345601965296e+00
-2.086589231083452489e+01
1.019048441980043762e+01
1.437917348167638387e+01
-3.287683742422608901e+01
9.275726539579955965e-01
4.682790859448459742e+00
-2.121229179073054993e+01
-1.299005025716831874e+01
2.130398916212267224e+01
1.047538614725326411e+01
-9.975877297352761630e+00
2.209501312050731059e+01
-8.507256981319356370e+00
9.687381230756482609e+00
4.059881724983484652e+00
1.548004882510998748e+01
-1.250818203422084629e+01
-1.239076136569913977e+01
4.537319204619520541e+00
-1.083926103749046099e+01
8.325235648638406261e+00
-9.602464147071511746e+00
2.154846776401509700e+01
-1.257117927992278261e+01
2.862791616803166850e+00
-9.258933027050561648e+00
-9.660850930586299512e+00
-8.765693450527448860e+00
-1.368304318832724853e+01
-9.878598004520650733e+00
1.960625286165358361e+01
-3.593464859929207833e+00
-6.412305215837258210e+00
9.635173945745375335e+00
-2.293088268152763476e+01
9.729161369980850793e+00
-6.804980156791872403e+00
-4.946829341747490894e+00
-6.279454254841983385e+00
1.044619768262629034e+00
1.639604874084784214e+01
-1.834581141239645419e+01
-1.636908302963835027e+01
-8.658461513069465099e+00
-1.144902030618601407e-01
1.140286838331990005e+01
1.708226124932352263e+01
1.094130968042382790e+01
3.501118127946009295e+00
1.136611570228284585e+01
-1.368604823830115258e+01
1.471143713995357238e+01
1.139381796361002941e+01
-8.429765563942964945e+00
2.340617816708412491e+01
1.051241382925632095e+01
2.172322158658139912e+01
-1.338183691074348047e+01
1.137451550653406152e+01
-2.531464931687385800e+01
-5.699795255257313897e+00
-1.654143816013983681e+01
4.935341563552601230e+00
-1.593303561078879049e+01
1.942733450896772140e+01
1.280710580849240721e+01
1.253480172809297954e+01
-9.199720724813778006e+00
-9.037292657715125799e+00
-1.669330144218929135e+01
-4.500828863481575404e+00
-1.263127799375506299e+01
-1.073807394363773504e+01
-1.797800654801546161e+00
-9.725398957899091812e-01
-4.907710327358335789e+00
-7.957896980672369835e+00
-1.950954564277972736e+01
-1.778650985441507970e+01
1.353609877502742442e+01
-2.513218694191072444e+01
1.219194139527574983e+01
-2.170344781172409299e+01
2.608989734651116166e+00
1.148284620648514043e+01
-7.030677573839790639e+00
1.347013305343706557e+00
4.495487281523694811e+00
-2.039248265217236344e+00
8.372964960374570609e+00
3.980373856093507801e+00
5.944830388589272374e+00
-1.274628333894069243e+01
-1.130886173906131553e+01
-2.363260811758050028e+00
8.103956845040684698e+00
9.490726748178891725e+00
-9.726157737440923157e+00
-1.115414824514387249e+01
1.700225317314946949e+01
-5.871248141922308150e+00
-9.992861185849578831e+00
9.347734858955204729e+00
-2.533382905745035174e+01
-2.851335842093142059e+00
-2.022158200767184155e+01
1.307057578959422806e+01
-1.103950746206406208e+01
-1.005779324379185091e+01
-1.247919009774276411e+01
2.585433368626008921e+00
-1.759849525375731361e+01
3.062085496320227751e+00
-5.692007701317220558e+00
-1.152917880372672371e-01
1.119766874446167826e+01
5.998244043428996086e+00
-2.240028581975774369e+00
-1.326244890759692874e+00
3.170299718457139093e+00
8.820195828522821913e+00
4.810017134247972947e+00
-1.104566521115346367e+00
-9.809022562997263606e+00
2.798128738314742403e+00
1.366432988312090480e+00
8.596422061793973057e+00
-3.277568546029432817e+00
-2.365992150827844043e+01
-6.219023473010594216e-01
1.408462653501967843e+01
8.174234940653173354e+00
2.440270138191709570e+00
-4.823052544641365458e+00
4.118878832633311227e+00
1.153472570398765740e+01
1.817111600600203047e+01
7.882383543679604365e+00
-4.652775242459080474e+00
5.091866360356825938e-01
3.574628731539816862e+00
-1.095898929288401469e+01
-6.909261240870355536e+00
1.799019076527988537e+00
-9.097676320487021684e+00
8.643592081069730426e+00
7.402158396301016019e+00
5.635206483586813420e+00
1.151685053321335417e+01
-2.259665799092420990e-01
-1.073925074033111215e+01
5.390609298046546094e+00
-1.922344051407295851e+01
1.255592288618862185e+01
-1.255777223291059563e+01
7.517819566605046244e-01
8.919443007100914755e+00
3.630590587419052717e+00
2.006275561170793864e+00
-1.106794482008189462e+01
6.517400888901313749e+00
1.784457381791738584e+01
2.995208951468076464e+01
-3.810943753079169216e+00
1.021715254334811718e+01
1.346794202255777684e+01
5.384337437048801078e+00
-1.511593857840148303e+01
2.016731498197757766e+00
-1.538647689859537238e+01
1.070889999747122623e+00
-4.304975813494875680e+00
1.256231105236330414e+01
-1.017138036496874243e+01
1.899633701368099281e+01
-1.371528864158887906e+01
4.419735182916977756e+00
-2.190008781468970878e-01
-3.682600886414496699e+01
-2.176866666765979730e+00
-2.487431856445017075e+01
1.651167840699650569e+01
1.734052080410065866e+00
-1.185173316533861598e+00
2.312186463715950602e+00
7.473840301226526428e+00
-6.015770620559827364e+00
1.024611848782401502e+01
1.327866034478255663e+01
2.929884047087444099e+00
5.921685327467567816e+00
-1.415949009530965164e+01
6.070259875844042696e+00
1.702449721858390941e+00
6.843397313909034274e+00
-6.842177556954207596e+00
2.292404076966334969e+01
-1.194779567785957042e+01
5.274079669830029182e+00
1.110544468410033758e+01
8.218662853851956385e+00
3.087896903307559615e+00
2.043637785260054684e+00
9.395122083445622607e+00
2.750143817510212418e+00
-1.829748696046005207e+01
1.155514757648643354e+01
2.282101700705916475e-02
3.955803152911904874e+00
1.257367339128733441e+00
-1.420249525064349072e+01
1.837503866003680741e+01
1.060852022765744973e+00
1.133296960886248428e+01
-2.245546525033367935e+00
3.032167607463945647e+00
1.071595995483526487e+01
-2.473559703831497458e+01
-9.589685153541509521e-01
-2.647673037826239639e+00
7.247540679975073452e+00
2.484153656148461398e+00
-2.348601184088908411e+01
-7.107213863571132606e+00
-1.437083443076597788e+01
1.412158745910613789e+01
7.094236554554891327e-01
-1.336422304906978198e+01
-6.110026818174929986e+00
5.713630330953376024e+00
6.503041762207006471e+00
1.134811400171867657e+00
-1.107851861606119925e+01
-1.369590160909088716e+01
4.522732794447380300e+00
-1.146637705929328099e+01
1.992769432417387021e+00
-1.203760057173901643e+01
8.038553927271497201e+00
-6.048341972883497064e+00
-1.518407404908442082e+01
8.721149934073221033e+00
1.352006580484138532e+01
1.679724278965856854e+01
-1.437018351100435520e+00
-6.376857564124092548e+00
1.884242481984049089e+00
3.128341882515104810e+00
-3.471407144099890818e+00
-3.200552336301436096e+00
3.320126770667053417e+00
-2.228284116151733940e+01
7.710859663627102734e+00
1.130257512516917195e+01
-1.473773753893544125e+01
-8.334082935749385967e+00
6.502107336050771735e+00
1.380968869942870292e+01
5.628385570767497015e+00
3.121334994637452454e+00
8.873307487466608023e+00
5.551694539013414698e+00
2.039946160225629157e+01
2.767173647203640674e-01
4.573334126576757974e+00
7.742588965870089268e+00
-2.467779870876231030e+01
-1.273463810764761117e-01
-1.352437493607556007e+01
7.340449590220310405e+00
8.945868078187999117e+00
5.277742225224739236e+00
1.615509527652962518e+00
-1.939170944536371266e+01
6.270366860604509540e+00
-1.943102698971493680e+01
-2.002570292982047473e+00
3.366224631930041955e+00
1.277720295852018673e+01
5.094073252757641335e+00
5.254039703158468910e+00
-2.359596583058673147e+01
2.682007062193360980e+01
-1.186221652646898583e+01
-2.036463023743541356e+01
8.715131823509819853e+00
7.330550419201380841e+00
6.173890075663028831e+00
9.263980638624042641e+00
8.242281629658778641e+00
1.132132383663992314e+01
5.286101424210531086e+00
4.236981186181520975e+00
6.575621861808163438e+00
-9.249667453769520264e+00
-3.077819072495960206e+00
9.101118574631520630e+00
1.347119616965675348e+01
-8.018777291919917616e+00
1.249107501798292397e+01
-3.563558083607735849e+00
3.815678680736193762e+00
-3.034357699266278274e+01
9.472011060087121237e+00
1.158791063339168259e+00
1.316266321701152542e+01
1.153385470716447081e+01
-9.904019282328208718e+00
-1.215474472025950270e+01
2.063237427132181168e+01
2.983842418735050739e+00
1.490375046738365405e+01
-9.754078150390194324e+00
3.586251340569881929e+00
3.271341042724569714e+00
-1.661754999786255027e+01
1.093068292587462054e+01
1.155087348255963065e+01
1.215880815890083966e+01
1.271660951055422473e+01
1.264079478266218537e+01
-8.820488748342672380e+00
-6.443684441656921003e+00
6.053923418184854022e+00
2.939130620428296314e+00
4.849053328496960802e+00
6.523284494658828869e+00
3.498153515333885633e+00
7.241043981204308366e+00
2.151738487324356353e+00
-4.041915945947985733e+01
7.058466363321269199e+00
3.676667465982920824e+00
-9.215759808263204178e+00
2.548232969217876787e-01
-3.844455765318491203e+00
-1.471279427838640075e+01
-7.093266780483153511e+00
-6.848327598875046718e+00
1.578151594131737001e+00
-8.540179378808941735e+00
7.984157006555533620e+00
-1.201762279179452797e+01
7.068675700212704527e+00
1.556293464716662811e+01
7.286793798565631697e+00
7.098974715381874745e+00
-6.072169379578213011e+00
1.241286521936934761e+01
-1.171980231973073394e+01
1.466322270199778233e+00
-1.188859172426122335e+01
1.442622181693014705e+00
-1.382158504247855113e+01
5.004077335536332605e+00
-6.412382128966242156e+00
1.662901571277226320e-01
5.653365163647767311e+00
1.030882469302198423e+01
-1.133184194400440958e+01
-1.507352049659473714e+01
-2.522679466485535116e+01
2.662524447015701057e+01
2.248519713310614065e+00
1.067935519831979718e+01
1.354406352037461048e+01
3.594553993013435367e+00
-2.907246253741662301e+01
1.224438779788678744e+01
5.007580350453235241e+00
7.687453906366053857e+00
2.257673043484560438e+01
-7.599426329191095952e+00
2.948699812841527823e+00
-1.976807252327240860e+01
1.079247494057818457e+01
-3.025028854355037566e+01
1.054164861963968569e+01
1.666053924008470633e+00
-4.504629350811189425e+00
1.150655754222665195e+01
3.007868738827825794e+01
3.922866181305258326e+00
4.763845550097112636e+00
-6.332466321979110191e+00
-2.529517542731150925e+01
-4.248533516310881275e+00
9.614226326618103613e+00
1.452007570478328446e+01
7.568310020461874288e+00
7.226446448529259214e+00
-1.637089562371200202e+01
9.379492201650245775e+00
-2.113456298317611015e+01
6.797085683530911027e+00
-1.949999766827348324e+01
2.283941576300778564e+01
2.507453175790798738e+00
9.460105157740937187e+00
-9.060501841058183459e+00
8.787288991061872778e+00
3.343944223747358890e+00
-5.637095279856734642e+00
-3.200259612102163143e+00
5.652453327073799549e+00
8.101034373389749632e+00
-1.284327615735396755e+01
-8.258270363144683657e+00
7.604897979187632551e+00
6.165717243198585606e+00
-9.393390230651519346e+00
-9.202880539514225688e+00
-6.561154676947673625e-01
9.334982965360234530e+00
-1.060530493719416878e+00
1.278234134255039578e+01
-2.391404984259506428e+00
-2.594513130531757028e+00
2.432002541310271049e+00
-1.550639020674820578e+01
-2.846747650957087927e+01
-2.815173114000088184e+00
1.682273031827655529e+01
-2.765937111681271432e+00
-7.887522529580713204e+00
-2.113564378066787697e+01
2.077241853317369547e+00
-2.422330653520257826e+01
-1.104425959406322910e+01
5.249547314933663777e+00
1.638166604364203849e+01
-4.043233513339967544e+01
-1.132649575806627240e+01
1.948245118435352552e+01
3.351265311606781871e+00
1.063692550602762665e+01
-1.823806040555778329e+00
-1.701603097947218046e+01
-9.703560925812402260e+00
3.433849281294651501e+00
3.937407530034975789e+00
8.723371627474135082e+00
1.091897623123588623e+01
-7.934969201755192714e+00
1.230184797625454252e+01
8.713950210475212899e+00
1.663581616683871900e+01
-2.869250134736209823e-01
3.926197516508462382e+00
-6.177439442411480464e+00
4.500783700109290741e+00
5.296237393419426454e+00
-1.630026557127914089e+01
-6.656906989360514615e+00
1.200281808102776004e+01
7.114406460974639579e+00
1.925003794493492748e+01
1.256911098997845500e+01
5.342098279399452920e+00
-2.702166152029518287e+01
-1.157264208313019793e+01
2.479771621292600869e+00
-1.416306063200603660e+01
-2.057918527903824213e+01
1.110497608230652666e+01
-1.368477171549635507e+01
-2.073820572010075480e+01
-9.944920729290984696e+00
-7.867534928845157260e+00
-8.302115591788373550e+00
-3.729628462556769275e+00
6.079294274568356471e+00
-1.187732242288097062e+01
-3.847349513834376289e+00
-1.834559883445440853e+00
6.729054323939690718e+00
4.850631391973368345e+00
3.355421195747429586e+00
-1.735052586228481175e+01
7.595603311754120845e+00
1.010153237740985688e+01
1.085674508673479721e+01
-1.462091534653182201e+00
-2.451807460779550141e+00
1.717186950405037882e+00
2.309906782254091961e+00
-1.665395392407073016e+00
1.227448361792081499e+00
-1.812777284484968332e+00
-1.689527981332004103e+00
2.802049745208734510e+00
7.398437777357091960e-01
