-1.017730175861882103e+01
-9.891536615051523817e-01
1.909329808822369046e+01
-5.655356266600094273e+00
3.716981241089438726e+00
-8.431468203358335245e+00
8.969970223193916681e+00
1.338406772456372984e+01
1.702652224442497086e+01
-2.443363545415171867e+00
9.091750106427095801e+00
-6.303739442592697806e+00
-2.534936017808008479e+00
-9.398946668842118157e+00
-1.168908896506261108e+01
-6.358849991291055659e+00
6.325294521333457709e+00
-1.986465125024543710e+01
-3.329336263069320179e+00
1.185490390107415415e+01
-1.016339294568983043e+01
1.413014445698277166e+00
5.540441471602707502e+00
-6.589579960646924306e+00
1.594837799633685371e+01
1.575051007914547441e+01
1.066355252840059009e+01
3.443323344403017128e+00
1.049222090387297612e+01
1.460432364651247639e+01
1.436202880546650817e+01
-1.167263302011902582e+01
8.703250956174913844e-01
1.321908680885483989e+01
1.243428547765030956e+01
-8.027212199703493312e+00
2.667694744868193357e+00
-7.397283339250902756e+00
2.041058227114001511e+01
-7.192675138808370505e+00
-7.020635073550639760e+00
-7.001142840180867744e+00
-1.562548426481223940e+00
-1.708063075259008912e+01
-4.869698951021724120e+00
-1.154900610260797755e+01
-6.928360018990501246e+00
1.439385801505608242e+00
-9.401166849004516379e+00
-9.627736609661941003e+00
1.339341151891843396e+01
-4.629128004034694932e+00
8.333550764672319033e+00
1.082709229577732746e+00
2.319094904190675877e+01
1.942255195124693801e+00
-7.188515363545952219e+00
4.973962124276397390e+00
-8.325028754806711007e+00
-4.188502155022126416e+00
5.774244128410865429e+00
9.816833694279907263e+00
-1.123005489377107224e+01
-1.257599171219237277e+01
-2.061484844136841943e+01
-1.971823384821391301e+00
-1.690066102194345277e+01
8.669588724834456528e+00
1.031450556816832353e+01
-6.780019493600679681e+00
4.685735542198624870e+00
9.663059018357266439e+00
4.563798195235381883e+00
3.400764407327107275e+00
-1.676371029392672085e+01
-8.584732458180884151e+00
1.200063747002288750e+01
1.262908300845229093e+00
-1.265072704274909832e+01
-9.676960303767595528e-01
-9.690536532059557118e+00
1.096192272302270609e+01
1.032366708951379053e+01
-1.453982833262683094e+01
6.283082364698594269e+00
-1.347636219577944239e+01
1.033250616004757028e+01
4.466275472455571993e+00
-7.659428402551323956e+00
-5.075874182957505809e+00
-1.468311689502876227e+01
6.554031156242087874e+00
-1.333226280979085487e+01
2.482389035637087904e+00
4.914818826549185893e+00
6.430085658717024977e+00
-9.583842145952672809e+00
1.720677642213128467e+00
1.052851145872857330e+01
-6.179747633472747914e+00
-4.522063283818221480e-02
-3.075189586763477756e+00
1.187404871698753617e+01
1.597195330062075236e+01
8.407297902784542032e+00
-1.514480284886745309e+01
-1.864165923848355666e+00
6.816451609933553257e+00
7.937094389752171963e+00
4.003550816771994647e+00
-2.099783998610453750e+01
5.078936507845531523e+00
-1.189880609610713336e+01
-8.859793800759840465e+00
-9.415967704892173273e+00
1.335963462142718328e+01
-4.247682296156366277e+00
3.980666615782672668e+00
1.267916141216474202e+01
5.677449322658547182e+00
-1.943806739506019099e+01
-5.874467757335546381e+00
1.018033815634237094e+01
-4.870622828903194979e+00
-1.009234889979674321e+01
1.077380002711116980e+01
-9.676069921584092626e+00
-9.359115926856361511e+00
5.312892211741110593e+00
-1.175809081504058540e+01
5.689488745788524149e+00
-9.076795148190795359e+00
-1.026633879759688206e+01
-1.112993737471303568e+01
-5.571307823360044154e+00
2.365194736946376963e+01
1.501213988338698346e+00
5.052061123042339119e+00
-7.939584088916536331e+00
-7.466274168813922252e+00
2.159783292580401692e+01
2.432520440630061742e+01
-1.014848880665596376e+01
-1.299063636820200651e+00
1.131105913495705373e+01
2.244974062559758732e+00
1.489866800871073815e+00
-5.976610085203577505e+00
-1.276909317947155209e+01
6.546414695808768336e+00
-5.272435253009238210e+00
4.534964063880374319e+00
-9.849938796254257056e+00
-9.794396424040183291e+00
5.473423553094953320e+00
9.434942740227507230e+00
1.673925967793369196e+01
6.946214889166848039e+00
1.801994744719322139e-02
-7.531218943890115369e+00
-4.561664253031399774e+00
2.466678150942259151e+01
3.808580659754148279e+00
-1.907841198402086746e+01
-8.653018681896408992e+00
-5.416906290085768738e+00
3.384848037890790806e+00
2.339559088370128492e+01
-1.762006508832159590e-01
-4.306783675506516751e+00
-5.760889526778315783e+00
1.797772945998823602e+01
1.728922598302506586e+01
6.153436888612338063e-01
-8.253137003038700570e+00
1.746861130960035879e+01
1.014152449880826268e+01
6.599764851573334923e+00
-3.515665019997729068e+00
8.691631677646729059e+00
-8.804600937073402633e+00
2.151356173022748841e+00
-4.655721370742758936e+00
-1.105163820325837420e+01
2.114226383514881569e+00
-7.890407184874169033e+00
-7.928008126085038576e+00
-1.271671537447275568e+01
1.840173481782159470e+01
-7.348419173914332525e+00
9.719960141976029533e+00
-3.555868218012255166e+00
-4.962532013137622933e+00
6.864883463038156108e+00
1.129409462008912968e+01
-9.228992527007118696e+00
-5.723460662801085341e+00
-1.007326309931735686e+01
-1.904669174009415045e+01
-1.043186572047149241e+01
-3.575011144160719745e+00
1.049622630734539513e-01
3.253127600734318836e+00
-6.473015557339444115e+00
-4.773172302325234817e+00
1.161562344319951201e+01
-3.056742317167674639e+00
-5.774547701758567797e+00
-7.083333159823565595e+00
-8.124008178870663954e+00
-3.394937003390728680e+00
-2.332862792242428096e+00
1.461205189516711300e+01
-6.191525659179546004e+00
1.265485044112154789e+01
1.049477915370892589e+01
-8.499226149241707606e-01
-6.082729840202409477e+00
-8.403817460744036794e+00
-4.003123089352127906e+00
9.463031702608791562e+00
-3.627710318140970447e+00
-4.125368903249603036e+00
-3.655061400249850045e+00
-3.916519522400799591e+00
-2.253932332209171996e+00
5.723130474466665341e+00
-3.615777534940231686e+00
-6.228670357625396115e+00
-5.155025320580272741e+00
8.248410927711694596e-01
-4.338933140191088000e+00
-4.822627661472169258e+00
9.797793474533049718e+00
-8.311264545033377971e+00
1.312261258807707698e+01
-5.218066422404319837e+00
-6.423255423847979095e+00
-5.346089340176854776e+00
3.474613230154353527e+00
9.151245761894582387e+00
-9.254824837796135739e+00
-3.007536052589990128e+00
4.377146485164287171e+00
1.131689383965326989e+01
-5.530308335140401432e+00
6.178736689218520262e+00
-5.704508411375909915e+00
1.787096376588728219e+01
-6.207468163453579990e+00
-3.878657968046813842e+00
1.275469809643165675e+01
-3.846105005752178840e+00
-5.883417048275243033e+00
-5.040635260072585666e+00
1.444642556743178652e+01
4.207220834338244941e+01
3.107058863644852842e+00
1.246677526285833260e+01
1.396168492885007240e+01
1.062701119130558070e+01
-4.994869530847259043e+00
-8.301008232975739531e+00
-8.124087338617764331e+00
-3.109393288287494617e+00
-3.404454755306664193e+00
-5.151033496491575825e+00
-7.337062765502521344e+00
7.592094492387595928e+00
7.587250355596694362e+00
5.523960978186898130e-01
-7.491478066076131981e+00
6.133069297866241776e+00
-3.733642104442273180e+00
-5.112189020853565857e+00
7.378522644073519210e+00
-7.337222477211208904e+00
1.879395548678574812e+01
1.265732265694499858e+01
-3.234773399266409832e+00
-6.889284093132050479e+00
-2.492690316241893633e+00
-7.059852318743268462e+00
-3.482770836596759789e+00
1.035460116672177122e+01
7.760169303170370014e-01
-8.571335085240434637e+00
-3.190734937286409334e+00
-5.539148582957485800e+00
-5.887278534214697601e+00
-9.431943079546377007e+00
-4.914619874747224948e+00
-1.007666577862358714e+01
-4.158309012383648806e+00
-9.353961348127437514e-01
-3.702409079218543564e+00
-7.187475226464943301e-01
-2.187453139470456609e+00
-6.069744772659190879e+00
-5.336464363416832946e+00
-6.095078937770687766e+00
-2.804572347243737163e+00
9.940196306472925514e+00
-5.511180082661460311e+00
-6.393529480732048853e+00
-4.693137156117889397e+00
-3.393899855508220931e+00
-4.635228102919535687e+00
-1.171644967256820280e+01
5.103730440123487311e-01
-7.820026703831773673e+00
-5.363828806177202146e+00
-4.158787585157909916e+00
-5.309056538067669528e+00
-1.185885342367869377e+01
-4.146715010996408601e+00
-3.464203194555052878e+00
-4.316097537581106813e+00
-7.555370260526078852e+00
-6.175795098155986373e+00
-9.373020566430156464e+00
-8.059075774939273629e+00
-7.298365267257409528e+00
-5.361631957505935020e+00
1.590156209627344808e+01
1.056840331505009556e-01
-8.036009673649045837e+00
1.294439364417723048e+01
7.440949949643099970e+00
1.217188950442771755e+01
5.060821527333518866e+00
-3.614437426192311786e+00
-5.344019874778549450e-01
-9.552887268279324218e+00
1.821667504574327623e+01
2.227835449853236671e+00
-8.603461885774741802e+00
1.259208059705293037e+00
1.492850805943425740e+01
3.460846352800689640e+00
-4.217330911418867068e+00
-4.844640056815985751e+00
1.783801688246703421e+01
-6.380792690441840165e+00
1.890572635930194700e-02
1.497647435594175569e+01
4.487566975108407519e+00
-4.802796210377403341e+00
-9.857442698235663769e+00
8.343153397357244927e+00
9.923796365365008754e+00
-4.649812134895869420e+00
1.087391982110544397e+01
7.818335605649157749e+00
-4.684710837944239259e+00
7.393029211174411586e+00
7.482596280689079116e+00
-4.392622539996855480e+00
-8.510629976885237813e-01
4.051294231355748288e+00
-4.304912647352365340e+00
-5.124255214454649376e+00
-8.481791992607284669e+00
-1.651167306496960308e+00
1.209886632797015160e+01
3.657822710888561257e+00
-7.317490239011423370e+00
-4.429684986708414485e+00
-6.950558795959609348e+00
-3.700394978878023711e+00
9.883527169061411044e+00
-6.107015019837023218e+00
-3.731713630433693751e+00
-2.858009607243438666e+00
5.808033654876644469e+00
-7.072539222426451389e+00
-5.573784758661008532e+00
7.987337178031552298e+00
1.261138309545298952e+01
-5.780316132813304364e+00
2.030909963005542807e+01
7.204482799463723275e+00
-4.919389780919818378e+00
-5.506405676871245269e+00
3.292085129022583878e+00
1.265061724745448402e+01
-5.526780930791693081e+00
-2.460914953971701014e+00
-7.197333914712915615e+00
-4.061932657444927486e+00
-5.984192721665043457e+00
1.911154309000250962e+01
1.618386158791453511e+01
-6.103590656239166634e+00
8.179301258791698004e+00
9.231753805873045948e+00
-6.511475727180633832e+00
1.577227869074753208e+01
-6.932867331723450377e+00
-5.650613832159876004e+00
-1.410060216325612714e+01
1.908010871849285195e+01
1.184775332984700569e+01
8.691540115700199465e+00
1.540919465175356828e+00
-1.158979531129983975e+01
1.030280262284775183e+01
-6.472788877923292716e+00
4.829002588857659539e+00
4.814772366122444858e+00
1.904079250036252802e+01
2.206431118984784945e+00
4.775670571402552689e+00
1.082475923451062982e+01
2.645374610188539588e+00
5.921963589559720020e+00
4.460160649618448936e+00
-2.397909570342472918e+01
2.429853537612885361e+01
-5.653787440134186326e+00
2.954116947766737056e+00
-8.513343425215294857e+00
1.620826667325423909e+00
-2.440915454123000927e+00
-1.185084807734835799e+01
1.333977151298642472e+00
-4.073834910104032758e+00
5.253940917513595821e+00
-1.347447963846295504e+00
-1.827512111228710623e+01
1.036463039806106678e+01
7.791822439245178700e+00
-2.145775694772122932e+00
4.414818674042563451e+00
3.732967300571877534e+00
-3.627866592946869861e+00
2.939036539198496722e+00
-5.673464631697261673e+00
9.624165093497314416e+00
1.838344078611231325e+01
3.476482063168238934e+00
5.248109167241675088e+00
-3.261034572229181361e+00
2.351274680741276768e+00
5.087769281893463891e+00
7.302276807480912346e+00
-1.364253513191673228e+01
-1.241167376888589935e+01
1.616780867701598012e+01
1.104608358603326046e+01
-1.052845838815438206e+01
1.502043065581112913e+01
2.373352010170422854e+00
1.321217548567791233e+01
1.639125269618071812e+01
1.010831847961453711e+01
6.950015779675681848e+00
2.473722151706816419e+00
1.028741054429617563e+01
1.238642593241224432e+01
7.673256857814640952e+00
8.954717186927942052e+00
-1.450078732268337767e+01
-2.446827763183733406e+00
-2.156253104893202632e+01
1.085573212149722977e+01
1.136792802015091652e+01
4.611703644671485414e+00
-4.833020436912539353e+00
5.169451228725864489e+00
2.184245984500076787e+00
1.197761092622727652e+01
-9.648692734398670368e+00
-1.832772209144313269e+00
1.463024238148882716e+01
2.582239309266042060e+00
-2.877655635574747350e+01
-1.166148718173060850e+01
-1.277856380888508525e+01
-7.458053807281662451e+00
-1.151029747285928906e+01
2.731176939029367645e+00
4.374992946974961328e+00
9.162471772620167654e-02
-2.075596807545717226e+01
1.574056808878791358e+01
-1.060776876727706330e+01
-1.301520284841163821e+01
-1.039100990277916914e+01
-1.329781760287498216e+01
-3.456061394368420192e+00
-7.040948358303807275e+00
-7.470598461048743921e+00
-5.178667044622552673e+00
7.948195964083804022e+00
-1.391580845157388779e+01
-1.458006488944142909e+01
-3.397439969491665712e-01
2.851824074186866918e-03
-1.110004066725548411e+00
-9.053883462373066848e+00
3.536030711484872580e+00
9.657306265591794059e+00
-9.009214248521301371e+00
2.766121966544746069e+00
-5.478009313210170816e+00
-6.429710455345274411e+00
-1.284415006582888097e+01
4.700282351167002659e+00
8.307918723577675024e+00
2.755597432697914240e+00
5.225946881214927231e+00
-1.419808150281857273e+01
9.811503302093056433e+00
-1.590892506208661672e+01
-1.989597154315607597e+01
-5.595350049144970583e+00
1.906844007024426091e+01
5.373950770599138949e+00
-1.282938514682256859e+01
1.194583138921640142e+01
3.168776440551787310e+00
2.570421838427716210e+00
-3.825183876142591366e+00
-3.844808152760157860e+00
5.252639354719862652e+00
1.484297372738544496e+01
4.815403295006231765e+00
-8.956167241522597910e-01
1.806904861897034564e+01
-3.443383058708255451e+00
-3.469989869313871100e+00
6.941996992112586362e+00
-1.176787187356030273e+01
-1.128735035499862960e+01
-8.994862013940423395e+00
-1.086224864481068142e+00
-1.525448722360078557e+00
9.483094862006915093e+00
-7.921239814081448394e+00
1.122140904436858211e+00
-1.274059744369599123e+01
1.658989991787887419e+01
1.247444011936145181e+01
1.405867706014013452e+00
-6.453672598343008993e+00
7.185763504381679212e+00
8.821628057304256032e+00
-1.504364071516775780e+01
-2.209804260242615170e-01
2.449295161067693272e+01
-2.119592223166002043e+01
-1.622308952519165004e+01
-7.290217453842081419e+00
-1.540556867715847567e+01
6.487822405279412230e+00
1.141982265325039769e+01
-1.647988079428404262e+01
-2.205911592737438198e+01
3.093934271524687141e+00
7.947264323705947042e+00
-8.593288915490941093e+00
-1.821833516632122851e+01
1.610947012633318520e+00
-1.510958800476158181e+01
1.324463876189135858e+00
1.756542457493103448e+00
1.994256915087221316e+01
1.203758509778187547e+00
-7.505874914932836539e+00
-5.825115109439967576e+00
-1.033862216172014037e+01
1.329166051140848559e+01
3.709092573791965108e+00
-1.498114006116647623e+01
-6.079284716749819850e+00
5.870225044861877350e+00
2.877848386967756800e-01
7.699719418646289171e+00
5.452996476922545632e+00
1.843392624692621595e+01
-2.909533818574873698e-01
1.125730216070275702e+01
-1.269632878475321291e+01
5.921181998417569758e+00
9.537783523534564267e+00
4.227905765605901145e+00
1.044484739525645267e+01
-1.749380468918912968e+01
-5.437530710224641517e+00
4.264457544493754249e+00
1.795863994763670757e+00
1.357174948959714733e+01
3.142396864332679396e+00
-6.526439333525312136e+00
-2.485322211067414244e+00
-4.616471085932105645e+00
-5.930207542824052602e+00
5.782326268312126594e+00
-2.097362784847572215e+00
-1.000832730174550633e+01
1.957718542252347049e+01
-1.743261891364716476e+01
-1.678001175094064834e+01
-5.084867346736376970e-01
-8.351563870348593710e+00
-9.817262459925460760e+00
8.599452833436954435e+00
-2.218957905664368013e+01
4.246145756368729707e+00
-5.888608809864425808e+00
2.984588671168157958e+00
3.277068067279072849e+00
1.668684074205059886e+01
-1.181848946124186917e+01
-1.210802051425658554e+01
4.402853852829057502e+00
2.213180530492146048e+01
2.377037337638990877e+01
4.052680447700367061e+00
1.499280086845578674e+00
-1.160032476407210744e+01
2.551426176723113670e+00
-8.285446439141136210e+00
-2.249577650200827250e+01
4.512951873968654937e+00
4.958055196881672622e+00
-1.103172781882606834e+01
-8.026276761395816806e+00
-1.352686594799939890e+01
-1.216356237203580370e+01
-8.571452191803883736e+00
-2.776665195065324276e+00
3.449451917143449009e+00
1.005078599932238781e+01
-8.110001252976621444e+00
-1.296497998333767576e+01
-6.735856437155854692e+00
-1.022492850277116005e+01
-4.966107683652569715e-01
8.474026765892180180e+00
-5.810198537913194627e+00
3.337039773100508810e+00
4.820591243350723643e-01
-2.079474550053927828e+01
-4.686548752271864515e+00
-1.949334991856336519e+00
3.306850179906682730e+00
2.948140865863818849e+00
7.813296928488757231e+00
1.003642377581848422e+01
-1.192436017984010732e+01
4.191650755913959081e+00
1.719577438704805417e+01
-2.410367204035087951e+01
4.349011099078064824e+00
-1.242352453229523590e+01
4.957936920143771881e-02
-4.209651853703882729e+00
1.485365608594360687e+01
-5.111165750601657898e+00
6.736680740425431857e+00
5.648420323664798737e+00
8.837301246333014504e+00
7.185771094884229271e+00
6.429489059680943086e+00
-3.104654685093158673e+00
1.141624399268182377e-01
-4.506839802382438087e+00
-8.900436088053970352e+00
5.749718074356682251e-01
1.231537772379849294e+01
1.784466768772797973e+00
8.311388788410305484e-01
1.347366183400775164e+01
4.586286095206187352e-01
-2.146625800630986802e+01
1.106949803194857118e+01
-1.242081730103828008e+01
-1.822810453666087183e+00
-2.450140546166234756e+01
-1.030058610744298875e+01
8.245497430900549318e+00
1.385294643270543702e+01
1.178269963653769126e-01
4.328585071114355642e+00
-9.026231314134207651e+00
1.560322681429094249e+00
5.724362684561246084e+00
-5.785891005717430424e+00
-1.745812873861984116e+01
1.393151481707044226e-01
1.792978786261679502e+01
8.737631252040191754e+00
-2.969749025364051054e+00
-1.836994594711359241e+01
-6.980043450632591906e+00
-2.123106754539578200e-01
-6.008909296790447385e+00
5.153482002846144994e+00
-7.797470089553475425e+00
8.631227855553325057e+00
1.099304525401736043e+01
-2.082051395127200166e+01
3.643126096325953189e-01
7.723163559826990543e+00
1.288353564636960158e+01
1.204338863093534862e+01
-7.118925428311628778e+00
-6.171888104793763929e+00
5.945041361698247151e+00
4.671747926864067146e+00
9.241558686685186430e+00
-8.194620902458353839e+00
-3.334056929332283481e+00
-7.717778956148061198e+00
5.079928984480503118e+00
1.850439006894497496e+01
9.083580090394772100e+00
6.431425249008364098e+00
3.467012414844038659e+00
7.793774102750827382e+00
8.926433822391805606e+00
2.497870339306485121e+01
7.748839899122733854e+00
4.774577768110103371e+00
1.561969381237846832e+01
-2.945329203615385083e+00
4.863573651181444468e+00
-3.456697609135039873e+00
-6.615095341856535027e-01
1.522651461350712943e+00
-5.060691182328373117e+00
4.504951944364710137e+00
-1.240743404382825599e+00
1.685789913634097559e+01
-1.175058568179075502e+00
4.036540789240266491e+00
4.703405271845929825e+00
1.689180045291639010e+00
-8.765869123657347828e+00
1.707782753066232573e+01
-1.360989275081697869e+01
1.172943342525113763e+01
-1.780463771365037573e+01
-1.020307033529784313e+01
8.264145444606482371e+00
-6.005667712946437753e+00
1.492765251671626991e+01
-6.464090673916981444e+00
2.087841582056282164e+01
-1.228997432632412234e+01
4.030248929083005471e+00
-1.868102884265129937e+00
5.460195200963025464e+00
-6.362765327858125985e+00
-9.406040728651325011e+00
1.082471313216932796e+00
9.853047726073590695e+00
-3.762967046064953802e+00
-7.296461661610850413e+00
-1.996823507869946468e+01
-1.539286242761587253e+01
6.424548644011580656e+00
-1.275199801942119748e+01
-1.538003304734659338e+01
-2.096719722009007025e+00
1.563277393537746285e+01
-1.469534288813036382e-01
8.661794271440514947e+00
9.061156315890110946e+00
3.809369265550170525e+00
-2.284888870423512230e+01
-1.203440364949198260e+00
-1.122978543885440494e+01
-1.138646794014126407e+01
5.807959581856277254e+00
-1.627224885526041553e-01
-2.878566197796641024e+00
3.613828160804190670e+00
1.357632118796033893e+01
-1.773672099306344174e+00
1.440992063517241917e+01
-6.479934568114371629e+00
5.497286718787761650e+00
-2.859660215257440630e+00
1.147736905019014664e+01
1.287051768857299905e+01
-1.553498223442255366e+01
4.210901954628457844e+00
6.212118268869087245e+00
1.467504354811597445e+01
1.320432313743677177e+01
-5.369684428212168292e+00
-1.962924660427623991e+01
8.488273093129743430e+00
1.205716964558793869e+01
-1.082151789041427925e+01
8.529510744566625391e+00
6.310223930785435975e+00
2.425490645088790131e+01
-1.335973111291181858e+01
-1.448424085716306564e+01
1.156928777463518720e+01
-2.235748876192211654e+01
9.058246390981009810e+00
1.215415646279006623e+01
-1.196817061385499237e+01
-8.597171473924197116e+00
1.517233149043871965e+00
4.768318248846381557e+00
7.461622397252959615e+00
-1.755439069108926020e+01
-9.059687163441751068e+00
1.149259783983605843e+01
1.248135472515659572e+01
-7.725305455308193459e+00
-1.098085190744544981e+01
-1.341869350564344288e+01
-5.908382408593254809e+00
3.522805900335607809e+00
1.486962795850105223e+01
-6.868361933478771775e+00
1.424895555058492747e+01
1.379125473345923325e+01
-1.482002141357732228e+01
-8.021425215198231484e+00
-3.242489621296511526e+00
-1.292322426268495228e+01
1.652867722158226371e+01
-8.229546677033289015e+00
1.051289274196429879e+01
5.417037410103859862e+00
-1.636970391972992545e+01
-3.432804764566823508e+01
1.079669178945890273e+01
-2.569493190718514786e-01
1.420246639333793937e+01
-1.630663609892521038e+01
-1.573304368429595534e+01
-8.151824203790482670e+00
1.089459256492398964e+01
2.432828112840538015e+00
4.661009357187316127e+00
1.056549606058367985e+01
9.577002026318746530e+00
1.107600299735419824e+01
9.281245266711053432e+00
2.213722237514726743e+01
-1.109568101854510935e+01
-1.003330524917416966e+01
-1.071469431066425138e+01
-1.428058047580993595e+01
8.458817546878689697e+00
-1.550799527615391327e+01
-1.135269875992050359e+01
-5.579566106418560878e+00
2.100981568006603073e+00
1.234623764149927894e+01
9.868556177876165236e+00
-1.220134921870800504e+01
-1.488718714605066396e+01
1.631022948508951487e+01
1.344428229607385816e+01
1.294873643230771698e+01
-1.236670219825506223e+01
1.480161253738402394e+01
1.470603450991400996e+00
7.612206192803743221e-01
1.023491642941457513e+01
1.728372192208308178e+00
-1.596187541357897111e+01
-2.188357065242211519e+00
-3.524646228975924611e+00
1.662325886910030093e+01
7.048121242409816745e+00
1.139249346777685723e+01
-1.050202319328381151e+01
1.525818486804174867e+01
3.065939880379087157e+01
2.925379295011307335e+00
2.063095329908362974e+00
-1.122542367198839663e+01
1.206354595969433952e+01
-5.629688875078723953e+00
2.382591901174249926e+01
-1.942394779291428009e+01
7.520923953568768638e+00
2.319275926448077563e+00
1.955354551302055910e+01
1.611806644974248925e+01
7.836896935146694609e+00
-1.037095605679752808e+01
-2.496488175550420863e+01
6.862683120860415542e+00
7.358767464668151348e+00
2.550440160554075320e+01
2.670296731579775873e+00
1.178022194473802564e+01
-9.801258089307065546e+00
6.006364965579021664e+00
-1.346691150532072001e+01
-1.847644860043453363e+01
1.235826269037378289e+01
6.166330655457235466e+00
-4.854062053699402246e-01
-1.057910821282825609e+01
-1.052271379837505449e+01
8.503835318951315614e+00
-1.074207751849947989e+01
1.007112260566714212e+01
5.651092820687943608e+00
1.016606513116552257e+00
9.936379324354749798e+00
1.750690723707527496e+01
5.237831789689168183e+00
-1.216958226145460742e+01
-1.758870739787628779e+01
-1.688293107504840762e+01
-1.009814646822461981e+01
1.475286938227984912e+01
1.122356947881410605e+01
-1.454413502500543309e+01
-1.090532475171723981e+01
-1.033212775714773102e+00
-1.514883731338012218e+01
-1.803794242988187335e+01
4.877723888231555449e+00
-2.711682736770801849e+00
-1.493523746152274612e+01
-5.538003158698185935e+00
1.241223648582178463e+01
6.503088391942285718e+00
7.558531566453939199e+00
-7.705757908014271074e+00
-1.021960765499173185e+01
5.001094768498228760e+00
-1.342433721056347373e+01
1.365107552872047414e+01
6.104483414559309651e+00
-1.277866491637924007e+01
-1.067393844074831399e+01
-2.050024469147174511e+00
1.650951002589205174e+01
9.025707994028037362e+00
1.705790011147589880e+01
-1.513270341681553610e+01
1.262010771120976571e+01
-1.875515666983304186e+01
8.586157446474809163e+00
-1.086711888493232081e+01
1.633611180234426286e+01
8.549447507261485057e+00
1.176987649419398707e+01
7.135945170664127701e+00
6.102791479716549894e+00
-3.271574523747595997e-02
6.283565066003797384e+00
-1.440314735083944875e+01
-1.277797836001148157e+00
-3.205697238946685790e+00
-6.491038776050854331e+00
1.301076647181302093e+01
9.993438616885979897e+00
1.606543969563086094e+01
1.330390151784347097e+01
4.488507593016082708e+00
-1.251226193560594524e+01
3.461965634696816174e+00
-1.024768776209357135e+01
-1.077439703522940206e+01
-1.140356131242602267e+01
1.557817941254655913e+01
5.655382997484900365e+00
1.692128491374580079e+01
-1.469179025046086373e+01
-2.862105836828872540e+01
8.231294341570457362e+00
-1.485449224951758573e+01
-1.623730484958025855e+01
-1.458712958490432676e+01
6.420562205110724285e+00
-2.394905729394537985e+01
1.082443645712964653e+01
7.639612817869084749e-01
-5.494858013204400038e+00
-7.237910014645758672e+00
-1.478977899416540076e+01
7.970965396731539698e+00
4.674242591469745634e+00
-1.581062985491468176e+01
-1.375352724891431677e+00
-1.448876144411363853e+01
8.494461178490096742e+00
-3.547445019361370022e+00
-5.902982433970801246e+00
4.123796103553024395e+00
3.844111061424412057e+00
1.128142444023504076e+01
4.996802947191323341e+00
-1.110302491460710428e+01
-2.149599249145638069e+01
-1.233323978008616706e+01
-1.312214851311147612e+01
1.052582093142667219e+01
-1.449309768009933208e+01
-1.715198634855590853e+01
7.698951178528832706e+00
-2.058968286499445810e+01
5.368405100971109789e+00
-5.830994485955514506e+00
1.663447777803753747e+00
-7.972181319031535374e+00
1.315529021373226470e+01
-2.083776907686974411e+01
-1.335738513236840497e+01
-3.160058261582993078e-01
2.236654504534616450e+01
2.712201867217371110e+00
2.360657982150430101e+00
2.994867066971031111e+00
-7.451708910819740517e+00
-3.767373699622426297e+00
-6.518905069617776604e+00
1.126518031128359176e+01
5.633496018930168603e+00
-1.896980954782663931e+00
-1.444917081509310108e+01
6.655083844092244405e+00
5.343605112686189429e-01
-1.258646129269184621e+00
-3.786420104571575074e+00
-8.985107387139077417e+00
-1.843758955474885441e+00
-1.501622651025475985e+00
-1.655026536873783627e+01
-1.195028573683346451e+01
1.221122035213960721e+01
-1.303825436603116827e+01
-1.192283219608034184e+00
3.767973313356041132e+00
-1.594637948144820516e+00
-1.620541459620541636e+00
1.518755899754367533e+00
-1.688462170072493151e+01
-1.488713633559640703e+00
-2.323891818185050528e+00
5.782222445823217427e+00
-2.246000952241336535e+01
6.994583546035847199e+00
1.069755125070079771e+01
6.739837285603899275e+00
5.307682977020622417e+00
-2.285756259966428772e+01
-1.168444776231164184e+01
-1.679327165972173219e+01
-7.095687382736742599e+00
2.413397730253052487e+00
-6.729087489074371042e+00
-2.782888364019608929e+01
3.516757612320124515e+00
3.773854740714148726e-01
3.805521882748659768e-01
1.156821240793985162e+01
8.656429178364586363e+00
-3.195261442424455645e+00
-2.160150573385996964e+01
4.411886122863825643e-01
-2.322398200264692569e+00
-8.150058924515251491e+00
3.792996244714813336e+00
1.107525658285723580e+01
1.400004188916609937e+00
2.953103794082073463e+00
7.047248551076291889e+00
-2.065816226256854193e+01
5.797722601752422378e+00
1.484226165624800586e+01
1.313344689935024334e+01
1.511808880987643988e-01
3.038929542081644186e+01
3.084629825005468451e+00
-1.471673015152363817e+01
-2.105666689080588938e+01
4.387073245202971705e+00
-1.260183293913599556e+01
2.049729409679578396e+01
-3.309171824417426411e+00
4.271402103013600460e+00
-1.054584448902389582e+01
7.260086061521319856e+00
2.152061918410939523e+00
1.814463359443502810e+01
1.272813285684808449e+01
-4.123451419826992037e+00
5.038003491069499518e+00
1.077130753797418272e+01
-2.911182317394992669e+00
-2.360958752099965974e+00
-5.516178258859135042e+00
2.624612169954089858e+00
6.651779968041956259e+00
8.753958998896129273e+00
1.176022231714877719e+01
-8.958761964165992353e+00
9.246221488959902146e+00
9.494643827665242952e+00
1.203557684819392115e+01
-2.932229053548104858e+01
6.846884520317773060e+00
7.826257081966793372e+00
2.926426631163139280e+00
1.095992656670382814e+01
2.224407851878109632e+00
2.118921927761087431e+01
1.352677978854465835e+01
4.839835242069909782e+00
-8.716593171651767946e+00
8.859713851459106948e+00
7.083211800297651628e+00
-5.598718385154115573e+00
1.020023857344022566e+01
4.214470596413370629e+00
1.982561348674302337e+01
1.181270172019041276e+01
6.292103060228311229e+00
-1.136315778750671157e+01
-8.238373567270377507e+00
1.663013247543817519e-01
-2.202827982649574778e+01
1.503439099713005600e+00
-1.934630562294927003e+01
-4.768616068197947477e+00
4.972718825998905245e+00
1.208778889331112261e+01
1.731410630945706330e+01
-5.015395145236200669e+00
9.532086209159485790e+00
-1.262237764122920503e+01
5.953441962986650182e+00
-9.509802710678011195e+00
1.748694455673093984e+01
-9.120306540784742566e+00
-1.357688544346891035e+01
-1.001175844147200245e+01
7.726499112708153094e-02
9.448950066316800900e+00
4.239039543840781299e+00
1.221633414349240887e+01
5.156593291614657737e+00
-2.048498586857300907e+00
1.264930081835234432e+01
4.784648376856794449e+00
-1.241518871090568332e+01
5.328397763688375477e+00
-2.955000229131524936e+00
-1.396676122906610118e+01
2.822111163936987799e-01
1.324646222079828384e+01
8.602283236593246230e+00
-1.648936794105656389e+01
-8.656628386101910877e+00
1.000310094680890316e+01
8.045421493727321405e+00
-1.193893562391053287e+01
-6.651154941646647778e+00
-6.787492445059424284e+00
-1.319187786150628483e+01
1.520720973307147839e+00
8.495575568562117041e+00
8.062467729606265010e+00
1.859623333566981174e+01
-1.792834947004814694e+01
1.091815433505144650e+00
-2.005376278450922811e+01
1.924436433871339247e+01
6.360554915229059247e+00
6.614316157539750662e+00
-3.379725230848993789e+00
6.476962403331127049e+00
-2.635508650152970844e+01
4.374056745763082787e+00
-1.040349493696024830e+01
1.158679602499296735e+01
6.026400599699976546e+00
1.169839048613455779e+00
1.136122262630353319e+01
8.422140626026850541e+00
1.774885640867622882e+01
5.637709961781143697e+00
8.559430297671507759e+00
-7.158081129199405090e+00
-9.064147650170795600e+00
2.825969047067560691e+00
5.148003127655278455e+00
2.449714596339466421e+00
1.355210409975347829e+01
-9.825750154455356267e+00
4.970891893185124921e+00
8.056586051080802946e+00
-8.264811595932478383e+00
-1.061298571168204319e+01
1.956311633756121893e+01
1.081502512809411876e+01
-8.585459515365815975e+00
5.934289897130110569e-01
-1.671231919599111393e+01
-9.245378248840527391e+00
1.502996833519415532e+01
-5.275641543506148778e+00
-1.994645999706355477e+00
-7.952756710327409273e+00
-6.135480602453352361e+00
-1.202818906594969839e+01
1.337665189853437475e+01
-1.100458369559210148e+01
1.391351353146884406e+01
1.008189604814387152e+01
-1.546487770440088205e+01
4.467317281023387210e+00
-8.921573307450650248e+00
1.344951143339915234e+01
6.081025436336105372e+00
-2.714445358432542310e+00
-6.274639927170556852e+00
1.599959051287441802e+01
1.362950301859764224e+01
-5.524027237200074048e+00
9.174611318462392973e+00
-2.520671782754715817e+00
1.132451342731448918e+01
2.444847129873508607e+01
3.801586415546836850e+00
-2.991211723736726835e+00
-9.053651983870068420e+00
-5.173813682275358872e+00
-9.256207884157724664e+00
8.595430552905998667e+00
-1.263112054712480870e+01
-8.285426086202027918e+00
-6.617326146343430082e+00
4.373159994532890948e+00
-8.953309554813467130e+00
-5.512985085872546875e+00
-1.028365398134650555e+01
-2.794782992536512634e+00
1.096392787257196844e+01
3.353950633730037545e+00
-1.585656474741380428e+01
-1.069890971592413642e+01
-3.219404643639013575e+00
1.258246769118160202e+01
5.784169574601161656e+00
-1.080003635876973789e+01
1.953332716979466355e+01
2.234224891694374993e+00
-8.855936504900917328e+00
4.414015639767701948e+00
-2.571206075216815101e+00
-1.444189033749647777e+01
1.365893829493765566e+01
-1.049362040818804864e+01
-8.680719122558674172e+00
-5.790906034765185062e+00
1.543731338044880452e+01
-3.451978632617403342e+00
7.731689280085140226e+00
8.135213392555288081e+00
-1.328524421386632959e+00
-4.642311898669338355e+00
3.257420896625115248e+00
-1.675549510447349633e+01
-5.031175285086327165e+00
3.721460318925197353e+00
-1.169066492604034835e+01
-5.889910954565727330e+00
4.623682477416946490e+00
-6.909846433122789122e+00
-5.512551239464503539e+00
-6.485379926305817833e+00
-6.380144919550673421e+00
-6.720981375569659022e+00
-8.480041979043097200e+00
6.168099823855270891e-01
6.793870027716588211e+00
2.377721309346150491e+01
4.073676087254344047e+00
7.114577804245631576e+00
-9.492323562905918166e+00
-8.953401622885946765e+00
1.641075705249644656e+01
-3.447830787621789739e+00
1.886351965066591774e+01
-8.234435027656257233e+00
6.209496276143370075e+00
4.076549474282098018e+00
2.492917251279238755e+01
-1.896282462595163310e+00
-1.600816443830234448e+01
6.935608806324985443e-01
3.633082123088090754e+00
-1.019382364188424717e+01
-1.909737327142013541e+01
1.653207031389286996e+01
3.165364458461295438e+00
1.341734889979021261e+01
-1.159077019951117649e+01
-8.464404606182334589e+00
6.789661521093779406e+00
8.480230472857913426e+00
6.327830537296877722e+00
5.125957036791113808e+00
-9.397908538639246245e+00
1.067623723927456325e+01
-9.853850055074678593e+00
1.604864807687260253e+01
-7.654306549000597037e+00
-1.003784734753422825e+01
-8.806747235926254191e+00
-3.917330929655316041e+00
-1.771774962774906648e+00
1.057882151228007328e-01
-1.053534616961533565e+01
-6.006959485974118884e+00
-6.862957649531628235e+00
8.572617120399280921e+00
-1.169443550820134092e+01
-1.604021609117799585e+01
1.097854769950724219e+01
-7.139045381296154069e+00
4.549334415643732754e+00
-4.420813299114246142e+00
4.299340351175785280e+00
-8.037214378328288333e+00
-1.862350373670295545e+00
-1.145985951687578108e+01
4.243053465198010521e+00
1.908688222066444951e+01
-9.113743765657712714e+00
7.011165648107807513e+00
-7.681642056275650887e+00
-1.164233753072249300e+01
1.940115612380630594e+01
-6.889848674152958985e+00
1.235139866737316972e+01
1.903640841334961920e+01
9.707985863106060265e+00
-8.525927626648075019e+00
-9.333726429526445045e+00
1.101111896502136211e+01
-1.359862600914288677e+01
-3.144991387029770546e+00
1.067036689910829317e+01
2.436092999560707018e+00
7.257239056214394246e+00
1.061076076766917531e+01
-1.029901817607586345e+01
9.344413598120944187e+00
8.032426549169883856e+00
-7.035234805461504592e+00
1.619250066489759021e+01
2.233746839754581259e+01
1.484210655701632042e+01
-1.426070712542182939e+01
-9.253121123987837038e+00
-6.996320474778920939e+00
3.061085615048844133e-01
-1.904500062166393448e+01
2.582801150647365596e+00
9.238717659378842484e+00
-4.954605990345209321e+00
-6.513363256108253729e+00
-1.364171967811781450e+01
-1.336208963364730629e+01
-1.134217578098318135e+01
-7.508752090048402827e+00
-9.398282051536149595e+00
8.123862255539972210e+00
9.918695072730336904e+00
5.461101431177900700e+00
-8.643378103351539110e+00
1.079475326350376818e+01
-8.494683363952324484e+00
7.213871611003177975e+00
-5.974392366394524423e+00
8.698084230776416348e+00
1.782676409057983236e+01
1.591087893229923722e+01
1.489029224995364720e+00
2.136911779529543143e+00
1.193027349836902040e+01
-3.305861471590712863e+00
-1.395063604747276997e+01
5.688108170577979017e+00
1.170751319140384972e+01
4.632103378427541607e+00
1.489031204959293309e+00
-5.224011347963855911e+00
3.557628158613585168e+00
-5.497240544278452212e+00
2.623236775828228318e+01
2.199160513240496684e+01
-8.076997081346767970e+00
1.241134796156169529e+01
1.183082128877240713e+01
9.934260342284181533e+00
1.040670865054486782e+01
-1.072799619634540313e+01
1.205259129389845718e+01
-1.158509363420273885e+01
-6.282940836972535692e+00
5.573851083301752496e+00
2.514258050508518849e+01
-5.742863605620820877e+00
-6.719382344452674793e+00
1.379653289998279853e+01
-6.554368454314567494e+00
-1.028037506009269819e+01
4.148642830003513637e+00
-4.192783534847977500e-01
1.239324958781738140e+01
1.227828588272320509e+01
-1.528383955256193527e+00
1.696088360264017325e+01
-1.250816038677507613e+01
-1.094857908763471244e+01
-5.457047116246284801e+00
2.150558267372531418e+01
-5.497304302645523499e+00
8.463795746315120994e+00
-8.134127158737467056e+00
-8.632057726351396454e+00
3.579406464547488120e+00
-8.108742795168058848e+00
1.241199797267251270e+01
1.223039804667205743e+01
2.208935778966769803e+01
-2.049627822600815108e+01
1.152663620371068198e+01
1.827163891855562383e+01
2.906559723639841053e+00
6.194085961291944997e+00
7.460092692770303735e+00
3.060437710963753499e+00
1.271166867366841480e+01
8.937859793760448923e+00
7.582274309136892931e+00
-5.851146453898871336e+00
9.329444606131779949e+00
-3.845971629095598754e+00
-1.115718080013443014e+01
-4.949884221972252085e+00
-8.432945468655583809e+00
-4.258706285690228022e+00
-9.545202613708852368e+00
-7.485356238386893679e+00
5.353002882178035549e+00
-1.986166873865894189e+01
-5.362047310008663636e+00
3.446611150742943330e+00
-7.013401792545858271e+00
-3.535961972390554209e+00
1.517767237090461130e+01
-1.491916077006600716e+01
-6.697177229808093379e+00
5.207088126692626773e+00
-1.195724124330560478e+01
-4.762616459136294722e+00
5.542659223164576154e+00
1.047942326343863328e+01
-2.976922813158437986e+00
-3.767091848308842916e+00
6.576757606469385564e+00
2.837989718363647107e+00
-1.895245735059995695e+01
9.583328933188161258e+00
1.247501661559920372e+01
-4.738287630074526358e-01
1.527160457289390294e+01
-3.172111277642455818e+00
-2.307164469367543091e+01
1.086577061702137748e+01
9.932108987558578850e-01
-9.516543867600971041e+00
-8.937558613068949498e+00
-1.158164954189715168e+01
-5.425183393188549807e+00
3.943838186931428069e+00
1.219783970768804870e+01
1.571188470305516027e+01
2.146807661232007280e+00
4.530651548227435654e+00
-1.428215961639549114e+01
1.985112940377872448e+01
-2.074069999584764457e+00
4.709747147782372245e+00
-4.410510511297080605e+00
6.521641329954511512e+00
1.547642959525203921e+01
-2.680912397579585971e+01
4.556327517389838988e+00
1.074369573650719545e+01
-8.701916445635124120e+00
-8.471442478670448750e+00
6.544964070360602015e+00
-2.272819712595399722e+01
-1.095519663727716164e+01
5.234066527755885240e-02
7.906874321632971103e+00
1.234098809609429814e+01
-1.689142830333175382e+01
-7.879557074190859822e+00
3.575327537578052883e+00
1.055142194235830466e+01
-2.752147866333509185e+01
-5.473599128672585579e+00
6.120968641958887346e+00
-7.167833506542960365e+00
-1.525908712204781459e+01
8.858300438183301040e+00
1.529670032224224130e+01
-2.203626689576374176e+01
-2.615191929617337596e+00
-8.016083281111995307e-01
-1.459207514597948396e+01
-1.010747424357116309e+01
1.996188391763540082e+01
8.229253123527000113e+00
-7.435827464930715003e+00
2.116451379706825620e+01
-7.282586074460132508e+00
9.524989973619778283e+00
5.756717861716224682e+00
1.266631940328020711e+01
-9.136563001409927054e+00
-8.701242894884547496e+00
4.144627194980464502e+00
-8.613372875413290330e+00
2.916450484669478538e+00
-8.264855583801475447e+00
2.082968760026353294e+01
-8.655346923402174042e+00
-2.067663505038922267e+00
-7.571318948504427659e+00
-8.220736220530737270e+00
-6.500876511932109914e+00
-9.410025598756279308e+00
-1.076766051797356383e+01
1.777951352644847205e+01
-4.637014375078703843e+00
-5.006326599279480760e+00
3.147755658385392952e+00
-1.586901852490195530e+01
8.915359021737177869e+00
-1.107391343521273086e+01
-5.612060870786688582e+00
-5.696361032114576339e+00
-2.089776114006975494e+00
1.611998532846193655e+01
-1.374802449455456888e+01
-1.065905423879082825e+01
-6.891411123950607731e+00
-6.879845195363968102e+00
1.008754438000487319e+01
1.538410371468244264e+01
1.098120935512263152e+01
4.049227442109567754e+00
3.760262791303766949e+00
-1.020359644689620460e+01
1.409061186096515073e+01
5.603741839730552066e+00
-8.766229696899502599e+00
1.858036927050860143e+01
9.183045435879037655e+00
1.949349156869334365e+01
-9.314274593107263911e+00
8.346739297772867161e+00
-1.878933720146093478e+01
-5.089086390280150418e+00
-1.262721890833781124e+01
-3.346876649543424342e-01
-1.206436032944799663e+01
1.712942427061908290e+01
1.211135966940277342e+01
1.288564265276401777e+01
-6.864209741247539576e+00
-6.162750000480850865e+00
-1.174148609421811607e+01
-7.379321426468053780e+00
-9.532759206807176255e+00
-7.757454398833661280e+00
-2.379834020909719516e+00
-2.651387719434613821e+00
-5.838316914539198876e+00
-6.309310223457806899e+00
-1.528420553339110910e+01
-1.241736581901444225e+01
1.420712762449747935e+01
-2.177542992390291232e+01
1.057723412112616224e+01
-1.639467154326162657e+01
-3.739982151654992926e+00
1.230390976975519024e+01
-7.457020263825352657e+00
1.911864235447016114e+00
4.927453835394118187e+00
-1.043115939714970519e+00
7.387428279091025729e+00
1.156657942159336150e+00
6.264158757493767382e+00
-9.254064574332971915e+00
-8.910970579893472632e+00
-3.892807151564877444e+00
5.146152516647949149e+00
8.179654968044756558e+00
-9.952494495048748391e+00
-7.660143520176637466e+00
1.440875057729867770e+01
-9.119361719726480686e+00
-8.627340245717725509e+00
7.341874344449410117e+00
-1.746113244090237160e+01
-1.019375093434222945e+00
-1.500825722850824206e+01
1.020915567215575948e+01
-8.972959044357464720e+00
-8.478494771479679670e+00
-9.211800004125358043e+00
3.968378674105392800e+00
-1.381767991458592526e+01
-4.328985779933197664e-02
-5.172911612277949267e+00
1.054683451377559367e+00
1.136412207259945362e+01
4.886024063376365412e+00
-5.141101183988360468e+00
-4.370783177690625187e+00
-6.639710284890885106e-01
6.298839234289070887e+00
2.909741187508690263e+00
1.749743138911378226e-01
-1.075612426636730135e+01
1.776146907946565712e+00
1.092165253680518866e+00
7.855222850138963153e+00
-4.385157550316684194e+00
-1.583760920467080169e+01
-1.277295803978394151e+00
1.173551367469002926e+01
7.779013631792267347e+00
4.600803241181288250e+00
-8.140066591616811564e+00
3.737891159974366495e+00
9.245198749517841819e+00
1.809987853763938404e+01
9.043128695706519338e+00
-5.765016378792834573e+00
-4.946751341124720064e-02
9.155565965408735130e-01
-1.180093353594940098e+01
-7.712103474384592872e+00
6.444307156692608007e-02
-8.590209051096589832e+00
7.384971331481766654e+00
5.043097112987252828e+00
7.358365669714896917e+00
1.177552102844712678e+01
-7.737199654349214972e-01
-7.418886595495665759e+00
5.913539318267631906e+00
-1.597792676684012214e+01
9.319422986250648577e+00
-8.218320563566132719e+00
1.019001606088020706e+00
3.073365745027663465e+00
3.079424367889604497e+00
2.399805266149034999e+00
-8.510296035675292359e+00
6.636645373807692039e+00
1.341496460863686124e+01
2.598476282180961761e+01
-6.935500485447102292e+00
8.413373607140526289e+00
1.469467206134352999e+01
5.077354327846745896e+00
-1.054628025752708886e+01
4.696944090156301321e+00
-1.128830958934979023e+01
1.757560709882609595e-01
-5.159428699349897229e+00
1.258256418979650704e+01
-8.721838233227364512e+00
1.524180232602265050e+01
-9.080331516293087546e+00
4.375111941233627455e+00
-1.280305308774202899e+00
-2.493837807592131739e+01
-6.258540056872756718e-01
-1.852822967657005293e+01
9.654982182821447267e+00
2.295820401317944626e+00
-4.912837033123469865e+00
3.214046207840013381e+00
5.209236041929911742e+00
-7.434179898059502634e+00
9.583125543027701809e+00
1.170473824443910971e+01
3.043040100890911925e-01
5.544390823292284054e+00
-1.034991337254244392e+01
5.139842753526184360e+00
1.505318847962108908e+00
6.413498875238950347e+00
-7.003033060439848079e+00
1.975183156451659272e+01
-1.021192765614984488e+01
6.546705725837788314e+00
1.348095195701985283e+01
5.738853664864665305e+00
2.580433969933130900e+00
-2.036809478697277687e+00
8.452088110082009109e+00
3.124708853956770227e+00
-1.631380536116207836e+01
1.189036865107687824e+01
-2.767478318712918384e+00
-1.481525812893145222e+00
5.696071907800027978e-02
-1.218410723268772422e+01
1.716033972795400331e+01
2.067500293269757705e+00
8.624880801637544891e+00
-5.595502606695925557e-02
5.970046658229416492e-01
1.184102796938774738e+01
-1.726312262627853045e+01
-9.058558845031818851e-01
-4.125146230632923405e+00
5.782762969354272364e+00
3.475085379794174756e+00
-1.544079206669774251e+01
-7.321988185063179166e+00
-1.016660121243645243e+01
1.233969554359426191e+01
2.983696512263377620e+00
-1.242926583207802871e+01
-7.799296282703241268e+00
5.313939882459184361e+00
6.289478999383917746e+00
-4.477394794215955320e-02
-1.070202379800349668e+01
-1.144641184563845293e+01
3.906613778837375595e+00
-1.039906886861200164e+01
3.581637912451754335e+00
-1.159875657421806139e+01
1.183280836950072867e+01
-3.981728467898909773e+00
-1.363579999047668778e+01
8.694758036011029034e+00
1.230787380327715930e+01
1.462177715888877927e+01
-3.202960505661824442e+00
-8.918545896301090181e+00
-4.959693954718318309e-01
2.651894767338655257e+00
-3.033044903243779178e+00
-8.253012393173698058e+00
3.367974469259028325e+00
-1.622981481086137023e+01
5.594936522599298634e+00
1.042054605844805337e+01
-1.613679514996991671e+01
-8.711275792230722459e+00
5.936100520143675396e+00
1.247681972783927229e+01
2.885711926101889535e+00
2.024539464771773378e+00
8.349818247509569247e+00
4.625718953330067329e+00
1.634210990935508789e+01
-7.344002756371071916e-01
5.993150947432727138e-01
7.568796461253911367e+00
-1.575896755184810871e+01
-1.800723571516051003e+00
-1.195029911580579096e+01
7.464429103496514339e-02
1.074625812638317157e+01
4.747487332424476847e+00
-1.931637085154209732e+00
-1.358198713803353819e+01
5.184227840678039989e+00
-1.630183021295865586e+01
-1.554806518053005071e+00
3.151827408513000250e+00
1.360455766159914681e+01
4.533239375556848749e+00
4.858530275381385266e+00
-1.574981671136243833e+01
2.289323881977962927e+01
-1.035683495951607647e+01
-1.363839513252996127e+01
6.112159051678467847e+00
6.439090026498141661e+00
6.599445723559909105e+00
5.894821527684398710e+00
7.312605957643163457e+00
8.379093213517453620e+00
5.164872539328023038e+00
-1.586846621479414965e-01
5.622522690522084865e+00
-9.736530681106918550e+00
-3.699713599661881513e+00
3.079394066893151205e+00
1.014635675664096759e+01
-6.141602277434713208e+00
2.607896631487137018e+00
-4.906390996521374781e+00
1.814624744026003045e+00
-2.091699874755643407e+01
6.568443765865001893e+00
1.223824718130045675e+00
1.437730950286710829e+01
5.797284155377310455e+00
-6.568316291016301989e+00
-7.093619885021175797e+00
1.701217350656554927e+01
3.684536085746384693e+00
1.315010417881092408e+01
-7.005186098796273519e+00
-3.780636488573683174e-01
4.263436970887313215e+00
-1.286681731398227058e+01
9.745190823443145689e+00
1.066826982867719842e+01
1.611417423625836776e+01
1.204517094571398061e+01
9.808110684141521318e+00
-1.018310052269846366e+01
-6.260952569761490061e+00
7.794700830578094042e+00
2.948043115576719941e+00
4.758569772823634914e+00
5.555003299880270085e+00
4.639038006885881416e+00
5.086390577785282474e+00
2.111975379046223456e+00
-3.251374485756818444e+01
7.570875425037149498e+00
2.781625970057341468e-01
-6.805060642159355133e+00
-3.306716584909738188e+00
-5.341100876674604869e+00
-1.143283842860038924e+01
-6.658398100579976386e+00
-7.549651589205222280e+00
5.508740996950052260e-01
-8.765080186709218069e+00
3.681413608347328115e+00
-9.173268361175848540e+00
7.682688804319642628e+00
1.381402607371439473e+01
2.434479921640058109e+00
2.823205163545137619e+00
-5.487258226952745233e+00
1.286601000256158756e+01
-1.010305812636439704e+01
-3.574292602126318386e+00
-1.100445084504722359e+01
2.034290022679779320e+00
-1.032640974915552334e+01
4.346647283663353178e+00
-5.517631927071304787e+00
-2.449930162943586343e+00
4.877806550758180038e+00
9.232762671605707183e+00
-7.814560904226378391e+00
-1.944371296605102728e+01
-2.119202340346010871e+01
2.261540365494617433e+01
-3.072650542908923477e+00
9.158106119088715857e+00
7.180169264720050570e+00
2.206231045424872583e+00
-2.027452769245735809e+01
1.332592548674286625e+01
5.797971236353214763e+00
8.124557401949141777e+00
1.939889822157387655e+01
-9.084893782822877739e+00
2.935837077346977075e+00
-1.461664112711724606e+01
7.799957076745233309e+00
-2.011763253346644831e+01
9.425791806578363463e+00
-1.019929419481202665e-01
-2.683336423328330334e+00
1.120161072882082998e+01
3.906794436960134931e+01
3.907776464027379770e+00
4.394827908962776419e+00
-8.100191405766091535e+00
-1.794963068011434615e+01
-4.392230340696134050e+00
8.562569692215328487e+00
1.058262802274804493e+01
5.394896129665152529e+00
6.551517891287097051e+00
-1.296967859198533191e+01
7.873939769101289343e+00
-1.678823221148752154e+01
8.469427169067829553e+00
-1.389761385122153570e+01
1.934782496996723111e+01
-6.662558287073460095e-01
1.050834321758939716e+01
-7.499128048654754686e+00
6.520379252750865717e+00
2.176492049553794494e+00
-7.378184203334546609e+00
-5.061034378163537184e+00
5.777027500925257186e+00
3.518116429181121774e+00
-1.090038565049218100e+01
-7.477450047454878401e+00
9.820246693833437845e+00
5.575736640575626346e+00
-5.701807731439800797e+00
-9.040407291169939796e+00
-2.195870678894668693e+00
8.073239517415021993e+00
-2.812910663185787641e+00
9.989732117910291365e+00
-4.960741432902748826e+00
-3.415822322326648841e+00
1.932911349645209720e+00
-1.148471925085174128e+01
-2.173954808014590512e+01
-3.981159058529357697e+00
1.486143969685679878e+01
-3.196327050582880247e+00
-6.729989981394461473e+00
-1.738828249604961940e+01
-1.286006983699366391e+00
-1.758235962218033066e+01
-8.360996932217684474e+00
5.118252403614622636e+00
1.446859971345121920e+01
-2.825395706574719767e+01
-7.812461505487098279e+00
1.591614922353698169e+01
-1.064891303975890269e+00
1.065433260717162156e+01
-2.875112961112639365e+00
-1.325594143119643675e+01
-7.853317827641319582e+00
3.156175293018459449e+00
3.747324709953208099e+00
8.589352392561556471e+00
1.008927180833150139e+01
-6.291434980069536387e+00
1.059079004320276773e+01
7.645737889368183104e+00
1.516358354947495002e+01
2.284670639929481162e+00
4.776714514307609960e+00
-5.292544674625869305e+00
5.055400218612783547e+00
1.206669601601626507e+00
-1.094115201147354099e+01
-7.770192510980914236e+00
9.619482963019184041e+00
5.968988574060873908e+00
1.743664332330406452e+01
6.875940783247432186e+00
4.368380660824081829e+00
-2.081990550072601209e+01
-8.809290895340996741e+00
-3.273024370360555491e-02
-9.865499855449161970e+00
-1.584406269662376943e+01
8.877256307596326224e+00
-1.366511496428593908e+01
-1.502583794689748053e+01
-7.407907419080562050e+00
-5.821010357649462286e+00
-6.105934876233503950e+00
-8.594163233158676363e+00
5.212133596218119891e+00
-8.889271579175925808e+00
-3.766344458687047148e+00
-2.530975607891024382e+00
6.772006048036493198e+00
1.013197817753130447e+00
4.752511211842424643e+00
-1.509933744340786532e+01
3.731538686868609567e+00
8.727024256844913452e+00
9.604719693791283319e+00
-1.310189723082318514e+00
-1.632643996491996763e+00
1.463905922572062757e+00
1.705011798755590169e+00
-1.267573521633327926e+00
1.056004423072600451e+00
-1.439105535995029106e+00
-1.668088912731165552e+00
2.343052716453368767e+00
4.776566203472205618e-01
