-5.582930175137659212e-01
-3.561147345098372718e-01
1.650469172167834397e-01
-2.078395613741907677e-01
-1.099249211444761898e-01
-4.285966901882360403e-01
-2.600041352092419822e-01
9.642289878409416870e-01
3.555932038962762665e+00
-2.187222898580335473e-01
1.729509601035171887e-02
-2.152377529355717356e-01
-2.474585211437073107e-01
-1.790198265056531790e-01
-2.150803525442769870e-01
-3.521763796748350606e-01
-1.747291744295406957e-01
-4.278208975777032519e-01
-2.192786582152305430e-01
1.687472930091129086e+00
-2.765173074299652756e-01
-2.472830505238719431e-02
4.441614221052184175e-01
-4.533594739260837780e-01
3.323667253207164829e-01
3.855162455162110535e-01
2.882220136728140258e-01
-1.872605642737102116e-01
4.196135877109243295e-01
3.716385084891227208e-01
6.138004216105207300e-01
-3.051772769220403303e-01
-1.878669110446110901e-01
6.550589055633050661e-02
-9.490033155111304852e-02
-3.404435776746129738e-01
-3.813953504499429381e-01
-1.870565887383145720e-01
2.283989716015590421e+00
-1.512827293743368162e-01
-2.374018585372613954e-01
-2.874945215768987539e-01
-3.948437766698516954e-02
-5.924691498902630027e-01
-4.593952918198987434e-01
-2.815496285810742405e-01
-1.651819285464698750e-01
-1.840692366306629357e-01
-4.090731008922247058e-01
-2.642148786907758118e-01
1.421487456838379959e+00
-1.194510713737041291e-01
3.590198814361545976e-01
-6.528344358631482658e-02
5.516064667251237008e-01
-2.965599422562607002e-01
-4.514288608377517997e-01
3.423049987325096355e-01
-3.360571589571291762e-01
-1.884225020357847002e-01
-2.504179220682495322e-01
4.638630202718364570e-01
-4.049157107338360873e-01
-2.703029491672113149e-01
-2.502542244817764772e-01
-2.264048076351465322e-01
-3.375626743053913859e-01
2.125190639218314193e+00
1.058966350571690111e-03
-2.595772552897345209e-01
7.951171959508336606e-02
-7.946276785742575552e-03
-1.281002734484481820e-01
2.032912219883220850e-01
-2.444830022695476390e-01
-2.228240118023233629e-01
8.911056199954736634e-01
-2.199763215964888607e-01
-3.273487149003226904e-01
-1.520897285580837810e-01
-2.686706632846937448e-01
3.776585190299964756e-01
-1.198358996757282469e-01
-2.779474644193585253e-01
-2.036683727588226855e-01
-2.397961661985280879e-01
-1.239112331701186509e-01
-5.576187403983300095e-02
-4.837009318601064867e-01
-3.829031338496524661e-01
-2.193861955220826332e-01
6.078795089899066140e-01
-3.875332043853275676e-01
-1.467460790758669809e-01
-2.123712694825694303e-01
-3.472876647678186431e-03
-2.225382533328011669e-01
-3.644237426593163742e-01
-1.348629658465343717e-01
-2.498617924030506754e-01
-1.910374134878220220e-01
-2.276897500516488482e-01
4.298406153916161654e-01
4.149448115005429094e-01
2.487206887869676475e+00
-1.962538456040965884e-01
-1.825576672625022212e-01
8.215068292035519748e-02
2.596834577889766682e-01
-5.728558482948396119e-02
-4.456755813660220333e-01
-4.511837647345569580e-01
-2.568655469599391838e-01
-2.318567833549801671e-01
-4.174957284460157347e-01
7.670999142812788031e-03
-2.449053157830955729e-01
-2.065059690863565722e-01
7.645464882972679010e-01
-6.019877070214484788e-02
-3.933965524886807730e-01
-2.784133674382258672e-01
2.431556502270895981e-01
-2.328874862935881862e-01
-3.963347618025844787e-01
5.978926105468324037e-01
-4.465597200293137670e-01
-4.421603882331747171e-01
-2.231113006473016136e-01
-3.313394310472095317e-01
2.716163924272464447e-01
-1.870097028382824988e-01
-4.423307796941921555e-01
-5.208558005188896889e-01
-3.492708318583146454e-01
1.074148031557564664e+00
-2.349094496864210235e-01
-3.061640191086217322e-01
-4.065239654181249107e-01
-1.578724772419924927e-01
2.596957258007164704e+00
1.724191275498124121e+00
-4.099243118259798258e-01
-1.653683490043478810e-01
4.327620056633875167e-01
-1.897956504173971548e-01
-1.682332405589807567e-01
-1.468150432660171312e-01
-5.536732448993635369e-01
-2.542467202679143390e-01
-2.003092947494206355e-01
-1.475012335979226652e-01
-3.889869579559656065e-01
-4.457793373891875688e-01
-2.417365209480485527e-02
1.144280395653303126e-02
9.584134852203203270e-01
1.705907632973709676e-01
-2.488759198441073961e-01
-3.312409531266418683e-01
-1.905193072522627651e-01
2.596292816454115027e+00
-2.025976466545773846e-01
-3.291339177145785611e-01
-4.266206894121285509e-01
-3.157124403319344630e-01
-1.212609161443995998e-01
1.138712396293790841e+00
-1.643324098720367610e-01
-1.243332562414251746e-01
-2.130605599200978972e-01
-8.631447587060062099e-02
1.006478624254030896e+00
-2.053465474195517726e-01
-5.732587617763036381e-01
-4.780628689458504832e-02
1.154977811978736141e-01
-2.882859189638775077e-01
-3.198084416509808792e-01
3.160976352566028935e-01
-2.265816186633575757e-01
-2.270985230946030164e-01
-2.190269933895680754e-01
-3.272708823597978989e-01
-8.989407501635446329e-02
-2.319337583389156077e-01
-1.859232386730246267e-01
-3.072099283260185665e-01
3.827092791312746711e-01
-2.279621055927458784e-01
-2.264337277178572402e-02
-2.074467849548227438e-01
-2.674442659208272066e-01
1.606101499771284968e-01
1.104469501505789708e+00
-1.988665644039110947e-01
-2.996433650179948782e-01
-4.564265110149053895e-01
-2.619955117109444842e-01
-2.565463696283127315e-01
-4.909546181033839773e-01
-3.136235703116468376e-01
-2.808481128041454555e-01
-1.821273271435478736e-01
-1.996151710806498836e-01
2.192530199393753154e+00
-2.970133548284347169e-01
-3.696479957656247928e-01
-4.492636055243683368e-01
-2.546892308612463962e-01
-2.002731596740434106e-01
-2.018368209626510978e-01
-1.272891028506223099e-01
-2.377321203864356247e-01
4.466993360958102510e-01
-2.910725938988792949e-01
-2.630830324460163294e-01
-3.800496965847116049e-01
-2.767680813746533630e-01
-2.629950751986890323e-01
-2.214595661677420113e-01
-2.097007075655784869e-01
-2.398302479496983441e-01
-3.485317916821257800e-01
-1.558191110576289118e-01
-2.172274935005766849e-01
-1.820651601685748522e-01
-2.410896401373406606e-01
-1.482691624954225462e-01
-3.001658580423809397e-01
-1.830733686698628737e-01
-1.993099056176124428e-01
-1.524392274786768309e-01
1.653766727470336317e-01
-2.333972233335631918e-01
1.823033473403476989e+00
-3.608107251784188896e-01
-1.689795788828729051e-01
-2.918325613478404135e-01
-1.554840663638965281e-01
3.229001461555022073e-02
-2.886025614842880338e-01
-1.745422547776620814e-01
-4.486445175624073634e-01
2.179989358657958398e+00
-2.158443719470170830e-01
-1.473290500311233986e-01
-1.549149214824361576e-01
-5.017699562147807935e-02
-2.327031682912724941e-01
-2.687624886235887023e-01
-6.795179086188080086e-02
-2.287870688486660642e-01
-1.186896257529919396e-01
-2.792174886734661299e-01
1.334871981552645748e+00
4.046005108206515821e+00
-3.978139288407138152e-01
1.598956644693222406e+00
1.038959807266419122e-01
-2.782890941932138484e-01
-2.586492056925910887e-01
-2.653902117258463145e-01
-2.275466406607186964e-01
-1.835296648202213443e-01
-2.373501296315919940e-01
-2.838425753130984774e-01
-4.743840069417165073e-01
2.375805386321322432e-01
8.857548874546372630e-01
-2.815044958493421179e-01
-2.576339159198332562e-01
-1.588830745087010943e-01
-1.149134656843127378e-01
-1.890977224041957561e-01
-5.817731262714470608e-02
-5.080084077675816046e-01
2.404745105955212292e+00
-1.719182553322729512e-01
-1.802511988631108064e-01
-2.945349927488109532e-01
-1.548798439568608021e-01
-2.458851317856758922e-01
-2.308163825875759745e-01
1.208974765440592014e+00
-1.407111019150026621e-01
-2.587672087451312053e-01
-1.939544448218702144e-01
-4.124978433981573156e-01
-3.762242904263126131e-01
-1.947785459496999549e-01
-2.407226483736309708e-01
-3.465151140369168159e-01
-1.825706770636813248e-01
-3.201261466836703984e-01
-2.014377464328885314e-01
-2.189160368895713138e-01
-4.025235032762086163e-01
-3.718537726541763511e-01
-2.521882326064535107e-01
-3.310583293827203399e-01
-2.519395608118879526e-01
-4.693915616357152154e-01
-2.902446733980649785e-01
-4.235018151841891676e-01
-1.948340393187480701e-01
-2.246158113942225976e-01
-2.159307939153466138e-01
-3.978022175415001360e-01
-8.744991779977279167e-02
-3.805277790749531097e-01
-4.826932774776060975e-01
-2.380969142966654628e-01
-1.861338722330548034e-01
-4.300713100002907519e-01
-1.843015921821436476e-01
-2.509763468887052928e-01
-2.780974887493746772e-01
-3.948873595754806010e-01
-2.682487059964429044e-01
-3.330657873348090159e-01
-3.008541534191386813e-01
-3.029190313866372275e-01
-2.558336448259815876e-01
7.415867625880869785e-01
-2.292363264494392816e-01
-4.078579516607453437e-01
3.186733087544134424e+00
-9.255055488068364422e-02
-1.757626117106855790e-01
3.966978486578396496e-02
-1.749700570224915208e-01
-3.800858561985516193e-01
-4.965118575277504553e-01
2.403643965736134369e+00
-1.872847720984706921e-01
-2.621357717964251655e-01
-2.575031954127456335e-01
2.361898304617194189e+00
-9.272055730117130523e-02
-3.201120081883676582e-01
-2.517905379856874570e-01
-2.629322656269196257e-01
-2.205711304710949450e-01
-3.083030250727484822e-01
8.579132019769858397e-02
-1.912356805408101934e-01
-1.972733196649170406e-01
-5.042140273794036842e-01
-2.964954134990357426e-01
-1.859190104774890717e-01
-2.673971359131259162e-01
2.349112896394160543e+00
-3.451397799041914238e-01
-3.045025951714006585e-01
1.426378737887711301e-01
-1.773767394500958272e-01
-2.739507566298454710e-01
-2.932523734610748556e-01
-3.133059672516746996e-01
-2.156195692227008132e-01
-3.227207123344318918e-01
-3.047755442373971668e-01
-2.812848801700327805e-01
1.382383557882303493e-01
-7.713950865247955202e-02
-1.805380290821612388e-01
-2.916603656156745994e-01
-2.043592329368269789e-01
-1.668423388697406196e-01
1.371245128502423638e+00
-3.092025172161435020e-01
-2.603458628833019151e-01
-2.201295745456184338e-01
-1.365278197450323083e-01
-2.248112530855147784e-01
-1.706455517371579245e-01
1.546567161621589803e-01
2.702139632494025001e+00
-3.434125225640328738e-01
1.698193498057559980e-01
7.860878082466800088e-01
-2.452368425349849557e-01
-3.289688679675334959e-01
-7.647606349577348861e-02
1.381206230784682409e+00
-2.248564110511721836e-01
-2.496893745268640163e-01
-4.302267819381724867e-01
-1.623642518947115698e-01
-1.992499167034892660e-01
1.583678497091856929e+00
9.100410739275720529e-01
-2.289027765858908936e-01
-1.936574737694700676e-01
-5.108149420061260798e-02
-2.911350264788704068e-01
3.522172048452349546e+00
-2.109236427854534746e-01
-2.188068683509101220e-01
-6.070593687214649314e-01
3.921870880802831305e-01
-2.235528415213381137e-01
2.275057984635184827e-01
-2.027904303162481048e-01
-4.426733271945462178e-01
1.474839935704702620e+00
-3.964756088053144611e-01
-4.347216028137692034e-01
2.717666492700051561e-01
1.554420495343731723e+00
-1.142642683485753929e-01
-1.857218917318105289e-01
-9.520082502265929392e-02
-1.240547935670014840e-01
-2.194497678406153174e-01
-2.346274356254045290e-01
-4.805138743644049026e-01
5.610361753533188445e-01
-2.954511488342866365e-01
-1.777244666249030991e-01
-2.278343656972188769e-01
1.371874191625516715e-01
-4.079369439841598055e-01
-1.874492195924901128e-01
-1.414805536680210918e-01
-1.795108908479053078e-01
-1.629191597797793045e-01
-1.658800036708276693e-01
-3.625578420020972303e-01
5.366578607639664877e-01
-1.424813748077125852e-01
-5.402571090558345307e-02
-2.522025577890608661e-01
-1.390722903383255771e-01
-2.636969032573369676e-01
-3.550423353767913071e-01
-1.566055842906065865e-01
-2.036296933348901717e-01
1.817322628416017521e-02
1.330172789394841182e-01
2.189311643892361547e-01
-1.228558218491320048e-01
6.092695709517068625e-01
-4.106618477757961738e-01
9.234491980954884216e-01
-1.537978060643324374e-01
-1.774350494826103519e-01
-6.585546125378789750e-02
8.838985159442611650e-01
-2.857058736966113788e-01
9.694908682283920331e-01
-1.032944959019986425e-01
1.052567111807836393e-04
-1.708591492475294848e-01
8.652278666219358205e-02
-3.963017795023797696e-01
1.750427094780688586e+00
4.950202968625964095e-01
7.779542591297571030e-02
1.797440418633593773e-01
9.855705628943021157e-01
-4.258836946298920623e-01
-2.195532951952803291e-01
-2.042345363545634285e-01
1.242089417387277184e+00
-9.457873969574830120e-02
4.206389736419453573e-01
-5.746673231822692351e-02
-1.977286051041267367e-01
7.276194187001773228e-01
4.936110770787173752e-01
-2.210720854518572753e-01
-5.975263877606751955e-02
9.686710506975379498e-02
-1.746718923984383678e-02
-6.263851416796265559e-01
-2.857745545765839612e-01
-3.387909643394557135e-01
-2.136950193808826448e-01
-3.000399038035718169e-01
3.370504805068482573e-02
-1.345730596464859430e-01
-2.017662563567877987e-01
-3.295786149519039365e-01
9.246121099569469537e-02
-3.090154297988796928e-01
-1.697078570941469022e-01
-5.187723363378352603e-01
-4.524962060936499331e-01
-1.681695659702444334e-01
-2.150529277295273600e-01
-3.118153921754098223e-01
-2.326605626344147582e-01
2.082396012148467701e+00
-2.519487510923340556e-01
-2.829286362150215117e-01
-2.086634496283846507e-01
-3.433801753660611356e-01
-2.429299622900892852e-01
-2.905878922301478040e-01
-1.364678055910007737e-01
9.530989485762185742e-01
-3.170356154925599856e-01
9.099865235924260720e-02
-1.761810649127493744e-01
-1.738934410759185589e-01
-2.552457942189953477e-01
1.041002275144521094e-01
2.330889498306555618e-01
-1.820533803716092025e-01
1.615302156612959505e+00
-2.880035971795956717e-01
8.712906487028493352e-01
-4.579023812939365667e-01
-2.335076433476868663e-01
-2.889251422914850265e-01
1.340372752963248981e+00
-3.670718756557389550e-01
-2.964281143704433630e-01
6.212031467073251267e-01
-2.169754731752171484e-01
-2.156493487400673870e-01
-2.744156589378399236e-01
-3.483614416480590448e-01
3.001343366138623514e-01
2.498493957511528918e-01
-2.779101302639467863e-01
-1.668376177115263315e-01
7.924671264641955926e-01
-1.154353443889217373e-01
-1.251653746845904913e-01
3.014433944558849277e+00
-5.530402258448189334e-01
-3.752432088937203147e-01
-2.166068237752438730e-01
-2.113554727170680048e-01
-2.765980821001584045e-01
-1.418861097938066695e-01
-1.843573065375285203e-01
-3.222278278444426491e-01
-2.699320361908466581e-01
1.922687050874432035e+00
1.051092865058258219e-01
-3.197457961440460794e-01
-2.367097426192939225e-01
2.552468420175807995e-01
8.668178836828685507e-02
-5.869383829412825326e-01
5.560806833251688563e-02
1.887845491045113899e+00
-3.249268115602677032e-01
-4.124797209661466568e-01
-4.311309162010851792e-01
-3.454243181449045963e-01
9.620835583242934525e-04
8.637436114160004785e-02
-3.504785187863661000e-01
-3.974568874718069633e-01
-2.525915902791895373e-01
-6.428404775192272935e-02
-3.585472157437872842e-01
-3.485420971516255961e-01
-2.887357943768680268e-01
-4.570566973254496790e-01
-2.871511372904800852e-01
4.867037754946160200e-01
8.727560051997965695e-01
-1.165852932481551904e-02
-1.693972690455630148e-01
-2.169069412194332691e-01
-3.453044076835376508e-01
1.703898245529813227e-01
-4.859069871415567371e-02
-6.072844186634244190e-01
-2.261793146637377794e-01
-4.802456434978170929e-02
-5.629350443155746175e-01
-6.709654707663134654e-02
4.536333264968796519e-01
4.154307841459197181e-01
-2.901787516352363760e-01
-1.103741559327591215e-01
-3.707319783233791743e-01
-5.349076923848624515e-02
2.054070295435018456e-01
-1.238069054898253973e-01
-1.417112815826983979e-02
-5.036426395824379343e-01
-1.897228782493292354e-01
1.076900044164248033e-01
-1.707154394111535523e-01
8.247558046422952538e-01
-2.781752966619330941e-02
-2.004900778661566907e-01
-1.694729003580345561e-01
-2.910072611340963622e-01
-4.439163582020922982e-01
-1.010804785894658386e-01
-2.133512188031009005e-01
-6.181235601024984705e-01
1.954663644178645798e+00
-4.209363735164901033e-01
-2.429926504030478218e-01
-2.291461040929000659e-01
-4.607942717406407485e-01
-3.261845084069248668e-01
1.022089731629166165e+00
-5.989554532961376410e-01
-2.780185560069852943e-02
-2.265990083071071914e-01
-8.836724229841008693e-02
-2.555388906475385968e-01
1.810278348523140179e+00
-1.788448781243008323e-01
-3.586078442096703456e-01
-2.302992226204506609e-01
2.084432519185028365e+00
1.677732025085713508e+00
6.017154778899883039e-02
-1.985865777976053015e-01
-2.447743961744769936e-01
-7.016914691000838977e-02
-4.875140576121710367e-01
-1.636760950174578622e-01
-2.116282717624232423e-01
-1.573629215077650967e-01
-2.727445690732973049e-01
-1.780472538699925111e-01
-3.500864187200315447e-01
-2.297089804457826678e-01
-3.064351555462929144e-01
-2.677411491353245965e-02
-5.390340591018446398e-02
2.313605460502393130e-01
-3.258926183446267943e-01
-4.577253095944729955e-01
-1.872391629993600259e-01
-3.378812859045676742e-01
-1.104735399156463321e-01
1.192973224532599907e+00
-3.102493458594255960e-01
-8.208956335478614919e-02
-3.442166304295574686e-01
-5.202407761096573546e-01
-2.373793676031031030e-01
-8.465096722194458134e-02
5.786095348347417011e-02
-3.190998568479934128e-01
-1.859597184151678961e-01
3.833720857655275593e-01
-1.084997442309682675e-01
2.803759036282752470e-01
6.378931212584113553e-01
-3.674017513932440471e-01
-2.305676195384593896e-01
-4.968639138399189026e-01
-1.331563988302176260e-01
-2.973034924603938922e-01
7.877626009509938187e-01
-3.493128701457928198e-01
5.911824456319191012e-02
-3.420982451038989680e-01
5.190665484756832315e-01
1.320461238107062119e-01
8.065970143512428067e-03
-3.323708940926504152e-01
-5.338864472492915736e-01
-9.570222677884572537e-02
-1.991081448612080640e-01
-2.449148526265999271e-01
7.848921735769018859e-01
-1.870393262399828171e-01
4.999816385962659732e-02
5.447949802787375173e-01
-1.767260689304851473e-01
-6.312258695859083169e-01
-1.609442166604306557e-01
-3.554252450928556684e-01
-1.980414693140735150e-01
-3.358964102124539219e-01
-1.759773427868046025e-01
-7.391184198968049623e-02
2.830526048056206667e-01
-1.585380971751263468e-01
-3.286251120078025056e-02
-2.983357945942426426e-01
-1.350601357246972445e-01
-2.181557042780852829e-01
-4.096321978888667337e-01
-1.914142226292687987e-01
3.673962986848222090e-01
8.577641710291945554e-01
-2.021841075280408628e-01
-2.587218423757174923e-01
-2.620311846383790999e-01
-2.010594392829014587e-01
2.033996144304288725e-02
-3.229951193989113456e-01
-2.435988225882546321e-01
-3.246008558709451708e-01
1.482219654296393019e+00
2.122039584375389865e+00
-3.216677092420551221e-01
-3.340323080871677175e-01
2.386498849671775668e-01
8.437199470109360000e-01
8.689563442709491436e-01
-4.610941224451039488e-01
-8.786970496382986995e-02
6.379098701905704383e-01
1.718793292174143339e+00
5.861488682474111922e-01
-2.390372835858118328e-01
-3.763838294077998525e-01
-1.267383201235257051e-01
-1.629812023864834480e-01
9.649486115755594451e-01
8.508489253295382637e-01
5.709136149995481802e-01
-2.665264534320930800e-01
-1.685114884282184478e-01
1.708497417859343281e+00
2.008819974133496444e+00
-1.487302354463179987e-01
9.221421396994651520e-02
1.219863691851190035e+00
-3.884457925277605139e-01
4.572030650083098308e-02
-3.002791073078468487e-01
-6.857692407019187752e-02
-1.174420087227018156e-01
-4.569901845853737710e-01
-5.163982976917764756e-01
-3.535128833718712560e-01
1.018378966679065883e-01
-1.908709323557767346e-01
-4.094508016127251238e-01
-2.968182052065972409e-01
-1.772157873724393082e-02
-3.635319602143538553e-01
1.983527948000922969e-01
-4.326664034233525524e-01
-1.811134016846654288e-02
-3.839160608056396140e-01
-2.635173891037532190e-01
2.519481450111477061e-02
-1.673500571924360636e-01
-2.690855709373107807e-01
-9.236100223654661323e-02
9.616350626489521269e-02
-3.331688877896807344e-01
-2.937371686120319181e-01
-4.549077859712885585e-01
1.208953754027972671e+00
-1.419333514444881261e-01
-1.872695081514277327e-01
-1.264104430464946527e-01
5.392314342086684809e-01
-2.565179476591716301e-01
-1.955468387443512757e-01
-3.950412412792088102e-01
-3.399368058305907714e-01
6.058815500377250363e-01
-4.710833913342958312e-01
-3.241527952448542416e-01
-2.334911197603725952e-01
7.923857852832225102e-02
-8.525081351521639206e-02
1.321824936438921738e-01
-1.357457086502155130e-01
-2.441764615857441034e-01
-3.223135562494075512e-01
-8.644431458815080016e-02
-6.370861411063702961e-01
-2.131226545983355147e-01
1.379248182758392172e-01
-6.559398132466216502e-01
-3.160012519698370825e-01
-1.350799538795495469e-01
1.352489561317609919e-03
-4.524756706262589856e-01
2.099363300891884943e-01
-3.922225189619554797e-01
4.490752542089408716e-02
-1.757492293688801555e-01
1.277730148544828637e-01
3.942284770855444265e-01
-5.305554275419391841e-01
4.178121348619598940e-01
1.528302098823679789e-01
1.097964392429691405e-01
1.159582389752680277e-02
-2.422298578530317770e-01
-2.920332053778768033e-01
8.375705859489345206e-01
-2.696560719558868321e-02
-4.835290456638757228e-01
-1.773959118138179443e-03
-1.287752928057262769e-01
4.798191836110373698e-01
-4.077221675840322357e-01
-4.297339805224833498e-01
1.762916275648006292e-01
-3.003167125328780052e-01
1.683347199061865918e-01
6.004750250607464590e-01
-4.590475647316809016e-01
-5.165485934003328783e-01
-2.336914665350982023e-01
-1.375671042400260224e-01
3.674927906774435038e-01
-3.095928869043991227e-01
-2.992944231635004115e-01
-1.269054640486802499e-01
1.033578121981342024e+00
-3.262729404661972588e-01
-4.569678053957388353e-01
-3.412129757662622498e-01
-2.951036108594684015e-01
-1.927453898377876340e-01
6.551720215919455415e-01
-2.281497540628067144e-01
2.856521810504648595e-01
1.594014541522791734e-02
-2.713482431062001488e-01
-2.454734070878197283e-01
-1.451510407217833087e-01
-1.453606676347367066e-01
1.361180953937755955e+00
-2.448602105542353191e-01
-1.571958533350042153e-01
2.792139593914714224e-01
-4.194368742975282949e-01
-2.822214442999783635e-01
3.238115416713187311e-02
-3.199926344762504815e-01
4.148043051705016526e-01
-3.261599675448387248e-01
-1.981860246736712183e-01
-2.344259978620949203e-01
1.040804564210819461e+00
-6.938314113112595272e-02
5.562628869412757915e-01
-2.350483698792433518e-01
5.120775386777192129e-01
6.278579009326991089e-01
3.669285396702762214e-01
2.598216427346351498e+00
-1.813963555359521251e-01
-3.509070447710528895e-01
-1.772019186974161109e-01
-2.926479323554382339e-01
5.951511576613773696e-02
-4.334290876589714236e-01
-3.576707806804236833e-01
-4.524939888443419989e-01
-4.324134674052305671e-01
8.928043929095499931e-02
1.368757118305750052e-02
-4.587637320638943139e-01
-3.169973483639323963e-01
1.368467379530062145e+00
-5.266179555077170338e-02
-3.544985947261934667e-02
-2.959641842314713611e-01
6.227442898022704787e-01
-4.123145387400227180e-01
1.431346743275355160e-01
-2.390011088518798066e-02
-2.375323787971269363e-01
-3.223793885380429325e-01
-1.241238979923988822e-01
-8.632334671061382692e-02
4.074814873487118683e-01
2.017522166369481451e-03
8.554358305537047569e-01
-3.410452948758902481e-01
1.151744792491862013e+00
1.445141938653617286e+00
-1.622469540860040360e-01
-7.415315992715855453e-02
-1.585885806997483494e-01
-6.459056743024660374e-02
-2.743535916408205155e-01
8.878590951874729686e-01
-3.563296804567670506e-01
4.801032398309894034e-01
-4.975850151035088320e-01
1.161374548935278250e+00
3.276348879299060268e-01
-3.757035377910616925e-02
-3.609143815745409212e-01
-2.696388921052871313e-01
1.683333179267757981e-02
1.818608372807721807e-01
4.404901545921859896e-01
-1.694151620693700455e-01
2.976803060662379097e-01
-2.911025182869757533e-01
6.163033590585029753e-01
-3.331661605309509389e-01
-6.555679925512474249e-01
-3.301497850642998860e-02
2.647788455002181296e-01
-1.411445267217088240e-01
-2.583250930954024693e-01
-2.454334551273029963e-01
3.990075053962142126e-01
-1.439295212283260850e-01
5.735175614524022636e-02
-3.087759256715805756e-01
-2.133198593406286925e-01
7.491241029414243136e-02
-2.617910292117092141e-01
2.017318561959048628e-02
-2.132044135710002564e-01
-3.874955792114576636e-01
-4.966976469221370816e-01
-2.761286454726515349e-01
1.154506905767555436e+00
-5.748973735921970862e-02
-3.719361435997491916e-01
-2.910423891562421428e-01
-3.747616267253913169e-01
-3.267699648253127864e-01
-4.940403780988394944e-01
-3.570124354078803020e-01
-2.347538593339377477e-01
-3.729238932964039632e-01
-1.798377831258961834e-01
5.269042863077170180e-01
-6.909847486390220672e-02
-2.025787576534879286e-01
-3.761101881956940840e-01
-2.557494240749583203e-01
7.847736959275444235e-01
-4.958827205155477702e-01
4.466445799647768555e-01
-2.600075321595218120e-02
-3.756780885667664327e-01
-3.170226849764040122e-01
-3.990622834131655194e-01
8.296986725879162972e-01
-9.504919495001847018e-02
1.421231914706585775e-01
-2.459532170399046369e-01
1.113754147404690364e+00
-5.642308748787965289e-01
4.431233669588255930e-01
-3.000447110537408091e-01
7.233923642823114619e-01
-3.703962039547362139e-01
1.338748075225081768e+00
-2.359950157183189901e-01
-1.946915557522360327e-02
-2.098476921442752052e-01
9.186371562324799345e-02
-3.523224730133098781e-01
-3.078315326376808714e-01
-1.466503014684440442e-01
-3.455636295333085473e-01
5.068006055323560632e-01
-6.952439307843910621e-02
6.847126549745480295e-01
1.318343165498065073e+00
1.125128453078321801e-02
-3.202141051254528414e-01
6.221916199560176275e-02
-1.741859443925134754e-01
-2.743451937943194308e-01
-3.572221324126270692e-01
1.122095913072058138e-01
-3.349115518117077445e-02
1.171418029139307398e-01
-2.569943796043418494e-01
-2.141367707690128575e-01
1.003781768168696464e+00
-4.007811649616570548e-01
-4.221259297843841241e-01
-2.793837138109574458e-01
-1.600652732630722082e-03
-3.208821413280825152e-01
1.511730864118997143e-04
-8.458828639639294489e-02
-2.694113043317921674e-01
-2.142941159273618890e-01
-3.189429832366192930e-01
-3.624454960040839335e-01
-1.686408065524772903e-01
-2.505015237820757412e-01
-2.136699498997060298e-01
-2.829582150740977964e-01
7.215413465922302372e-01
-2.672377602351290737e-01
-1.717070409068969516e-01
-1.820799605079073957e-01
-4.241238494978727958e-01
3.292084486189532089e-01
9.061426185452622906e-02
-5.519169454222835336e-01
-3.664152950422074340e-01
-3.375604455588318564e-01
-1.979501082238074583e-01
5.385638155059787602e-01
-4.180239285692390894e-01
-3.370063310130471668e-01
2.565297008640346488e-01
-5.341993574880222750e-01
4.359071597277695137e-03
-1.964021764977020024e-01
-1.115393049372470358e-01
-2.671329682367861724e-01
-4.083978375825768337e-03
-2.227046647076800223e-01
-3.531947477885312159e-01
-2.297915521556679885e-01
1.001760577121317164e+00
-1.842129163739381348e-01
-1.272057951183095115e-01
-1.117041172180070902e-01
-1.462883338304080127e-01
-2.189813373631420979e-01
-4.385362753120640722e-01
3.699085643620852459e-01
-1.651571013233808782e-01
-1.599011711053500984e-01
-2.582326614243883878e-01
9.312023430165509985e-02
-2.158086304042326764e-01
-9.751247760196876668e-02
-2.343172365186303729e-01
-1.491209923593689590e-01
-2.195265742850704693e-01
-1.797345405161643317e-01
-3.329550144491547070e-01
-4.189939674324633101e-01
2.393533637626346078e-01
-3.064112777424304324e-01
-1.941889955799910861e-02
-9.838685325351119448e-02
-2.169664188197605870e-01
-7.501460777834625948e-02
-2.459725767372880623e-01
-4.565514843128070099e-01
-2.164825547504714842e-01
-7.139998630316424233e-02
1.737401352990257664e-01
-4.468258292799361930e-01
-1.089516536383333262e-01
2.172924805028441930e-01
-9.872215296915716129e-03
4.141606333448044630e-01
-1.707982330783255620e-01
-3.011388103616663425e-01
-2.999562508302083264e-01
-4.390617686198155512e-01
8.704607883122295053e-02
-3.049011019339982753e-01
-2.548358238548942833e-01
-2.594107291550167282e-01
-1.944245530750003392e-01
-3.075946947095202222e-01
7.550289906991044520e-01
-7.331044117917734360e-02
-1.993432017139612766e-01
-3.104122358132882509e-01
-4.570028758214628728e-01
-3.128214234441362845e-02
-1.909198725772792149e-01
7.607969952727198226e-01
1.663217161828087765e-01
1.032824175461963118e-01
1.493202678523670446e-01
-1.737626419451335572e-02
-2.583747940564036782e-01
-2.920550718721392491e-01
-1.750722833938676282e-01
4.826291269800635497e-01
-1.072554504807306380e-01
8.516806677962779348e-01
2.101839154713514013e-02
-2.215881006439240908e-01
-2.502921342372642632e-01
-1.435021511719253851e-01
-2.035336297831668861e-01
2.086779597410397535e+00
-1.830201702552022858e-01
-3.151101270342971383e-01
-3.720731124944043344e-01
-1.020035331847655574e-01
6.801201921520311222e-02
8.274526333595439986e-01
-9.104186779455365752e-02
-2.831409589785027214e-01
1.494608076906021182e-02
6.021861279846544429e-02
-3.991052923932750796e-01
-3.408657708186544899e-01
-2.333269277843397493e-01
9.499969335283506289e-02
4.389161644620101499e-02
-2.036369175914611029e-02
1.407086366327822968e-01
-4.327572945181882291e-01
1.043729547491205334e-01
-6.628426373909292180e-02
5.260082859409809242e-01
-4.661501742224830602e-01
1.119454024947905552e-01
6.655619438407228694e-01
-2.794331290121352396e-01
1.098534021912567438e+00
-1.285705576779024584e-01
4.437465504047958809e-01
3.568972634103375619e-01
-1.275689998679708226e-01
-2.770741153318134753e-01
5.238981889796020530e-01
4.940928233992198937e-01
-3.002698499311698965e-01
8.103712668150269138e-01
7.364484235645141208e-02
-4.093556908454908799e-02
1.837784604430556246e-02
1.691186298839634505e-01
-4.088810996645401707e-01
-3.887112433319454552e-01
-1.947648278073631778e-01
-3.373922501520184580e-01
1.509595288242912281e-01
-1.967282525169033736e-01
-4.033845479948442447e-01
-4.490409613076871143e-01
-1.756122494776888310e-01
4.334162700923056555e-01
-2.045997483292327224e-01
-2.727528747398872411e-01
-3.810697794497603375e-01
1.074201607437268030e-01
-3.422365274377751065e-01
-4.840121643513065758e-02
-3.769145552273879263e-01
-2.159406816846179966e-01
-2.944506664603159241e-01
-1.743047691420828160e-01
8.451062182983076765e-01
-4.041771450907144514e-02
-2.038043242622146478e-01
-5.273188681624644408e-02
-2.377289272597374603e-01
-1.497849539294428545e-01
-2.696286753220225041e-01
-4.254039951209298009e-01
3.927089200018746840e-01
-1.076511137592202488e-01
-1.818387250332998972e-01
-9.792273028535532220e-02
9.562578153485145060e-01
3.471533264352516523e-01
-2.171649734338160775e-01
-2.926915412409064055e-01
-1.267665168898743089e-01
8.570858441730944133e-01
-4.209860844734704677e-01
-2.703805670738092526e-01
-1.799409312275497830e-01
-3.078316975486201090e-01
-4.869068208688936972e-02
1.109725340542187105e-01
-1.266608877658429444e-01
2.510412373815903653e+00
-2.775216256049407026e-01
-8.139507499164545801e-02
-6.075149366570589127e-01
1.159159448910514811e+00
1.436859432416804638e-01
1.985834372059629205e+00
-2.936225988157253886e-01
6.794995197437629919e-01
-2.698561913696821413e-01
1.153583921421468678e-01
-2.007697395308493116e-01
1.458871654931957584e+00
-7.737437131801185204e-03
-1.875661646006509808e-01
1.197069632067835482e-01
-1.087283084220045798e-01
2.995082970081192286e+00
2.663848970738699196e-01
3.242491888901392616e-01
-1.716014984779155594e-01
-2.509151306528172864e-01
-1.193706233662000654e-01
-1.077105949165414744e-02
-1.960709430660791119e-02
2.621105487445989368e-01
-4.278272297143580483e-01
-4.889487504437262794e-02
-1.073552509404060440e-01
-5.749851444009785872e-01
-4.096394602203005664e-01
2.112219384273602341e+00
1.760116011296777305e-01
-2.452249395885091610e-01
-3.766048195949512345e-01
-3.610606309893991672e-01
-4.347180319287181627e-01
3.045477930053825388e-01
-2.583000798419328725e-01
-2.101526879806998871e-01
-1.873475363332485211e-01
-2.637481516409568849e-01
-2.977560458697411927e-01
-2.841169547929801170e-02
-3.891921278608045376e-01
2.373095249062275425e+00
-3.025130773970493570e-01
-3.382403461169733450e-01
8.870199714851124961e-02
-2.926545237831893465e-01
8.736327469415171298e-02
8.159006998427925650e-01
-4.438426289650707068e-01
-1.300768166313510943e-01
1.296415869795128240e+00
1.305821745934727218e+00
-2.333773229258284398e-01
1.028449844896134890e-01
-2.412235947550314119e-01
2.130220581996564166e-01
2.085607914481252489e+00
-6.826836403153230259e-02
-3.758138467085800904e-01
-2.763853020898808244e-01
-3.288747800588774917e-01
-4.266609445424217606e-01
-5.965294818903617985e-02
-3.607621847312377228e-01
-1.823809726515458474e-01
-2.507424814866183183e-01
-5.181091298444821802e-02
-2.054323773406638298e-01
-5.857357765212738432e-01
-4.952043372779811325e-01
-2.087954678576311174e-01
2.487490276640604847e-01
-6.563131959533669013e-02
-4.785971193097425247e-01
-2.558289708327750600e-01
-2.490773949350972571e-01
-1.272001894320962112e-02
-2.181088796155046250e-01
-1.912988803466059984e-01
-8.224428174474079922e-03
-1.880376718627881916e-01
-4.826675563987087303e-01
-8.927937429275395465e-02
-2.571221897528651601e-01
-2.536261750571411344e-01
2.682784151956919327e+00
-3.045470343085713849e-01
-4.170453679561469396e-01
-2.166661658509379251e-01
9.832546320045967292e-01
-2.521192232190753169e-01
-1.245436360136500664e-01
9.613701084600654312e-01
-6.123830491220765698e-02
-2.657692205591015711e-01
8.577878502940608149e-03
-3.057571536674328905e-01
-2.125534510373598696e-01
9.932156340906030112e-02
-2.205906172468684867e-01
-2.057721582859353970e-01
-4.895329324730798293e-01
-3.079483834797729358e-01
-3.432812376136981092e-01
-2.214455039839263173e-01
-2.888260193796271524e-01
-1.792205583663337431e-01
-2.484680583633986362e-01
-2.000058498733064960e-01
-1.763260478875679216e-01
2.127889660580207509e-01
-2.993706768755213243e-01
3.726947206410169966e-01
-5.337163881961362044e-01
-4.217737624289502052e-01
4.875898301697248471e-01
-6.013206152546779482e-02
-9.446465139980279868e-02
-2.449462640782298639e-01
-2.895863345894922891e-01
-1.560413352212086380e-01
8.961969158228515475e-01
-4.435363446690553380e-01
-3.983700760520443307e-01
-2.164019295176990987e-01
-2.119237809693954033e-01
-3.151020163086686865e-01
-6.335330502928656626e-01
1.236758982746872793e+00
-4.474378317918396020e-01
3.409975750357369662e-01
-2.538234098405768857e-01
-2.468550062585947447e-01
-1.973968876392057370e-01
2.676984716387410534e-01
-2.062926905098060038e-01
-3.428094123446404073e-01
-2.256345916866810686e-01
3.687319254022334847e-01
-4.279010360199889673e-01
6.051612713632011920e-01
-2.892290332091688732e-01
-2.621515488422300200e-01
-4.831574180522521522e-01
-2.667658858481746775e-01
-2.854394810927469162e-01
-2.877093133236352518e-01
-3.536505145904372260e-01
-2.972425185924787439e-01
-3.945074260455934123e-01
2.765999907382443723e-01
-4.755218913784293178e-01
-4.551348530306832396e-01
1.582512815834038689e+00
-3.368054301562179442e-01
-1.133067705835801159e-01
-1.778831585830383255e-01
-1.376775767591829625e-01
-5.435061589816531091e-01
-3.604720980894010607e-01
-2.497013031398683802e-01
6.997591646554159883e-01
3.421317141681058160e+00
-4.105840991248113081e-01
5.045610075308900599e-01
-3.713702292897519963e-01
-3.050800409173524685e-01
1.145651045684697555e+00
-2.725631772276376763e-01
1.829660617590225691e+00
1.506919471006266553e+00
1.848207814519274017e-01
-2.227002819158440394e-01
-5.660169823201761652e-01
1.130179943445316582e+00
-2.718920869723622236e-01
-2.474823234348316470e-01
2.855661531845419820e-01
-3.317847777748967331e-01
-3.274628323915653588e-02
5.310190169805824034e-01
-2.618330691531305932e-01
1.099145781897685081e+00
-2.355575704013408989e-01
-3.435677812617881632e-01
5.748233534249872489e-01
-8.881844370274279143e-02
1.198356611937711369e+00
-3.446104964231550549e-01
-4.549462962342464278e-01
-3.158176151010718691e-01
-1.436900884924830757e-01
-3.763187536914006093e-01
-1.406968801886020193e-01
3.536007439461081869e-01
-2.502226934075265641e-01
-3.237291883325463804e-01
-2.735526977266862225e-01
-2.333828655356260107e-01
-6.121579150324129026e-01
-2.414333848134953553e-01
-2.055054095946790282e-01
-2.267267342817330666e-01
-2.877060010947327662e-01
-3.514183599877750419e-01
-2.757980457334480162e-01
1.469934677389604483e+00
-2.697587755870567428e-01
-2.604475374125005405e-01
-1.609743936358234151e-01
-2.517238495404750323e-02
1.203863942177736401e+00
1.462339998605576286e+00
-4.724775510222224972e-01
-1.904598563430799363e-01
5.853388927010003684e-01
-2.197863205653548258e-01
-3.088602642213284510e-01
1.641171140948607249e-02
4.816869068845996416e-01
-1.651753507672914512e-01
-3.053146972303387718e-01
-3.930727640173131143e-01
1.619159918543562615e-02
-2.387680141274205470e-01
1.368951987231894929e+00
2.779817907154198964e-01
-3.887543152457854645e-01
4.583600522165897639e-01
7.597550083840004520e-01
-1.021038768579014995e-02
-1.709572268496494796e-01
-4.259329081197925637e-01
-4.197729258657942331e-01
-2.847899512890305629e-01
-2.117896350338544509e-01
-4.546004497315829507e-02
2.158397627329131208e+00
-2.874118693668090141e-01
-1.916319968634760118e-01
5.287739023974290520e-01
-2.991812259791944983e-01
-4.347149980306232453e-01
-2.823246269165830546e-01
-2.609868768341784273e-01
1.321970444249203513e+00
-1.516452274718444078e-02
-2.009191856278743360e-01
1.625282614238303003e+00
-1.790984403378194090e-01
-2.286615148807641107e-01
-2.197188076530731116e-01
1.475704289851338169e+00
-1.708622799186056418e-01
-2.883208155260967853e-01
-2.259731803174410969e-01
-2.445963759583373587e-01
-5.271285200432546114e-02
-3.810109591916787664e-01
4.710765581471430541e-01
3.747090569780866381e-02
2.490901332463766327e+00
-2.086809526390184244e-01
-2.207920895856021193e-01
9.276398137195057680e-01
-2.384859251065588881e-01
-1.300680726900237949e-01
4.875488083821314933e-01
-4.743712929815291912e-01
7.729969549620006875e-02
9.594337078877852865e-02
-8.372843972781983390e-02
-1.121358323011748259e-01
-2.639595325456422503e-01
-2.259195639755131046e-01
-3.172790213480785604e-01
-1.970854736801238294e-01
-2.661587575916209425e-01
-1.607338212673042332e-01
-3.994880276485484605e-01
-3.285380250235369060e-01
-4.123543638081171303e-01
-4.953750210574631718e-01
-3.260012401434915774e-01
-1.473239714012556378e-01
-4.177575144888006076e-01
-2.637296175047070812e-01
1.439435400191458880e-01
-2.583769862572331544e-01
-2.031636117400378860e-01
-2.271520192152176876e-01
-3.028487438900121509e-01
-5.107793571259117149e-01
3.578751923506583166e-02
-9.021775295704818898e-02
-3.129436230968690169e-01
-2.800295422347874874e-01
4.516186201276496393e-01
-1.133202771525744224e-01
-2.273271723509468212e-01
4.713765478654498575e-01
8.750780852513649899e-01
-2.898812789980254045e-01
4.303756655771441286e-01
-9.733770844089420504e-02
-3.213235361272366308e-01
4.561009720927431399e-01
-2.139231426265433833e-01
-2.316606751284447374e-01
-3.065077120400729882e-01
-1.841636871066506531e-01
-3.010170662043670786e-01
-1.074053864739066139e-01
2.432350895805025282e+00
-2.211790671406104747e-01
-1.557759823090097695e-01
-1.375825381571229578e-01
-3.916110674835643346e-01
1.747240585797416257e+00
-3.523515044608157565e-01
-3.751394769456400935e-02
-2.335229495318637827e-01
2.848617930225161299e+00
1.293400886917961845e+00
-3.534745448749987973e-01
8.403016287621210834e-02
8.274287230565417761e-02
-5.841422149531040331e-01
-3.221568241668456567e-01
-2.381062919772500563e-01
-2.272049648851257320e-01
-2.447619143288977395e-01
-1.938761064981799342e-01
1.777650313571677021e-02
9.690691162385854304e-03
-4.410656147045769471e-01
-5.437951625395104349e-01
-1.762181551194459683e-01
-1.321336883540168983e-01
-4.526943466323998799e-01
-1.906254327368384904e-01
2.150046759090496473e-01
-3.487036351524813171e-01
-4.648586239009117604e-01
7.244616282459773182e-02
3.615448908063412237e-01
-3.531144798928016471e-01
-3.042239501643883570e-01
-2.289184406350057155e-01
-4.038614770881960858e-01
-2.983366827395538268e-01
1.635528316008644012e+00
-2.417402139452731191e-01
-2.584190279913030075e-01
-1.172128957956338757e-01
-1.746102003665431224e-01
3.536068151721166297e-03
-2.872089769911583268e-01
1.575500256505890206e+00
-3.721639848029918984e-01
-2.233321011511544829e-01
-1.538205831004542667e-01
-4.820547425058336333e-01
-3.670800337035907690e-01
-1.641162709796702424e-01
7.393648595749162389e-02
-2.948546332562860250e-01
-3.774824021359909909e-01
-2.082129269624220791e-01
-3.569776264067962557e-01
-2.673362925700600856e-01
-2.517635370264980632e-01
-2.128704462638972006e-01
2.089553686040314773e+00
-3.047190203781419693e-01
-2.397499079559781976e-01
-2.309473298841116518e-01
-4.243559540125225182e-01
-1.850933421770530884e-01
-3.785670693661468689e-01
-1.797481639164942857e-01
-2.500643263173898956e-01
-2.861186721918424491e-01
6.821913024580043006e-01
-3.205253272579667856e-01
-2.274315185180540155e-01
-3.663552804948686514e-01
-3.160692023034700759e-01
-6.743094799539577078e-02
4.450341914957825495e-01
4.195454248967380173e-01
-2.551640824774937047e-02
-2.378423053498199269e-01
-2.080229432746268925e-01
3.212966658037181844e-01
-2.001181167210810963e-01
-3.465290102469428812e-01
1.512982094609816586e-01
7.122759925768836764e-01
1.916131297060402749e+00
-2.135934311841080624e-01
6.004343203489916764e-02
-6.797807687123470499e-01
-3.722062218468174533e-01
-3.955407740018376250e-01
-2.035889273560866075e-01
-5.234072200007702236e-01
1.419652285982494266e+00
4.267842013129582446e-01
7.616484141828203658e-01
-2.734959944872400461e-01
-2.236393086556315579e-01
-2.962105206595135320e-01
-4.521092066901113982e-01
-2.271209695046946531e-01
-2.317211187052094223e-01
-1.873938467527941354e-01
-1.940482046582286679e-01
-2.418742327978487816e-01
-2.563188656319171921e-01
-1.888161849938884973e-01
-3.406929142660113929e-01
-1.210137900694753382e-01
-2.544695081403173798e-01
4.042530344220336413e-01
-6.163871042056697780e-01
-3.588811306880603791e-01
2.207950729507882348e-01
-1.935086279988067481e-01
-1.957254511887082660e-01
-1.697562335398937472e-01
-2.678830427592105989e-01
2.511420624788984202e-01
-4.662592790560999845e-01
1.167232231079634142e+00
-1.868472307971956736e-01
-2.029856207643602473e-01
-2.409563716068924555e-01
-1.638296090462564858e-01
7.616000307753482135e-01
-3.780441761402616452e-01
-3.225401651962810923e-01
-1.436267853167616515e-01
-2.588561346370639726e-01
-3.128783786973217684e-01
4.970395654803643204e-01
-2.020651072512373581e-01
-2.603944316878106791e-01
-5.021269924008365804e-01
9.507126035378349327e-02
-2.540388784721558935e-01
-2.263576654611907935e-01
-2.702729897310639506e-01
1.288575812349526672e-01
-3.618181543749482421e-01
-1.559677027055996479e-01
-2.437071537514091668e-01
9.798576270058746707e-02
1.872864638135256943e+00
-1.098530758497661963e-01
-2.467386047845969710e-01
-4.169176454350505545e-01
-1.550178218242880546e-01
-2.627167063912414502e-01
-1.090518561565534915e-02
-5.307939780024279602e-02
-3.109515146258037266e-01
1.499904223876129261e-01
4.008701642430954198e-02
7.194098301160891662e-01
-2.405336736426851862e-01
-1.763441872686553891e-01
-9.289985731803791780e-02
-8.840028450387930892e-02
2.044216855600277938e-01
-2.199395251053323785e-01
-1.101874961651183732e-01
3.122531164229587763e-01
1.634784284857334069e-01
1.809959096868537509e+00
5.800998617333364971e-01
-4.687262228789086937e-01
-2.094169856188798640e-01
-3.327883715231164663e-01
-1.489490560772911976e-01
-4.090937696710270077e-01
-2.135916945991003790e-01
-3.188142439136612549e-01
1.189557392949561754e-01
-5.657892821682140166e-02
4.550616091028173993e-01
3.360276979796997243e-01
-5.135637310624244778e-01
-9.869064064113908241e-02
6.176268321718726417e-01
-3.469852034545891639e-01
3.987654038356783226e-02
-1.966399812179078499e-01
1.340081960196808780e-02
-1.482799536692962217e-01
4.010066047971918013e-01
-5.613708414055600393e-01
-2.889450707368338978e-01
-1.377011296250306993e-01
-1.363059559788322994e-01
7.284883523732358368e-01
-1.425084270905313810e-01
7.470883925312069573e-01
1.245145489059811483e+00
5.592632654544279491e-01
-1.876087578650131871e-01
-1.326668383580107691e-01
-1.857224638434487596e-01
-4.399995397098211969e-01
-4.158110563551900563e-01
3.959721091003561844e-01
-2.449196943463205489e-01
5.910260545885070993e-01
-2.374066212522577823e-01
1.708825273456336669e-02
-1.485849096581603745e-01
-2.809371485706840255e-01
-3.624419235703629227e-01
-4.313811065604703510e-01
-1.787024434281174468e-01
3.876321597351153336e-01
-2.170370243122512754e-01
-5.346385618074195323e-01
-1.784316657736781386e-01
-4.958919406211559355e-01
1.059338718081214437e-01
6.808372884904285716e-01
-1.312042920290374670e-01
5.612658026833602376e-01
-1.330697974021244623e-01
3.517765367203406490e-01
-3.323958306515545913e-01
-1.062549837973381928e-01
-1.716144074374802431e-01
2.229021961959199327e+00
-1.794204353629479387e-01
4.055433863268004258e-01
-2.267612725002152718e-01
4.335841334019574500e-01
1.684598413724986976e-01
-3.192294909291460980e-01
9.723187872816017041e-01
-1.953294676293645671e-01
-1.902457971801598258e-01
1.691731798797093012e+00
-2.445019540616548415e-01
-4.218983402720115072e-01
-3.729225850285326493e-01
-2.483653195603842678e-01
1.539583720058121497e+00
3.084068883870735855e-01
2.860643250849611574e-01
-4.167793777594771543e-01
-5.141686117320239946e-01
3.784292595221804278e-01
-2.491518078130008640e-01
-1.867792108884124558e-01
-4.350200506525563893e-01
-3.684655500881280910e-01
1.964267403552714952e-01
-3.902422545437302381e-01
-1.951812176896259021e-01
-4.161708780721034562e-01
3.951457293369067814e-01
-2.501715278992828195e-01
-2.954663902496791339e-01
-2.297119622119127569e-01
-1.350081601506067097e-01
-4.331832592397175108e-01
-2.178347443292399654e-01
-2.668608600378933327e-01
-3.242313447979500718e-01
-9.744387122923399425e-02
-4.590632790970406996e-01
5.606224157275011694e-02
-1.592947110247835418e-01
4.884357322254798683e-01
-2.026532261138677404e-01
-3.695825554978866556e-01
2.004320713064563719e+00
6.884550261256724424e-01
-1.221121388126642088e-01
-2.532563366295265128e-01
-2.950432241571016023e-01
-2.104772849506948151e-01
-1.252664643912636266e-01
-6.161616555516440802e-02
-2.948617223626040507e-01
5.277935312438339910e-01
-2.057610419747137598e-01
2.953845754991267780e-01
-1.883142979342229406e-01
-3.037724807553603967e-01
-2.286296055079554967e-01
-4.568359621508784052e-01
4.014612075946676906e-01
7.670997605043812506e-02
-1.085796083748423457e-02
-2.493584412626086988e-01
4.956062767561790205e-01
8.834562900675121400e-01
-2.971005081012501048e-01
-1.475121397937560752e-01
1.374772142516427209e-01
-1.878800954121302158e-01
-1.921475592528918974e-01
-2.232122977588355539e-01
-2.752447708180826291e-01
-1.280175577230971973e-01
6.232859661445421251e-01
-1.913651204779057979e-01
-2.645082170811456912e-01
-1.679810876429813638e-01
-2.744488236640082457e-01
-1.653368364866598383e-01
4.127899954242809921e-02
1.860890652707444026e+00
-3.049306382175638874e-01
-5.585587739921676897e-02
-2.711401068808264592e-01
2.139927797866005399e+00
-3.886717143526070561e-01
-4.052556904383997072e-01
-4.109672284309572390e-04
1.535103315858162565e-01
-7.060644692191227201e-02
-6.152522626267636213e-02
-3.850669454925806923e-01
-4.390804267648596437e-01
-1.716291770714498677e-01
-1.906326262818356376e-01
8.009935407521993067e-01
-2.632204248512945433e-01
-2.826833508778678894e-01
-7.726105806820499078e-02
7.865028813023273724e-01
-3.099332402861161850e-01
-4.111652916002485614e-01
-3.035994242340955274e-01
-2.890902941146201166e-01
-3.276621005512934115e-01
3.190320171135069272e-01
-2.135628845287060318e-01
1.215599677094243880e+00
-1.306080758945204687e-03
-2.321541845172591378e-01
-2.292806168420576662e-01
3.120504071391576040e-01
5.824499829127993689e-02
3.854792415546013928e-01
-2.214144875658994871e-01
-2.284401585133946089e-01
3.445877318649755994e-01
-3.940932344679757837e-01
6.210809198303939294e-01
-3.188801399055069680e-02
6.219391946353121092e-01
4.290079955478394158e-01
4.066897422781411142e-02
-1.228961254301415978e-01
-2.576265475601066668e-01
3.468735523669720378e-01
7.747539004778444816e-02
1.450928215748990446e+00
-3.686555073288599327e-01
-1.283008637633281102e-01
3.035584067055564078e-02
1.922558443448675325e-01
-4.812860617833018551e-01
3.342118937010419844e-01
-3.078897765558009647e-01
-1.743670278663590756e-01
-2.732832583903859192e-01
-1.477627784642150666e-01
-4.136643735515654896e-01
-3.200129437004908817e-01
-4.559701592822644201e-01
-4.017472583743136316e-01
-3.226555668504505481e-01
2.635185443249985285e-03
-4.348390561637852092e-01
1.011309322187087072e-02
9.726864791714789904e-01
-1.703411897103830341e-01
-9.558346063420683492e-02
-2.700813910304652454e-01
8.068260885863561827e-01
-5.496696911465223101e-01
-4.615568046411822056e-02
-2.872204472335216363e-01
-1.698563839321610980e-01
-3.051833363995273274e-01
6.398890608511497158e-01
-1.225570598064013861e-01
-1.644622305736583717e-02
5.005877443003221156e-02
5.277729308301056799e-01
-3.236345725513686267e-01
-3.722881860817490729e-01
-1.515224037845565863e-01
3.760413954291974559e-01
-1.397681912649683111e-01
6.728829424827186267e-01
-8.257753015329348523e-02
-1.880734761929046261e-01
-2.082931662863583000e-01
-2.265178979030392156e-02
1.301686257413155468e-01
9.551262670125681975e-01
1.885801764013967929e+00
-1.314509068939854197e-01
-1.044970602125737669e-01
-3.797548978719320067e-01
-1.421196963219127085e-01
-3.892807525579105588e-01
8.368392267351000280e-01
3.002797538871180422e-02
-5.121130721416703446e-01
7.542526383307558424e-01
2.239776373828455291e+00
1.701002692550730166e-01
-1.866026529693667890e-01
-6.005805040654446092e-01
-3.215374750629327316e-01
-4.431365998724801636e-01
1.460073558031969310e-01
-1.378707417439020422e-01
-1.670389236703306857e-01
1.538832635909252455e-01
-8.222918256184644226e-02
-2.950347803691154985e-02
-5.746579607013695412e-01
-1.775735394529203426e-01
-2.332443706502734804e-01
1.398564099965421414e-01
-6.807356928367419568e-02
9.530256536829122549e-01
-3.533416018454760832e-01
-3.958530867664054043e-01
-1.635966095493794070e-01
-2.553342098527086601e-01
-1.299555150766250056e-01
-3.054083311253699140e-01
-1.689864647137947762e-01
-3.818364340808914625e-01
-3.048793544383204823e-01
-4.557726086218370498e-01
-2.726654512496357596e-01
-2.293288781691646960e-01
-3.355146616591823672e-01
-1.488048932117247702e-01
1.900943652985395693e-01
-4.206121224217499455e-01
2.196899088926391297e+00
-3.742689214106342255e-01
-2.279015366503612805e-01
-3.565860483774153933e-02
-5.104979676266657718e-01
-4.301444117989027260e-01
-1.583798943660214564e-01
-1.834666468191828714e-01
-2.623779158117284238e-01
-4.008082666348731782e-01
-2.355229979317056410e-01
-2.808329992801845698e-01
-2.810047850418975202e-01
-2.376383815658210108e-01
-7.390791088994942692e-02
1.582348703972179749e+00
-4.078236303141499208e-01
-2.829749210113755020e-01
1.285006486364959066e+00
-4.005214775681344985e-01
1.718917082328380586e+00
-3.127482391769883519e-01
-4.875541202161320226e-02
-2.387127135111840881e-01
-6.044845785675741559e-03
-2.725029249874205695e-01
-2.645043380539319755e-01
-3.705127055274291120e-03
-3.510053981780428822e-01
1.962780146941512371e-01
2.007227139158060669e-01
1.233957559717816732e+00
-5.095651177614275024e-02
3.916887200089312349e-01
-2.611650138080917061e-01
2.390324692756785885e-01
-1.129901561180943620e-01
-2.555745145550146757e-01
-3.209670134534450825e-01
5.654893109849003403e-03
4.357349816306979040e-01
1.565841524769288950e+00
-1.351733758707361344e-01
1.268772409144962587e-01
-7.081813784078279106e-01
-3.892605771321840380e-01
-3.396539626969674042e-01
-2.063704988188545253e-01
-5.511519857924731536e-01
-1.338204064402210569e-01
-3.548769764371361712e-01
-1.763462313337555154e-01
-2.623296679827201161e-01
-2.238150217806607056e-01
-2.973243332866917221e-01
-4.795573778559939493e-01
-1.127272742705364844e-01
-2.372765817798889454e-01
-2.035748388722816715e-01
-2.150407152949473655e-01
2.568887031720595293e-01
-2.271724327806587396e-01
6.257339977849175894e-02
-3.314527532450983749e-01
-4.418536400991621149e-01
5.839083037637828877e-01
9.540340695959634854e-01
-5.709639131960547037e-02
-1.461224366767888694e-01
2.804468125937759071e-02
8.140304467740908101e-02
5.879695855881406780e-02
-4.943865601250325981e-02
3.416413732723918087e-03
-2.678394114612575594e-02
7.054193632670396896e-02
4.789472432027977976e-03
