Using TensorFlow backend.
/users/PAS1383/osu10171/.conda/envs/local/lib/python2.7/site-packages/h5py/__init__.py:34: FutureWarning: Conversion of the second argument of issubdtype from `float` to `np.floating` is deprecated. In future, it will be treated as `np.float64 == np.dtype(float).type`.
  from ._conv import register_converters as _register_converters
 
2.7.13 |Anaconda 2.1.0 (64-bit)| (default, Dec 20 2016, 23:09:15) 
[GCC 4.4.7 20120313 (Red Hat 4.4.7-1)]
 
You have chosen: Namespace(bsize=100, epo=70, f1=11250, f2=50, f3=100, f4=1, h=10, imgsize=75, m=1604, pseuSize=8000, trimsize=0)
 
x and y (9000, 75, 75, 3) (9000,)
2018-07-06 15:54:32.599713: W tensorflow/core/platform/cpu_feature_guard.cc:45] The TensorFlow library wasn't compiled to use SSE4.1 instructions, but these are available on your machine and could speed up CPU computations.
2018-07-06 15:54:32.599746: W tensorflow/core/platform/cpu_feature_guard.cc:45] The TensorFlow library wasn't compiled to use SSE4.2 instructions, but these are available on your machine and could speed up CPU computations.
Train on 9000 samples, validate on 604 samples
Epoch 1/70
597s - loss: 0.3846 - acc: 0.1084 - val_loss: 0.2645 - val_acc: 0.8709
Epoch 2/70
596s - loss: 0.3397 - acc: 0.1102 - val_loss: 0.2619 - val_acc: 0.8808
Epoch 3/70
597s - loss: 0.3316 - acc: 0.1109 - val_loss: 0.2710 - val_acc: 0.8742
Epoch 4/70
597s - loss: 0.3363 - acc: 0.1116 - val_loss: 0.2559 - val_acc: 0.8891
Epoch 5/70
597s - loss: 0.3229 - acc: 0.1119 - val_loss: 0.2688 - val_acc: 0.8791
Epoch 6/70
598s - loss: 0.3226 - acc: 0.1110 - val_loss: 0.2474 - val_acc: 0.8874
Epoch 7/70
597s - loss: 0.3199 - acc: 0.1112 - val_loss: 0.2445 - val_acc: 0.8825
Epoch 8/70
596s - loss: 0.3191 - acc: 0.1119 - val_loss: 0.2515 - val_acc: 0.8907
Epoch 9/70
596s - loss: 0.3183 - acc: 0.1120 - val_loss: 0.2661 - val_acc: 0.8858
Epoch 10/70
596s - loss: 0.3164 - acc: 0.1118 - val_loss: 0.2406 - val_acc: 0.8907
Epoch 11/70
595s - loss: 0.3146 - acc: 0.1113 - val_loss: 0.2486 - val_acc: 0.8924
Epoch 12/70
595s - loss: 0.3125 - acc: 0.1129 - val_loss: 0.2427 - val_acc: 0.8974
Epoch 13/70
595s - loss: 0.3179 - acc: 0.1124 - val_loss: 0.2634 - val_acc: 0.8858
Epoch 14/70
595s - loss: 0.3125 - acc: 0.1113 - val_loss: 0.2602 - val_acc: 0.8841
Epoch 15/70
594s - loss: 0.3092 - acc: 0.1122 - val_loss: 0.2393 - val_acc: 0.8957
Epoch 16/70
