Using TensorFlow backend.
/users/PAS1383/osu10171/.conda/envs/local/lib/python2.7/site-packages/h5py/__init__.py:34: FutureWarning: Conversion of the second argument of issubdtype from `float` to `np.floating` is deprecated. In future, it will be treated as `np.float64 == np.dtype(float).type`.
  from ._conv import register_converters as _register_converters
Traceback (most recent call last):
  File "icecnn.py", line 14, in <module>
    import iceDataPrep
  File "/users/PAS1383/osu10171/SurenRepo/iceberg/iceDataPrep.py", line 6, in <module>
    import matplotlib.pyplot as plt
  File "/users/PAS1383/osu10171/.conda/envs/local/lib/python2.7/site-packages/matplotlib/pyplot.py", line 27, in <module>
    import matplotlib.colorbar
  File "/users/PAS1383/osu10171/.conda/envs/local/lib/python2.7/site-packages/matplotlib/colorbar.py", line 34, in <module>
    import matplotlib.collections as collections
  File "/users/PAS1383/osu10171/.conda/envs/local/lib/python2.7/site-packages/matplotlib/collections.py", line 27, in <module>
    import matplotlib.backend_bases as backend_bases
  File "/users/PAS1383/osu10171/.conda/envs/local/lib/python2.7/site-packages/matplotlib/backend_bases.py", line 56, in <module>
    import matplotlib.textpath as textpath
  File "/users/PAS1383/osu10171/.conda/envs/local/lib/python2.7/site-packages/matplotlib/textpath.py", line 22, in <module>
    from matplotlib.mathtext import MathTextParser
  File "/users/PAS1383/osu10171/.conda/envs/local/lib/python2.7/site-packages/matplotlib/mathtext.py", line 63, in <module>
    import matplotlib._png as _png
ImportError: libpng15.so.15: cannot open shared object file: No such file or directory
