-1.164319668260475638e+01
7.366887211197471252e+00
2.085864378388211193e+01
-1.700867208432506672e+01
-4.464528217757731454e+00
-9.563495329959383895e+00
-1.486055811907810131e+01
1.610643368876078085e+01
1.609258213697832574e+01
1.257684222264781937e+01
9.275276783100748546e+00
-1.640463032610101735e+01
-5.754672966323947314e+00
1.232760696233672881e+01
-1.096520553382763907e+01
4.106881680504675280e+00
-1.575836170205749376e+01
5.819423063905183824e+00
1.387323681035769773e+01
1.147209765903754786e+01
-1.183620108844697860e+01
6.741239197377282721e+00
9.674790350841186992e+00
-1.088795700718205062e+01
-7.085595955189384121e+00
1.503271517000257695e+01
7.253021249058785536e+00
1.076173722565697233e+01
7.791862053856086767e+00
1.139768805849236344e+01
3.889104519049240150e+00
-1.102003963040506029e+01
-4.430759234333969232e+00
-1.309961030449905373e+01
1.316858885289771308e+01
-3.258642186766246507e+00
-1.642694704281977991e+01
1.367810011043127183e+01
2.116573439136061197e+01
6.132111729434981839e+00
7.374843377928066879e+00
-1.370775422224242490e+01
1.552305023365426528e+01
-1.571164297832867440e+01
-5.492931568845871304e+00
-1.886030665337284162e+01
-1.050226904592591026e+01
5.951361637404360749e+00
-1.178896876366614421e+01
-1.298482140560181186e+01
1.733818707300133610e+01
1.317047937671813607e+01
9.830926579272130539e+00
1.329405753544745394e+01
2.082121459187916201e+01
1.152756385303737474e+01
-9.576593045059373921e+00
4.303394827770944175e+00
-9.265936266364551699e+00
-5.134063762022599064e+00
-1.401626286333523197e+01
9.371759523854631624e+00
-1.526555922875224169e+01
-5.249090061076729263e+00
-2.819928651187498048e+01
-8.728478263000715387e+00
-1.568099816625679921e+01
1.366053205216963207e+01
-3.789112354742865119e+00
-1.010363912675994769e+01
5.307936376194945183e+00
1.411338567110407816e+01
-6.386646205190594117e+00
5.704093988326574660e+00
-1.637720935171186554e+01
-7.053306251422131190e+00
1.400937777355065883e+01
-6.923486634703182041e+00
9.644126267681494724e+00
-5.014365587706691052e+00
-9.991823570227364115e+00
-1.155734665976504338e+01
-1.485226903685904487e+00
-9.764601306855535512e+00
5.986254479319910615e+00
-8.005108004296390689e+00
1.447035148759847623e+01
7.805821724059687661e+00
-1.119031518156229943e+01
-7.030389136506758341e+00
-9.021328030957116439e+00
1.157628942819864948e+00
-1.237424910651400012e+01
1.183839499274217921e+01
1.407079699609654888e+01
1.602529810075506589e+01
6.284841362274679710e+00
3.550075982416662335e+00
4.561669626895469065e+00
-6.077425985905741790e+00
2.091874328587741694e+00
2.213674756373172059e+01
1.113847482779562981e+01
3.698752637177553204e+00
1.249027509670161429e+01
-2.456826425837340366e+01
-5.370600038851493174e+00
2.321860093151016713e+00
7.155452948547700309e+00
8.153015412481517288e+00
-1.715284515601968707e+01
-3.690931257654493258e+00
-3.596638672962861327e-01
7.173174273719928884e+00
-6.805153293990010788e+00
-1.366270221954935238e+01
1.022687781489359082e+01
-3.338718346484679245e+00
1.089865978033778404e+01
-7.088236130143762415e-01
-1.642438293936629989e+01
-1.279148432520810097e+01
1.118375008345292443e+01
-8.796943350137917506e+00
-1.222428287342463804e+01
1.093397202818962555e+01
-7.589860641752599335e+00
-9.226492672301693787e+00
4.002252671059668643e+00
-1.012502177213213272e+01
1.089780618226118314e+01
-3.971247710389251395e+00
-1.392382329211674019e+01
-1.666565986907005126e+01
-8.206787565610452972e+00
1.700931321255608708e+01
-1.174557237289626244e+01
-1.036046820192865781e+01
-7.476933388783468359e+00
-8.123646398504744681e+00
1.676432605973116097e+01
1.257219458068328599e+01
7.533809878691420714e+00
6.165196919926954067e+00
1.499221834674192166e+01
-1.117450806909932126e+01
7.856554827050280743e+00
1.379029214753419996e+00
-5.367753527022869342e+00
-8.404004223488390934e+00
-1.855227185391125966e+00
8.197962091640073723e+00
-8.297564856041551806e+00
-9.461261312389638078e+00
8.612245930584508713e+00
1.363021301726402612e+01
2.430836451545584964e+01
3.952729823403742238e+00
5.651912930065122964e+00
5.693284729433445435e-01
8.251784406046640541e+00
1.947057430036647574e+01
1.137788140678203064e+01
-1.769780961477195547e+01
-1.089881569409077322e+01
-8.297820115867208912e+00
8.469746367708227197e+00
1.545573951775991262e+01
-4.742259392741106083e+00
-1.001761334448208274e+01
-3.882027195576440715e+00
1.867010189271762854e+01
1.815214983413980221e+01
-1.127552718972108359e+01
-3.627175638627861964e+00
-4.956680532655552085e+00
9.717560834510726053e+00
9.317583890314047323e+00
-7.085973274730113403e+00
9.904092036276454181e+00
-8.987534953954861017e-01
4.631100587850837336e+00
-5.205824772078797125e+00
-2.160189101400941425e+01
-6.250977492954536530e+00
7.633381870380012479e+00
-1.406345043845653464e+01
9.630021242930624226e+00
1.506143000809619359e+01
-1.381989988691669247e+01
4.772526807825600237e+00
-9.850999108761120837e+00
7.142525211793639972e-01
-1.470349032277635537e+01
1.517518152470470660e+01
-7.828968562967260070e+00
-9.266935974977766222e+00
-1.035423880630706428e+01
-1.544365525596204058e+01
1.217136351011229678e+01
-6.375875861054868032e+00
1.618533428820755349e+00
-9.470478171920284183e+00
-6.224436788101810336e+00
-7.262178702959424470e+00
1.490840077594252122e+01
1.119542022682589710e+01
-1.284134604707746519e+01
-5.875403407736100370e+00
-7.501713152914787130e+00
-5.988795737091416882e+00
-7.658319652211321049e+00
2.676849229878867931e+01
4.738748795165381722e+00
2.126510437274802356e+01
1.192206232894979046e+01
-3.715265389911194926e+00
-3.189954420451933448e+00
-1.128219557377258653e+01
-4.371443516063965085e+00
8.168207923324608544e+00
-3.226071127673732164e+00
-5.983437364088894483e+00
-1.387794811820634600e+01
-4.051112570960194503e+00
-4.117330960547784358e+00
1.261655810063332694e+01
-6.525640305915686668e+00
-6.207112021831319382e+00
1.107549984403037202e+00
4.360507113092204179e+00
-4.420320095223197576e+00
1.300181190564406641e+01
1.490309395084784327e+01
-7.895398764923305279e+00
5.151252643489211636e+00
-6.901600342531053478e+00
-7.037505733514374029e+00
-3.874850627962553862e+00
4.614604322111250490e+00
6.771850372802076912e+00
-1.170761918165589321e+01
-3.527569773813911347e+00
8.970411120470201283e+00
1.342928155475038388e+01
-9.998296170609357603e+00
-5.894137603660616342e+00
-1.295555882914448675e+00
2.095805447666240795e+01
-5.929274647784416707e+00
-4.300887054801783904e+00
8.352010712862785624e+00
-7.461609269608273642e+00
-8.251708723100392717e+00
-6.095162264461350787e+00
1.405344737627898333e+01
2.153604737817741110e+01
2.869850142645299584e+00
2.170508552321044959e+01
-4.086699132431286685e+00
6.500376722222405590e+00
-5.654845579583230197e+00
1.152947880830179983e+01
-8.728720528293737457e-01
-7.966228847925899359e+00
-8.434131416846321727e+00
-7.306648886731808901e+00
-6.921030579266315819e+00
2.319387550260039177e+00
2.260632265028922205e+01
-5.595531608667575263e+00
-7.453789421923830538e+00
-4.993069675043778410e+00
-1.162379425833393043e+00
-6.201889970789950191e+00
1.256324942932089073e+01
-5.679000668696581045e+00
1.589642080946901181e+01
-4.354559342734545702e+00
-7.046806530170321992e+00
-1.094942843445592118e+01
-9.313648194309822159e+00
-1.589854941982323666e+01
-5.753696579147448809e+00
1.352956145133483012e+01
-3.469808047253124084e+00
-8.815535013560845456e+00
-4.435303626240563624e+00
-9.769930121852830496e+00
-5.555243843892379907e+00
6.674976129767742350e-01
-6.593959987755313001e+00
-6.729258872904881450e+00
-4.944656505874155172e+00
-4.529971294201171617e+00
-5.963259742209420011e+00
-8.333741697835580498e-01
-3.557042235115523976e+00
-6.455383564515342343e+00
-4.450991874860020125e+00
-6.498753749500875365e+00
-4.057200391093713776e+00
2.815961807447191934e+00
-6.514670844764501645e+00
-5.988539282031897670e+00
-3.709331410868554446e+00
9.247070778683471604e-01
-6.452803424459164106e+00
-7.387364649917800286e+00
9.105918616039762270e+00
-7.378490706420461898e+00
-1.444606311657000042e+00
-4.296959984797646293e+00
9.002735958102947578e+00
-6.224747268220149010e+00
-5.570692382942004528e+00
-2.196552627858391116e+00
-6.682985654858331515e+00
-7.746033264984863997e+00
-4.732845274076552755e+00
-1.132301716449899409e+01
-8.678810947057518987e+00
-8.142047195393875114e+00
-4.618384551891296930e+00
2.087684120243909902e+01
2.652811112758759027e+00
-6.459755319048185562e+00
1.296904738251733136e+01
3.696344480697660195e+00
3.249919542112886717e+01
-6.713945162546385070e+00
-4.156049464641268010e+00
4.932949246814598787e+00
-1.111278311782230688e+01
2.032220528912120372e+01
-4.132513782714120509e+00
-7.116370192303588915e+00
7.290564320723637026e-01
7.009645770664063136e+00
1.388258780357237931e+01
-5.545507201517329676e+00
-4.679229915996366174e+00
1.095590591696555194e+01
-8.574852750419827530e+00
-4.501730811471515992e+00
2.448201833144872452e+01
1.140912859485418274e+01
-6.917190852765751963e+00
-5.890954983602175510e+00
3.033600561961723230e+00
-8.779709670669276989e+00
-5.659136310251317248e+00
1.650002326349402182e+01
7.815573062093150725e-01
-4.324000067701001093e+00
-4.886488468151777731e+00
-4.771824043210432187e+00
3.552477594527682747e+00
-1.919273888760576696e+00
-2.494924403435853311e+00
-5.223042773962998986e+00
-3.405098035413217428e+00
-6.308441843229551260e+00
-6.215688202697133846e+00
-1.043599016398589008e+01
6.293573576486941157e+00
-7.124020837422129659e+00
-6.485942425605466077e+00
-3.545760928974158510e+00
-2.793729687723712551e+00
1.489217732087461066e+01
-3.821022409356258809e+00
-3.836640525126810974e+00
-6.392145922567161520e+00
3.635995053967188806e+00
-3.376014028020160485e+00
-4.773106632958884710e+00
1.005672991069213928e+01
1.915073713238946951e+01
-5.954634201426714846e+00
5.940190492329890937e+00
1.465409450059016905e+00
-2.644077663867142380e+00
-4.907209524517365473e+00
-4.012278782263022592e+00
1.120847695843764846e+01
-7.380853153350578566e+00
1.814808094955711937e+01
-4.344686630003168126e+00
-5.660660649762257357e+00
1.552747724671334817e+00
4.968541879160522967e+01
1.031580113783958552e+01
-3.248820677591460981e+00
-3.619167889070519450e+00
4.007580917040086455e+00
1.967180229190813634e+01
3.892491113634523714e+01
-8.325935694061607606e+00
-6.203599198328551445e+00
-1.764743703820233023e+01
1.653369446396954245e+01
1.710343405064110556e+01
1.449314771283787273e+01
-6.320915502955116061e+00
-1.075348574308105398e+01
1.217084663415872292e+01
-1.196323273668476084e+01
-2.991591601346310192e+00
-1.889272678634493552e+00
9.558189352301376118e+00
2.344956836472537720e+00
-1.116167873552002376e+01
2.472463236483115168e+00
1.399842331687654529e+01
1.005145528916971820e+01
1.315627222356181569e+01
-9.325827952448358715e+00
1.914103063998556209e+01
-3.155922400641783643e+00
1.221072607624453177e+01
-1.336295240113733485e+01
6.648810698282860976e+00
-1.411423819364753562e+01
-5.477091544931536937e+00
-3.329958085736667961e+00
-1.093744999017081199e+01
7.170383773748677747e+00
-4.724555895633824498e+00
-1.432189893044739470e+01
3.686391815925183391e+00
1.668894490420186116e+01
9.064638753924207037e+00
7.572315821473919684e+00
6.474114515220479760e+00
1.228368474296364177e+01
-1.291496491504380195e+01
-1.471374752072906489e+01
3.093036759432663985e+00
8.534111588155173678e+00
2.984622848153374863e-01
9.393757579573412286e+00
1.189535006725077082e+01
-1.888346493459976072e+00
1.139415159534879862e+01
6.111723085610468509e+00
-2.338535650423135692e+01
-6.772122436990769323e+00
9.599154570764730110e+00
8.063953624480920013e+00
-1.106368545768544820e+01
1.279729093294034392e+01
6.777743362131470661e+00
1.716174724743409641e+01
1.605950930215491823e+01
6.631663803824975112e+00
-2.192189593136283676e+01
4.435637424842883370e+00
1.526757889549986658e+01
1.039702763959916609e+01
3.427826267617742229e+00
8.345537920125485343e+00
6.124845584847787627e+00
3.926170175270633944e+00
-1.523083654449657942e+01
1.859396494632504826e+01
8.812787867248296436e+00
2.799619576146566313e+00
-1.239835791509831608e+01
1.412686588384657860e+01
4.562687700869826557e+00
1.364022052131607099e+00
-9.144892317486926103e+00
-2.843108448402347221e-01
1.471559360262630634e+01
6.810685027315527051e+00
-3.349697854501746264e+01
1.079274080003560776e+01
-1.001165493404034734e+01
-1.285584788829112846e+01
-1.737401484925106132e+01
1.523564346642548095e+01
1.331647777694123924e+01
2.240555105149426751e+01
-1.639566101105973317e+01
1.872377662200910109e+01
-1.381522739988872139e+01
-1.325432889868907260e+01
-1.382884747446340334e+01
-2.230072158404910709e+01
-1.718621769027136992e+01
-1.595623779223465988e+01
-1.998515669567313324e+01
1.727247366974240750e+00
1.578390848939982050e+01
-2.268973955367326312e+01
-1.442289812795823600e+01
-4.478815105906734928e-01
-1.120447223575333062e+01
-5.195696440966147911e+00
-3.256430108049374716e+00
1.775787474509577279e+01
8.834346992340197602e+00
-2.253086759111123172e+01
5.220071748456429184e+00
-1.848056038778007837e+00
4.478205428815036804e+00
-1.851734455193237494e+01
4.695491260229933239e+00
7.193095906710263776e+00
-8.632997590128949739e+00
2.397099634251491196e+00
2.836554525577361208e+00
-1.534445433893633570e+01
-1.611719375431890811e+01
-2.104462307870515758e+01
-8.153533350796953627e+00
1.529710761297497257e+01
2.078274606722158246e+00
-1.616855707414389443e+01
7.715411293645207280e+00
-6.251549715204551383e+00
1.493750141591824843e+00
-9.428597609804889146e+00
-1.390403729348210859e+01
6.502224496763296280e+00
1.630373641181719435e+01
4.041905478946425490e+00
-7.943030407428734563e+00
2.696372228648881020e+01
-1.550149685331779636e+01
1.703181232827578384e+01
1.363796856710069427e+01
-1.208086140275293729e+01
-1.199051896926011374e+01
-9.045673571238268096e+00
2.751752315472201449e+00
-3.848382783574651356e+00
3.378479005124215284e+00
-9.185664806927439585e+00
5.794554873363519043e+00
6.918235496468144063e+00
1.085108546534678098e+01
2.753771525333921666e+00
1.022751939974275537e+01
-2.487833366052929041e+00
7.212343854678811006e+00
-1.035896938013206103e+01
-1.785466776410431944e+00
1.707512730007785251e+00
1.350882170686252870e+01
-2.186638169735530823e+01
-1.238274615614167118e+01
-1.185272887588162050e+01
-2.247091932658135960e+01
-1.019492928728470460e+01
1.504990294444736953e+01
-2.027642930326094017e+01
-2.353805732811754581e+01
9.627000828874278326e+00
2.052140221830539346e+00
-5.246896546746094181e+00
-2.324239934720594292e+01
-5.266885114942800872e-01
-1.416693028306872115e+01
5.634978816486540865e+00
4.364309143498403820e+00
1.383064607001785795e+01
7.954827828686690694e+00
-7.336630290681217303e+00
5.327979430541547323e-01
1.114255202664041455e+01
1.497204073195034368e+01
5.653044325846490636e+00
-6.594259333584260752e+00
-4.805923462081358011e+00
7.611220410115382862e+00
-1.211639048010384911e+01
2.170880742737053382e+01
6.325825728618113430e+00
1.068824882499345641e+01
4.585652324715604244e+00
1.545212013379536664e+01
-2.221426074067617051e+01
4.215277269185413900e+00
6.402910575597952736e+00
1.199144381891513689e+01
1.389409712377425876e+01
-1.594827748473863771e+01
1.275950820869258351e+01
3.798966923929472994e+00
-3.047083604306035642e+00
6.960383753467220380e+00
1.893145702053352153e+01
-1.515038481148666527e+01
-8.417569898924012195e-01
-1.215432056465691169e+01
4.951578854118721118e+00
4.517392222398451729e+00
4.837697353308930026e+00
7.396735661336606427e-01
1.492074437207839388e+01
-2.362808488025967080e+01
-1.323699549581720092e+01
1.251514892229800280e-01
-4.676250096487927443e+00
-6.449352540826077451e+00
1.480269308333472544e+01
-1.836083365373105281e+01
-2.175593646652078306e+01
9.523891388506733335e+00
4.513414375938562095e+00
-9.923423698628983658e+00
1.180521282383922177e+01
-1.728326753381407954e+00
-1.288483168833692183e+01
1.700024560379144623e+00
1.709575238663978070e+01
1.968824693604577547e+01
2.917981679280589713e+00
1.263273849745019284e+01
-7.994741111387070553e+00
4.341876231403089648e+00
6.307211697427652641e-01
5.990808985640298623e+00
-9.182200103602875529e+00
-1.317658288194768490e+00
2.771385880469482643e+00
-1.081936439830075081e+01
-1.123147847262746879e+01
5.486449079887769642e+00
-7.267483314428911712e+00
3.678354710879725431e+00
-1.458327827103060237e+01
8.882878735856555963e+00
-1.726081477306154355e+01
1.459747025275692600e+01
-2.281172469487494681e+01
-8.360824066800244481e+00
4.499045758246050575e+00
4.804880406084031996e+00
-4.496768202069787002e+00
-8.954326841771068857e+00
1.105034000743149392e+00
-2.262404341522352880e+01
2.038940194126565686e+00
1.329915627042495885e+01
-9.693209890654612693e-01
1.925985194079825646e+01
7.575681252322047143e+00
1.032372064456531646e+01
-5.432931754753973941e+00
4.253725117974461511e+00
1.385082929010152419e+01
-1.544157525293696587e+01
-7.572061344821620743e+00
-1.626964444668481846e+01
-1.056089582862881349e+00
1.517104429000945842e+01
1.115707192897274602e+01
7.228731760094698977e+00
8.278567739794208791e+00
2.475872597733625557e+00
8.408934333322452659e+00
8.230647893130255355e+00
1.580321654114159280e+01
2.794402599336539783e+00
-5.892171999227260315e+00
1.086991467667247191e+00
7.404648071050899283e+00
-3.308895829286498724e+00
1.071258206799526214e+01
-4.051495967439654677e+00
4.703218390557294404e-01
8.457850225206511752e+00
6.974026713977548475e+00
-2.709667096820913557e+01
3.467090554756156795e+00
-9.249083487171640527e+00
-4.771210518641455955e+00
-2.771298776180115198e+01
1.285983530172066835e+01
1.304568671243579026e+01
2.410660326783493446e+01
5.768884952629171892e+00
-2.103153472459714735e+00
-2.575158224361026527e+01
3.210344423235165223e+00
1.414090515591431085e+01
-2.224814396263915128e+01
-3.494268779297757277e+01
-2.745105845467759664e+01
1.865142068024600874e+01
1.012512568159844051e+01
-1.337277529167082157e+01
-2.271016941394111655e+01
-1.253826582144405855e+01
1.060777725528899290e-01
-5.163109712070050428e+00
-4.222032164639258234e+00
-2.625879530346726831e+00
-1.667331860062414606e+01
1.172887991779391825e+01
9.947635443567037328e+00
1.464908784138439168e+00
9.139621622562714265e+00
1.977868631854938553e+00
1.606859603647546564e+01
-3.142639462101262993e+00
-6.574526760144473236e+00
1.024847020447336199e+01
2.781202928027151522e+00
1.038662421850864526e+01
-9.647178061442465591e+00
-6.800004951302614842e+00
1.407123664786159978e+01
-8.518989084292413194e-01
1.231493719947419763e+01
9.562703733769888359e+00
5.823747798400725983e+00
3.735104414592191002e+00
1.176354311379976458e+01
1.402639267916634758e+01
5.825085292092617806e+01
8.582893231054832484e+00
3.919088587296854165e+00
1.370740315546423638e+01
2.320682840882128395e-01
3.315837020345680397e+00
-2.104841578552115067e+01
-1.383064029020850860e+01
-3.964772632763841731e+00
-1.007452586191889665e+01
9.523284922107869477e+00
1.294484333516832386e+01
3.976275553352854875e+00
2.260293796098186814e+00
-7.927294519651313376e-01
4.551431592601341336e+00
-1.355174762068804917e+01
-6.271359491498199823e+00
1.519052369160822558e+01
-6.417990596005954451e+00
-2.211879309020984508e+00
-2.345449053130996475e+01
2.657706959353404397e+00
8.349266132320243727e+00
-5.835753515293934157e+00
1.053723462090877838e+01
-6.695496765149911766e+00
1.223269188335729929e+01
-1.453456084588758301e+01
-4.075810751733897064e+00
-6.042877284662387716e+00
7.227012889898715819e+00
-1.361442845786325151e+01
-1.163016347595761601e+01
3.006036894253270475e+00
7.604201767699098724e+00
-1.108533772247761817e+01
-6.658359684411360169e-01
-1.900270765001507556e+01
-1.028576964226181722e+01
7.215802385883909764e+00
-3.827300003786843874e+00
-1.178348338037182153e+01
2.440387799652685707e+00
7.938538833888062030e+00
3.496309796977282947e+00
6.748915645941043984e+00
1.801494465587968818e+01
-2.234825077558431872e+01
-2.302666984220400437e+01
9.858438423257775085e+00
-1.185871577102331109e+01
-8.198757793623366652e+00
8.434250684846086088e+00
-5.616884229734382394e+00
-2.335871765437596537e+01
5.100428445367143127e+00
6.804696224094461066e+00
-3.127952903829983811e+00
2.023025986257351860e+01
-7.592314279627764506e+00
7.808267486429246951e+00
-8.563449165120658790e+00
1.181374513367607193e+01
8.092320225093750707e+00
-1.622990145502083692e+01
1.632829327606987846e+01
5.851845579785700302e+00
-4.139342838761523424e+00
7.202485727144911642e+00
-1.463999459755588983e+00
-1.056524066714955268e+01
6.026123195307538261e+00
1.316815414977119580e+01
-6.925259815345028436e+00
6.854627154563277536e+00
1.012814333019954205e+01
1.969606415662832788e+01
-2.103134404364860899e+01
-1.247634795264545460e+01
1.258634152069821432e+01
-2.842042139393021216e+01
1.053058567366026743e+01
8.252537989807741781e+00
-1.450408167554964578e+01
-6.705843297226930844e+00
-1.467490000565145003e+01
-1.314644661542775061e+01
9.076539278983247527e+00
8.803023638734535083e+00
-1.098064666795876931e+01
-1.107958210330387416e+01
1.344565332558922321e+01
-9.614281902781103284e+00
-8.000103924644511366e+00
-1.735439859388514350e+01
-1.117353534342941934e+01
-2.124881246887300890e+01
2.162412157197697482e+01
-1.310506201898581935e+01
1.775824216189415594e+01
1.461687981443665763e+01
-4.265798764700810430e+00
-2.209169165170786542e+00
1.775666484257478306e+00
2.930030723763776379e+00
1.364784891606350392e+01
-3.976124957721479891e+00
-8.557996606756242741e+00
1.008526866813787137e+01
1.243193968982036601e+01
-3.993493567242251174e+01
1.213308376612337192e+01
-9.114390261283553230e+00
1.187186695983868034e+01
-1.439260147300296744e+01
-1.711704529328373070e+01
-1.708155678884042317e+01
1.486143510453111460e+01
-9.942192536563100091e+00
6.612175630375618951e+00
1.384806131684364416e+01
7.682700928933481777e+00
-2.643405046347097276e+00
4.952669687014466859e+00
2.090495058275632445e+01
8.740533258739079159e+00
-9.258699535111665213e+00
-1.279902492660188784e+01
-1.542521706466556530e+01
9.798747702716955388e+00
-1.506619204930032829e+01
-1.228315235563816010e+01
1.837820307200559355e+01
2.891120887115666616e+00
2.021081100708529021e+01
1.374653115344434084e+01
-9.195951077121868877e+00
-5.527865758377863870e+00
9.296663494972728259e+00
6.723777574202766338e+00
2.290280891728113222e+00
-1.788740083620467658e+01
9.535665932557877866e+00
-2.052345748157359484e+00
9.654081563038626967e+00
2.092288444180420726e+01
1.555638068147499498e+00
-9.699913115044315859e+00
1.730496704332589886e+01
8.517193833459762331e+00
1.380589574954276877e+01
9.045335268697300535e+00
1.666740747764144004e+01
7.079773594530769820e+00
-1.915277298025637975e+01
2.663201367484364113e+01
2.894972460891348476e+01
1.627067865862800033e+01
-6.231620971766290928e+00
-8.115859997132394810e+00
-9.608615868147023065e+00
2.417007763809509413e+01
-2.630867931386991287e+01
9.347675956276694009e+00
-1.430142506613398723e+01
1.667449408552014845e+01
2.136172210514104108e+01
1.721810072172370454e+01
-5.558263304387780934e+00
-3.074458996112199216e+01
1.653479967024711783e+01
1.724260129957247401e+01
1.886323917071094414e+01
5.348956313745413915e+00
1.552946670889179437e+01
4.413747623124307240e-01
4.901758351059932295e+00
5.124927575235368238e+00
-1.373613253466649731e+01
-5.080430872798277875e+00
8.244932346355781760e+00
1.368693874516044318e+01
-1.193445980873028489e+01
-1.081489811292392567e+01
9.812563180652160710e+00
8.790824140881277060e-01
1.036808360769180304e+01
4.417320191419928044e+00
-1.494444538751858786e+01
8.880039587961336522e+00
1.824647888835523446e+01
2.967463350023079038e-01
-1.273009270072006771e+01
-1.956349305699453822e+01
-1.680641816808319788e+01
5.482928197858826458e+00
1.043386446022418923e+01
2.379346102215654124e+00
-1.127977462746374471e+01
-7.188951489822419383e+00
-5.169314926365895069e+00
-1.293284023455003329e+01
-1.934133416521064674e+01
8.273549120180016203e+00
3.885847628288261912e+00
-1.604435521593321923e+01
6.466426857759391744e+00
2.726444530142745037e+01
1.299147329563225739e+01
5.973108116275090751e+00
-9.576362747057494573e+00
-6.949390513982049100e+00
7.275659856782700885e+00
-5.481285168439120170e+00
7.869994715102534677e+00
2.106737926660457205e+01
-1.072400771534734432e+01
-6.877024663691738482e+00
2.190186923128444985e+00
-8.899339677063082377e+00
1.262157237849407032e+01
-9.239473418840701058e+00
-1.441361881468768402e+01
1.692130743431200202e+01
-2.496882036717785169e+01
1.100276534538732243e+01
-1.437866066254425235e+01
1.417982540133432146e+01
-4.161559958540361315e+00
1.930947967906232776e+01
-1.417897441463961794e+00
1.310768895646957155e+01
-1.415990434402758247e+01
6.983447956970075587e+00
-1.264949592386632915e+01
-1.186590634076465633e+01
-7.062925360741979519e-01
-5.891754517296230453e+00
8.780914376971873381e+00
1.363393347801229893e+01
1.846538777660338226e+01
1.051194904464788848e+01
-1.025090125235838201e+01
-1.093669958123806829e+01
-1.527289745996359827e+01
1.961449265519609853e+00
-4.668392404663751272e+00
-7.095816642774799288e-01
1.804142263672200386e+01
-4.110718675969922131e+00
1.914655595622756934e+01
-1.185552318537307848e+01
-3.681441509207360951e+01
9.524780419956956123e+00
-3.956085310132699373e+00
-1.892320578373798412e+01
-1.022263104828537905e+01
-6.801480740868102615e+00
-2.464836507523162012e+01
1.701435769455281033e+01
-7.606534269535709214e+00
-8.560681805490224505e+00
8.971311318257050971e+00
-1.591381270204649567e+01
1.556638621216118601e+01
-1.182184515452559204e+01
-1.394329041896425281e+01
-9.242251393050249675e+00
-1.217763603577431830e+01
2.035996340132968996e+01
7.358535310635507365e+00
-1.475929683556568861e+01
-7.953453975634079853e+00
-6.521318492378550324e+00
1.027858052059943006e+01
-1.365596537219544970e+01
-1.153024211941298738e+01
-1.873795109791103997e+01
-6.159574738958577100e+00
-1.553984971964119133e+01
2.021322398364249651e+01
-1.254277774495602316e+01
-3.542568668314667768e+00
1.382563860345598350e+01
-9.304789934401153317e+00
1.454629416897084582e+01
5.345052482573989572e+00
4.584806377217054418e+00
-7.297308352172096058e+00
1.035725233314251525e+01
-2.406872631898697890e+01
-1.621031844973220970e+01
1.390654803521883665e+01
1.832744928539401030e+01
-3.250632764554028142e+01
-8.446195228148039025e-01
8.335714701774984192e+00
-2.116708926124627244e+00
-2.984602782256250197e+00
-8.958959049176113965e+00
9.405988589114462783e+00
2.082895399028508732e-01
2.738476029469536055e+00
-7.636736313735713821e+00
3.856833022020227819e+00
-4.616035102879822993e+00
6.260115641228642502e+00
1.915017445759172077e+01
-2.696970635795227267e+01
-2.507912270858282966e+01
5.710431886524411915e+00
-2.253356343156301378e+01
1.339499754924721486e+01
5.692226916494639077e+00
-6.353274815959446542e+00
4.303227475242164424e+00
2.345539782111016436e+00
3.504891626110152814e+00
-8.225529652233664279e+00
-1.063786562415200004e-01
-2.155611702216670622e+01
2.465763611034887504e+00
1.496281571718538572e+01
-3.224316914650265264e+00
-3.006584605923669784e+01
7.233468368736116538e+00
1.089204100189966695e+01
6.583504912450020008e+00
6.461898988879787531e+00
-2.378442958329796042e+01
-7.317346442530431538e+00
-1.434254050242931910e+01
-8.553459545293087274e+00
2.384793750708638083e+00
-2.407526535417065006e+01
-1.113385223996370144e+01
5.343364911787204186e+00
4.794506564378812286e+00
-1.097740874648508935e+01
-3.063453061315307924e+00
1.019691608149047823e+01
-1.567893252291373862e+01
-1.298990310999194797e+01
4.496515339769011632e+00
-1.114664157731339245e+01
-1.846152264838968904e+01
-1.021013711620613273e+00
1.528703904977536787e+01
1.341511568807687560e+01
4.590118074030770323e+00
9.694486316342265653e+00
-1.479085979674100315e+01
6.404825654422873882e+00
-4.277315900341489119e+00
1.555323540571236762e+01
-1.902906537970547651e+00
2.214745554095955882e+01
-4.019057096656457873e+01
-1.778551363506710103e+01
-2.480723523844119427e+01
5.822349821357500232e+00
-1.029737200210534454e+01
2.272724051561267089e+01
6.943868334884290228e+00
1.349352704146020088e+01
1.116685288508191043e+01
1.565159059873855441e+01
6.105360734382587751e+00
2.199576311628862513e+01
7.525059833036989332e+00
-1.039505419433389122e+01
8.711692470497012231e-01
2.378665613333851070e+00
-8.222719411851834082e+00
1.118401746282114972e+00
1.048053434229457626e+00
-2.023850933253454443e+00
-1.053862712461882722e+01
7.764753941331838938e+00
1.191750214291517196e+01
-2.348673906620543406e+01
8.790393142609847388e+00
4.924223506576646869e+00
1.620015075234113411e+01
-3.270991730442835177e+01
-1.863685001602331193e+00
1.127783901957090862e+01
1.068737122467931844e+00
1.104382811343483795e+01
5.380482742660177564e+00
2.056487493403372113e+01
1.528940109909802914e+01
3.448898611268622627e+00
5.255328056377081225e+00
9.623654105777097456e+00
5.669599841293556430e+00
9.401916925605666719e-01
2.437938739862546456e+01
1.435682417078943018e+01
-1.631328292703318539e+01
1.645224502113322274e+01
5.356140804566514646e+00
-1.150702120635346759e+01
3.417609790551732640e+00
-2.609864693857268936e+00
-2.424711904170114352e+01
9.961163751867216476e+00
-1.513788314361485199e+01
-8.589145161261686923e+00
3.895715497711631947e+00
1.578220293426246279e+01
8.585846032770692915e+00
2.037422371462316750e+00
1.533866691967385343e+01
-1.089832730376426717e+01
1.463532093404648116e+01
-1.389582049379908257e+00
1.523323090134147684e+01
-1.057648339876942778e+01
5.852793198048825474e+00
-2.221045901215322260e+01
-1.185800229490563851e+01
7.591400768428015589e+00
8.554023189912411951e+00
3.499536568319548735e+00
6.173820689835341824e+00
4.452019962960362065e+00
1.060942574060328703e+01
1.044195041880744590e+01
-1.154538771060425617e+01
7.428231267636628665e+00
4.284430032107601427e+00
-1.222747267263765458e+01
5.499863508926376099e+00
1.133102353122569461e+01
9.916695284779267539e+00
-9.568665363675645352e+00
-9.176363569792606256e+00
6.737641010242948703e+00
9.140052414692048544e+00
-1.230418134924624241e+01
-1.303972996459901168e+01
2.872541386457700074e+00
-1.485226120396101201e+01
-5.371876936501811528e+00
6.318514585754693158e+00
-3.077701458240963106e+01
-1.148745672369686943e+01
-1.300988976334059544e+01
1.030535407081144861e+01
-1.459818427715923050e+01
2.852722555487434875e+01
1.000682142485707971e+01
8.840354861389624119e+00
-2.161638714422068475e+01
8.640405516131012931e+00
-5.165809102394355534e+00
7.306534669459932907e+00
-7.966752772232265301e+00
1.639392334991543265e+01
-6.099337971847243800e+00
4.684252624228125050e+00
1.408061509454814875e+01
-6.062363905164059652e+00
1.574531945237984587e+01
1.802921802555371755e+01
6.050387913802555140e+00
-2.572592736922377998e+00
-1.991073334164964903e+00
-2.055089583372887940e+00
-1.336124385777509538e+01
5.372752449129989394e+00
1.635024055027224321e+01
-8.301788895938280177e+00
8.965479814006604542e+00
8.394914742221775583e+00
-1.286589462202815604e+01
-1.316594064206554293e+01
2.009832341779629061e+01
1.153566896351443205e+01
-8.379820965489580331e+00
-1.068676866378233825e+01
-7.103742446342359074e+00
-9.533205387663208796e+00
1.146293577866553015e+01
1.797602665601935712e+01
-4.044050937751453745e+00
-1.327737015700657430e+01
-7.648838333788406274e+00
-1.234579269374068566e+01
1.511987132704997272e+01
-1.651644678395696175e+01
2.030645672150478021e+01
-8.165255304823398674e+00
-1.538802834753786897e+01
4.219869331502090759e+00
-1.251326702368417187e+01
1.107143932595379354e+01
7.039444444763657494e+00
-1.049119038069689935e+01
-5.617951993206558470e+00
1.548641128561095215e+01
1.121921222539339880e+01
-5.794559702448601080e+00
8.824464274556941490e+00
6.097761946834078906e+00
3.428906004281048414e+00
2.429334409888496538e+01
-1.208074606453479305e+01
-8.630740440845059425e+00
-9.378906793520210172e+00
-3.603732451877658338e+00
-8.806812847520522070e+00
1.284871996941602390e+01
-1.264397830618179697e+01
-1.257598810155277214e+01
-1.005582476329861663e+01
-2.949048559699711802e+00
-1.305605488167597272e+01
-9.693333939566349144e+00
-9.368462845643314552e+00
4.593357634488897112e-01
1.066770098289628876e+01
1.216821137605236025e+00
-1.305833158682608719e+01
-7.828919010706927750e+00
-1.280484002848705449e+00
7.996144069483842820e+00
5.153586882222922050e+00
-1.923845880914286255e+01
4.222967896142797883e+00
8.575524209323090119e+00
-1.285266188237833163e+01
2.500443874421551360e+00
-2.046792589719103006e+01
-1.081128407905371169e+01
1.252228267865763733e+01
-1.032074409025823591e+01
-1.548637026886184920e+01
-1.005891095198973773e+01
1.548416060506497871e+01
-8.924600328075072753e+00
1.267669085968701381e+01
1.046404470325329505e+01
1.028013458265787250e+01
-1.214764255932700543e+01
2.475309953140529817e+00
-6.826574657159287796e+00
-7.914999367566952770e+00
-9.960546260461327961e+00
-1.345446200278386861e+01
-1.338607303347677657e+01
5.503732174769140784e+00
-8.860617049780886489e+00
-8.508511355910801655e+00
2.380064800145763115e+01
-4.249804015482990138e+00
-1.360115074020316683e+01
-2.371369846461393871e-01
-8.970457410360438644e+00
6.285674440466186397e+00
2.725101512254900982e+01
1.872705507745311593e+01
6.665874265748250593e+00
-8.319367513315503615e+00
-3.626911922567511937e+00
1.991532363629443481e+01
1.364291469876290819e+01
5.782299373563416722e+00
-1.367168329888421674e+01
-7.395530868073921127e+00
1.309974999582647648e+01
1.983787963966086920e+01
2.129254919957087377e+00
-1.346113571582580626e+01
-4.296741223038405444e+00
3.044443181857098502e+00
-2.376005198236353877e+01
-1.545226223142296007e+01
5.715475760986095111e+00
5.010984589163252068e+00
1.834993454108807542e+00
-9.466797156827121640e+00
-5.569402044681406316e+00
5.180143061471384591e+00
1.345183014953197809e+00
8.000235686946890468e+00
3.887559937007644351e+00
-7.558540374543039952e+00
9.281139214606417553e+00
-1.227530647989433810e+01
1.687360905838923131e+01
-3.073139797652328475e+00
5.991129401887756778e+00
-5.281478843230494213e+00
-3.312583677903951251e+00
6.649208447030931168e+00
-3.080542727191337260e+00
-1.020304601605036154e+01
-5.270962301492780000e+00
-2.192870833445019940e+01
8.545457539864779406e+00
-1.016916955685068835e+01
-2.030550007257254919e+01
6.236288231972786811e+00
-1.013232524228653908e+01
5.294230095169699446e+00
-1.146098666641262120e+01
8.428068858898134508e+00
-8.950974141187366229e+00
-1.312266422005164834e+01
-1.733656877916748940e+00
7.028359828578620849e+00
2.071008174942534552e+01
-6.975809305276507111e+00
1.825654707333051263e+01
-4.289657889356874421e+00
-1.155484687195111704e+01
8.481679348321893741e+00
8.808359388737070361e+00
1.495871439577719819e+01
2.297827361673565250e+01
-5.907751818909494357e-02
-7.064049184405909898e+00
-4.021447617414153797e+00
1.371911043799406649e+01
8.701101760373127547e+00
1.273421856850293565e+01
1.407276882519827765e+01
-6.538214943555292535e+00
4.901774081074004030e+00
1.181679696115577549e+01
-1.138151347211800690e+01
1.005543730990072859e+01
7.987738937154448493e+00
1.729529461230083243e+01
7.777188620361437543e+00
2.047870854254875894e+01
1.133510144969032929e+01
-2.181639526220859082e+01
-1.120902261030014380e+01
-1.147644978611789490e+01
-2.392893735252733745e+00
-3.515359486204538975e+00
-2.966581099848718761e+00
8.166411697628564781e+00
1.958513781291611622e+01
1.577542641517252875e+01
-1.922816225494490183e+01
1.064114570644410485e+01
-9.398540314136054619e+00
-4.803746568412741169e+00
-6.588612249818289079e+00
9.808701394566025300e+00
-2.260122988092562846e+00
5.672247177079462688e+00
-8.099326955585155474e+00
1.226397111717595934e+01
-5.886398227695037733e+00
1.729031849970504808e+01
1.789944658944583766e+00
8.293758199078439475e+00
1.281192780821247723e+01
1.087972698431804019e+01
3.409747847887702132e+00
1.684506477674984382e+01
8.223426482888209321e+00
-4.964432716350357211e+00
-8.635912450198604873e+00
-1.056028397968296417e+01
1.397607208442296134e+01
3.202936325624211378e+00
-5.354060986728952365e+00
-9.032677282241150962e+00
-5.019953945393470285e+00
-7.518091294631771504e+00
2.700797780701330453e+01
1.905434151125565734e+01
-8.596886366645437150e+00
1.635914345705881701e+01
1.958761855828971576e+01
1.216099516058080177e+01
-1.035268913341464625e+01
-1.498624290269467529e+01
2.437568553970204999e+00
-6.334337425380678788e+00
-7.220717967993550701e+00
6.066850604554663740e+00
1.575743212207684785e+01
-1.143373119069982558e+01
-6.448569469185902570e+00
1.513909110678003245e+01
-6.998957456594185444e+00
-5.816336194587058195e+00
1.593131057333411960e+01
9.930333201069473148e+00
1.815262658986925004e+01
-6.924890274691122727e+00
7.557055230086562325e+00
2.768333136950039730e+01
-9.662436716072983600e+00
-6.752453874385473398e+00
-5.756984822156756998e+00
1.112080225569395076e+01
-3.065629203947392245e+00
7.427701131573681614e+00
-1.275873590548514613e+01
-1.174275122720927378e+01
1.183934814896086785e+01
1.354784965445815992e+01
9.010422537045544189e+00
1.238398772467292552e+01
2.045016350519606263e+01
-6.448712629136277741e+00
7.723035460349680470e+00
1.099455508594206954e+01
6.778183077581944715e+00
1.136375237148290829e+01
1.326886405545841185e+01
6.407405170589045795e+00
1.666591404696159273e+01
6.427413277464379071e+00
-1.596199037882896299e+01
5.519393572529888381e+00
-2.436917918506742886e+00
-5.426316135529281937e+00
-1.353086320392371533e+01
-1.399076590125846309e+01
-1.056873536008908943e+01
-7.966129410631574537e+00
-9.504611740588059021e+00
4.172581973570143710e+00
1.446623054682013532e+01
-1.810991094846888316e+01
-2.165008967953577113e+00
-3.741226687409128893e+00
-7.013441026883278973e+00
-1.119644595769812234e+01
9.570770148605371119e+00
2.703527489094764924e+00
1.103981204906497737e+01
1.617792834931749013e+01
-1.650391469214447682e+01
-8.153047235898551293e+00
9.595785480244600762e+00
-4.147318666046659885e+00
-8.292948502683473722e-01
-6.373935148860395472e+00
-1.294086648164659614e+01
8.487812965824417688e+00
-1.465985149194840353e+01
1.199483633137218241e+01
1.634432993581978621e+01
-6.166405269187161586e+00
1.512184668270916710e+01
-9.470177157400355483e+00
-2.970606892776473984e+01
1.144895933807393895e+01
-1.141920338189461681e+01
-1.126676700910697448e+01
-1.829411298692184218e+01
-9.663604794606312609e+00
-5.647644418429015545e+00
-8.848139214965607735e+00
1.739231930774118240e+01
5.722206208688821683e+00
-1.017422339271150378e+01
1.524516832851063319e-01
-1.074478998086028625e+01
1.868307089478176053e+01
-8.118917146424445619e+00
8.984208288934867337e-01
-7.964653142288242726e+00
5.286526941153582015e+00
1.857911266749585266e+01
-2.769851938135804303e+01
4.464016447829951773e+00
1.987544691716169609e+01
-1.027812421359350914e+01
-2.823333287524640856e+00
6.851201832210743525e+00
-1.894417002223016766e+01
6.582945835876137686e+00
7.248124245280372913e-01
6.992146782280042494e+00
6.467619699187623361e+00
-1.808724104757246920e+01
3.369276913068401491e+00
-5.153071255684412932e+00
-1.582786872424654767e+01
-2.616321585071986888e+01
-5.255788887484227345e+00
6.794582100661716417e+00
-8.241551070734306705e+00
-1.321595793796848817e+01
1.189899010508310617e+01
9.901555316706486920e+00
-2.150847097536992081e+01
-1.117756477874919518e+01
-3.915258749633191204e+00
-2.073910098966206661e+01
-1.384334143961572750e+01
1.975413831089838013e+01
2.479746314274374974e+00
4.668383029528291317e+00
1.246030105504143748e+01
4.638468900917724014e+00
3.817186334037010464e-01
1.248797799159773092e+01
1.727624446109290446e+01
-1.126960676141952256e+01
-7.279516097888720338e+00
7.364330530997171387e+00
-8.687124006476446780e+00
7.119799411067255335e+00
-1.229831969380403578e+01
1.329024439030847660e+01
-9.398026252319017004e+00
-2.038709332841319721e+00
-9.318984848275976063e+00
-5.337554548005761568e+00
-4.245075109780038325e+00
-9.615263318724636576e+00
1.974287518512855000e-01
7.592258655369877651e+00
1.829686518583263366e+00
-9.059792083213418223e+00
-1.295554143079850107e+01
-8.623918510065957221e+00
2.286203149705110960e+01
-5.773063411840443138e+00
1.176578666435377674e+00
-7.865577132494205870e+00
-4.018788519863339959e-01
1.373898379785238966e+01
-6.991855738839023893e+00
-1.012263586878991006e+01
-5.244739320376862857e+00
-7.494200292635253113e+00
8.952518919221430949e+00
2.809627088485409629e+01
1.207860751367578267e+01
9.047298857771512104e+00
-7.785963642835077358e+00
4.416825761026133890e+00
1.460532937492009253e+01
-6.245319178286724338e+00
-7.097557126398030825e+00
2.057446417546611883e+01
-1.258496150453687257e+01
2.144855777575478228e+01
-1.192423451180199656e+01
5.203594021922925528e+00
-1.295122906084567305e+01
1.040121768657615497e+01
-1.543882015243975303e+01
1.896883751026018139e+00
-8.369423578867271729e+00
2.352612528272686987e+01
1.382242791253093372e+01
1.207038998951037634e+01
-3.691070475871496726e+00
-1.029967152287592747e+01
-1.619808346626256323e+01
-6.027670642582299898e+00
-1.216292140425855273e+01
-1.007548958448824905e+01
-4.818637957529575466e+00
6.898567965627097287e+00
-1.216946317502553043e+01
1.799811044661738890e+01
1.761084731794051006e+00
-1.121303134922863798e+01
9.349582105302019386e+00
-7.845819596093650539e+00
-1.045450011090399300e+01
-1.068736640105241875e+01
-2.268620634289051363e+00
1.420062871092291346e+01
5.422671335612863963e+00
5.548548221310878326e+00
3.498642499352888180e+00
2.729925119814252010e+00
9.220638637414005245e+00
6.112479969190818707e+00
3.448267079769133492e+00
2.504146428613943431e+00
3.593346151017427381e+00
-5.058935699730083613e+00
-7.534755084418597981e+00
5.283998420281221797e+00
-1.366329376118750005e+01
-5.557265537164305158e+00
-1.240412515443289188e+01
3.302883232494901425e-04
-1.621427349585169608e+01
8.113561250784790957e+00
-1.393865411510679486e+01
-1.160470401016637787e+01
-9.083033607023253353e+00
2.489910781759511860e+00
-4.045300758582393463e+00
-6.762302168706739280e+00
-1.732825463993095028e+01
-1.329442825743994527e+00
-1.145865223094974183e+01
-1.021300563243030801e+01
-7.583452484576572949e+00
-1.171453223723089820e+01
7.636810689974270261e+00
6.795862814221402814e+00
5.807112397319278863e+00
-1.025330622987857510e+01
-2.080695245357002232e+00
5.710296906459669586e+00
-7.938570573212529347e+00
-2.027530995467943242e+00
-1.625924960813561881e+01
-5.717389707440193591e-01
-1.288256039362850380e+00
1.111138819365397623e+01
2.225629177348843246e+00
9.769451227601294363e+00
-5.985378999576830950e+00
1.277524932762924692e+01
-3.341177028895800483e+00
-6.999999980715219949e-02
-4.639658110587193462e+00
3.304681634026743087e+00
1.054588490461644490e+01
1.525041441349833704e+01
7.595469928421398897e+00
-3.158085204977399751e+00
-2.111950820760183145e+00
1.879873237019667354e+00
-9.187075454254911122e+00
3.267741855123754480e+00
-6.762899354938340934e-01
-4.666377683327580073e+00
3.193044677616234228e+00
7.805431654897952320e+00
1.192239824473484511e+01
9.384676019621720044e+00
3.237842238332830358e-01
-1.589137463459960653e+00
1.137928922169365542e+01
-4.184644070706059260e+00
-3.650989560206348017e+00
-2.375731601822231198e+00
-1.375100069367748823e+01
6.044726768890274826e+00
-2.054249704180963221e+01
-4.766877658008571217e+00
8.095183704509537614e-01
3.905333526806474165e+00
-6.925887903251125799e+00
2.437445928522468819e+01
1.083192261310270865e+01
1.333454817638768652e+01
2.050335641612624826e+01
4.543535977390888547e+00
-1.079940281769215105e+01
1.126181621082770157e+01
-1.448012100944120384e+01
1.674370140096068382e-01
1.241535339698101659e+01
1.055285937784853267e+01
5.686124587034405486e+00
1.410519572556674639e+01
-1.000801853731969260e+01
1.214581751653639152e+01
-4.884206148190275876e+00
-2.044962506783967626e+01
-2.177412411978926432e+00
-1.688556155388974034e+01
2.018159241363013479e+01
-1.206454452324952520e+00
-1.577501730995223994e+01
5.911749149380589152e+00
-5.335667089053063306e-01
-9.966512240103302389e+00
4.987933787101710870e+00
3.027882749533968632e+00
-1.418529792133858658e+00
4.498087400874339004e+00
-1.482613600190814829e+01
5.618469087161868991e+00
-1.470812245022171449e+00
1.957215729182449016e+00
1.886114016702278962e+00
1.889044520389301240e+01
4.677191658406342434e+00
1.415409127852893523e+00
5.140296431291734081e+00
3.906139162321919489e+00
-4.544878562373750874e+00
5.001007558524157570e-01
1.833002870928133277e+01
-9.914283332830764905e+00
-1.264191789084550877e+01
1.458454340388950499e+01
-2.642143119724905009e+00
1.023337800499783956e+00
1.849007243449418136e-01
-7.901378214846356940e+00
2.590710895217527820e+01
4.981468385021583956e+00
7.639510233403087547e+00
-1.013180052747981108e+01
-1.267605771070325904e+00
1.113578866290204239e+01
1.722435606615047465e+00
9.460181964977129043e-01
1.412277565972916982e+00
-2.414112838056095445e+00
4.163198270168132709e+00
-1.571304457001248700e+01
-9.800520649860461120e+00
-1.216071774543624073e+01
2.461606022161319185e+00
7.227387529705212366e+00
-3.910129606539568314e+00
-9.133874742454493045e+00
-5.043058343059829696e+00
9.919956058142222588e+00
-1.120942298707536366e+00
4.023570236133387823e+00
-2.454170983996927902e+00
4.568560586663441114e+00
-1.534972916725442715e+01
3.422497878337741550e+00
-1.485202579194451289e+01
1.220384501392148557e+01
-1.347813537629768277e+01
-1.068484664375434789e+01
-3.092641010428555770e+00
4.490342203622271100e+00
1.502993454062954726e+01
3.869743923228794014e+00
1.730096443862198241e-01
-4.981128634319570203e+00
2.737881948257925746e+00
-1.075382039206156293e+01
1.329039577736733868e+01
5.406426636936268793e+00
-5.516612895018897511e+00
8.977872481357446199e-01
1.099551820716368944e+01
-2.155647972924045064e+01
7.177976769071881868e+00
-1.555924972192398492e+01
4.851710212569498637e+00
5.569729092585806729e-01
2.963211110969110162e+00
1.822854468227618341e+01
3.653736015403478810e+00
4.902759908756109120e+00
-2.769709277315022256e-01
-3.661461544297654136e+00
1.189311692861793901e+01
-7.192489944568033700e+00
-2.808594578963570232e+00
-1.890751028434927861e+01
-1.323902008016929699e+01
9.050050093963520226e+00
9.303124413543544691e+00
1.400640963757777691e+00
4.043158105172831029e-01
-5.750813040144079485e-02
-1.111383104744477990e+01
-9.856837069742784507e+00
4.667357080764575339e-01
1.228380447676305742e+01
-1.763610968562657089e+00
9.661856451255398381e-01
6.338736869203394075e-01
2.305098806103522335e+01
-4.081277853565985936e+00
-1.182919428884510182e+01
-8.269662266994872724e+00
9.101352908625054638e+00
6.979864748271397801e+00
7.904585450568119676e+00
1.007593854278120382e+01
7.147662758311762232e+00
3.553603867770797731e+00
-5.705797035311396037e+00
7.173142939623447845e+00
-4.503986445054798615e+00
2.704783597085423930e-01
-9.951383819527599428e-01
4.672360809718954400e+00
-7.577917502100991243e+00
6.088475933100386150e+00
8.198328055679469983e+00
7.154721739810320891e+00
-2.183973276697843602e+01
8.048142584196629201e+00
-1.889947905721088173e+00
2.173415750693528281e+01
-6.458126604971992091e-01
6.158033867067250755e-01
-6.893205411182985465e+00
3.832192237977637195e+00
2.692434628467891944e+00
1.934712012748291299e+00
-1.198849113112692155e-01
-9.329743687082705961e+00
7.795341600754764677e+00
5.369007970273694141e+00
7.236915239259054999e+00
-9.053404148647451466e-01
1.575810736249505517e+01
8.648984417376688327e+00
8.060750687654213209e+00
-1.491926359134874591e+00
6.867402517663161454e-01
1.008867668104514159e+01
3.116954909546372221e+00
5.286233023602457060e+00
-7.135037382962153174e+00
1.469830991845692880e+00
9.903839542247071748e+00
6.389932320238876917e-01
-2.619169247476498086e+01
3.611462758482351543e+00
1.149412976252820240e+00
-1.210607317690988971e+01
-2.471902524666060863e+00
-5.354015267338587236e+00
-3.033534760786499085e+00
-1.853311416999932959e+01
1.786508529616003216e+01
2.073724602536802131e+00
-1.820370413667666298e+01
8.728638681551785794e+00
-8.023818187575733063e+00
2.293088322478121110e+00
7.427602782250481539e+00
-5.908171298631637036e+00
-3.534805781615939058e+00
-2.872098628631468475e+00
9.096353355801253926e+00
-8.236769908195682888e+00
-3.775371530089800309e+00
-3.167718440768666355e+01
8.862196541935157823e-01
-7.421048954661610075e+00
1.679183088054329787e+01
-2.448856255984944497e+00
-2.152328037999540644e+00
8.253678852351342243e+00
1.246891598628130993e+01
-1.171634504913556363e+01
7.210357941691921901e+00
-2.558088989996639029e+00
2.437764014827743253e+01
8.209004871434245842e+00
1.338866867033869745e+01
1.562298808116633353e+00
2.253831765303453416e+00
-2.584037621011449559e+01
1.301772611802378776e+01
6.624970721048362599e+00
1.193364402354811737e+01
1.473925105805872171e+01
3.599658228196725318e+00
6.063400494195193779e+00
-5.110989658594196960e+00
9.451802007788131732e+00
-1.462859986199872431e+01
7.869220502443881493e+00
8.730098044429826842e+00
-1.956581961146743875e+00
1.339530653222516499e+01
3.007850689827404622e+01
1.143211529214011923e+00
5.388841779337563587e+00
-8.668163027674093968e+00
6.276728854388769818e+00
4.068033377658450411e-01
1.063296027385617037e+01
4.701407535946761307e+00
7.646976138668326151e+00
4.670910316121744010e+00
-9.610454811255785046e+00
5.980244921952859727e+00
-1.115340491513217280e+01
6.112349556038232379e+00
-8.515378098947330443e-01
1.658164241490637991e+01
-5.610722241447390957e+00
5.082353161244772544e+00
-6.478288678111831622e+00
6.719627418933377783e+00
3.684892573702033269e-01
-1.226885612181878038e+01
-4.632354921341238274e+00
9.446453344640604044e+00
1.017251957770811011e+01
1.349797959786531898e+01
-8.207779375433450042e+00
4.231981509691093990e+00
-2.154545038818357572e+00
-7.525733854321464911e+00
-1.601473281456121356e+01
-6.456695792030076042e+00
-1.338549225751906668e+01
-9.756802577821025224e+00
1.320101992338231511e+01
-5.619529523419941164e+00
-2.155983752835356704e+00
-1.076315836577128060e+01
-9.236574815213019818e+00
-2.111640421652108746e+00
-2.878196942266148284e+01
8.101876604171131646e+00
-7.798926787152663742e+00
-8.885831843342302250e+00
2.907580796773151288e+00
-4.760922018578262360e+00
-6.968094073880588546e+00
-9.321496539165657680e+00
8.203240690897759535e+00
1.040413124609073847e+01
-2.122230900553474342e+01
-8.857754562416761956e+00
1.159844051329595871e+01
-8.242909312116477594e+00
1.765556841279990863e+01
2.601454389578059079e+00
-2.108630647068803488e-01
1.070554690208087401e+01
1.264990003965104970e+00
2.549334798258082735e+00
-2.217336074883559771e+00
3.735749990380483609e+00
-7.421291815113926660e+00
5.313026342914146660e+00
7.035048255917463855e+00
2.179635189938124284e+01
7.088106963111560965e+00
2.831089213783370084e+00
-6.931941381774295863e+00
1.032616849765143563e+01
-1.244797077202808211e+01
-8.402919571904060803e+00
-1.121955573227788605e+01
8.992762344160393440e+00
-9.179342955383200220e+00
1.712744481604648428e+01
1.655519834940178470e+01
6.843013323336271547e+00
-1.972511314307257280e+01
-1.115661077462642403e+01
6.469592996265119966e-01
-5.771656891900214248e+00
-1.142727757379866915e+01
-9.352154657557989026e+00
-2.019730400807002368e+01
5.006501052792161843e+00
-1.487340152756503464e+01
-8.737828387502032612e+00
-9.327323783993465511e+00
-1.611735526449714229e+01
-2.954928732839189465e+01
-7.303171574464695226e+00
-1.097248682329929181e+01
-8.709037186368638217e+00
1.620661588856819790e+01
-2.191336216197721232e+00
2.387796262785320867e+00
-1.505089315100688907e+01
-1.010303428737085341e+01
5.003081185543358345e+00
1.790719890994592944e+00
-1.507705976061603836e+00
-3.075519614737160179e+00
9.454166364102315478e-01
1.715534045584556688e+00
-1.490222561333106377e+00
6.421630966980510502e-01
-1.105487707744300829e+00
-1.374133617823482423e+00
3.301495474647925477e+00
1.662992280510726451e+00
