-7.912447451635492790e+00
9.792521119161904153e+00
1.623203246915848297e+01
-4.906934605579139408e+00
-1.130553854545732095e+00
-5.006482036026878468e+00
-9.073237391424036957e+00
1.168946160079921448e+01
1.676964418378377530e+01
1.050921738584735010e+01
1.291874152908136342e+00
-9.776091933664291744e+00
-6.876640247016277740e+00
9.452969999722647287e+00
-8.248423109637785799e+00
-3.369880189755685707e-01
-1.131040752905518687e+01
2.855548420667203491e+00
2.937035253874327179e+00
7.742456738221869195e+00
-7.915006881816317730e+00
1.350782308479970162e+00
4.627985475206230603e+00
-8.178871183528483968e+00
9.675871340212484739e+00
6.127920129719382381e+00
5.996801496201762838e+00
7.780850015891836335e+00
-5.882380818699597391e+00
9.165850639246986731e+00
2.185998297461245077e+00
-1.047916230939316762e+01
-6.027453083614407348e+00
-7.208161989039287398e+00
-5.953684771128555653e+00
-5.350497096091441307e+00
1.324548523338238226e+01
9.732099897058290594e+00
1.307770169322669140e+01
7.095463960389579938e+00
6.690058720492765509e+00
-1.066784495820934353e+01
9.083109456025455941e+00
-1.202394591831399850e+01
-5.459268048986422706e+00
-1.136468237823356020e+01
-9.433968747108680830e+00
4.687719490981263171e+00
-9.295794051440440242e+00
-1.051157768683322047e+01
8.140946374695626986e+00
8.574761782921919817e+00
4.632851386873836574e+00
9.330028117903069074e+00
2.206595028700271399e+01
3.845494719187533939e+00
-6.320416552608316252e+00
4.169940746749581706e+00
-5.221954161522171844e+00
3.019775741353666998e+00
-1.135401886240913782e+01
5.052797826678021131e+00
-9.016797508961001739e+00
-4.940351621340107968e+00
-2.100985676094472510e+01
-5.812151868102472640e+00
1.234853452091143566e+01
1.561827724771031178e+01
-7.003021556820402616e+00
-8.150754583101054607e+00
1.414564963312808343e+00
1.570463602850490403e+01
-4.583750749454995166e+00
6.532115269934123170e+00
-1.435566108194792534e+01
4.786992249297312263e+00
4.280158326502776056e+00
-7.020609829199631946e+00
-7.800346621730128049e+00
-4.144701350685838115e+00
-6.603049323755919353e+00
-1.743783086953746952e+00
-6.154091016652984081e+00
6.684132240783189793e+00
1.511319683377980949e+00
-7.166738178817480431e+00
1.060600957153128832e+01
1.009627511503899910e+01
-7.234161330874795404e+00
-5.741903419823700894e+00
-5.397219691029538247e+00
-4.141806670680721503e+00
-9.821777033174662108e+00
-6.245828109946251899e-02
6.439999317041655402e+00
-7.978397893002471264e+00
8.381074866246150279e+00
-1.039251647695784442e+01
-6.270700271874497744e+00
-4.737602049603506060e+00
5.853813749524303667e-01
9.260587739549533737e+00
1.911432669930710482e+00
-1.441089923739593548e+00
1.035639785966925430e+01
-1.055482851775545328e+01
-7.148359213604370765e+00
1.676697364726342787e+00
1.483367134554397060e+00
4.590034396025783892e+00
-1.136397644495737858e+01
-3.021785190347548333e+00
-4.207908675107527863e+00
-4.214534595023228469e+00
-7.002387836755660011e+00
-1.229131853326684620e+01
6.172740449851743527e+00
3.317973953646427887e+00
8.659512413142792298e+00
7.650417824156723334e-01
-1.021432682709991191e+01
-1.722566690163922942e+00
6.988229237313753117e+00
-6.116559641314027296e+00
-7.942467383881630205e+00
1.166531753826001072e+01
-5.809591939251672166e+00
-7.255597286570909965e+00
3.752707681736021872e+00
-6.832037729236096091e+00
7.583046447881126362e+00
-5.482054942236929129e+00
2.196210056933472349e-02
-6.745160185871851510e+00
-7.469641417321384758e+00
2.689477038056755021e+01
1.782449346493655939e+00
-3.211966172705424394e-01
-5.323669368872919527e+00
2.285039922595772488e+00
1.035470067225944923e+01
9.528759184762732204e+00
-7.584016748353024973e+00
1.099696132419850647e+00
1.599857454174640736e+01
-6.955953173672376089e+00
-7.008011863557171317e+00
5.032099471016627135e+00
-4.322873235947637838e+00
-5.782122275076291729e+00
-1.749069809280407117e+00
-9.527186212206911975e+00
-5.393276502372395420e+00
-7.010823768643195564e+00
6.064111562098884356e+00
1.246824469686766435e+01
1.658518198274435207e+01
5.309238298538342171e+00
-1.109953690515911795e+01
5.418008408023198719e+00
-6.141335890211024662e+00
5.608561581327054846e+00
1.072221656713663052e+01
-1.411987268969223130e+01
-7.398181586203432580e+00
-5.984245295016305199e+00
6.604002094998207006e+00
1.239524240778824726e+01
3.066889139901657124e+00
1.515489838017976076e+01
2.078906907821563177e+00
1.330500397766591725e+01
1.346863343451988904e+01
-5.820310015557744521e+00
2.969751687198524337e+00
7.443225385661956572e+00
6.594797273829152040e+00
5.215842332006583426e+00
-6.584867709839798522e+00
7.159797208179474737e+00
-6.250678043026402619e+00
5.696736541799951148e+00
-5.011891621228620863e+00
-1.412272434980887681e+01
6.170555275401405915e+00
-6.589174279201001738e+00
-1.004030165005538500e+01
2.076412089850969700e+00
1.580902061035709494e+01
-1.130827637709367117e+01
-9.343777634229066820e+00
-7.748448818353092626e+00
-7.060957854525105049e+00
-8.451870645975574803e+00
1.552603162692565775e+01
-8.248308305876257407e+00
1.189895112767209007e+01
-4.861192555926114878e+00
-1.218637432495916073e+01
6.982604691994465540e+00
-6.282363860184892346e+00
-3.952729539098553402e-01
-1.154419094370950027e+01
-3.208536881257812112e+00
-6.879776938948742426e+00
9.447214633965785424e+00
7.006883381361959096e+00
-1.023548042615583675e+01
-3.980832816253240036e+00
-4.982622374182697378e+00
-2.258674347256941939e+00
-2.083759476198706384e+00
1.021905611230214106e+01
-1.611817573123775604e+00
1.601878918656361961e+01
1.079446015865865682e+01
-2.123100268056038242e+00
-2.603115302353835592e+00
-7.935022084713060586e+00
-3.503391885990831511e+00
-2.667728529905235124e+00
-2.671465093049674611e+00
-3.745559023461256132e+00
-9.149014279672957883e+00
-2.670863296324791136e+00
5.344841054692622606e+00
-1.038230982219142673e+00
-7.901029474346318970e+00
1.151714682206437956e+01
-6.660202746916944472e-01
1.868282072053094156e+00
-4.359138619986890895e+00
1.148399550976738581e+01
1.022345931980041023e+01
4.810212359945880145e+00
6.233758903021190179e+00
-2.336367031815144379e+00
-6.775931406938210166e+00
-3.222280074784098503e+00
8.649465330661948448e-01
1.627457505947818017e+00
-8.536830190828569087e+00
-3.168256462151954445e+00
7.756519807944542322e+00
5.720578213516068544e+00
-7.968186386931977339e+00
-8.265694497434925125e+00
2.736206872840980520e-01
1.556401014013026973e+01
-4.435673542119519475e+00
-2.858353757556596708e+00
5.977188771203595152e+00
-5.244655331762663408e+00
-5.775873866984959193e+00
-5.376486802292265388e+00
7.908227042458480405e+00
1.518237186272204298e+01
3.751049530090420636e-01
1.707438994267845445e+01
-5.602974396842756555e+00
6.281411593561348816e+00
-3.977539854685851584e+00
3.451624324642225794e+00
1.736354819607546673e+01
-5.647324733549906384e+00
-5.783346398790667031e+00
-3.638810479509558604e+00
-3.779090691836650695e+00
9.335219097369165553e+00
1.675981557792447418e+01
-4.164952967087431901e+00
-1.789850678503385861e+00
-4.602952971805017945e+00
-2.314186157881765737e+00
-5.400134713344971082e+00
8.215187043747031126e+00
-3.982226627264646268e+00
2.643380902917327546e+01
-6.566598098149901475e+00
-6.064869203512530227e+00
-5.967270307160294607e+00
-5.820788574150985717e+00
6.373964885791428614e+00
1.361085228926356372e+01
1.057654177751576263e+01
-3.295447513911379023e+00
-6.795105274127732464e+00
-4.082019115510254537e+00
-6.253256528913997414e+00
-4.101951135095196932e+00
1.061246393139287392e+01
-5.624945298113863679e+00
-4.599863283381154133e+00
-5.628583374869545963e+00
-3.954733031288295120e+00
-5.196324695556157280e+00
-1.758582031114459321e+00
1.734302406677783737e-01
-4.149523004550145444e+00
-3.684711870557955571e+00
-4.493549892142857161e+00
-2.140792252013178132e+00
1.236733641601394984e+00
-5.025816109509182894e+00
-4.139810156688389142e+00
1.078964774392796172e-01
5.680973016030021583e+00
-5.171279673796449039e+00
-7.884685230421961677e+00
2.538039470958430410e+00
-4.964544097073662066e+00
-2.077684588231774487e+00
-3.760382770159606647e+00
9.096438801157251675e+00
-6.641898146703733907e+00
-5.637645338500725245e+00
-1.424747195972716707e+00
-6.590411597881199235e+00
-5.479540601748002615e+00
-3.069832130733529674e+00
-7.751458714523511873e+00
-7.365524230419665308e+00
-2.457675971861321695e+00
-4.479297408127344227e+00
1.650632566700925352e+01
-3.200783753917235241e+00
-4.876172578484450071e+00
1.568172471495229203e+01
7.136667381273561261e+00
1.291820514717286628e+01
-3.898636462907319800e+00
-3.569273362269808736e+00
2.603495197086875823e+00
-4.895642906017509510e+00
1.523093854391568236e+01
-2.286733942072982639e+00
-3.165349089183074227e+00
-5.988037896230108181e+00
1.381434440682123821e+01
3.704678097664505287e+00
-3.619157402748410579e+00
-2.167686119970004821e+00
1.629268891011547638e+01
-6.798657008146402170e+00
-4.686778019815409202e+00
1.680356442458061750e+01
-1.347276337671760027e+00
-5.170269512151544511e+00
-3.464735847568301885e+00
-2.154376265873396701e+00
-2.832919560498374789e+00
-5.902914769194140376e+00
8.788045151955524048e+00
-3.778535792883820577e+00
-3.341686047592919540e+00
-4.403016556325692221e+00
-3.250466138146673956e+00
1.384215280744446330e+00
-1.703670932487294731e+00
-6.600269802476457670e+00
-3.986920160706266536e+00
-1.460254087616840835e+00
-4.721843766219422811e+00
-6.572533887425315413e+00
-6.358980228823384095e+00
6.216159225076893335e+00
-2.338704451976150178e+00
-4.030732502868102252e+00
-1.961806795125970115e+00
-2.081549272947592844e+00
4.470975303864250350e+00
-3.239721528114875237e+00
-3.238143339102448337e+00
-6.198004791012485803e-01
8.663982254449880571e+00
-4.454609193482223617e+00
-4.862102523678629495e+00
6.100275512798678079e+00
1.691531825630458741e+01
-5.850202606028132024e+00
1.123091702830345895e+01
2.010205779937410231e+00
-3.213531789377394032e-01
-2.628258884721147215e+00
-3.004098305736061736e+00
2.153945413003036080e+01
-4.799632707846163804e+00
9.816719853268354612e+00
-4.583313349903700207e+00
3.233849381740913298e+00
1.119387176089582248e+01
-5.875151053407222657e-01
1.635703070708194318e+01
-4.244643043920233616e+00
-3.137020155997548798e+00
-2.065667862266443500e+00
-9.732471374988509893e+00
1.043189971748604528e+01
-6.671319226171757322e+00
-8.373003060795774388e+00
-1.106679363081109280e+01
1.041794342577100352e+01
1.372737985609204436e+01
1.147931117707492277e+01
-2.439626723746906478e+00
-3.943123577072625618e+00
8.873312714779656218e+00
-7.057085831672082143e+00
-1.137311033228842527e+00
6.660291443824112534e+00
1.698737045109710309e+01
-4.249163926489598175e+00
-1.135504184303978370e+01
-3.203438727571601863e+00
1.099597497997854667e+01
5.312094410338416672e+00
1.122758701421368244e+01
-9.045371885677505830e+00
2.542718823340567269e+01
-4.008331032481148526e+00
1.547707656437101242e+01
-9.351539219223708344e+00
4.889011812369453480e+00
-1.001588391993908544e+01
-7.510961251610688727e+00
7.338562923328757037e+00
-1.028512036986557376e+01
8.675420571344617526e-01
7.425452363869458061e-01
-9.054327411298290329e+00
4.780428007671993385e+00
6.232535812735996217e+00
6.764190450457896908e+00
4.518734011633253722e+00
-7.806681700240531541e+00
8.852589746421161365e+00
9.316037918491105074e+00
-1.161759372509637167e+01
3.326632570836680625e+00
7.051465380992556042e+00
-3.847004573937448324e+00
5.415502292179333210e+00
8.164639261862063790e+00
-3.693806502785238477e-01
7.346018104150187078e+00
4.927104286957715296e+00
-1.418488930938076642e+01
-4.300025074885750698e+00
1.154859682776360330e+01
8.467314573767685815e+00
-7.106537029567387087e+00
9.919281679508955563e+00
3.654435768583718325e+00
1.322087820010766634e+01
1.891630782642972974e+01
7.681830182439390864e-01
-1.625440096425848324e+01
3.701708469106586907e+00
6.759887345796765423e+00
6.784169937675850193e+00
7.922316877025260773e+00
6.595727522734931014e+00
-6.577027841471262626e+00
-1.138575344717200677e+00
-1.151747715068570344e+01
1.510705163342506196e+01
-1.395185107564297766e+01
7.633788415334709754e+00
7.526093386049266698e+00
-6.879716247960983466e+00
5.217982417580713239e+00
-4.789302073331517917e+00
-4.462844191200003863e+00
2.913081531836532623e+00
7.834055953400815397e+00
2.476814853787563830e+00
-2.239461224790175820e+01
9.282261101793393143e-01
-8.892769096408251528e+00
-8.377170494531243961e+00
-1.050397165559870949e+01
6.516731447036398173e+00
5.710952593722038451e+00
1.449817536481619307e+01
-8.758301076210129210e+00
1.907232210437035391e+01
-5.356212278953496053e+00
-1.670981413037080543e+01
-1.132347675553655719e+01
-1.657270059134685880e+01
-5.204556999260343098e+00
-4.963394836883445294e+00
-1.635037708858441619e+01
3.238395815162606883e+00
1.310230873183588685e+01
-6.955390520971809210e+00
-9.254719608172115031e+00
-4.056122497479430322e+00
-5.832461741351562701e+00
-3.308947690398374331e+00
-6.523743492077451300e+00
7.266814196342827437e+00
7.984694238381027986e+00
-1.934982319955600261e+01
2.988534879616149276e+00
2.006609343424627934e+00
1.552573023005155983e-01
-1.213651719799873518e+01
3.275690400639299948e+00
1.471906832620713201e+00
-2.966480399764200637e+00
6.135732853500187600e-01
-1.131953713605242662e+01
-4.672850928410800186e+00
-1.311121448330702144e+01
2.506424903965886131e+00
-4.183444881709531771e+00
1.687798126634917395e+01
2.459214969751645885e+00
-9.003604753387453030e+00
5.622658777670506147e+00
-7.024664481348825262e+00
3.815080146165328312e+00
-3.347457600201967365e-01
-1.251908429770337428e+01
-1.749940115101258797e+01
1.134828206806342799e+01
-6.665055367729482150e+00
-6.634741622384764170e+00
1.577313548312682201e+01
-1.060968801385776672e+01
1.000643322071442576e+01
2.812014274088906252e+00
-7.864026909150146238e+00
-1.163007647778554166e+01
-6.279591375160929800e+00
-2.434774880447742262e+00
2.136930973355268382e+00
-3.513095358647231770e+00
-9.880855434019057526e+00
3.203698256124669630e+00
5.189548305612311729e+00
1.399420727019636068e+01
6.172172397568655100e+00
9.047454374459059423e+00
7.556501260656062868e+00
1.798616951151452170e+01
-4.001410055529240672e+00
4.172650508612127496e+00
6.609881554985349794e+00
9.642652795252937281e+00
6.715148492198522945e+00
-6.573380456005891048e+00
-8.114634825855047140e+00
-1.961094404976567418e+01
-5.080354542562272258e+00
9.468856810900316390e+00
-9.079388989305135382e+00
-1.085820885171618499e+01
4.436948010176641866e+00
-3.235073142206859487e+00
-1.506058173887030227e+00
-1.392466538052417313e+01
5.216125768107635619e-01
-8.222252320627998046e+00
-3.796785588269617318e+00
3.959649572257896821e+00
2.957511349247705201e+00
9.127891293364220004e+00
-1.158164577820729946e+01
2.575189095942087558e+00
-5.190690655741966530e+00
1.140673040522475468e+01
-8.601662596318806919e+00
-8.853005339885191560e+00
3.926228776106045260e+00
-1.546221842300926408e+00
-1.209161446609792812e+01
-6.606171918405701504e+00
4.549910920646287771e+00
8.150043312179107602e+00
-4.467155557893049966e+00
1.449304155788069437e+01
-1.941911882821809243e+01
1.490778041925113762e+00
-5.242208468648821729e+00
4.552064122253014489e+00
5.617640658349524863e+00
-6.496371082896290616e+00
5.232573737801331504e+00
3.647448212356899422e+00
9.984962206356273740e+00
1.421763679954058901e+01
1.154893060799213345e+01
-7.386301054592046000e+00
-7.223948686499649163e+00
-5.272413167042978799e+00
5.536742187970547846e+00
2.725541539179552775e+00
6.264460487649555986e+00
4.137712677376226722e+00
1.025184194623469836e+01
-1.673217590689171885e+01
1.971667860005649864e+00
5.838925701212132502e+00
1.502745552403338181e+00
-6.722300737994745035e+00
1.030853380980135903e+01
-1.208777369046751637e+01
-1.374411648102229933e+01
1.678723249402667861e+01
5.060742349706951693e+00
-3.790487805644858987e+00
1.241504604350238417e+01
-1.693794022973362123e+00
-8.374521600566572133e+00
-5.275605252867627826e+00
8.671527980473010544e+00
2.404017077741347208e+01
3.765738177283630250e+00
1.440466138718708500e+01
-6.336962683746078184e+00
9.638751848880107165e-01
-1.383322154590660658e+00
-1.042125249000379306e+01
2.672717519986832269e+00
7.793953079330341538e+00
5.547646204289172545e+00
8.899823796173988999e-01
-7.501843638380266022e+00
3.896708257370552708e+00
-3.223502224024147100e+00
-5.309153182718286068e+00
-1.432799262501761461e+01
-2.173034633646113711e+00
-1.577032895231267240e+01
-8.183708103000068235e+00
-1.845288304006052016e+01
-7.565024225719745310e+00
3.168742230837092055e+00
6.253652209263360184e+00
-1.154150345924803922e+00
-1.353647768767810788e+01
1.680636847693861124e+00
-1.542350884862464255e+01
-1.816577150468265678e-01
1.198796897317556187e+01
4.095198749634370583e-01
1.336164268351592987e+01
4.925809700053483731e+00
6.039080311151636238e+00
-2.008030110279261482e+00
2.479629030899705988e+00
9.181664344320649818e+00
-1.806776529293606259e+01
-4.930040137018949942e+00
-7.781223985264935195e+00
-1.767270173174469106e+00
3.110160618709906011e+00
6.388700838062406184e+00
3.165684572115914364e+00
6.310254197821630662e+00
7.174553411567146988e+00
-2.676654037993861479e+00
2.695417961787318184e+00
1.274118823814496437e+01
-1.050673542388477522e+01
-6.946779643056267162e+00
4.366451459633922560e+00
6.145456365155451905e+00
-1.216843166732584969e+01
1.104321611220022170e+01
-4.921172562430848885e-01
-1.667370766915120539e+00
6.261587899717544481e+00
-1.672627119448262478e+00
-1.613310186516364908e+01
-9.767712218785283840e-01
-2.714701655518611645e+00
-4.157279366188128655e+00
-1.772208086213715816e+01
7.315062038177580384e+00
5.387383048991599033e+00
-1.465896526908203690e+01
-2.134012109864210083e-01
-5.100720802918861096e+00
-2.039516009483543613e+01
-4.380835378990730611e+00
9.963546750686520070e+00
-2.112817175567365524e+01
-2.557176018488459590e+01
-2.051055665802982020e+01
1.456144469420580734e+01
1.320223060377579216e+01
-1.141099037576537434e+01
-3.140378240984625369e-01
-1.283388928724121314e+01
5.807118961096009890e+00
-7.410804473566085626e+00
-4.373644648727543327e+00
-2.879184203593031732e+00
6.956951548590831758e-01
7.125185954076536987e+00
8.700561858768182333e+00
-5.630579859911427398e+00
1.150786076456202789e+00
1.360081427068642101e+00
8.514831980053974902e+00
-3.727999168643276739e+00
-5.448299538773631490e+00
4.096544729048807731e+00
2.201963970171571194e+00
1.377043249783511669e+01
-5.749026311355986962e+00
-7.163755978485609077e+00
4.708561136621650434e+00
1.013874852040973717e+00
1.719605853799537698e+01
5.658244186607228166e+00
2.656541294064014735e+00
3.484782632521416179e+00
-5.463176656830338374e+00
1.034621835057980377e+01
3.906428649070254266e+01
1.471048990149784075e+00
8.687894680122655089e+00
8.650186904506856678e+00
1.587102096075910129e+00
3.799160960419918798e+00
-1.104623008979704046e+01
-7.138897533636093584e+00
3.298199831448624497e+00
-4.307890623657606888e+00
-3.027099614407724459e+00
8.848059418721749836e+00
-4.204618738237289932e+00
-4.286843918252274954e-01
-6.059906184729117129e+00
5.470959832321171668e+00
-1.428274014389293534e+01
1.312401024956974804e-01
-1.221969107820856326e+00
-8.546869399602295303e+00
5.974053568592699648e+00
-1.524816950778889435e+01
7.547213508919007552e+00
-3.782532838995111391e+00
-3.544209269519785988e+00
1.234786476188959981e+01
4.880888891977053667e+00
9.208013814989353563e+00
-1.914046866194787144e+00
-1.680060220106655677e+00
-9.844621707707482017e+00
5.674442036579293358e+00
-1.033609371564112678e+01
-4.719190887751972596e+00
-1.201221269796150404e+00
7.983344819376551271e+00
2.979994489636775601e+00
2.987571004339118375e+00
-2.843142543890550211e+00
-7.591779498472126519e+00
5.595145318344363794e+00
-9.459344947987700092e-01
-3.421346997817239721e+00
4.744790865864882967e+00
6.890572489460710770e+00
9.936375626977297371e-01
3.811311122575559818e+00
1.881200213975077418e+01
-1.075699602352188933e+01
-1.655216318756418303e+01
4.242800441521750621e+00
-5.492922863006415746e+00
-4.916776345956217042e+00
4.046784450276716960e+00
-4.291204355845552598e+00
-9.715102767587007193e+00
4.561520098654818334e+00
6.420602807656175415e+00
-7.645950411528878554e+00
1.602943942134795563e+01
4.957256118119156341e+00
-3.146589491963143637e+00
-5.184646231869805888e+00
1.354132480239253589e+01
5.026059585537554497e+00
-1.134218164527150741e+01
1.073077286019359455e+01
9.143997865720203677e+00
1.552054111423207772e+01
-8.300736638058692662e+00
2.531187530323492307e+00
-6.695768007722554316e+00
4.570002828149778651e+00
1.241593516669808661e+00
1.633194773983551951e+00
5.501148297770952489e+00
9.053140441430256757e+00
9.151559400061206162e+00
-1.878237119850772530e+01
-1.031631194117937689e+01
1.261372204076062209e+00
-1.956389294514147537e+01
-2.046947607358785781e+00
6.674587674599933074e+00
-1.067058813705148701e+01
-2.236684643557226071e+00
-9.875908762144540276e+00
-6.544383049716699041e+00
2.110939554741160240e+00
1.020209798183484828e+01
-6.433685082935400423e+00
-7.248100036279994995e+00
8.006200762478245636e+00
-6.531765966123006528e+00
-5.924780917553007953e+00
-6.081528118894730994e+00
-7.128441258496430954e+00
-1.685159494554079629e+01
1.571662954106759535e+01
-8.186600912142575126e+00
1.287526001141557330e+01
1.123399592958486970e+01
-7.159067671916762521e+00
-1.510799150532501356e+00
-2.786973396570383343e+00
3.045001767871063247e+00
9.665094369096239646e+00
-8.300010584272074499e-02
-2.003231923630670153e+00
8.063476214789393026e+00
1.104691115247706890e+01
1.010925209174090966e+01
9.923777722664201661e+00
-1.280682147381869207e+01
1.162350098486959027e+01
-1.065861421342584947e+01
-1.425393555605261930e+01
-9.015113437544171049e+00
1.137637528451287494e+01
2.877299551791076215e+00
3.689336479359237142e+00
8.668445179566502290e+00
6.045375269519783323e+00
1.200813812306141815e-01
3.907827161716316500e+00
1.696732392163301029e+01
2.056157077202811045e+00
-6.123106200484167871e+00
-7.962723094012613245e+00
-9.072551247735495039e+00
8.453908486484904117e+00
-9.927819192598027698e+00
-4.524122697964739537e+00
1.217947063779877404e+01
-4.613656492847324486e+00
1.187148722350603336e+01
2.222189659606297329e+00
-1.069869317077394300e+01
-7.012908234977575539e+00
7.552288893498240618e+00
-1.370479366218884776e+00
4.760381558652927225e+00
-1.378353126921165739e+01
1.149998578518611403e+01
-8.370338805700678009e+00
1.340338274503954885e+01
1.799937287386597973e+01
4.248415281717660363e+00
-7.478772976131807582e+00
5.940156295766358063e+00
-1.793129909548160095e+00
1.194781990334659838e+01
-1.159453306691623053e+00
1.386175870080118777e+01
-2.939247397852273291e+00
-1.335099990133489989e+01
1.401371296860170190e+01
1.730143090077672241e+01
1.149887034692904564e+01
-1.567681810715389590e+00
-8.189876447411862159e+00
-9.159402925427224673e+00
2.159054264666548661e+01
-1.813824894730885262e+01
8.447391284985791060e+00
-1.041775937608988478e+01
1.202997184277314702e+01
1.385991565138102644e+01
1.294138680136748398e+01
-7.439805089868863242e+00
-2.274707254828141600e+01
1.331328643914842758e+01
1.845805228825329047e+00
1.390884763194920026e+01
-9.616947746980180511e+00
1.715455779791354374e+01
9.567606005017236015e+00
4.494198959272015514e+00
4.133383501564678042e-01
-8.331459134459482385e+00
-4.031786583415041036e+00
5.658795453825267607e+00
1.551529701243627102e+00
-4.503799043216168307e+00
-9.718445488692960765e+00
7.260447546661239038e+00
4.717890842612256108e+00
7.735631428053285852e+00
3.737321528617731037e+00
-6.037668314917867818e+00
6.692669294263764002e+00
1.730087744981218734e+01
7.244611320569847912e+00
-5.265690685350079114e+00
-1.123209654455730089e+01
-1.027249282552442011e+01
9.888740036362522190e+00
9.063938059862399754e+00
2.904011976925970906e+00
-7.829079616268922237e+00
-7.814016520566956281e+00
-3.537381108407941621e+00
-7.452258034219862104e+00
-1.301056979332209451e+01
-3.877406803554681591e-01
6.301779108207312241e+00
-8.996644783309106330e+00
6.758870486692384993e+00
1.191645523529421169e+01
4.659754758871427427e+00
1.177387113062446033e+01
-6.810899043733044778e+00
-4.077678275500186800e+00
1.227366621676421410e+00
-9.644919430571048835e+00
3.628654624447727350e+00
1.581479713255631658e+01
-7.943358983387995842e+00
-4.782039104797916274e+00
-6.002029464825713034e-02
-1.414963963950179604e+01
1.748232289081615765e+00
-1.673898083071123200e+00
-6.047269350682439537e+00
1.291110047292535157e+01
-1.991377025259809486e+01
-9.862956300304967172e+00
-5.933974015294758431e+00
1.372426892368864948e+01
-3.368331174763591562e+00
2.024794273332076600e+01
1.601894936162801653e+00
9.009835385636714378e+00
-6.909597513320062667e+00
5.554703782009761781e+00
-3.345288479935511816e+00
-1.039419810451409809e+01
4.746668898616628773e+00
-2.910601190399010552e+00
7.150293149903691692e+00
1.224380629341286486e+01
1.068150969473581036e+01
6.622040418859017841e+00
-1.116909570609825053e+01
-6.575386661329814864e+00
-1.133145709337164142e+01
-4.504831716504355654e+00
-3.831601102784264246e+00
2.088798059503941262e-01
1.455162423720969223e+01
8.984414669464024783e+00
9.002020543853271661e+00
-9.802169583843152623e+00
-2.209898682637692602e+01
8.844690904332660253e+00
-2.606593361206823278e+00
-1.269678804191502408e+01
-1.234800711659764261e+01
-7.461763231201436142e+00
-1.147160315892453220e+01
1.101862160064037788e+01
-2.380747728790944873e+00
-1.577272862123401342e+00
-2.556279098634314462e+00
-7.051951765306378128e+00
-7.991765475053080436e+00
-6.685780541462043480e+00
-1.001531658847975415e+01
2.322795604838297834e+00
-6.061172340428511163e+00
1.237364967041146713e+01
3.371313342535564139e+00
-6.736951280231153305e+00
-1.097233711617041685e+01
-1.249350563991969532e+00
7.376825554025210785e+00
-1.911411707873256560e+01
-3.339656228317248399e+00
-1.747275855123204380e+01
-7.012823732050649461e+00
-6.845328366692828403e+00
1.348309514981946400e+01
-8.693474438736137344e+00
-1.942874889708396502e+00
1.076993596734554615e+01
-1.121470398857308481e+01
9.976108718539364872e+00
-9.767520922745230649e+00
6.657797022871265291e+00
-7.985270310491626944e+00
8.264206123800837744e+00
-1.621751697672979020e+01
-1.015967658729873335e+01
7.687803245590965062e+00
1.115492930698392726e+01
-2.249102915427578608e+01
6.370659319201694704e-01
6.347481360280990970e-01
-3.198296359002232858e+00
-4.520924237938697132e+00
-7.162979375045542163e+00
-4.723259147478408693e+00
1.046741637490171017e+00
9.023384432335667782e+00
2.318683564988652357e+00
-5.386843626004234942e+00
-5.870422799839717598e+00
6.006973982907459764e+00
-6.157231853841368396e-01
-1.089992549442037806e+01
-1.627183003850456089e+01
-5.407467623168382254e+00
-1.747736397421900634e+01
-5.317221709980321620e+00
5.456202276125272199e+00
-4.802327660993815250e+00
2.712782716704345454e+00
1.688798561885759275e+00
3.219272221938169309e+00
-1.293014410433791461e+01
-7.122280309706749968e-01
-1.427460413535636619e+01
1.467125089771829760e+00
1.244916298137525423e+01
-7.041681329067460693e-01
-2.385305885837120954e+01
8.032288405005481025e+00
8.058025832811434697e+00
5.459357158590243841e+00
5.035868815828522749e+00
-2.000665530434086747e+01
-1.760728682014199364e+01
-4.328397706226041919e+00
-6.505919008582614183e+00
3.822483890666328321e+00
-8.011554247684795627e+00
-1.370551291029877738e+01
2.266038285031218624e+00
4.358606219404048687e+00
-3.675156432417264529e+00
-6.068001073531988920e-01
6.513600099900809681e+00
-1.004183450746624473e+01
-4.476693203711053393e+00
-6.143771058646035899e-01
-1.558876282727162277e+00
-1.003918726769400216e+01
-1.754904599529240494e+00
1.107210243286805884e+01
1.422130740340034949e+00
4.883886933455991120e+00
8.919966298476621702e+00
1.252083878032064002e+00
3.398765229749857841e+00
-6.702794655066030671e+00
1.632463130055662504e+01
9.964245876564977067e+00
1.491332965219296547e+01
-2.279113349325811200e+01
-1.658715053319552624e+01
-1.899773693854826817e+01
6.542190224445263880e+00
-7.350049786976691202e+00
1.683536439450991296e+01
4.296221923755011218e+00
1.005844605845633843e+01
7.589892814698065315e+00
7.789653441848454207e+00
4.266267416927155942e+00
1.828349499336128758e+01
1.256142002270034919e+00
-1.304657237221555022e+01
-4.266341865088040919e+00
1.277420210698173797e+00
9.968887736228312590e+00
-6.476840558896673983e+00
5.391275958602242291e+00
-7.081838904574063731e-01
1.384213928512614933e+00
2.905269029220598043e+00
1.166188783070515100e+01
-1.128678022075160570e+01
2.764387148953781015e+00
3.277486923160746635e+00
1.142254116024305510e+01
-2.043825001700238175e+01
1.975344704325911360e+00
6.583381383350547900e+00
-7.477437357387031192e-01
1.433164524948397123e+01
2.952795569510988649e+00
1.664073216398482558e+01
5.581845614246979004e+00
1.281731188100709407e+00
-5.666498533628537615e+00
6.489084335019820848e+00
4.357891920562408927e+00
-2.727108071565523151e+00
1.499166348284075134e+01
8.718866535682373353e+00
-1.372273647549763531e+01
1.426240528063119406e+01
9.440313592451525793e+00
-7.629522465735394832e+00
1.411234663631872799e+01
-4.342114272673368802e+00
-1.532233080468524733e+01
8.054629004918062662e+00
-1.336186235673267575e+01
-3.656295481628711652e+00
-5.365575740241460778e+00
1.362672949113220078e+01
-1.681766619867226975e+00
4.574054059619413470e-01
1.052547286453857467e+01
-6.823098184141721312e+00
1.076835900152800107e+01
6.564507943725553574e+00
-4.488097132271553491e+00
-5.792874472271001274e+00
6.474016721719798362e+00
-1.978119129622244543e+01
-1.779813363186267594e+01
2.695941595600811258e+00
5.380936433802972374e+00
8.498967494982355930e+00
6.513106052892903897e+00
-8.366753624532830003e+00
1.070958652780900167e+01
2.782539115854011591e+00
-9.545812482118760656e+00
6.870233522172886076e+00
1.062338299875130510e+00
-7.955521326834351648e+00
3.800170351194372825e-02
1.068835082153785265e+01
6.009945569588784231e+00
-7.713807217041518172e+00
5.491803742383751796e+00
2.971218399590453085e+00
1.052092220002822032e+01
-7.463659020921899589e+00
-5.205160633235860423e+00
3.645609570627617479e+00
-4.789539687395345524e+00
-6.611368014135913462e+00
-3.035210568724890035e+00
-2.281390339494656416e+01
1.051742544446236671e+01
-1.241439804420273063e+01
1.052482702192560238e+00
-6.175460674184993337e+00
1.592101523447012390e+01
4.370516093240293998e+00
7.799330902227751494e+00
3.676103788023862950e+00
7.984176229905216360e+00
-2.426588315932857731e-01
8.568709071167393887e+00
-5.026225656402544040e+00
8.874128648848342849e+00
-5.686147216270224014e+00
-1.157552455386783752e+00
1.645287882078169162e+01
2.402767731446374899e+00
1.878519423630608642e+01
1.363261155235830735e+01
9.493166043906878571e+00
-1.794507503814749683e+01
-9.415314902176559642e+00
8.681125699296590170e+00
-5.567936069379159747e+00
7.534962228766887371e+00
8.942643210734395609e+00
-7.043378376362719351e+00
5.768091840282388638e+00
1.406252272947351001e+00
-8.063346944263685145e+00
-1.167972734280322378e+01
1.676742257290943883e+01
-4.659546812728082799e+00
-5.941114315161026838e+00
-6.649345405308964452e+00
-8.427184631185258290e-01
-7.445694482074326714e+00
1.047608007738299563e+01
8.369286490443723636e+00
-4.441146790803045086e+00
-8.656571296045347808e+00
-8.457956638106301384e+00
-6.961629273409472241e+00
1.034566397689679462e+01
-1.025841218480432460e+01
2.054483063618739891e+01
-3.361818742143957817e+00
-8.617517811855726961e+00
4.492372248923549805e+00
-8.046432622462795337e+00
1.194924647633494708e+01
5.150331407658733873e+00
-7.388054576733897427e+00
8.405464929813360797e+00
5.788253207766192787e+00
1.041865669748374046e+01
-9.950052473417263954e+00
-7.386357901866473341e+00
2.073782494740920690e+00
-6.744240635719346566e-02
2.789968536571217328e+01
-9.539905780120806256e+00
-9.681747096466725822e+00
-7.755630271699554434e+00
-7.856489214586130920e+00
-8.164480207740282935e+00
1.138643227204233099e+01
-7.779356687641891810e+00
-8.375936286155790000e+00
-6.168464363970796782e+00
-3.246977483074753312e+00
-1.119638548318632587e+01
-7.455453156445306817e+00
-7.782724325929987863e+00
1.885712575852089401e+00
2.700812454239191140e+00
8.796842494706454962e-01
-1.075988692888491371e+01
-4.561314982055033163e+00
3.096876643664579820e+00
5.902012202767251026e+00
5.979549255934799135e+00
-1.274661525187470268e+01
1.393222718768783785e+00
4.710127549987896067e+00
-8.573142873984858525e+00
1.589426733612229858e+00
-1.041291378293994718e+01
-7.277800382242770816e+00
1.468363513478127480e+01
-5.581165645191710212e+00
-1.057376718938140669e+01
-4.310939805312458795e+00
1.046851350052103591e+01
-5.611765725679482841e+00
1.176144984548924377e+01
1.184127200034326854e+01
7.375366623880682759e+00
1.728920179021692594e+00
4.138525802717005320e+00
-9.875564354553389990e+00
-5.528421322364732937e+00
-4.705373772774025021e+00
-8.646160430758277116e+00
-8.030642167510947615e+00
6.225946700234911146e-01
-5.701686972770800388e+00
-7.532920331156397253e+00
1.369464599736589605e+01
-4.375324504853646879e+00
-1.032836480943741009e+01
-7.274845181395007465e+00
7.853318049068904294e+00
7.076969516072824540e+00
3.914235463139219995e+00
1.284536635692928819e+01
8.710826962113777938e+00
-5.770993874097925413e+00
5.313706810593659569e+00
1.417039049782406934e+01
1.111207201491494878e+01
-9.498406252691581064e-02
-7.520141480206441464e+00
2.486379312803332908e+00
-6.009692673543184149e+00
1.475015847240294420e+01
-9.438687176244465959e+00
-7.854642219800050285e+00
-3.958485695654993641e+00
3.717184960351830547e+00
-1.665757533694330306e+01
-7.254942483713457513e+00
6.267646948540154916e+00
5.751177081371699806e+00
3.466715153884790901e+00
-6.470092369736536675e+00
-1.351363297420145937e+00
8.162239685189151217e+00
-1.442155586758514518e+00
6.535558981163018366e+00
4.738401636975967612e+00
-5.242770535264070553e+00
8.297239303255619092e+00
-9.195618858651124938e+00
8.605900381253308140e+00
-4.958986801425917079e+00
-1.153585876965187040e+01
-2.666527308128381790e+00
-7.515227980455196466e+00
2.830250074455160636e+00
1.309441158681924122e+00
-8.249712152288593003e+00
-3.954044243325033570e+00
-1.272750636360484222e+01
8.710340209904376962e+00
-6.137076380907441120e+00
-8.589027597328103170e+00
5.834729869224886123e+00
-7.545579737506435514e+00
-2.105013765930255076e-01
-9.080349692563830288e+00
3.733125484488166723e+00
-6.459016970389121148e+00
-8.245802480174475591e+00
5.133327391120639405e+00
3.700952804720630596e+00
1.892300422999378284e+01
-4.076756855850271144e+00
1.433135819493753083e+01
-2.489431782724720321e+00
-5.224442625940069362e+00
1.149856260539062980e+01
7.879554204578459675e+00
1.552329242948327703e+01
1.261140529028529222e+01
1.306574379768069072e+01
-3.825666245940252619e+00
-2.303963358709670839e+00
8.717485219780495953e+00
-3.297477647318300509e+00
-6.927763615351565818e+00
4.428583394982530841e+00
-6.602643005582286229e+00
-3.384542794558755396e+00
9.538354690784027312e+00
-6.986765833901855238e+00
8.862263207384492247e+00
-2.801168491982360731e+00
7.813336016418769070e+00
1.067239798391401173e+01
2.674378581958294365e+00
1.049312833440005477e+01
-1.299042271422248263e+01
-7.006860422355142504e+00
-8.071733694666779257e+00
-6.722735480954928455e+00
-7.157670184272434177e+00
-1.901122252984734029e+00
1.200792192954448367e+01
3.220393384130016745e+00
1.069524397668858740e+01
-1.417153417124135117e+01
-1.116188676085272835e+00
-8.580809168311070323e+00
-2.135186895934490181e+00
2.861189580173521207e+00
8.511586675197996499e+00
1.593406405801636438e+01
3.298734199845923865e+00
-9.925695793586921667e+00
1.311377006613050611e+01
-4.241860764209860690e+00
9.641507386898728882e+00
3.929658895387341921e+00
4.975975354953816598e+00
1.251707017854068482e+01
4.487956993429506269e+00
-1.833930396891870096e+00
1.181675153062493422e+01
2.321688163310736019e+00
-2.857700701181035363e+00
-7.040945022383075624e+00
-5.918508871139989580e+00
1.603470091764321381e+01
-3.241002125136351331e-01
-4.864112727234142675e+00
-4.312487317380607088e+00
2.238878672298994399e+00
-6.690992705757688341e+00
1.622238199393837732e+01
1.238190767894742805e+01
-4.990641858525356689e+00
1.113460892229801757e+01
9.735724246093818479e+00
9.019927942131584331e+00
-5.162031657700436149e+00
-1.146582158527975182e+01
3.554033736505131991e+00
-4.756012816573103485e+00
-2.581607460699640200e+00
1.231602531417398616e+00
1.385609525200908720e+01
-7.191699599454184799e+00
-4.884739930044235123e+00
1.262910025892776922e+01
-5.664267744132311933e+00
-6.450584942421825119e+00
2.591745236744445458e-01
5.712575471533080318e+00
1.748762090172372652e+01
-4.489967685404401720e+00
6.173018673594583561e+00
2.207276915869343981e+01
1.015727786821560841e+01
-7.122049375433392449e+00
-4.361082181680805192e+00
8.640349997105611024e+00
8.720148718549520339e+00
7.373803280454978903e+00
-9.519957798610224842e+00
-4.783828131411071105e+00
7.161341126582636107e+00
1.119830465540296416e+01
1.156579317244700356e+01
9.847831258194434056e+00
8.986160206311275545e+00
-5.231226412373703560e+00
3.334633116751837711e+00
8.814198297513209823e+00
7.873962202523214493e-02
6.339221779199522899e+00
8.582859171136615117e+00
2.316616127996018903e+00
1.085909045525350258e+01
2.637934237936880422e+00
-1.235877437024744729e+01
2.748461591039088159e+00
-4.279147677496750291e+00
-7.799355317925206421e+00
-8.318685278397461857e+00
-1.080820940236092831e+01
-7.068977897118398523e+00
-5.479475118954789004e+00
-5.403394810044503949e+00
1.317296877902261798e+00
1.424932901914299777e+01
-1.002156123371583085e+01
4.081289604570724205e-01
4.795556304385402591e+00
-5.273872742956281279e+00
-7.174396588959720766e+00
8.197931651306896939e+00
-1.138958767105842984e+00
8.359570153087380717e+00
7.963745267114407334e+00
-4.463736228725968758e+00
-6.688952973950940795e+00
-9.332485088873927026e+00
4.826495994049068150e-01
7.425648145488518814e+00
-6.514774311215737690e+00
9.480425466115651734e-01
9.195866152979817798e+00
-1.274457549471646445e+01
1.002668817283924874e+00
1.384240354303743281e+01
-2.817424367033711241e-01
1.576651995048828780e+01
-1.279260948204168180e+01
-1.878603769817180691e+01
5.958648746920618855e+00
-8.625104204331432989e-01
-2.512048984583465483e+00
-8.673979946208053349e+00
-5.807872668964891183e+00
-5.510306050383116272e+00
-4.076764720734570524e+00
1.282694957648317668e+01
6.348515890924968375e+00
-6.543209657040155669e+00
-7.300474213103657073e-01
-7.096768734414535373e+00
1.578503109017540318e+01
-4.131351137821061670e+00
2.041384186875744788e+01
-1.113154030559541319e+01
1.310770140578244103e+01
1.840495541964466852e+01
-1.623764679200649397e+01
5.341519944179424328e+00
6.515627094743780212e+00
-6.108058855459811198e+00
-3.479081677106439230e+00
4.641720212173745530e+00
-8.310369209864839846e+00
3.282093617310871014e+00
5.323840122233752581e+00
1.802551412039913314e+00
2.867515363952030327e+00
-1.367419225281905959e+01
-1.430195472596008377e-01
-5.018880382510389815e+00
-1.017437741522679673e+01
-2.036079004669098325e+01
-1.423191179426544162e+00
3.360128433623954525e+00
-5.919472304559461051e+00
-1.013134838576173280e+01
1.177715853251608813e+01
8.797467583329593666e+00
-1.620834222766159982e+01
-9.418896604693845376e+00
4.183089653637286354e+00
-1.692921908595570812e+01
-8.851565875230612335e+00
1.457680568768634366e+01
-7.111637185251840521e+00
-4.895220881174710548e-01
1.523084092358621255e+01
6.576817502171129481e-01
-3.076418607508760061e+00
4.816168886112900616e+00
1.627561324015773891e+01
-8.501152870632928682e+00
-4.148129111157581761e+00
1.315971696737640473e+00
-6.990254685557966141e+00
5.694458232841478562e+00
-1.086167728764067064e+01
3.766334567456251392e+00
3.706768790512972256e+00
-4.138215793681798260e+00
-6.491185335317917193e+00
-5.270506231599824787e+00
-4.531393183238668243e+00
-5.128133353602426503e+00
-7.284634929377789447e+00
-1.356484771424579527e+01
-5.983015765107942308e+00
5.864604925403384961e+00
-1.609853838172840668e+01
-4.380878785983004953e+00
1.981440479028523072e+01
-2.003226393796231353e+00
1.738988222641983716e+00
-4.427398862121820322e+00
-6.427860359039930138e+00
1.283736396317583761e+01
-6.632477905866577927e+00
-1.284801814523115304e+01
-2.841352908548559153e+00
-7.292668135943872088e+00
4.041245811278619537e-02
1.877427936977147382e+01
9.165942459522911534e+00
6.292529851330147750e+00
-5.518447531409646167e+00
-1.032751944923685272e+00
-2.485858965421686495e+00
-2.136765309347149699e+00
-4.280444812002448529e+00
1.438788590541216550e+01
-4.234208307759458556e+00
8.602245543758138879e+00
-7.589989591540226677e+00
3.124195002260605314e+00
-8.831332497276171978e+00
-6.762840412889250530e-01
-9.729098552980259385e+00
8.335031436980477437e+00
-6.529456229649916565e+00
1.936174969027911530e+01
7.187956116204243351e+00
5.123036833983704241e+00
-2.201389966885930249e+00
-5.463720178176287412e+00
-9.868915371193210717e+00
-4.781105958952884372e+00
-8.182461399946522107e+00
-7.763540343453385617e+00
-9.710475219940244429e-01
4.625263465920578021e+00
-1.596097803589905872e+01
-4.401735911689707237e+00
6.444043234086832328e+00
-6.636891792395101852e+00
1.002862214651819572e+00
-1.217525447346397272e+01
7.890678375233847852e+00
-6.024593128463124891e+00
1.255841728073348706e+00
1.207446116369392364e+01
-1.058696477750416198e+00
5.038313686718271178e+00
5.317410616723668326e+00
-3.245341338427002231e+00
7.371600793387187878e+00
-7.888830966864246008e+00
2.448445411677105277e+00
-7.223112384358370441e+00
4.205628698264222365e+00
-6.545685791771973072e+00
-6.534127380217788605e+00
6.145726646100671431e+00
-9.870567243002348334e+00
-2.765727016865402899e+00
9.931907334761389539e-01
-6.457094641101730481e+00
-1.159810807629295581e+01
-6.757823960679137265e+00
-8.439345269267384708e+00
-4.737145590607439338e+00
-6.738345612221294800e+00
-6.623801701782492835e+00
-9.288141205956472746e+00
-1.257165790336571476e+01
-1.084057152007224722e+01
-3.899063322704108714e+00
-5.289260934004687442e+00
-1.012915514646346438e+01
-2.661592341580744314e+00
-4.545982603201263572e+00
4.082002702761080570e+00
-8.036108844187943134e+00
7.220211868814506495e+00
1.158272955313790709e+00
-3.230210949109095786e+00
6.453622619945073247e+00
-4.021013675275264099e+00
6.495868417320899146e-01
-9.128611636208599833e+00
5.941296058465366237e+00
6.121155194792123888e-01
5.584361730740222463e+00
1.436250333914524280e+00
8.197055113546227290e+00
-7.506764067888502368e+00
1.060181963870111588e+01
3.290936125304078641e-01
1.603748719598163230e+00
-8.233459327148796802e+00
2.121443934330489611e+00
6.386541132951467858e+00
2.002177802287044628e+01
4.296527572502546022e+00
-8.308749910857613941e+00
1.968978666855408344e+00
2.250784122583062985e-01
-2.677479523946530104e+00
-8.164710913904912326e-01
3.166681048099776463e-01
-4.840695245666706725e+00
1.330581140889927072e+00
5.928312318504274536e+00
1.037249568236047104e+01
-7.512045789692470166e+00
-2.924125649632471902e+00
-3.291288641039491036e+00
6.186217476186606667e+00
6.371043670533695913e-01
-1.886508430162488814e+00
8.752883632409176329e-01
-8.208657931192252732e+00
4.409773773757875159e-01
-6.659058570667486521e+00
-4.704252106521250809e+00
1.730332260833891578e+00
9.584052848973076522e+00
1.960495090681800834e+00
1.667395623422321904e+01
6.085588461154824103e+00
8.516674013917901576e+00
1.337815976803936024e+01
5.604698037932513977e+00
-8.206755682473891866e-01
7.236979684557440784e+00
-7.914963963006051983e+00
-7.815204113339968561e-01
7.480686305221791343e+00
4.810076185133612015e+00
5.783178448481844924e+00
1.303774498219555866e+01
-2.863022763172105023e+00
1.036056896684973516e+01
-6.622751278556709309e+00
-8.868080322663958626e+00
5.225404700486051546e+00
-9.455563645973155573e+00
3.972330287625770673e+00
6.372746235034928430e-01
-1.102463700440418037e+01
5.529723143322955003e+00
6.794178028024827620e-01
-6.743916004233216022e+00
3.686571671373729764e+00
2.120314592684586330e+00
-2.808370654659643861e+00
6.105196608300644812e+00
-6.960373401721604125e+00
4.657618848661638111e+00
9.138180666393370954e-02
5.110561403228992994e+00
3.340434628397971339e-01
1.706339535336460145e+01
3.880417458312476753e-01
9.458695052977226236e-01
5.883979708715767032e+00
2.495265044823333334e+00
-1.338209552974552885e+01
-4.549585535598371644e-01
1.020964916628333619e+01
-7.203351798707109843e+00
-8.112797793649882294e+00
1.227592390539763656e+01
5.969028344166851241e+00
2.543515614527046775e+00
5.636802060911391798e+00
-9.523289226851776590e+00
1.472118757444521719e+01
4.575255853645047388e+00
8.301450847735678096e+00
-1.003663620534779710e+01
-6.960871013986284161e+00
1.045735082838452890e+01
-5.444084512336258008e+00
-2.512134880426343031e+00
4.023258376241733103e+00
-1.352405284562253840e+00
6.706664107983485223e+00
-1.254237303834451644e+01
1.916761598494131080e+00
-8.749655065449099212e+00
3.092530037975158130e+00
9.662228306297356184e+00
-8.702429104446849806e+00
-5.639485963305046035e+00
-6.639462723076326789e+00
8.314663449777281556e+00
4.511712054476883615e+00
-6.342909637655652633e-01
-1.889471880726400155e+00
9.196768761870352193e+00
-1.007472644945697127e+01
3.520908014217814852e+00
-5.894467250221199883e+00
8.304613073984462801e+00
-7.315134433982155571e+00
-7.110633331954985259e+00
-1.603571528456448014e+00
5.892100516490232920e+00
1.649167203116127745e+00
-3.428566213756312209e+00
-2.167234484883403756e+00
-5.204736544757968986e+00
-1.338470072999528693e+00
-9.134670903652347462e+00
9.515356340369232058e+00
4.108229039179936315e+00
-3.518168216951775396e+00
2.106801141310630232e+00
-4.393900579940221540e+00
-1.272135776834944032e+01
1.981837888228744404e+00
-9.727027208541247916e+00
2.127803385546140902e+00
2.385222441020700135e+00
1.371004793247096121e+00
-4.628558773540460969e+00
3.769244128518350223e+00
5.494444314730153600e+00
4.141158019086478959e+00
-5.076328027608589366e+00
7.732717812756443543e+00
-5.679383853460890030e+00
7.976920005563230553e-01
-1.566204445614101992e+01
-6.895202602182656904e+00
1.035452799607037200e+01
6.441252870811761788e+00
-2.440821791521401440e+00
4.638448360328911946e+00
9.090628595078287688e+00
-1.172822364080237101e+01
-5.366177130589950828e+00
1.875609277540146280e+00
1.075051434327714617e+01
2.686113592417725737e+00
2.255824683983303380e+00
-9.942138809787853804e-02
1.292223799594334110e+01
4.439140899164692122e+00
-8.104688098680851382e+00
-5.050560364925607004e+00
1.586936326093984162e+00
9.077855746259736458e-01
4.378125211508276493e+00
6.938372131056903314e+00
7.761146446424221246e+00
-4.659814759575900744e+00
-2.149283984037409390e+00
5.511612906020190827e+00
1.071393711497094081e+01
1.481012289354758371e+00
-4.831731773527834228e+00
2.320923912242256915e+00
-5.942095094450892567e+00
4.139973138220182314e+00
-7.798437839740721689e-01
3.823273006412829744e+00
-5.589958328001298327e+00
5.391842693934935760e+00
-9.197699666831310461e-01
1.546156784968514941e+01
-7.558885456637260525e+00
-5.099601443669906864e+00
-3.515407367016384121e+00
6.470531945416043484e+00
-2.410658906471405238e+00
8.854158540455825399e-02
1.104887613657127510e+00
-5.795365992714701875e+00
3.118436781838132443e+00
6.488585970290525751e+00
1.071732358182928913e+01
4.573537787567016011e+00
3.885359207040574248e+00
6.757122594319036502e+00
7.962337798504425912e+00
-3.102587977765861371e+00
1.937875902078715962e+00
6.476116640795420487e+00
5.708866767834438249e+00
4.199083760927468489e+00
5.033816194033204461e+00
1.137758895902723166e+00
9.004051218154886627e+00
-3.633317309368359060e-01
-1.990000160740339652e+01
3.211849146756546869e+00
-2.333253141047763268e+00
-6.889203538421099893e+00
-2.662495394654146530e+00
-2.507875843327871390e+00
-6.118822261477793845e+00
-9.237913496787198753e+00
1.204590799874917373e+01
9.558586280419785197e-01
-1.574615797130756789e+01
5.988442769791242348e+00
-6.135179547547703116e+00
8.192251525003361179e-01
8.336563431118310774e+00
-2.708413496300603462e+00
-4.350454383431939243e-01
-5.179984970663949362e+00
8.759013798375637094e+00
-5.280542286900623772e+00
-2.058308189947805644e+01
-2.433007112864277843e+01
-5.145540087350079617e+00
-5.434403758009478835e+00
1.018868049125934050e+01
-4.673784102754528824e+00
5.614936074497608232e+00
-3.428902001974807323e-01
1.156757359949998509e+01
-5.368140643623222630e+00
5.341449355315517344e+00
-4.209099492269017695e+00
1.493416956626097125e+01
3.502496644542112403e+00
6.485434463905014546e+00
-1.176681808672256935e+01
-4.614931076999147841e+00
-1.506955166590650919e+01
8.536833635687465005e+00
5.194344628318142476e+00
8.650173029271549296e+00
8.738700415151633649e+00
-8.101558451956920592e+00
1.892571835008224124e+00
-4.471380957211609219e-01
5.321231406907721784e+00
-1.306442181916880152e+01
1.484237472936366231e+01
5.415217855455599860e+00
-7.190147375206558111e-01
1.190531720058700493e+01
1.717794690120807388e+01
-1.369633132237566275e-01
3.766351213847108248e+00
-4.939093564194055652e+00
6.091308598720542200e+00
-1.348152057137083748e+00
4.133721450500115857e+00
2.091427484138246751e+00
4.437483236107596873e+00
3.726315122985981887e+00
-4.040790549565098644e+00
3.602225892533277296e+00
-5.230967142353703636e+00
2.398399940372577976e+00
-2.629750333071759538e+00
1.236848020904134415e+01
-9.619574051990994690e+00
3.021428559785889423e+00
-2.637893872957521868e+00
2.527758721675710252e+00
3.301453789345495604e+00
-8.792064829776277790e+00
8.278600198997285275e+00
5.080776308093463811e+00
1.535895367902007980e+00
9.169012440234478589e+00
-7.185295102855691951e+00
2.975991742682173591e-01
-7.096628094520268881e+00
-6.010431928748808161e+00
-8.682188104482811752e+00
-6.034974125601934247e+00
1.288474487709662331e+00
-6.433578507446565675e-01
1.305939755298394900e+01
-5.105935490870888493e+00
-3.908359389117151306e+00
9.553333770537678071e-02
-6.820833426521965670e+00
-7.466864798521970492e+00
-1.852193817589862235e+01
2.591682678598582701e+00
-2.651994292048425184e+00
-6.980872406884031101e+00
-3.308289823035214017e+00
-7.230881796564828434e+00
-4.621994300324230309e+00
-4.919781973771895522e+00
7.177524369957689387e+00
1.015471805737566235e+01
-7.426859172879745508e+00
-1.913724531672851059e+00
1.096099880365330748e+01
-4.001215769647544107e+00
1.472788807897195618e+01
4.816145438772220899e+00
-7.846856624483970144e+00
1.214929686761210548e-01
3.033722366921040248e+00
5.480969378895432342e+00
-1.767397301422248157e+00
9.647149086810093976e+00
-4.272136344342587932e+00
5.706163942384002041e+00
6.821948418645424894e+00
1.367945746567477272e+01
5.561214751935636968e+00
3.622361056163931448e+00
-3.679753540976127280e+00
5.243041718539452667e+00
-4.078803386019225208e+00
-4.534826126579337036e+00
-6.964625512081641823e+00
5.357720148252624881e+00
4.223897436308639897e+00
9.313653723666101669e+00
-5.062871339282829508e-01
5.321906018635642610e+00
-1.252683510939795930e+01
-5.652497738750843936e+00
-3.420259566469543433e+00
-1.078939739489496397e+01
-7.176691581835443756e+00
-1.889149772230754465e+01
-1.334092081886977255e+01
2.911699499734267338e+00
-5.635294592727111862e+00
-8.261630399133929714e+00
-5.707844601321839129e+00
-7.755032768443034463e+00
-2.466069929625530222e+01
-5.908124814662613744e+00
-1.875052596787641468e+00
-5.891108754448261209e+00
1.135238882519142578e+01
-2.613418741800558553e+00
3.969345945797225550e+00
5.125829526666088043e+00
-3.600260087642956464e+00
5.116619479392809033e+00
2.804954522712860054e+00
-7.268642952393140622e-01
-2.442195038344698421e+00
1.079667248583132899e+00
1.381893901338957509e+00
-1.125567529354517760e+00
2.412829804561014702e-01
-1.224937720463003643e+00
-7.454919568033571142e-01
2.085809551013028784e+00
1.190934867097237948e+00
