You have chosen: Namespace(beta=0.5, eps=0.12, f1=784, f2=200, lamb=1.0, m=60000, oak='true', rho=0.05, tolexp=-4)
Will be saved in: WArrs/60k/m60000Tol-4Lamb1.0beta0.5.out
 
Initial W JCost:  147.62389936169444
Global Step:  50 with JCost:  9.332664539295157
Global Step:  100 with JCost:  6.275713271503845
Global Step:  150 with JCost:  5.1032883111175025
Global Step:  200 with JCost:  4.581723248968337
Saving Global Step :  200
Global Step:  250 with JCost:  4.2665419444780195
Global Step:  300 with JCost:  4.037374848796251
Global Step:  350 with JCost:  3.8710283364935454
Global Step:  400 with JCost:  3.7506737927553213
Saving Global Step :  400
Global Step:  450 with JCost:  3.6308703949899197
Global Step:  500 with JCost:  3.503192787903547
Global Step:  550 with JCost:  3.383162876006847
Global Step:  600 with JCost:  3.288148570251566
Saving Global Step :  600
Global Step:  650 with JCost:  3.197962293118715
Global Step:  700 with JCost:  3.1141577411814674
Global Step:  750 with JCost:  3.0417508861454
Global Step:  800 with JCost:  2.9718790226149228
Saving Global Step :  800
Global Step:  850 with JCost:  2.9053413361309337
Global Step:  900 with JCost:  2.852037287328243
Final W JCost 2.8117805077588476
 
sparAE.py took  24417.435056 seconds to run
