You have chosen: Namespace(beta=3, eps=0.12, f1=784, f2=200, lamb=0.3, m=15000, rho=0.1, tolexp=-4)
Will be saved in: WArrs/m15000Tol-4Lamb0.3beta3.out
 
Initial W JCost:  333.54926163834364
Global Step:  50 with JCost:  14.424468415581561
Global Step:  100 with JCost:  8.751845076850651
Global Step:  150 with JCost:  6.643768199666944
Global Step:  200 with JCost:  5.59784100514763
Saving Global Step :  200
Global Step:  250 with JCost:  5.0326747005622545
Global Step:  300 with JCost:  4.668028345727151
Global Step:  350 with JCost:  4.452130609130898
Global Step:  400 with JCost:  4.239691632245414
Saving Global Step :  400
Global Step:  450 with JCost:  4.072449307902335
Global Step:  500 with JCost:  3.9253679079183708
Global Step:  550 with JCost:  3.8147890157657387
Global Step:  600 with JCost:  3.6871082868491354
Saving Global Step :  600
Global Step:  650 with JCost:  3.5489608131738977
Global Step:  700 with JCost:  3.4499294728831407
Final W JCost 3.359834970315124
 
sparAE.py took  4580.22765207 seconds to run
