You have chosen: Namespace(beta=0.05, eps=0.12, f1=784, f2=200, lamb=10.0, m=60000, oak='true', rho=0.05, tolexp=-4)
Will be saved in: WArrs/60k/m60000Tol-4Lamb10.0beta0.05.out
 
Initial W JCost:  100.68049045077254
Global Step:  50 with JCost:  6.7678414169609775
Global Step:  100 with JCost:  4.87654192290601
Global Step:  150 with JCost:  4.324280453567457
Global Step:  200 with JCost:  4.100280454588074
Saving Global Step :  200
Global Step:  250 with JCost:  3.9760526350694123
Global Step:  300 with JCost:  3.8850676239960698
Global Step:  350 with JCost:  3.811880970535773
Global Step:  400 with JCost:  3.7404571011202785
Saving Global Step :  400
Global Step:  450 with JCost:  3.6761275861693306
Global Step:  500 with JCost:  3.612197274089806
Global Step:  550 with JCost:  3.556054185452935
Global Step:  600 with JCost:  3.508931100666377
Saving Global Step :  600
Global Step:  650 with JCost:  3.4668873152239406
Final W JCost 3.4626396944599493
 
sparAE.py took  15954.5255849 seconds to run
