You have chosen: Namespace(beta=0.5, eps=0.12, f1=784, f2=200, lamb=0.01, m=60000, oak='true', rho=0.05, tolexp=-4)
Will be saved in: WArrs/60k/m60000Tol-4Lamb0.01beta0.5.out
 
Initial W JCost:  147.61150428677055
Global Step:  50 with JCost:  9.226489435209865
Global Step:  100 with JCost:  6.180254290709384
Global Step:  150 with JCost:  5.070955644464648
Global Step:  200 with JCost:  4.515427098988308
Saving Global Step :  200
Global Step:  250 with JCost:  4.180239943373841
Global Step:  300 with JCost:  3.925028239431675
Global Step:  350 with JCost:  3.705342450273545
Global Step:  400 with JCost:  3.508120264825494
Saving Global Step :  400
Global Step:  450 with JCost:  3.3618167045434606
Global Step:  500 with JCost:  3.248242724579181
Global Step:  550 with JCost:  3.1528965398165893
Global Step:  600 with JCost:  3.0751588481778023
Saving Global Step :  600
Global Step:  650 with JCost:  2.9975893058647363
Global Step:  700 with JCost:  2.9129279458755093
Global Step:  750 with JCost:  2.85962177624138
Final W JCost 2.8549775022188664
 
sparAE.py took  20165.9736402 seconds to run
