1.821028691393883070e-01
3.770847551964058297e-01
4.497252220605325035e-01
4.725708128746877734e-01
3.582688751054301513e-01
2.616431802569101350e-01
2.048991160084163710e-01
-1.455788919035544415e-01
3.159605780645320383e-01
6.085538595756194713e-01
4.154081276502258335e-01
2.780161767798412509e-01
3.527977076378579491e-01
1.719345346256134222e-01
9.482153242265918547e-02
5.344207943642827890e-02
3.413879347985289137e-01
5.051277349347652601e-01
3.623048958279850296e-01
2.479407250074624480e-01
1.168795509550554085e-01
-1.235287105624335025e-01
-1.348317186688564873e-01
-1.185657649844860939e-01
6.540713877274438870e-01
5.922572978517879339e-01
5.424883021543789319e-01
2.145498098960176847e-01
-4.816764638708297824e-02
-7.297858363764887779e-02
-1.156681354079285851e-01
1.872165130385571030e-02
5.929448312595549941e-01
6.082482816236547407e-01
6.668820178139091004e-01
4.801213793917850081e-01
1.699653202567876498e-01
-1.472810135692747269e-01
-3.518540887577107923e-01
-4.717687769710015439e-02
4.549059112997231313e-01
8.885317958163511110e-01
7.714045716656903195e-01
5.841992174667453019e-01
1.763356206020778860e-01
-5.217732058563757658e-01
-7.724790618392016750e-01
-5.251275797583234706e-01
6.752916679421419044e-01
1.145743413815330625e+00
1.095356746174779072e+00
6.883157800427276429e-01
-1.493727412634965335e-01
-9.434819744612628067e-01
-9.939445487894366105e-01
-6.002816327715135847e-01
5.607128061797150842e-01
6.191240333264272921e-01
7.604337081339348492e-01
5.699368711137300370e-01
-1.280028784084616955e-01
-6.888563672391151416e-01
-7.346177165401304165e-01
-4.250840129281555080e-01
-5.905291458941452215e-02
-5.930982615537518099e-02
-2.109197222291711582e-01
-1.939320845332296039e-01
-2.316915202508648408e-01
-2.836687492741041261e-01
-2.492843125381022096e-01
-6.229178116606164974e-03
-7.702359467362598910e-02
-2.412573380186265326e-01
-3.465019257757640525e-01
-3.991056288833058074e-01
-2.558525444576230101e-01
-5.223223463535501404e-02
-3.490453986703904586e-04
-8.223755685137874860e-02
-1.765214399393822131e-01
-2.834979791051682740e-01
-2.285126216183060721e-01
-8.379835402434492042e-02
1.131447075470912167e-01
1.831688812789236953e-01
4.868803342136494156e-02
-3.077614206937925867e-01
-2.062181357069376442e-01
-1.984166987553479533e-01
-6.734313550191302344e-02
5.156701629690527144e-02
-2.687876677570289266e-02
-4.084060932627077145e-01
-7.531085076538405199e-01
-7.310255735045878556e-01
-1.908697347580688430e-01
-1.293210695124662191e-01
-1.467207895638740212e-01
-2.240316434207257623e-01
-4.624327140486785281e-01
-9.287606671503286782e-01
-1.139772407400844179e+00
-7.763084882926628572e-01
-1.240671278716505010e-01
-2.380174758961296766e-01
-3.237781664185815922e-01
-4.568995771108156911e-01
-5.828097243680173678e-01
-5.514609266071184290e-01
-3.585151909244279622e-01
-3.188265575385630379e-01
-4.926619532142749169e-01
-7.469878931696919411e-01
-6.082470259144410196e-01
-5.731586110131997591e-01
-2.813002740252845135e-01
7.178743494856535401e-01
1.320193691499276234e+00
6.882202237915217014e-01
-4.192848882967018520e-01
-4.312272105540897460e-01
-2.140281575095265010e-01
-1.123990294654877570e-01
2.828917076521489937e-01
1.411428822371918246e+00
2.064648508476260691e+00
1.463366899397992027e+00
1.120423658711560133e-01
-1.513754130824369326e-01
-2.431861511952111699e-01
1.131897764186724498e-01
2.338363945145902623e-01
8.534534177215409578e-02
5.645793650648001094e-02
1.666857555570878113e-01
-4.160206014357478166e-01
-6.170295530680968143e-01
-6.153663122486314752e-01
-5.508968715792291748e-01
-2.584904931703511655e-01
-8.314555957054964308e-02
-1.192259601052321899e-01
-1.774957677228842789e-01
-5.311825870721127441e-01
-8.480585114544916259e-01
-7.300180171898773551e-01
-6.757559586056621770e-01
-5.346294305638779054e-01
-5.456334646377034581e-01
-5.813666755928763585e-01
-4.133243124068399221e-01
1.503331061960208777e-02
-2.875629431857780194e-01
-2.463348423312012037e-01
-2.977688600251965356e-01
-4.441333324625978407e-01
-6.150081600149635008e-01
-6.464238306077889629e-01
-4.145018887289858567e-01
5.972250892638542030e-01
6.425107260080525906e-01
6.067212617775925576e-01
5.189690323260923721e-01
2.340307622308382962e-01
-3.510109864271933333e-02
-1.554424150174849861e-01
-1.971612132998809275e-01
8.736298589937679937e-01
1.023493005216358886e+00
7.672878308027997196e-01
8.929435227320584589e-01
8.073367169033353052e-01
6.426194294054046185e-01
4.533324316677289079e-01
2.311779282907896194e-01
8.009242322921147350e-01
8.692858594153863860e-01
6.041017167591212766e-01
7.059358869234051426e-01
6.959432390603718099e-01
9.154022185874247652e-01
8.664455976313466534e-01
5.573897385838156859e-01
3.205077043428888883e-01
1.718119261488648963e-01
4.037423981247303256e-02
-1.045122583026445937e-02
1.736622214765429772e-01
6.729175390374158017e-01
6.837856575492083921e-01
4.332771089711814350e-01
-1.534969149382377496e-01
-2.964306881366711166e-01
-3.618100908499822799e-01
-7.108888541051772147e-01
-9.292268286125081600e-01
-8.550091990203052550e-01
-7.628372024747640534e-01
-6.733134552401774942e-01
-3.903616280361371649e-01
-4.133645017347538642e-01
-5.296257614970831806e-01
-7.638714636610308695e-01
-1.023783406620402792e+00
-8.831184853349310915e-01
-6.026519718381474489e-01
-2.616579785023061544e-01
-5.522357461284017194e-02
5.195903132160869381e-02
1.813325379008086033e-02
-3.527080684889311729e-02
-2.618911038033517324e-01
1.086787110011078195e-01
4.852931038338867964e-01
4.860384306586896797e-01
3.030957003858702481e-01
3.587969515835116030e-01
2.960899115486866351e-01
3.656557949273772090e-01
4.356714542110027288e-01
8.894454334192108957e-01
1.248575836504366654e+00
9.534358320723133051e-01
2.386467411549956508e-01
2.866167054733892994e-01
4.381703695782785402e-01
6.300705280789227203e-01
8.447975246038378350e-01
1.019184984785603820e+00
1.012055142382465744e+00
9.345137775137345448e-01
1.128653519329267246e-01
3.667259884095633304e-01
6.138056333655067531e-01
4.157753689613019610e-01
4.418260131343535457e-01
5.815740465858389996e-01
3.441396363258507063e-01
3.905087956161119589e-01
1.838150098062150128e-01
3.872324112534381024e-01
5.303632627091978691e-01
1.477313342799075890e-01
-1.023180310548753025e-01
-1.664727337339338975e-01
-3.779492680176800290e-01
-2.855074355289933252e-01
1.058134222929562607e-01
1.122494296785084278e-01
3.362577867544928045e-01
1.779985090450314777e-01
1.989603930777859679e-03
-2.066958596804848447e-01
-4.094105941831600592e-01
-2.766159575891722344e-01
-1.234475725974954752e-01
-1.641298472679383058e-01
-5.529430161336032490e-02
-3.175823459297463097e-02
5.586910608103157205e-02
7.473432867400784350e-03
1.567337337830737309e-01
9.442872623146367217e-02
-2.315659968230354970e-01
-3.284344355481600419e-01
-3.642154296405214486e-01
-2.049837165738843114e-01
1.412500515217748609e-01
1.120760470131489800e-01
2.090944861144091727e-01
1.460108028221914489e-01
-3.278307466810148618e-01
-6.507648213559309447e-01
-7.887486281331863580e-01
-4.315115192003184941e-01
1.731247220509651574e-01
4.263056280009183685e-01
3.132392049939888290e-01
3.241951897674701794e-02
-2.607470375954706321e-01
-6.075457414834246617e-01
-8.471126620264058937e-01
-4.984991787806043462e-01
2.938959410604991551e-01
1.032986034199948167e+00
7.603529226300584920e-01
1.998206837020971849e-01
-1.118750797059092777e-01
-4.750782099011996995e-01
-7.985386988797262831e-01
-6.451612337961721844e-01
2.872244439301959162e-01
1.485201388371123699e+00
1.039556925964072898e+00
1.434669536619115615e-01
-6.418648963613760028e-02
-4.537719587322461279e-01
-8.071576861004957637e-01
-7.592434227058575402e-01
2.522401858673923303e-01
1.572195430854728126e+00
1.113937205947083342e+00
9.756639817191992137e-02
-1.677426238872775088e-01
-5.724710987823822261e-01
-9.743778295746926554e-01
-7.993388593629682237e-01
7.592321043327140973e-02
1.125945654244273619e+00
9.693646780566682608e-01
3.767440511160999317e-01
-3.623395261208448015e-01
-4.676354783954616567e-01
-7.046226348264175154e-01
-3.881433843635307412e-01
1.809205115702352540e-01
6.700433652509808491e-01
4.349669204419855384e-01
1.994577987667723873e-01
2.682086539963929317e-01
4.100481605798289020e-01
1.880089230657375210e-01
-4.746489088558907693e-02
-4.715186124608773399e-01
-8.337386155673265353e-01
-8.430871375358861552e-01
-2.122558990323612504e-01
6.313298766631572079e-01
7.266927455369909250e-01
5.549460613255848829e-01
3.295608328406864351e-01
-3.710247938537800105e-01
-9.831881656162887451e-01
-1.266851711713075979e+00
-5.879933150957643573e-01
6.125949150692677758e-01
9.360879101277090886e-01
1.082163823122262780e+00
1.023616899604248731e+00
1.828369889137091697e-01
-5.404281397646805152e-01
-1.036310713437708531e+00
-6.430935740265609768e-01
4.751439402097988596e-02
5.893877530820035293e-01
1.087137877239398032e+00
1.220442149793841580e+00
5.307614481890702285e-01
-9.758593161862150200e-02
-6.095438969681843400e-01
-4.953565772033033388e-01
-3.828634862175067655e-01
9.842315262833058187e-02
6.399565268577742660e-01
8.995203827285623843e-01
5.105615907591083413e-01
2.398590212040445369e-02
-3.336905271433419640e-01
-1.768256597324023294e-01
-3.397528514933342292e-01
-2.063952102615201067e-01
1.300471611300027253e-01
4.629316824768599514e-01
4.422385553900729516e-01
2.402459568071855511e-01
2.237300592504121513e-02
1.557007678109945115e-01
-3.315384667741720914e-01
-4.308332527299994497e-01
-1.931486483599797188e-01
2.426727059287606403e-01
4.914472163380484426e-01
5.562793453405645572e-01
3.855898326383057628e-01
3.311345357690421154e-01
1.843246192912363288e-02
-1.283599065973875242e-01
-1.235958598285892412e-01
9.287888789110634868e-02
2.339810372012749440e-01
3.352393533809975290e-01
4.028729360935149328e-01
3.168303844378415612e-01
1.495431827732685015e+00
1.564825124947101020e+00
7.819875273045713282e-01
2.127445797289937712e-01
-6.101461783607083078e-02
-3.139952511807033164e-01
-4.043805595272824127e-01
-2.845649679258563935e-01
1.634853505480854841e+00
9.237403487524994405e-01
-1.519596860875299382e-01
-5.393362947007653840e-01
-5.283722390790325241e-01
-7.160705955120166832e-01
-5.334535622705255387e-01
-1.302698572711348812e-01
4.475609344059298111e-01
-3.563240967408800031e-01
-1.123060456158998299e+00
-1.180397326581969164e+00
-7.257315525564290715e-01
-6.122075429410659408e-01
-2.110350282822613111e-01
9.117497944245825381e-02
-2.735131605008890299e-01
-8.458371310308080426e-01
-1.125264298414647701e+00
-7.125781313942232131e-01
-2.631201421759302161e-01
-2.161207296492247687e-01
-9.679303939764340170e-02
-2.903831965227287593e-01
-2.382001129497768321e-01
-4.367046498243362107e-01
-1.965862433144140164e-01
4.674677491537365670e-01
2.199185741832108409e-01
-1.402847051163163550e-01
-7.437000752566753914e-02
-1.471843694277351622e-01
-2.941086706452795130e-01
7.416693140544176888e-02
4.432888713239544476e-01
7.936925769765381666e-01
5.786719540950811119e-02
-5.255247042545573288e-01
-2.948805671830808106e-01
8.719069725849892816e-02
-3.324790605085345963e-01
-5.489743526471053438e-03
2.571099875403623503e-01
2.060008095546614626e-01
-4.777003320514992546e-01
-7.097727589968489958e-01
-2.174419689978649706e-01
1.063050786975899692e-01
-3.117588884613466949e-01
-5.322370343003265947e-02
1.596794448588796655e-01
-1.387300476729509402e-01
-7.244502493402319443e-01
-5.743677797765985860e-01
1.011257897879650341e-01
1.325311780108386073e-01
3.349823944067328307e-01
2.673065454476629133e-01
2.405033721546768338e-02
-1.373965944862398092e-01
-1.544196389643808232e-01
-1.731314547320113861e-01
7.289508179333246962e-02
2.393866067398502384e-01
1.102431360094966589e-01
1.989603037330676116e-01
3.398881947380797963e-01
3.535651495504762432e-01
1.948297926074543107e-01
-1.565607268796674334e-01
-1.941341507299906583e-03
1.478143033783111127e-01
-3.762685555382394575e-01
-1.072345764442900612e-01
3.021032468450046138e-01
5.336313081752404042e-01
3.294408316034777573e-01
-9.360390034984497620e-02
-1.685015591716726435e-01
-6.204092783362533114e-02
-9.017204575810400247e-01
-9.799214069626661638e-01
-5.796788358537721120e-01
-1.542817807245344952e-01
-2.684128309794599487e-01
-5.213034076115037330e-01
-6.509057266318988288e-01
-3.178653340126922910e-01
-7.154085539420239614e-01
-1.145874754864376843e+00
-1.089309837048120455e+00
-8.563230394487123531e-01
-9.855532465186629398e-01
-9.974197274730118856e-01
-8.265204776444838863e-01
-2.874213301964553269e-01
4.449011990678590767e-01
2.254041058007210108e-01
-2.448885139503972352e-01
-3.188938576421427307e-01
-5.925577633327724358e-01
-5.650868513605930010e-01
-3.304612293411973711e-01
-1.975623379851200456e-01
1.026865516934821754e+00
1.297105466824474140e+00
7.973564184301606961e-01
6.725930449035919523e-01
2.598864482030241452e-01
-2.254796872494000109e-03
-3.693895585889613725e-02
-1.458567821628300731e-01
9.265244288068648082e-01
1.161425250504981355e+00
9.656584184258765191e-01
7.665999528512408290e-01
4.914754610754566433e-01
3.358346369486507332e-01
2.324063664335054569e-01
8.473632717771865941e-02
-4.919790926627299332e-01
-8.435480303786372369e-01
-5.037449690765585242e-01
-4.206396050130933872e-01
-5.280396909488832557e-01
-5.615249214028898983e-01
-5.565329392710477441e-01
-3.723927286394782543e-01
-2.746604406121026520e-01
-8.064396229100354585e-01
-5.392278779864129179e-01
-5.418091631807174791e-01
-5.486620832237785184e-01
-6.847308570760904933e-01
-6.783019955803615275e-01
-6.412872063660399746e-01
9.460162973480942816e-02
-2.155071344441335801e-01
-4.802766849858258191e-01
-5.726251778282837046e-01
-3.347043820977065320e-01
-2.969604213108487656e-01
-2.541999472190318299e-01
-3.300203655227983424e-01
7.233472473200851238e-02
-7.282896035423469527e-02
-3.653059986135010484e-01
-2.279865981098505023e-01
1.989930655221287814e-01
4.015729186837227460e-01
2.172193465730125062e-01
-1.087697337089322917e-02
-5.210310315357882249e-01
-8.746905897409381625e-01
-7.277366875068050911e-01
-6.597134329417281284e-02
4.540873799838016645e-01
5.717426526893378824e-01
-9.497191101164866034e-02
-5.715749377292737021e-01
-4.079684653252596549e-01
-7.980512310616673100e-01
-8.508908329846778251e-01
-9.032822555987692070e-02
3.379902514815419923e-01
1.393615947034860802e-01
-4.957399031754151086e-01
-7.858302143891157110e-01
6.590906591148597560e-01
6.203194177431092804e-01
-2.789525389402663369e-01
-3.952716823279124325e-01
-4.128791015749757043e-01
-5.354920567606197279e-01
-3.155656240678320068e-01
-1.372868101791068773e-01
1.373949089976093108e+00
1.623024854469591327e+00
3.824412600622008052e-01
-4.427212470544068523e-01
-4.320727603739331624e-01
-3.400163209524927760e-02
3.698881552753929824e-01
1.839761093998701635e-01
5.776639159182556105e-03
-2.742122804133344527e-01
-6.780187381583120398e-01
-2.442950302852383848e-01
1.086461455188670211e+00
1.640857007175582583e+00
8.188201164466271109e-01
-1.488853825157009925e-01
-2.447331013769237784e-01
-7.204448188907911499e-01
-9.244627907801992173e-01
-4.460511487142761466e-01
9.556679956526453745e-01
1.404329360379947378e+00
3.251453519804891612e-01
-5.882645407229339929e-01
-2.107333122803395076e-01
-5.784109037697867661e-01
-6.865118487159090899e-01
-5.124561476429948526e-01
3.075786572902165505e-01
3.026353895001555050e-01
-6.519440874633684047e-01
-9.803446273876369466e-01
-5.883084199644485202e-02
-1.860906062254752136e-01
-4.811518713478370457e-01
-5.126491680625628877e-01
-1.941679866696323364e-01
-3.020830541207070175e-01
-7.624254455699209787e-01
-7.683962568749045374e-01
-2.317903652559702155e-01
-1.972564242482548746e-01
-2.680977842191019644e-01
-2.152326333081641119e-01
-2.342109355405199433e-01
-3.119085920701005765e-01
-3.449703811854255009e-01
-3.004732179647032209e-01
-3.686631800740280407e-01
-5.882082047527084079e-01
-4.137322945452098777e-01
-1.602417200260618513e-01
-1.802616013287198227e-01
-2.935627884180270764e-01
-1.463124937236949530e-01
-2.441755002413255327e-02
-3.692400590106783009e-01
-3.651623053871618230e-01
-2.962679615959157298e-01
-3.462820298934508045e-01
-4.034533433991209228e-01
-6.208054234913746861e-01
-4.037970434382879836e-01
-1.085850202599935865e-01
-9.178921940469361718e-02
1.599055558510657227e-01
1.102170704253313260e-01
-2.311584994410438298e-01
-4.441878634979496421e-01
-7.948282368868684333e-01
-4.959466302685740513e-01
5.061916005484312642e-02
2.406958356639417040e-01
3.392532270856872811e-01
1.566366959330645070e-01
8.481937534511353738e-02
3.136170960083293768e-01
5.560894771929446589e-01
6.941641546531465146e-01
4.482493012248306985e-01
4.828951357160778945e-01
7.063681215001493818e-01
3.372151536659663273e-01
5.726936008373954140e-02
1.508129023761419774e-01
4.195957303291838469e-01
6.188910108347284167e-01
5.029721611333082265e-01
4.548042630154394139e-01
6.629571731755082853e-01
3.298876435546787556e-01
7.895982419830716026e-02
1.516223459474252099e-02
2.918795473974427068e-01
4.274927645286837885e-01
2.871525184793127794e-01
7.110112620999822219e-01
7.424877915474442647e-01
3.990846988939738549e-01
3.737319815222437946e-01
3.550834039756516347e-01
5.725168682310192159e-01
6.799769782713973587e-01
3.958999623316651895e-01
4.687973549722254107e-01
5.419340221107569189e-01
3.803379925041511234e-01
4.979253105971542803e-01
6.075863751845338445e-01
7.755921464598004578e-01
6.932319653351968203e-01
3.968975688791128720e-01
1.895120963533158953e-01
1.561987567397374321e-01
1.652493593274669825e-01
2.626472329569879971e-01
4.538407114871901293e-01
5.993503491004987804e-01
3.396733207308251234e-01
8.630844458890291060e-02
-6.745936022801278520e-02
-6.504969647980837211e-01
-7.148934487518732173e-01
-5.652896623468749437e-01
-3.501111127737723816e-01
-7.892342468530956501e-02
-4.005508072598222558e-02
8.463012459766365569e-02
-3.831996959216322218e-01
-9.568492176972718255e-01
-1.006828910327943971e+00
-9.079396958186674027e-01
-7.714998606266826320e-01
-3.763614344938673306e-01
-3.570020927024112889e-01
-5.100626936208729756e-01
3.506537602920897778e-01
4.802162462481815441e-01
4.129868402077843670e-01
3.869500833284187369e-01
2.469982785172079587e-01
5.292469248121674935e-02
8.220792690677566905e-02
5.390429960218776073e-02
4.264262744024118201e-01
5.664888990798950807e-01
6.548911351236494927e-01
3.182074503375619257e-01
-2.039518659806865419e-01
-3.033731692452136253e-01
-6.276019729434609284e-02
8.024939719708842900e-02
4.709862683344133716e-01
5.270772121238119778e-01
4.504577570383053731e-01
-1.975592735880100648e-01
-8.537284379798438794e-01
-7.232910726353062314e-01
-2.020057107326179158e-01
1.702379744402295891e-01
2.366913337657845506e-01
1.661664586901482887e-01
-2.824988816801202174e-01
-9.487782920456658831e-01
-1.186619867496256919e+00
-7.180676367186810127e-01
-9.751233835058896807e-03
5.679445977587819216e-01
-3.666468724427279779e-01
-4.075979051278977305e-01
-4.461890082325222773e-01
-5.401385519944165159e-01
-4.615070454863107741e-01
7.807024629111977698e-02
6.838169991634540645e-01
9.412465849151424591e-01
-6.316966880846569543e-01
-6.503361323317801146e-01
-1.800703597399594957e-01
6.776182646576428548e-02
2.735880388533120655e-01
8.276225688186534812e-01
1.226466191753322610e+00
1.031119708361054599e+00
-1.749196773684405237e-01
-2.141651679013679976e-01
1.567997204715432802e-01
5.602565967689187021e-01
9.700350700231005208e-01
1.042001426138371656e+00
8.708970581647202946e-01
5.419599880948910986e-01
2.806631379288399009e-01
5.477745309918753414e-01
5.713409880735312862e-01
6.868801870177041469e-01
7.892394095549315480e-01
2.443572122906944311e-01
-9.002849262862468172e-03
-9.221269519230396172e-02
6.586627536869605892e-01
4.863163795377630216e-01
1.022735133767057637e-02
-4.582560563370952633e-01
-5.202218584419125991e-01
-4.389463914163062586e-01
-1.137041536413253423e-01
1.193965638475652097e-01
-3.436546496109161297e-01
-2.628324204496633731e-01
-3.488294307780093750e-01
-6.656311360181874637e-01
-6.473632560618661769e-01
-9.236878978361937609e-01
-4.269425471689042295e-01
1.423523976956620786e-02
-1.144951968364252171e+00
-1.022244793705380461e+00
-3.822916816084981351e-01
7.782117927842183798e-04
1.128127910991734845e-01
-5.820215719081519579e-01
-6.160188220240458978e-01
-2.079626719873328977e-01
-6.086278586355103881e-01
-3.801472749582758826e-01
3.974817151677203508e-01
9.470963254323163660e-01
7.744356541912018610e-01
4.904205049433592312e-02
-4.357126756962587111e-01
-2.236584684992544148e-01
3.363524548359548283e-01
4.053533218084025003e-01
3.080675332019152113e-01
7.572410302923525682e-01
5.697423348497435702e-01
1.540248524989538612e-02
-3.529371443621284743e-01
-3.595537360147234573e-01
6.497524210420921875e-01
3.118426113899934737e-01
-5.183312824705892385e-01
-1.935374788012729774e-01
1.103585081190875394e-01
-3.029468660805337277e-01
-5.743210359413450927e-01
-4.856614849151465463e-01
-1.535254160692773595e-01
-8.764425542932935409e-01
-1.270203781292993384e+00
-8.741682036125917321e-01
-2.327618631313947417e-01
-3.108143721552242278e-01
-7.307142279339746693e-01
-6.775278643920764621e-01
-6.456321516956536888e-01
-9.795867864428046135e-01
-8.559023504252097903e-01
-5.385350085327447189e-01
-1.407339837921490477e-01
-1.012166290532303531e-01
-3.149782134842158965e-01
-2.791768801296463653e-01
-2.243786412712173717e-01
1.448598894958607053e-01
-2.152600013466521023e-01
-6.552984636422261033e-01
-7.998893627101922865e-01
-2.515207609022735435e-01
-3.820960910872676641e-01
-8.719035059463442483e-01
4.350923111717296954e-01
1.328763086312236386e+00
6.798419999208729081e-01
-3.329215716453974294e-01
-4.773035017171723404e-01
1.252973430148190126e-01
2.910002016759571583e-02
-7.232939188066074276e-01
4.884826758941382963e-01
1.285320632866944646e+00
6.437851625826385149e-01
-4.160754250218830497e-01
-4.141613761213766010e-01
4.463685076468139612e-01
3.066153138718343274e-01
-5.265655153235258013e-01
-2.784395005697808956e-01
-1.418869753743302875e-01
-2.895198176032447446e-01
-7.767480650826721345e-01
-5.967358234482217361e-01
4.325292023306686051e-01
3.385917657935585967e-01
-4.552332077095093688e-01
-7.214100663737581520e-01
-8.408702063930254544e-01
-6.842092751273094464e-01
-6.433085549633517086e-01
-4.010599044052243212e-01
2.699207858124464954e-01
2.212389356555324871e-01
-2.408573806924237670e-01
-4.408310318581774578e-01
-5.925740008858033647e-01
-7.472495332576397642e-01
-5.424799768733058469e-01
-2.789751922182599070e-02
2.223639284999813781e-01
-2.095860801796616546e-01
-3.820340269570643987e-01
-1.489387280519790524e-01
-6.208992039721765721e-01
-9.150470461091951835e-01
-5.377533531034995873e-01
3.036650839840937532e-01
4.037891706261991787e-01
-5.176714283835707198e-01
-8.742197177157650101e-01
-3.136663009385127765e-01
-7.657673151719442961e-01
-7.373882409848923070e-01
-3.010377257528168427e-01
2.013952100661793032e-01
7.623155990701345475e-02
-6.345084531261719896e-01
-8.519484020586346462e-01
-4.850387997185763855e-01
-3.136180263193676376e-01
-1.601463483868506010e-01
2.731418295276115682e-01
2.386667971399042132e-01
7.216273884930697602e-02
1.232621768529757328e-01
-1.266700579087799705e-01
-5.535712520370340561e-01
-5.792919704395110836e-01
-1.841460376704438517e-01
3.583325226262699115e-01
4.585001497471616894e-01
3.366353541777238334e-01
2.202216659266945931e-01
-1.203953450780833601e-01
-6.087252273262744318e-01
-7.944414203114625872e-01
-2.041505347452793606e-01
4.053616561327479939e-01
7.095441717534270998e-01
5.980788256644720136e-01
1.949263262751821102e-01
-2.218051183356047618e-01
-8.570468796225573227e-01
-9.895001704860937330e-01
-9.299244603897670325e-02
7.079207166398048257e-01
9.312315551974452710e-01
3.181350260740646863e-01
-2.525123256445991893e-01
-2.747281330319408799e-01
-9.678344326980916623e-01
-1.014526166020158549e+00
8.224363733976798596e-02
1.153171475208620178e+00
1.338597509612920788e+00
2.798782904849885789e-01
-4.687187558014188071e-01
-2.200744862936144519e-01
-7.908107173843598181e-01
-8.123589146491717594e-01
2.386370704109307406e-01
1.354674912905225570e+00
1.465644292622290124e+00
4.427219703886693392e-01
-3.926559294833591451e-01
-2.586799886910974844e-01
-4.385789879310447170e-01
-5.216432130467222317e-01
1.694267151246359737e-01
9.671993620685317428e-01
8.418647124128547654e-01
1.054210303534526966e-01
-4.336902702138759613e-01
-3.739943764040838947e-01
-1.814010202508490877e-01
-3.559060398227799071e-01
-6.297452130261126102e-02
2.921008269780112632e-01
1.562882620716697923e-01
-9.342859746606210769e-02
-2.957614919778099871e-01
-2.729560154571159525e-01
-2.324532765753172248e-01
-5.055321089581321647e-01
-6.267570415545614670e-01
-4.931809637977577210e-01
-2.988095161513385500e-01
-2.747193150272553286e-01
-5.131654604687004850e-01
-6.849203497176545863e-01
-3.636693786630373904e-01
-4.977600324836833900e-01
-4.545938501984509994e-01
-2.997337678112565462e-01
-1.970455366784757134e-01
-6.657550410717378853e-01
-6.061240355123442836e-01
-3.960895879578194556e-01
-4.036081923526083082e-01
-1.768245962006634031e-01
-9.817410261168896257e-02
-1.430694363182925810e-01
-2.251258129855858714e-01
-7.021496889119617224e-01
-4.897170238694780187e-01
8.467136688290824442e-02
-2.901461709253122523e-01
-1.016083929710963896e-01
-1.352853983373596136e-01
-2.341911955147904234e-01
-3.546749722724759080e-01
-6.077658395666181157e-01
-1.066857425392981340e-01
6.453394406223881274e-01
-2.928829159311094887e-01
-4.503446400174855313e-01
-4.749399328576176527e-01
-1.389528819629485545e-01
-2.203278312583917820e-01
-3.179619457832304485e-01
7.187283996940909692e-01
1.259984988972660203e+00
-5.492102283028062193e-02
-1.881670232747024718e-01
-2.812050560914353681e-01
-1.280007981694369391e-02
-1.912691417880621469e-01
-7.164847369640076069e-02
1.278805632660685365e+00
1.686955929881839067e+00
-3.443152853789424594e-01
-3.864967701601634276e-01
-3.379617715166485237e-01
-3.009864119707943431e-01
-6.206256647990046060e-01
-7.038427105990958665e-01
4.492110214105696220e-01
1.234738419387535924e+00
-4.540348534387206314e-01
-3.374014405441013720e-01
-3.919981574192150098e-01
-5.613282599612752222e-01
-6.927978406717590909e-01
-9.375246656092719455e-01
-3.233253816301432382e-01
2.460470583948964618e-01
-8.496388667890475421e-01
-3.503580605476701026e-01
2.246404914648727769e-01
-5.452694779356483945e-01
-7.241311608244026532e-01
-1.328415881815840638e-01
3.203043552261953253e-01
4.796294291178315183e-01
-7.436332154272469186e-01
-1.635301977400309137e-01
4.393290807089186845e-01
-2.583643898579557896e-01
-5.672511029833462448e-01
-6.045146216871654099e-01
-2.385372141103104804e-01
-3.412713015236294809e-03
-6.942104428203365041e-01
-1.183995655986325168e-01
3.845741061386374615e-01
-1.553798617223631218e-01
-4.006965676547418753e-01
-6.854471320125185008e-01
-7.679314435552891949e-01
-7.363672782353967161e-01
-8.183687778781885136e-01
-9.879778951022993860e-02
3.925864142030556225e-01
-2.329509992414795227e-01
-6.481842464826229611e-01
-6.901688811653469147e-01
-7.747830048496116007e-01
-6.418518140747472289e-01
-9.283002442875145643e-01
-4.086033472458366206e-02
6.847646512186403855e-01
7.023770912010703082e-02
-4.884869102484323267e-01
-2.910767354683047037e-01
-2.988029773385376120e-01
-4.430742439029574653e-01
-7.917324390012762114e-01
5.004145866858134006e-01
1.316750882640317810e+00
5.815240829807409861e-01
-9.661320463198024011e-02
2.102896652044924930e-01
2.081516783486154765e-01
-4.465936173201310866e-01
-8.364595114662122244e-01
5.913466860607566877e-01
1.042959073360140376e+00
-1.265925623064299670e-02
-6.366684977754355490e-01
4.871920788550412190e-02
-1.638741336877038920e-02
-6.865965476665696343e-01
-6.526160658372119894e-01
3.280376579295757877e-01
3.010876897879876113e-01
-7.723696196656353319e-01
-1.080404047420545854e+00
-2.248582306656512209e-01
-3.762446023731454980e-01
-6.966081884654377054e-01
-1.918999998069166046e-01
-2.827151778945556360e-01
-3.579136324653843793e-01
-9.634447509268323495e-02
-1.544667739392467654e-01
-1.695086698326382924e-01
-6.192709107566034960e-02
-7.112082460892581171e-02
4.243369646171128023e-02
-4.584593486644281818e-02
-2.103005383713250354e-01
-1.295361336867293933e-01
-3.404403157467475460e-01
-3.989502781630958061e-01
-2.950153148211286935e-01
2.779846915760983417e-03
9.476144797560410726e-01
8.375488795934974418e-01
1.289251862987734198e-01
-1.552511314545029775e-01
-4.701616482112133677e-01
-6.002900599491961531e-01
-7.055769582565576403e-01
-5.324922297502875379e-01
1.896011253168008892e+00
1.688501942910375364e+00
4.303398371312234794e-01
-2.335238810989758440e-01
-5.526493397046386979e-01
-6.664512169156153742e-01
-7.959873711306896249e-01
-7.337379956579470619e-01
1.302772529042043326e+00
1.058060101677978038e+00
-5.551700073281675557e-02
-5.890100238146116496e-01
-6.339142380361932894e-01
-5.221221976333099146e-01
-4.846570453028009040e-01
-4.865547843884087120e-01
4.612050664701012881e-01
2.575475401168766387e-01
-4.603750271908975122e-01
-7.056064175392198212e-01
-5.483003174221496856e-01
-3.023706648187847179e-01
-3.174859189166456819e-01
-3.170790473617350891e-01
4.799057574242700935e-03
-3.196089828962621338e-02
-4.506493240981653825e-01
-5.684752280754254983e-01
-4.725929235720700006e-01
-2.531300858632209994e-01
-4.399421909036607126e-01
-2.793595240213655462e-01
-1.373238456344035852e-01
-7.253967461931308536e-02
-2.691101500523584988e-01
-2.459759933762162287e-01
-3.278753326371953714e-01
-3.114125012055137254e-01
-3.667215579834616768e-01
2.482030369006520479e-02
-4.575629789922660007e-01
-6.043125517045321304e-01
-3.851660235661737430e-01
-2.575328182896364781e-01
-5.806605250700270782e-01
-2.880861299282466148e-01
7.885957503557804449e-01
1.074436641500770451e+00
-1.661768683407205682e-01
-4.678589384509324045e-01
-3.260507745684977365e-01
-3.634866127065295993e-01
-7.401095806984536729e-01
-3.983178024397496936e-02
1.603391257676890502e+00
1.839721149328395366e+00
-9.229921950983294154e-02
-1.410580106386334076e-01
-6.912619369130182378e-02
-4.711987170423246329e-01
-1.033066866088939273e+00
-3.823830089400512278e-01
1.119910895792985306e+00
1.503741761513723851e+00
-2.418603859712249171e-01
-2.328631786281801230e-01
-2.209747752574464374e-01
-3.942979863478767721e-01
-7.988624064098411859e-01
-6.059337375729710873e-01
2.839282286327594607e-01
7.271466751291782993e-01
-3.517589560698178852e-01
-3.745843222342171153e-01
-2.780259192621138409e-01
-4.871320528455195392e-02
-1.519802039772621127e-01
-4.290457359113200586e-01
-3.057250974495900331e-01
-4.444221382572116500e-04
-3.543388545573240567e-01
-4.982764711933178603e-01
-3.093109409135083032e-01
-1.565086538305211772e-02
-2.185218950628107712e-02
-4.240689171665043555e-01
-5.523861601484768569e-01
-4.125094189339169604e-01
-3.771142161962667827e-01
-5.724647924404999699e-01
-2.890657772441702078e-01
-4.713839248985506741e-03
-7.937779987189759467e-02
-4.127099246455547266e-01
-4.172515317985728833e-01
-3.307918739365623972e-01
-2.480734388180980687e-01
-3.502097664028417379e-01
-2.713985434413622722e-01
-1.654121750106975763e-01
-2.093511139469972082e-01
-2.344061786641630507e-01
-5.544233462431782944e-02
-1.682321167604160783e-01
-8.682121892937363361e-01
-3.509443765042143393e-01
1.023668266956377026e+00
1.725294867681254729e+00
8.285267796915489757e-01
-3.748872875148383521e-01
-7.018074780713777772e-01
-6.004151084740830813e-01
-9.975261180773611347e-01
-3.961160759115819330e-01
1.209133306813804820e+00
1.702530451283504886e+00
5.094842697856172276e-01
-9.428287118332687733e-01
-9.492162009800146905e-01
-5.625894822003701945e-01
-6.803694918365634781e-01
-5.287793164207773566e-01
4.052285411509678470e-01
4.165583308700062659e-01
-2.177844681426950868e-01
-8.567711223264489195e-01
-4.998544546618647888e-01
3.269840246207382506e-02
-3.789440614720143707e-01
-4.916689281418702984e-01
-2.433402429308909320e-01
-3.934995094379532543e-01
-4.569073223097326331e-01
-4.135375783530355065e-01
-9.952078849748845213e-02
1.871775404407213517e-01
-3.097254679018642820e-01
-3.302056957122534997e-01
-3.924406086318367182e-01
-5.264795525978085422e-01
-3.235056820097039210e-01
1.690022193088248914e-02
1.122956055826572486e-01
-2.205922515115500693e-01
-1.890840793088939542e-01
-1.798766232786238040e-01
-3.232523244463615386e-01
-3.741304642741083430e-01
-2.064791520816588732e-01
-4.367390991448355519e-02
1.381048136934009268e-02
-4.809866030045025220e-01
-1.998645791112765163e-02
-3.725518744340702293e-01
-4.832310816918584662e-01
-2.298994688581006973e-01
-1.173524628581939927e-01
-2.970601884158088346e-01
-9.054947052376548233e-02
-2.164416036753551431e-01
-5.571629078448100264e-02
-4.891773660281651948e-01
-5.154197095265627970e-01
-8.407357075174312633e-02
1.196604045909253206e-01
-3.043640610912040634e-01
-2.424390844911784026e-01
-1.904586871695978789e-01
-1.265022460702707185e-01
-3.042061028573789239e-01
-5.436449278151146425e-01
-3.778878699951745967e-01
-2.060573421865322663e-01
-4.562758331578420368e-01
-7.146098560202731598e-01
-4.712243229407108158e-01
-7.462659707188928904e-02
-6.769546757209182752e-02
1.069111083904197568e-01
4.867738160260139946e-01
5.894610908999955434e-01
3.115252814125623049e-01
8.709823993230966441e-03
4.699686943068465128e-02
1.705179850648055329e-01
2.000395279314598762e-01
6.613894264225070874e-01
1.335966089806383206e+00
1.409609768822144282e+00
1.039345572126532113e+00
6.756686517532682901e-01
4.483914236000026698e-01
-2.033436857847615784e-02
4.005251587467464208e-02
4.451533294748982739e-01
8.854880459219607314e-01
9.453115985977799118e-01
8.286671855826619471e-01
6.221010708714104220e-01
4.127956835689490234e-01
-4.112516468774061740e-01
-3.096822626952904778e-01
-1.169886113916704107e-01
-1.966355347951470600e-01
-2.991175563934200810e-01
-2.541947907366018389e-01
-1.434662920372529460e-01
-3.661368802950724227e-02
-5.746587814819462681e-01
-6.076601265919485684e-01
-4.906306851451862072e-01
-7.758374333440258841e-01
-9.949428751402349391e-01
-9.366070833062002388e-01
-6.394519023441529448e-01
-4.134523078916415018e-01
-4.679068795603446018e-01
-5.145834642837444628e-01
-2.723705731443333833e-01
-6.167871650850802467e-01
-1.078956016530504103e+00
-9.742309244378410948e-01
-5.686567312038154354e-01
-2.003438256045091126e-01
-1.349208704804815417e-01
-1.171688115045600720e-01
1.685872155486155821e-01
-1.698284418893084846e-01
-6.922927245581406153e-01
-3.748029041906082437e-01
-2.960993232236172612e-01
-2.394502300595841293e-01
5.525062220501985033e-01
1.076641959309158070e+00
1.257423092121005226e+00
1.238343837594440000e+00
9.073114779880414593e-01
7.801061855496489450e-01
1.069280785888254925e+00
8.347601986970015764e-01
5.402364095576024372e-01
8.564350037936822035e-01
1.036818813438578069e+00
1.066203253520726868e+00
7.649818975252206110e-01
6.352882241670015917e-01
7.586261458671459401e-01
7.057665846215899208e-01
4.516396230084717134e-01
3.604005537150073990e-01
3.508238726565172105e-01
4.158830876827466216e-01
2.345974232787683966e-01
7.291957172395575892e-02
4.678017108742156538e-02
1.119695899437081754e-01
-3.260143398855273184e-02
-2.595716812943982821e-01
-2.732089816977040786e-01
-3.511494611900880386e-02
-2.135447525677113545e-01
-4.389409527326326166e-01
-4.306108588410048066e-01
-3.670295579332307212e-01
-9.802268240677491917e-02
-2.375564934055866273e-01
-2.499878646614835942e-01
-2.241019743520575591e-01
-4.843696732135135408e-01
-6.528992632137219365e-01
-4.821978334622524787e-01
-3.086617402563320289e-01
-1.628132524121430613e-01
-4.764894164559916323e-01
-4.681083764046330975e-01
-4.619479257643647196e-01
-4.450468586114715852e-01
-4.843534073450103672e-01
-3.780365878723517814e-01
-2.407683501829169237e-01
-1.782756590910493932e-01
-5.197984753633999588e-01
-3.769455197061433727e-01
-3.033966824365577630e-01
-1.399484645577059594e-01
-4.688526591948624644e-02
1.203426343359868984e-02
1.244979547610448462e-01
-1.684840109746640058e-01
-5.978624096622293660e-01
-2.243805779108702103e-01
-1.462157494333092903e-02
4.289159646087331058e-03
1.531938577008144509e-01
9.414382645028605834e-02
5.488599385516482881e-02
-2.439888802103641341e-01
-3.353456490892432473e-01
-3.425900954560902600e-01
-1.953103612291908209e-01
1.746791834965494457e-03
-2.325873821712814704e-01
-5.388064486673916909e-01
-5.563718151109129373e-01
-3.138734995197356437e-01
-5.583549157971160470e-01
-4.258219388362384228e-01
-1.313853241805838512e-01
3.098940177909128568e-01
4.019963543938838146e-01
2.184480218611570268e-01
-2.162885690141630179e-01
-5.614508317437966189e-01
-8.932776158374593489e-01
-9.672595486385422436e-01
-5.572218793966252637e-01
3.120774371981580586e-01
8.527542175759353915e-01
8.731377611930430938e-01
1.326570502945531027e-01
-4.031072182416566285e-01
-4.348670534500992946e-01
-9.507445249092261186e-01
-1.016636452016115300e+00
-2.714270549217640549e-01
3.687128699258951925e-01
7.702448050598558194e-01
2.779976269633197550e-01
6.169005800995289723e-01
8.967312577540610397e-01
-8.225918185809294458e-02
-8.558527955458006264e-01
-7.880814641939328791e-01
-4.954386178703099053e-01
7.113508302043215770e-02
-4.180666015066231839e-02
1.348449609103528513e+00
1.820583713925366665e+00
6.968984592704752234e-01
-3.671641136928484594e-01
-6.130573397833777305e-01
-5.600551632671957325e-01
-3.719180175777124786e-01
-3.306520965802773326e-01
6.687688922871025676e-01
8.853655933686147561e-01
8.198046350807698668e-02
-4.912244285471026317e-01
-4.962344468938116315e-01
-4.536883462047463511e-01
-6.767801440298772953e-01
-5.796004490610247029e-01
1.863891035710914940e-02
-8.971542868894687162e-02
-4.264446790505889706e-01
-3.773138420784475922e-01
-2.148082725034659024e-01
-2.957772506099958787e-01
-5.549695911541727700e-01
-4.452020401409376160e-01
-2.183009704173776572e-02
-5.580685876466363882e-02
9.754605523474814410e-02
2.638151100533850379e-01
3.138939164001872117e-01
2.033615494136874757e-01
3.800057506781181482e-01
1.402865643594543577e-01
2.929824331881669686e-02
1.258200370074654129e-01
8.093630336353682675e-02
2.190440725920626830e-01
6.681275292039831060e-01
2.927286517497678098e-01
3.762354235239876443e-01
4.192263251334242824e-01
1.382629897910721273e-01
7.338065906271268313e-02
2.618988571227888751e-01
4.149522894161355446e-01
6.059059143961229577e-01
5.414738224432016356e-01
4.509797387623868947e-01
3.266142376705540862e-01
1.052949811697628107e-01
7.417444468300002543e-03
1.930906900393114245e-01
3.590319123428682979e-01
4.667271331561894665e-01
5.936058553098030321e-01
5.731822044214274214e-01
2.574882464244571123e-01
1.966551058366269311e-01
1.508718747451270881e-01
1.972428419588422854e-01
3.335634080369905274e-01
2.019817255996082250e-01
1.726128644380056087e-01
2.946641574002677455e-01
1.013844575025294598e-01
1.487243852164165936e-01
2.564792174614167197e-01
1.518331430807043914e-01
4.517669031404177027e-02
-1.945288135096951698e-01
2.009443201015797542e-01
4.079246956869297391e-01
9.953085222884423822e-02
8.964745160697751292e-02
4.124638585291936499e-01
4.376288143484295956e-01
3.779781549721890066e-01
3.666626975880585837e-01
5.224851193937241067e-01
6.898879679299211309e-01
6.556581468459972140e-01
3.879214642617696551e-01
1.741917112094920617e-01
6.589082376037233013e-01
3.274582761402569653e-01
5.942798489532412631e-01
7.285293353547578343e-01
7.850016847682601551e-01
3.596111979566651295e-01
-3.955084690637963307e-01
-5.956505499674162873e-01
-6.919386970304354234e-01
-4.225055128816794237e-01
-3.083737885951020608e-01
-6.136589040343897183e-01
-5.442739505199251093e-01
-3.887027224861048791e-01
-1.513685475915229062e-01
-6.657152059107536157e-01
-9.668062028296314780e-01
-5.680637381877668979e-01
-1.024831981993668539e-01
-4.274187522283766083e-01
-6.431536738845593515e-01
-6.859237053760252056e-01
1.505456001097701946e-01
-2.775226577639335335e-01
-5.705293800280180072e-01
-4.447308663114073468e-01
-3.252614584658417018e-01
-3.047380247760923533e-01
-3.064864770066295097e-01
-2.129794827320053430e-01
2.507545598325892633e-01
-3.236167166558553271e-03
-1.672273302087833313e-01
-2.227781418288878601e-01
-4.291367758208320393e-01
-2.783391784844062022e-01
-2.556523093206771735e-01
-3.667721692680355611e-02
2.064890843814977672e-01
-1.363474090840474939e-01
-3.291719705979935240e-01
-3.819866438506366313e-01
-5.861821663057636966e-01
-3.717362953513801416e-01
-2.798273840403512347e-01
-1.625232403908307699e-01
-1.552806054109978351e-01
-3.831650187216026904e-01
-1.854687912682343731e-01
5.124858860608081518e-02
-2.559135950229373679e-01
-2.402751468787141798e-01
-1.081382004763271759e-01
-1.068244905578538163e-02
-9.947643932713892134e-01
-8.423491487504997099e-01
3.890628373297387310e-01
1.476261638817333299e+00
1.095691992479449484e+00
2.721369088287290405e-01
-4.121226733236426631e-01
-6.302033166887657245e-01
-7.101316178979170113e-01
-5.312578417902505956e-01
5.842262505223130287e-01
1.593512490141844484e+00
1.149632726318066789e+00
1.274962438999707182e-01
-4.364648202348230255e-01
-5.774102030251698769e-01
1.177813417725228184e+00
-5.777002772454961077e-01
-3.115331254715276166e-01
-7.398757532270325843e-01
-2.605679478294009033e-01
9.793447640949852762e-01
3.169044185992042184e+00
3.189515618089450166e-01
-1.646372107962095876e+00
-5.954304580491877052e-01
1.356574385797586935e+00
9.928880683736390766e-01
5.678663647782730139e-01
-2.484102433370349028e-01
-1.098739791137651745e+00
-1.162323335532494895e+00
-1.886770333761610852e+00
-6.261619938778870686e-01
-1.312397882028926821e+00
-1.906354879070124353e+00
-4.292385485120081001e-01
1.843631256627212167e+00
-9.147514848000057874e-01
9.347345401126039288e-01
-1.269633286383582638e+00
1.325863881918943443e+00
-6.576968217396488292e-01
-6.043559349864540131e-01
-9.861253394577408349e-01
-4.572650049032997988e-01
1.140238935492448258e+00
3.189917824824928694e+00
4.642159020070811826e-01
-2.081953447353307673e+00
-1.008124652817327327e+00
1.338022750523267135e+00
1.273409471719622488e+00
4.595187751029034540e-01
3.138260556753963981e-01
-1.305823393964392842e+00
-1.441532056264553940e+00
-1.125646510052829674e+00
-8.582560253732217648e-01
-1.409497369960614810e+00
-8.771511940963399034e-01
-7.920677182386607340e-01
2.610004711543069345e+00
-1.013424824669736157e+00
9.271741270603456320e-01
-1.669635592566552029e+00
1.466906705794847054e+00
-8.341240834923945302e-01
-5.683250803417624342e-01
-1.217391690906527657e+00
-4.407102009675062937e-01
5.067413262245092920e-01
1.502091390104109525e+00
2.111437458877496454e-01
-1.887919665112371970e+00
-1.396268702072394063e+00
1.130944290128857554e+00
1.442018207554398357e+00
-5.146539558501023182e-01
-4.775498783694731575e-01
-5.285375267718740444e-01
-1.594583327934984585e+00
-3.171595188135943322e-01
-8.337181786891122437e-01
-1.123237485656825907e+00
1.911955288196370839e+00
-9.278192682458951124e-01
3.066492301349782235e+00
-8.734456442744801263e-01
1.211409830807361976e+00
-1.941522592798289537e+00
1.367574325275880076e+00
-9.192138688829554205e-01
-3.042254183977407545e-01
-1.718028676983630154e+00
-2.425777090833986793e-01
-3.610657199203366474e-01
2.777981860728542807e-01
-4.812947068532472811e-02
-1.657626437378874495e+00
-4.276121158997381877e-01
1.070275731758394855e+00
1.195906266644796823e+00
-1.386952189404609959e+00
-1.621738383651260218e+00
3.861594963170455475e-01
-1.362996900528017141e+00
-1.115590591382681573e+00
-7.067238360759481308e-01
-1.017583784386656420e+00
3.422417723768935272e+00
-6.880676335959430290e-01
2.973753033287136471e+00
-5.089043870148118875e-01
1.577064427790275447e+00
-1.588481480887048880e+00
1.122206687558580995e+00
-9.106472264441691777e-01
2.038986000864424775e-02
-2.244093558805634547e+00
5.351190164960527990e-02
-1.195844798828396449e+00
-4.883950841069714666e-01
-2.531368161469136902e-01
-1.745862235867585266e+00
2.052594217742989446e+00
1.249067137758260948e+00
7.502293500505312629e-01
-1.744655744412472398e+00
-1.711624576578973933e+00
7.292545032980981556e-01
-1.277768934614171403e+00
-1.763702029938748916e+00
-7.954849594586516082e-01
-1.423063905660761019e+00
1.382491269725688587e+00
-6.150770108180453333e-01
2.579680067407907451e+00
-2.575925473692622925e-01
1.720287947090886060e+00
-1.328891188116587463e+00
9.445713944054490163e-01
-8.414437159806017474e-01
2.580048565062630084e-02
-2.211793948957154310e+00
1.955493058562964293e-01
-1.897233336765396405e+00
-1.080003841919716656e+00
-2.736020604813813595e-01
-1.919759534504258847e+00
3.235421727970193562e+00
1.651273528187965800e+00
4.272505058806414513e-01
-1.567794324602665545e+00
-1.240216269712943964e+00
4.716632176706878066e-01
-1.499283297487074451e+00
-1.132422055944424910e+00
-7.728680028532519675e-01
-6.083226446671300414e-01
-1.175096632752834935e+00
-1.006560473156398405e+00
2.300846344603841853e+00
-4.926498704122278527e-01
1.837050057616538945e+00
-1.551239157097581645e+00
6.585674132358899646e-01
-7.654987404241878624e-01
-4.954937984767978504e-02
-1.994365210083082429e+00
2.042838693431823227e-01
-1.768310125521576293e+00
-1.175189768876563789e+00
-9.742189235774435796e-02
-1.968849080453282774e+00
1.390578763660388351e+00
1.768668141952119077e+00
2.756406070842487566e-01
-8.783156883972956797e-01
-1.416247595904790213e+00
8.921835872522666799e-02
-1.727813826493935112e+00
-8.775665657050016333e-02
-5.723406215685108434e-01
1.493087444148602838e+00
-1.904252381303982222e+00
-1.181719915943932664e+00
2.415370192259751470e+00
-1.048759854882299392e+00
1.868915880016542852e+00
-1.760209243111869215e+00
4.253797378321464429e-01
-6.490274738039388813e-01
6.228121085932549622e-02
-1.551641817858724126e+00
2.140979041634943902e-01
-7.254608375579421065e-01
-9.627954250950808701e-01
-5.498827990094490303e-02
-1.717223011463370863e+00
-2.896147393873468312e-01
1.474594255340972992e+00
2.760748550289372494e-01
-3.027679417692229480e-01
-1.858704023755753498e+00
-2.305394827147200232e-01
-1.607466909804265986e+00
1.307216523858152346e-01
-5.237944497823432410e-01
2.187909390921464414e+00
-1.421539165607178967e+00
-9.325769723974710601e-01
2.177962258926833261e+00
-1.273755974227249954e+00
1.778001568447988179e+00
-1.547310095715283218e+00
1.448244332757865127e+00
-5.617576751218182896e-01
-1.035864144220969951e+00
-9.000106410072378216e-01
-5.348535255289039725e-01
1.539708339957019056e+00
3.149932179209844474e+00
7.251669514537646688e-02
-1.375643375307884719e+00
-1.088159889580053274e+00
1.709247798219244885e+00
1.211374595753909933e+00
-1.054750396690438130e+00
9.341897274700285969e-01
-1.368399440923431243e+00
-1.273367217349338221e+00
-2.042922920352551408e+00
1.154360535831458756e-01
-1.039450177057539282e+00
-2.161840408312686090e+00
-4.354325523193977761e-03
1.823169667847000186e+00
-1.197336467727467157e+00
1.003040936726675270e+00
-1.184910231473843112e+00
1.676933759067572138e+00
-8.507169304631753137e-01
-1.478875378099576920e+00
-1.126283689769203011e+00
-9.586445679222347360e-01
1.968009131970280379e+00
2.011626492403013611e+00
3.858071901235769485e-01
-1.878489582702307148e+00
-1.738157592565740206e+00
1.819376678544521342e+00
1.517649409779026515e+00
-1.330094572383828000e+00
2.235680149459571275e+00
-1.604495425578223111e+00
-1.383513478752788961e+00
-1.033496953042343236e+00
-1.474387120311093369e-01
-1.147551786503905324e+00
-1.011959037073147050e+00
-1.326729599525818259e-01
2.380675439303798324e+00
-1.523956603686038358e+00
1.001217049294095052e+00
-1.780742553601746270e+00
1.724944190587509141e+00
-1.139534576148454770e+00
-1.447852604159875156e+00
-1.336255410875404559e+00
-1.065146451413701012e+00
1.580302201453696265e+00
-3.239872638384909131e-01
4.945956133153848189e-01
-1.876568914869604310e+00
-2.282858771072851400e+00
1.362508864138164411e+00
1.561920603125552587e+00
-1.570268887448431405e+00
9.612552619358221140e-01
-5.672323513585463273e-01
-1.454437403370374193e+00
-9.393877195990114892e-03
-6.124485003273894002e-01
-1.091782000821033716e+00
2.056787298141865339e+00
2.749130547717072437e-01
2.687766112630653570e+00
-1.419366197422615050e+00
1.426548357227260366e+00
-2.273792855419737080e+00
1.491075021614144180e+00
-1.066190791533028648e+00
-1.128421399924923962e+00
-1.786473194945298326e+00
-5.838023369473188673e-01
6.284533520248436478e-01
-1.450348360708773043e+00
3.841460844988235923e-01
-1.839128843038948080e+00
-1.092791070924736818e+00
1.049397817195708349e+00
9.171413472545191237e-01
-1.656759337403097554e+00
-1.254699833485161564e+00
7.475192377824011469e-01
-1.243812876315871119e+00
-9.588415808092083381e-01
-8.367265767439752144e-01
-1.394559990279243822e+00
3.248940523367703559e+00
1.108081445470983306e+00
2.600540103199168396e+00
-6.868281820005355254e-01
2.050561138557566832e+00
-1.810217912939362073e+00
1.115276893164916849e+00
-8.171303981733253341e-01
-6.951969872589052191e-01
-2.227895678792374934e+00
6.504072379217740174e-02
-7.769820939770316626e-01
-1.754131501992526543e+00
-5.388002109488219948e-03
-1.976165917807743755e+00
1.532315613428103518e+00
1.194003093191744025e+00
7.737126714150159568e-02
-2.053234812385715813e+00
-1.431863305585407087e+00
1.300882095556680440e+00
-1.270297881527470585e+00
-1.920426066806779630e+00
-1.079132811715400431e+00
-1.925506628786159080e+00
6.208300993461594031e-01
1.226217890600453053e+00
2.238737452692013630e+00
2.600008764633754410e-01
2.415319658743856568e+00
-1.363277390167872971e+00
8.699250006900292043e-01
-6.010048381125512318e-01
-5.347759456441130155e-01
-1.915750630442167868e+00
4.236335918172751125e-01
-2.196926966721330921e+00
-1.814779899693233389e+00
-2.995109195318526041e-01
-2.105776318221935117e+00
2.375902005942381212e+00
1.648206329511914925e+00
-2.622546910018590527e-01
-2.300471586310107064e+00
-5.113627268410533278e-01
9.373793398131374799e-01
-1.782746700889327185e+00
-1.661574598317498319e+00
-1.262011325375860471e+00
-4.092782166212310946e-01
-1.948044474747428811e+00
5.153930761764961010e-01
1.921615805131499766e+00
5.832750132271209420e-01
2.426648912842474193e+00
-1.543175342096992919e+00
6.117928391975531177e-01
-5.929835351162839885e-01
-5.619127265982083452e-01
-1.353240894912959513e+00
4.279703164643754443e-01
-2.532330458548631480e+00
-1.368290409810065000e+00
-2.108636913880738428e-01
-2.136793096301657702e+00
1.600053808441360137e-01
1.909238842445950546e+00
-1.696495371253951001e-01
-1.636964171785520561e+00
-8.690615157419419035e-01
3.404630185301177336e-01
-1.889305183325680426e+00
-1.008651657953907987e+00
-1.141156217804055073e+00
2.797682635172182852e+00
-2.315688514011598809e+00
3.040619437500538189e-02
1.961796624508753473e+00
1.053562682932204786e-01
2.223150089797943707e+00
-1.821764447264268005e+00
3.415355442723536084e-01
-6.723702401102212844e-01
-4.753084289815318608e-01
-8.885533911574726718e-01
2.645272883931811259e-01
-1.415954046836284563e+00
-8.155641308779153498e-01
-4.918142862792737602e-02
-1.814008240245088110e+00
-1.397103236856756414e+00
1.627662742690827002e+00
8.565541182923983032e-02
-7.427663513099792558e-01
-1.809414788920870931e+00
-1.628065043914692644e-01
-1.361353479573158776e+00
-7.459065988244287793e-01
-8.908897480044216666e-01
3.539224399069450744e+00
-1.574507739231031378e+00
-5.406718128949773022e-02
1.778725675048716148e+00
-5.247669839354476284e-01
1.951044196074533721e+00
-1.657635677365631111e+00
1.582588987605402453e+00
-6.640426604050861936e-01
-1.240022048482609218e+00
5.603281224983755471e-02
-5.999185461330650559e-01
1.502998646028206320e+00
8.744989679258093895e-01
-8.997040175828887598e-01
-7.387812455301789871e-01
-1.141612531088043392e+00
1.890152378887371976e+00
1.120902474609857258e+00
-2.624197476746080060e+00
7.191489421549677186e-01
-1.593711880874745246e+00
-1.162680797360601481e+00
-2.005280850977939622e+00
1.888945975359471063e+00
-7.831392643057583092e-01
-1.888089573837994140e+00
2.689399009080002401e-01
6.224081753597729971e-01
-1.515084032189860874e+00
1.287253714823632933e+00
-7.513798175912561605e-01
1.854415112139188082e+00
-9.391915579846835671e-01
-1.759120084349878432e+00
1.040290467937009522e-01
-1.384541282401435147e+00
2.273419453110732125e+00
-8.651935514292516949e-01
-6.137636108222952469e-01
-1.268041429876760828e+00
-1.653234246590753687e+00
2.003444798483612121e+00
1.242397361138138701e+00
-2.588255733786108514e+00
2.048096430129032086e+00
-1.799885327919295896e+00
-1.086661036275798908e+00
-9.032113400549937055e-01
1.743325709647400856e+00
-7.736910687228657491e-01
-1.320265499065985448e+00
5.572173089394621970e-01
7.118529376376543372e-01
-2.196885486957815825e+00
1.377118982876506248e+00
-1.274733944302787192e+00
1.733329894214845179e+00
-9.553350026425676544e-01
-1.938800648523204995e+00
-5.928069317687626599e-02
-1.705093614779871203e+00
2.653919620899539034e+00
-2.667993504389283732e+00
2.204225010107712865e-02
-1.677029621164606743e+00
-2.199425443054810803e+00
1.477665319699918323e+00
8.786832588213031592e-01
-1.544283320303428741e+00
8.229240865524988235e-01
-5.401385320521556732e-01
-1.046598904676496744e+00
1.396385688100067191e-01
2.537970875412977612e-01
-9.257630316361387113e-01
4.537416947519797850e-01
1.593253190667157426e+00
8.423680210248400968e-01
-2.386628436174909051e+00
1.843173883286533199e+00
-1.813932750542068595e+00
1.233041972957388266e+00
-7.599572630812331253e-01
-1.819976001753211836e+00
-2.460119728172785458e-01
-9.328353593997497084e-01
2.108173425304562087e+00
-2.802623417807914130e+00
3.645626821359423952e-01
-1.722687959140157821e+00
-1.464290308518718442e+00
1.083148749690212576e+00
-2.777308176931103101e-01
-4.310644416579695326e-01
-1.427474832918556258e+00
1.074920444160132771e+00
-9.465218851855077276e-01
-8.136545675803169564e-01
-8.063387891787751061e-01
-1.614681704827018116e+00
7.401633609909644695e-01
2.867618660152854382e+00
8.956023969052911982e-01
-1.544411343907956091e+00
2.478402188342812007e+00
-1.589292446637223355e+00
7.494873123271655890e-01
-5.476150767976832867e-01
-1.507464627250107103e+00
-1.938901414134566459e-01
2.377215423458704513e-01
4.544753060866401073e-01
-2.171355194660440358e+00
1.610453589567823786e-03
-1.494811968151529502e+00
7.789227374377732938e-02
1.135786250120110807e+00
-1.360981607827325801e+00
-6.953763425714546420e-01
-1.275010573395163105e+00
1.751991122760474973e+00
-1.290354031259124401e+00
-2.024040559184929755e+00
-1.361871354255662858e+00
-2.287788199739492878e+00
-1.015527747328139885e+00
3.098911282602343942e+00
6.841690455690546679e-01
2.756009349588922630e-02
2.945375989056040034e+00
-1.341953837918767212e+00
5.952948825947291800e-01
-4.518900434349571449e-01
-1.350225045956828351e+00
4.259800557457078529e-01
1.013057731645856219e+00
-1.337319192832888692e+00
-1.641286127680872342e+00
-5.006892662976127895e-01
-1.249068566904496747e+00
1.126798522098940020e-01
1.497642392037170644e+00
-1.337493135808477618e+00
-1.724345841388009726e+00
1.238132147125283605e-01
1.089505815177099768e+00
-2.033685804759612914e+00
-2.253154843161908172e+00
-1.752129563777269583e+00
-7.145466998844997031e-01
-2.110824164151133164e+00
2.410733275759171512e+00
3.339695757132993270e-01
1.226316574369048951e+00
2.993775426155284691e+00
-1.375876331509273909e+00
4.480472072657361027e-01
-7.771065784026196521e-01
-1.374678758069028506e+00
1.024052218645475243e+00
8.514590203409931890e-01
-2.148678934047393074e+00
-1.013072926137941865e+00
-6.244381648836059284e-01
-1.255951352440230817e+00
-1.626359393751364291e+00
1.728062493849061410e+00
-5.250465557078353163e-01
-1.858314926277651269e+00
-1.280542489411092832e-01
1.504863227528952796e-01
-1.554119179823411523e+00
-2.157755324532568686e+00
-1.812151694464044116e+00
2.313323242483594999e+00
-1.627656360637216082e+00
1.636033992988378705e+00
2.561588410103818325e-01
1.217448171592134365e+00
2.727976656045973058e+00
-1.452996778090818175e+00
2.496519231251187743e-01
-1.042991513624533129e+00
-1.237152750209401075e+00
1.119847582622483628e+00
2.183873864838770940e-01
-1.518993223235174161e+00
-6.083367028192632198e-01
-3.656769534425522994e-01
-1.230885552577242414e+00
-2.362357325021219978e+00
1.507390122126710974e+00
2.088096248408499167e-01
-1.204758087872902506e+00
-1.396660248398601700e+00
-3.951572982901710995e-01
-6.204546127631169750e-01
-1.864137501371508021e+00
-1.396454796124257491e+00
2.992250210735724281e+00
-9.392943746963837715e-01
1.055270248638632280e+00
2.513490949636156824e-01
2.993498329015319426e-01
2.230970531911043331e+00
-1.356850367432751447e+00
1.827640446965370424e+00
-7.221907443612827215e-01
-1.202153409414820212e-01
8.617052978997575829e-01
-6.342625658635012709e-01
6.172629654376671215e-01
-1.006542263304730067e+00
-2.050853179517224234e+00
-8.299676364299554132e-01
-8.921473244368011146e-01
1.985651248484291642e+00
6.283316427414841199e-01
-1.794489435543549671e+00
-9.510140096004261467e-01
-1.856728987291166977e+00
-1.081845680265524745e+00
-2.144996315714161828e+00
3.432035524854049502e+00
-9.035741160255447157e-01
-1.396966068179483544e+00
-9.652538150855562160e-02
-1.910872048613417307e-01
-6.296625305562023600e-01
1.323483111963152492e+00
-3.480697700562334629e-01
2.031882937230195640e+00
-9.153511046450794053e-01
-4.071375841039368559e-01
1.075428749253880101e+00
-1.398210572855825840e+00
1.548966371936693731e+00
-2.296145526377492807e+00
-2.289540505652870372e+00
-1.348719232602175078e+00
-1.122655900840880516e+00
2.077547222343778976e+00
3.243245720460569137e-01
-1.369237454730088954e+00
-4.774437416695924141e-01
-2.052158547642557451e+00
-1.099718121693796569e+00
-8.550117110463730796e-01
3.131874689355378827e+00
-8.627493825080423395e-01
-1.417697181516403893e+00
1.573482021617034210e-01
-4.164178392359631498e-01
-1.170869252784132453e+00
1.514140700379706717e+00
-7.128365583276478068e-01
1.802206058432870295e+00
-6.938286321022860692e-01
-7.031518719619060942e-01
1.075912780177132877e+00
-1.876231770159851431e+00
2.678101107689431437e+00
-2.741558608165289179e+00
-1.649735510058500942e+00
-1.727303273232851932e+00
-1.564606666115772260e+00
1.738782906174960452e+00
-4.218532055111798296e-01
6.918608750639670957e-02
-1.101677564539357945e+00
-3.978377892530816085e-01
-1.033109684481580137e+00
3.355915708517654972e-01
6.418046210793335593e-01
-9.385680252066563867e-01
-8.675899640616016040e-01
1.075746015513978859e+00
-3.969143182480440735e-01
-2.172889618552312996e+00
1.959562472598853855e+00
-1.229605633780433971e+00
1.253374852673179607e+00
-6.137622616973870127e-01
-8.227944657454482336e-01
1.246770154796226882e+00
-1.098805566297868630e+00
2.793399429824610980e+00
-1.888431645178200391e+00
-1.029604681630579721e+00
-1.270903142360065852e+00
-1.363946405661172756e+00
1.572185865462919274e+00
-1.731764888272777858e+00
1.385422681892076957e+00
-2.147244970168662004e+00
1.671766372443861615e+00
-9.093577557578802484e-01
-6.838118679936203703e-01
-1.041492315309614280e+00
-1.345586660347965591e+00
-1.027813387861102656e+00
1.924317513207041141e+00
-3.738636164656771177e-01
-2.267868494701263060e+00
2.357428931262657734e+00
-1.455611661234389898e+00
7.469410380495014046e-01
-8.566241115066711709e-01
-9.082876935589843104e-01
1.685653084831661541e+00
6.797347782456620857e-01
1.339177088880543653e+00
-1.112328482710376765e+00
-1.159328490508400922e+00
-2.824899118461305925e-01
-8.806841067338844198e-01
1.632100416510922081e+00
-2.277909347593523481e+00
9.889472600276423275e-01
-1.484845917044212316e+00
2.284890683811434453e+00
-1.343730027847019004e+00
-2.043146399616899700e+00
-1.582150920053750687e+00
-1.986627176590970878e+00
-1.587812705886036069e+00
2.094518139237854459e+00
-6.249898219937148891e-01
-1.055525971537716323e+00
2.658368550588428025e+00
-1.537003222071724240e+00
4.065457148327850656e-01
-1.299381043068527530e+00
-1.131090602017344571e+00
2.438826481898645149e+00
2.044129237210261074e+00
-3.725752643089492722e-01
-8.333704992577514181e-01
-1.482899556066471725e+00
2.101611794469396555e-01
-1.150198344191545541e+00
1.814271760667997668e+00
-1.366880829713108758e+00
-6.272021782916762378e-01
1.376011491493799033e-02
9.098962872175900829e-01
-1.823954199818272670e+00
-2.260717364419330355e+00
-1.834124422755441186e+00
-1.344732479123997404e+00
-1.406536365714884607e+00
1.879256054045979507e+00
-1.014247504065199923e+00
4.526264481765673309e-01
2.804299766563828733e+00
-1.360920845420537040e+00
1.398992931699361286e-01
-1.925872056386426001e+00
-1.374374882425999589e+00
2.932542273717770875e+00
1.576451696732358299e+00
-1.261835703309594159e+00
-5.911527751695045962e-01
-1.525306472636812405e+00
-1.942354546532718274e-01
-2.023176208726440439e+00
1.829380489832932444e+00
1.490707156032828606e-01
-1.563213310716436988e+00
2.292926115675803650e-02
-3.621214966829860993e-01
-5.311948371114576517e-01
-2.196832971669695933e+00
-1.980724980692619708e+00
6.075497329342697261e-01
-7.658079204200770596e-01
1.499487586084969015e+00
-9.853521266142158952e-01
1.000935166565434908e+00
2.664028839502939672e+00
-1.221585490547780317e+00
8.766480434423613854e-02
-1.870838757570127298e+00
-1.229629640402510660e+00
2.540390188486878476e+00
3.465452725514636678e-01
-1.023588578041470853e+00
-5.108461779712626383e-01
-9.967740152157205102e-01
-7.449517732752793941e-01
-2.137055276376565338e+00
1.587914256702565030e+00
1.035381016394691933e+00
-1.328209559184198918e+00
-1.104217295065619497e+00
-6.728646644063268623e-01
5.732536204237007604e-01
-1.923144226044545935e+00
-1.569369924422327145e+00
1.283649761810313095e+00
-4.976947522862501527e-01
9.536516785637902949e-01
-6.173498747101551221e-01
3.188724288195037282e-01
2.071547413559073902e+00
-1.093157877494195018e+00
1.909037496402628431e+00
-7.641790254681986028e-01
1.525903767709613668e+00
9.848955368378272679e-01
-5.199644850992267697e-01
-1.459968042724799908e-01
-1.310806865112223774e+00
-1.698921096196390979e+00
-1.696125554177452033e+00
-1.094242973971753630e+00
1.743023824732214733e+00
-3.745590167542768856e-01
1.158814006684529274e-01
-1.846939213484540154e+00
-2.097783939031458100e+00
-9.741332789406265125e-01
-2.243110486496968203e+00
2.806212112910766887e+00
-1.196663682870771739e+00
-1.132247299051532874e+00
-1.025400566693509763e+00
-6.114124951502099004e-01
1.472382379048101209e+00
1.355974193311434206e+00
-4.224204632696468287e-01
2.233182238637177797e+00
-9.280202578715704975e-01
1.595111894213510961e+00
1.317254371558106651e+00
-1.150639263170426307e+00
5.411039604110317036e-01
-1.550466435017104017e+00
-2.438800796425379502e+00
-2.289631057393266556e+00
-1.135723376361937431e+00
1.889254703236067146e+00
-9.420508889391977503e-01
1.863819782367445443e-01
-2.136523095776044379e+00
-2.114230133067712458e+00
-1.213705262903306492e+00
-3.995301743668688843e-01
2.157566834608375395e+00
-1.212521243507730162e+00
-1.272126379158681209e+00
-1.077060600382662159e+00
-9.400087259134979334e-01
1.644563592183679424e+00
1.484131898663550109e+00
-7.412548417544040369e-01
2.154358666278484602e+00
-7.575381359380266577e-01
1.347941835645229736e+00
1.587904329871224984e+00
-1.858673306746794429e+00
1.675313009678287779e+00
-8.512311207381355604e-01
-2.625991890175900956e+00
-2.142429117905266356e+00
-1.277829302353272078e+00
1.881831356998750371e+00
-1.271523775917235755e+00
4.009249148631008342e-01
-2.258684132710397474e+00
1.061283203621241067e-01
-1.173358896871740997e+00
1.217514248326143855e+00
-2.147122331789241001e-01
-9.476591245202780067e-01
-1.311489521271685055e+00
-6.837263202088039726e-01
-9.333692420561686687e-01
-2.362617540088801371e-01
1.769268165726333830e+00
-1.040556237801700368e+00
1.675045928728888800e+00
-1.019800590572679022e+00
1.169927611402869161e+00
1.933866182072737416e+00
-1.381992259642917276e+00
2.269937265635059820e+00
8.859935120023738897e-02
-2.351268202234120253e+00
-8.310480002932555399e-01
-1.212391319574981141e+00
2.050193896264584037e+00
-1.489999749450447775e+00
9.774743963950142112e-01
-2.291810635124069240e+00
2.610802234810151390e+00
-9.054281374481678579e-01
2.470231964608739228e-02
-1.655142249118449094e+00
-7.680789602480161404e-01
-1.458828391188007334e+00
-5.178320025329510301e-01
-9.743551533357138750e-01
-1.869462146755660470e+00
1.868629919848709520e+00
-1.382551684498401379e+00
8.439478137449518691e-01
-1.698452386387806268e+00
8.195539380479063274e-01
2.368191690557121643e+00
9.047154053637230797e-01
1.622524739805152993e+00
5.099569814914663157e-02
-2.323323005810443043e+00
5.162498619885317330e-01
-1.113502294855502894e+00
2.261949227838949916e+00
-9.769226698531968678e-01
7.067191879274106192e-01
-1.436755357369131403e+00
2.967521616620163005e+00
-1.090847006969729360e+00
-1.411737738156389366e+00
-1.675834958693683818e+00
-1.182561271283167459e+00
-1.289912353207286255e+00
-6.410504286047787881e-01
-1.263753361324845725e+00
-1.953606006447647703e+00
1.901255910453329978e+00
-1.703114984292176892e+00
-8.837768025425794816e-02
-2.377754091735766462e+00
3.580471398144057793e-01
2.858906072463729409e+00
2.968980938400848313e+00
3.753628989165918584e-01
-5.335624654740805939e-01
-2.278735954457280499e+00
5.495680408113439164e-01
-1.261599185313579286e+00
2.259891196225004339e+00
3.930068525211606878e-01
-6.179960966149715684e-01
-2.715559546447015027e-01
8.535676007589232395e-01
-8.354709696905030514e-01
-1.327533384031387431e+00
-1.501694590737704393e+00
-1.529591696543608714e+00
-8.037602617229380186e-01
-6.243442165571643221e-01
-1.480574563036354041e+00
-9.948016918143762766e-01
2.078259320035180213e+00
-1.494533694119964951e+00
-5.549643591921831209e-01
-2.759715039855242136e+00
-4.798334712058453799e-02
3.010294978135045429e+00
2.260078817466065981e+00
-3.821622922310229931e-01
-6.777737208806835500e-01
-1.991984695358963053e+00
-5.432352318196579377e-01
-1.464260130041313390e+00
1.937865490417582270e+00
1.787809449100740578e+00
-1.586753619620234756e+00
-2.947623129033177802e-01
-6.797722790586736563e-01
1.227524259458187883e+00
-1.220270177751327845e+00
-1.563096159564161480e+00
-8.866623598772386261e-01
-5.516898728879831015e-01
-3.984192465488479162e-01
-1.252253832903954756e+00
-2.148116952390554391e-01
2.199946162626986723e+00
-1.188356113713162410e+00
-3.357606761266058726e-01
-2.215595731715847005e+00
-1.312186822405371767e-01
2.424364192063530155e+00
4.937360505092268648e-01
-3.687847084414876964e-01
-5.775937220624691726e-01
-1.232158781301616157e+00
-1.360990421690864816e+00
-1.453030257036163730e+00
1.543660735195986788e+00
2.251363365927164129e+00
-1.433241649206372426e+00
-1.184070953473958854e+00
-7.585282451448123187e-01
2.340978098185006573e+00
-1.403025412671363048e+00
-1.324236169867872182e+00
-2.970751159591833446e-01
-7.346526653699749776e-01
-2.806283358095843505e-01
-7.655332017923797139e-01
-3.159129247006784436e-01
1.785364646019391266e+00
-8.941676281227217693e-01
2.002973438848625332e+00
-9.628082290065669291e-01
2.353847138246324633e+00
9.321329035077513536e-01
-4.476518427966841851e-01
-5.181898815572628658e-01
-9.263563563618270047e-01
4.625844100208852949e-01
-1.269494339900500313e+00
-1.483392469825705939e+00
8.999511510858291263e-01
-1.091927706487586969e+00
4.660934718155384515e-01
-1.555685259332713066e+00
-1.805046165383920487e+00
-9.106167060181791229e-01
-2.019733877245725839e+00
1.016070384055019371e+00
-1.291246966806361973e+00
-9.372604642771251715e-01
-1.678567305710845003e+00
-8.476326573990304869e-01
2.609277624079114233e+00
1.445027364448472129e+00
-1.291575569347855224e+00
2.598605914625354174e+00
-1.222050174435536540e+00
2.623259874576297612e+00
1.351792708011796629e+00
-1.147187515400128976e+00
-3.410288923528650429e-01
-4.332203923790097222e-01
1.519882922074912157e-01
-1.928738881530127847e+00
-1.488696642165846074e+00
7.506961266766573049e-01
-1.319781187696709157e+00
-3.052069664066773269e-01
-2.159407065846519647e+00
-1.630204883248942860e+00
-1.131255199530139421e+00
4.207230496865960734e-01
3.230171406230459841e-01
-1.434607428506483151e+00
-1.121254017162511385e+00
-1.753937832652701312e+00
-1.171568562245475453e+00
3.205647909224065728e+00
1.671407085828549022e+00
-1.393302568267975605e+00
2.683697868840174028e+00
-1.314690796355424407e+00
2.460701973900874862e+00
1.660494488211837760e+00
-1.990348386269554570e+00
4.821864592308936492e-01
5.279281146531300539e-01
-5.166866870679925894e-01
-2.077880860401355445e+00
-1.389209090493829013e+00
7.000058401692081933e-01
-6.480913770629773696e-01
-1.398126993379762650e+00
-2.334084655656364582e+00
5.243680818255629372e-01
-1.122426316347172826e+00
2.223342333515667679e+00
-1.189809411910053516e+00
-1.022831196391990716e+00
-1.316724213518992714e+00
-1.667096922000929515e+00
-1.152820369271979395e+00
1.064457610812452604e+00
1.926615059787004203e+00
-6.396580668441210760e-01
2.041516050127578197e+00
-1.735244602674039571e+00
2.421280498427517358e+00
1.647701580140611410e+00
-1.691329986316592260e+00
1.390251347724854813e+00
8.673015675207362829e-01
-9.767002184421933464e-01
-1.025135886455089906e+00
-1.253696362662541475e+00
1.004864205816835776e+00
3.707257815883924223e-01
-1.221571681480785099e+00
-1.855173894532327061e+00
2.825873227563642676e+00
-9.577112732169759113e-01
5.594162368607945579e-01
-1.974953716247352720e+00
-5.498536808145219057e-01
-1.304126534310585672e+00
-2.005641762321348942e+00
-1.147018681561690956e+00
-1.048114215264255078e+00
1.807745389768198763e+00
-4.522766966732103683e-02
6.027718310440925986e-01
-2.002722159537766888e+00
2.168866707005998595e+00
1.527927800511047263e+00
6.821201378722859809e-01
1.574924827620212131e+00
-7.296178372542129476e-02
-1.338478558109703398e+00
-1.304496078147022176e-01
-1.266244315940142640e+00
1.442815257384668648e+00
1.380692828460495791e+00
-7.188060584121078733e-01
-7.966516586653931142e-01
3.009930232498875036e+00
-1.164054019450310618e+00
-9.402677058056919668e-01
-1.595016755398018793e+00
-7.396801041426848133e-01
-1.007498920359457983e+00
-2.480080964880923666e+00
-1.195188473095249337e+00
-1.805894751114210717e+00
1.789044286217460922e+00
-3.923990016469172670e-01
-9.534067507980577005e-01
-1.593824276585066757e+00
1.815940155413491519e+00
1.433962887464108604e+00
3.034110710074085393e+00
1.027067744278686856e+00
-1.129206763837449445e+00
-1.468370419299280805e+00
-5.101214647776430855e-01
-1.379549090875740625e+00
1.604586324319195789e+00
2.403790417466881379e+00
-1.246477032719305322e+00
-1.156755018758891945e-01
8.455353634519978678e-01
-4.991333583941883201e-01
-5.112469039990171771e-01
-1.192423024618528782e+00
-1.357929327433331279e+00
-6.976819808877087192e-01
-2.365079061265514593e+00
-1.063895769847436501e+00
-1.654827673685935974e+00
2.091830210116343736e+00
-8.973626072164950784e-01
-1.542917864267991934e+00
-1.073578243155127954e+00
1.437776819971581244e+00
1.277135889536030744e+00
2.435577688682509567e+00
5.042022592321824259e-01
-9.880485289973702789e-01
-1.294847667545794279e+00
-1.482177712347210630e+00
-1.255952175598033405e+00
1.322329877631930772e+00
2.993507120557213241e+00
-1.933563647859788404e+00
-7.027325786685915121e-01
-6.893811912886722570e-01
2.123989552128241698e+00
-5.100175075926166590e-01
-1.189950148480802605e+00
-1.513575423399025066e+00
-6.881430355824290634e-01
-1.743534190105058723e+00
-8.390014230672285800e-01
-1.263386737303582086e+00
2.392143789977766222e+00
-1.096203582011835875e+00
-9.684406434500736349e-01
-7.718372468925827068e-01
1.095223584660871774e+00
1.086513006595090092e+00
6.285534401508489077e-01
3.381218336948906278e-01
-4.422515321253930320e-01
-7.682933478601512434e-01
-1.837735792447998229e+00
-1.043888443472205552e+00
9.560731767353706223e-01
2.609886522754671478e+00
-1.693336538035533856e+00
-1.556274312421203287e+00
-7.285890104251455668e-01
3.236937234663474161e+00
-1.240665011083367242e+00
-1.049855328808613875e+00
-1.147020280691779082e+00
-9.940176067486016231e-01
-1.173291980983394822e+00
-5.627872705716935320e-01
-1.005729961921689064e+00
2.103791632096894126e+00
-9.667680596036614116e-01
2.125672846148084272e+00
-1.311893659271882839e+00
2.041176156625751581e+00
7.443756831142052111e-01
-5.535896436066970461e-01
-5.209975830894109095e-01
-7.764235135171007052e-01
2.431587910588899337e+00
1.170168392609698182e+00
-1.397230763086771965e+00
-4.746093602737029293e-01
-3.562429142005212879e-01
-9.023350787725872291e-01
-1.294776141199008856e+00
-1.169183777347540643e+00
-1.063527451691910208e+00
-1.742103723231460233e+00
-6.608041543402162765e-02
-1.091570732615871897e+00
-8.044712042372023086e-01
-1.484931869626804124e+00
-9.065746863938850542e-01
1.474405034481590437e+00
1.583326038274180725e+00
-2.113971583044061298e+00
2.869965604335870779e+00
-1.676377338530796512e+00
2.081050822770925457e+00
1.109705684831775230e+00
-1.305378546155681496e+00
-6.623579596356987675e-01
-1.956287474934163828e-01
2.759770510109014197e+00
8.487057730778942988e-01
-1.251759503240663651e+00
-1.143678025931319286e+00
5.469013618938022014e-02
-2.081829991225065957e+00
-2.067897657743691386e+00
-1.111208706274533720e+00
-1.182421080037408423e+00
6.102747320974634127e-01
-5.956130655155544851e-01
-1.381687532146218977e+00
-1.203098286782954274e+00
-1.308766503603564724e+00
-1.336427728001650328e+00
1.688469619845144765e+00
2.105641321054953607e+00
-1.698474606838261680e+00
2.904809861755829559e+00
-1.669854053601369737e+00
1.835904846407070856e+00
1.309711916436695489e+00
-2.008573420811310406e+00
-1.412425634423752352e-01
4.131726808130329887e-01
2.104969970137931412e+00
-6.412460906406510786e-01
-1.177812423764187821e+00
-1.491307747515685511e+00
9.434654337585111072e-01
-2.963442493168105596e+00
-2.327098511467629915e+00
3.153870504142485265e-01
-1.212558019877555404e+00
1.848836125754695248e+00
-1.311036792112650451e+00
-1.112564954899298408e+00
-1.317666216490978259e+00
-1.260815467791245092e+00
-1.201348186966278542e+00
2.438802783885262448e-01
2.475679138444081939e+00
4.262903761007666437e-01
1.918798023444560519e+00
-1.671951667446958112e+00
1.902911346299286377e+00
9.611303392444056071e-01
-1.612171156024691188e+00
7.134542639574275036e-01
6.027141143889071240e-02
1.432856874587049134e+00
-1.261036467838180242e+00
-1.241981957579994411e+00
-1.198117785864285523e+00
1.846568931522376777e+00
-2.357345175890280142e+00
-1.429256713663662692e+00
1.906522204715322744e+00
-1.306703383902537929e+00
-2.727155145640671186e-01
-1.650755533379826279e+00
-6.922191416472893710e-01
-1.061482881985942761e+00
-1.848300412212350308e+00
-9.415982766610813126e-01
-9.869167257128432791e-01
2.347761384305024013e+00
2.440303122861570362e+00
1.104728005101035943e-01
-8.078307725992186494e-01
2.070275003295503069e+00
4.891014998399556002e-01
4.604155410250799774e-01
1.273330266138616551e+00
-1.165392524389786466e+00
7.876879551791405865e-01
-1.176080057171314586e+00
-1.507304423160706675e+00
-5.825685681208516709e-01
2.457561967584127594e+00
-1.329649372652879968e+00
-2.114981631634084702e-01
1.941619558492811315e+00
-1.826732800962731051e+00
-1.601888321890732270e+00
-1.419152431760650090e+00
-7.538572691586751251e-01
-8.428122051511609536e-01
-2.426753116452997627e+00
-6.751470307196166809e-01
-1.311568955197356834e+00
2.498438950523554247e+00
1.953325202582169462e+00
-1.702949648362022783e+00
1.227706612367570838e+00
2.247021728871370527e+00
1.364185511037264154e-01
2.404194836961979664e+00
1.363783200310213273e+00
-1.681776906703177366e+00
2.323913584985624337e-01
-1.181626578731862054e+00
-1.815828696440529910e+00
-1.543284851220790843e-01
2.651610127671400363e+00
-1.434021446468792149e+00
-1.342150274215931083e-01
3.830094541033115529e-01
-1.463883215727877829e+00
-7.484068096516652835e-01
-1.144944907890147023e+00
-1.098353784113646370e+00
-7.832894726632582127e-01
-2.249162957539513563e+00
-3.847174409425681008e-01
-1.543839475142318785e+00
2.859611204642283688e+00
1.780568927425512926e-01
-2.248885215390013848e+00
2.526933875392369799e+00
2.222920229322685071e+00
-1.108341131914478972e-01
2.081456619946450370e+00
1.151175882194479527e+00
-8.460591628475214732e-01
-3.878876157577472450e-02
-1.064678254751632469e+00
-1.508044566707533063e+00
-6.918463329499742465e-02
2.227299425258946197e+00
-2.032691352442271171e+00
-1.327873762238639843e+00
-7.881978961171601794e-01
8.396608437320050022e-01
-7.311130545996104013e-01
-1.029886948981769912e+00
-1.190067068048065835e+00
-7.771178083115427571e-01
-1.669826412065998023e+00
-2.865788712745521716e-01
-1.739699249928998048e+00
2.988046547519278562e+00
-1.168982768222834645e+00
-1.306321583212931126e+00
1.844906617698188755e+00
1.757229281703734713e+00
-3.253500836117238781e-02
6.861989154201514340e-01
8.294460381002444205e-01
-1.351861686573966881e-01
-1.627424502717051205e-02
-8.557169215925213290e-01
-9.181478516824562730e-01
-1.114299045074847588e-01
1.568054757886555572e+00
-1.825216430811827051e+00
-2.027736124545646224e+00
-7.089548410012284085e-01
2.065518441597948840e+00
-1.588172965086649180e+00
-7.961476444570029232e-01
-1.001277738044986654e+00
-8.883129553679626200e-01
-1.136762974662588244e+00
-2.424735353741891419e-01
-1.422465835051970329e+00
2.584666398575941049e+00
-1.444361133557153343e+00
1.699948498276900199e+00
-1.312485315283397957e+00
1.183734023017429360e+00
4.655401306357092039e-01
-6.080161777973238646e-01
-6.947690511477878916e-02
-7.994268683937506559e-01
2.048730212140688511e+00
2.570141262485970302e+00
-9.358839048771914193e-01
-1.057780650324961380e+00
9.597728873530676497e-01
-1.906696196182859016e+00
-1.298534504688821478e+00
-7.688566231249376326e-01
-1.160335296025536200e+00
-1.595355304382706896e+00
-4.956084469410993454e-01
-8.608060682069951230e-01
-8.535122781138573256e-01
-7.355158015345601985e-01
-6.887101833074792401e-01
-8.727995948467762166e-02
1.741507201585122289e+00
-1.947722195313021043e+00
2.231881830763693841e+00
-1.522442796396195952e+00
1.083550670265022164e+00
6.929952841725185442e-01
-1.089252949504770251e+00
-1.937978601677915191e-01
-5.059923169553317557e-01
2.456723202191195554e+00
2.592964266885269264e+00
-6.862641834808431707e-01
-1.847311780376194923e+00
1.491862022240150853e+00
-2.640159685383265398e+00
-2.004540391953005596e+00
-7.995876230175809063e-01
-1.279770189264451741e+00
-3.951730678005618141e-02
-8.119593502831062848e-01
-1.116694919479057635e+00
-1.309725055041002229e+00
-4.479562008702864806e-01
-1.079293347992090979e+00
-1.646748158692107611e-01
2.224442649324894550e+00
-1.226330584522249190e+00
2.154546507257161903e+00
-1.107824849117645005e+00
8.376607114622319772e-01
8.149512934115529239e-01
-1.439268882384651338e+00
-8.039356735529419595e-03
-2.434623546583137288e-01
2.192950809507075771e+00
5.303355365018879164e-01
-7.233357826580592009e-01
-2.275686080896035968e+00
1.745362996352657126e+00
-2.690572388160007211e+00
-2.146800576648377756e+00
-1.234208687918086737e-02
-1.385039495714388558e+00
4.545685472322448240e-01
-1.086760268229723936e+00
-1.006293715840682834e+00
-1.297159749113539373e+00
-4.809297347300620640e-01
-8.084780634319238546e-01
-7.705469762370997788e-01
2.644181628809088025e+00
1.054099641708045709e+00
1.249521601793434078e+00
-6.322915085478056918e-01
8.436483661266943601e-01
5.214271436740323118e-01
-1.106748284386615877e+00
4.682778723124848552e-01
-7.456498414187070489e-01
1.823773273356122271e+00
-9.352337112378714679e-01
-9.917848300939451356e-01
-2.175852348620281873e+00
1.903996118009898542e+00
-1.945400903909768386e+00
-1.153613408301275234e+00
9.104146513918610628e-01
-1.583855687275327995e+00
-1.555573019430340098e+00
-1.172240076158918898e+00
-7.857238756892587217e-01
-9.324936402995234186e-01
-1.091934079894895104e+00
-4.534885200826018203e-01
-1.040479421907098967e+00
2.648104747842500828e+00
3.197208782744213718e+00
-2.068730630994633779e-01
5.888790567740824766e-01
1.136468775255282226e+00
5.223175513585823909e-02
2.857046471885192895e-01
8.595145268496426905e-01
-1.577099058291911549e+00
1.381243814704866901e+00
-1.128706327056865799e+00
-1.410609122142905569e+00
-1.648632259951675616e+00
1.927096204234299615e+00
-1.171196592764162325e+00
-2.256827685131649330e-01
8.214943838351176364e-01
-2.098309746947101928e+00
-2.358233607241290386e+00
-1.124851290224485156e+00
-8.414118923627786906e-01
-7.847237146732934931e-01
-1.517268296486159240e+00
-2.300063065865424750e-01
-9.154982327821689081e-01
2.818316756199934936e+00
2.529966562876036384e+00
-1.484126622224170466e+00
2.846233474445250433e+00
1.623264202297588943e+00
-3.469674896833662703e-01
1.556184077417684497e+00
1.122134207576426457e+00
-1.399605603507099172e+00
8.921144624378583021e-01
-7.016356557048193388e-01
-1.753064466589730586e+00
-1.188691097379904527e+00
1.502663332342852209e+00
-1.133084273180650525e+00
-5.619147918620815974e-01
-6.012371715911857956e-02
-2.103798799114376727e+00
-1.346714566282593672e+00
-1.019631316403833754e+00
-9.382437314774606518e-01
-8.586867576355186049e-01
-1.359320979585080025e+00
-1.001060517510980047e-01
-1.152459757858392386e+00
2.982049188705997445e+00
3.029393903640009711e-01
-1.685904907479599091e+00
4.021349699418790280e+00
1.881101288146630024e+00
-4.711569416070953142e-01
1.449278958873498002e+00
1.104818581920781417e+00
-4.188854165489687698e-01
4.885282695761639093e-01
-1.034820315028834176e-01
-1.465200598908149798e+00
-9.287115435182534684e-01
8.203902137219812873e-01
-1.551017473170788641e+00
-1.712757407017624800e+00
-6.821894695199212100e-01
-6.015949617285067941e-01
-1.259711604304929455e+00
-8.356053334406039479e-01
-7.940573194967438519e-01
-8.443602913502824547e-01
-1.021230253998144599e+00
-1.221852747323458055e-01
-1.564583194528839094e+00
2.834692589096062587e+00
-1.268963291526118864e+00
-8.226384651279831095e-01
2.715269890130273645e+00
1.489828757142511062e+00
-2.669363139402690099e-01
6.038239288762903278e-01
8.414682986343214877e-01
-1.507597452626150032e-02
2.798861941824654087e-01
1.511827348045548768e-02
-8.783765059774910622e-01
-6.357899960123870597e-01
5.368536147896133537e-01
-1.495395008864211173e+00
-2.125675343667726480e+00
-5.512627093543788215e-01
4.199843286273416965e-01
-1.822745776286544217e+00
-6.128413628331722540e-01
-6.630215905427131462e-01
-8.092975679564631264e-01
-7.557747167566600810e-01
-1.549187710545039676e-01
-1.370391306120527952e+00
2.419791029619656975e+00
-1.506970998729929123e+00
-1.179599067047681160e+01
-1.887003553880209683e+00
-8.993890767450906765e+00
-8.354787324020131578e+00
-5.911888930232695571e+00
-8.741609133693842182e+00
-2.418435596739295423e+00
-5.068518362693740009e+00
5.883086769025948071e-01
1.953511268416134872e-01
-1.182518492794867271e+01
-1.045045240305470990e+01
1.366026435530144356e+00
7.354360327604029246e-01
-6.059914830114342621e+00
3.829126759435857313e-02
8.444416596885172543e-01
-1.769287553229054621e+00
-1.602637350899155821e+00
-6.006104834030597805e-01
-3.435691584766726869e+00
-9.102065365706346611e+00
-2.098923665382664616e+00
-1.495691393868694341e+01
3.610472650606438294e-01
-1.977447546332749065e-02
-3.069696888741071591e-02
-4.135882356863383041e-02
-2.649163386554388711e-02
1.747653579636244958e-02
4.411684479520803365e-02
4.824612350757312429e-02
1.876370272852136145e-02
-3.340210187607459830e-02
-2.853308630623089051e-02
-1.973979684297928749e-02
-1.056724124074776699e-02
2.937666180130347679e-02
5.266533186105948339e-02
4.280216560843320278e-02
1.296242110597474115e-02
-3.235104222136325758e-02
-1.306504743594526577e-02
4.925295185227056456e-03
7.578737723768476896e-03
1.964064219000489012e-02
1.707448626096057936e-02
-7.346245308387818048e-04
1.370808351316426415e-04
-1.551607107935480505e-02
2.752458899529981479e-03
1.043581745371938499e-02
5.154215162384976311e-03
-4.324310358502942223e-03
-1.537829425788395793e-02
-2.742701700195930570e-02
-1.608985557491425869e-02
-2.232084027532510624e-03
8.656784298827930116e-03
-7.527025964424117945e-04
-1.731816151935972742e-02
-2.320315814031955609e-02
-1.518575132596633633e-02
-1.390453799603414906e-02
-1.174267948755817505e-02
-1.452441417479242818e-02
-9.971431331905148548e-03
-1.894030532527780225e-02
-3.838493625249606717e-02
-3.894861001854146854e-02
-2.388469374564754916e-02
-1.261277133097318814e-02
-4.266146795553627490e-03
-2.423214474384222800e-02
-2.087364146780825228e-02
-1.635885555751881090e-02
-3.393691222710827626e-02
-4.933034706709627654e-02
-4.557402796983371640e-02
-3.025266428540833441e-02
-2.092368643849187512e-02
-1.738535294419444807e-02
-2.122159913802777742e-02
-1.438248621533126659e-02
-2.503234115648811375e-02
-3.549689819323812584e-02
-3.928057161253659807e-02
-3.546521781815743096e-02
-2.893695498989011169e-02
