1.697578373246573791e-01
4.957804934257296070e-01
1.138571288773060908e-01
1.124337556135830696e-01
-9.182533850157931221e-02
3.447447793657399950e-01
-2.943061633070426231e-01
-5.041258004481794508e-01
1.819653235088449506e-01
-8.016466965764325325e-02
-2.677768735059084526e-01
-5.624132154441299214e-01
1.003013293918678106e-01
-1.025490546597897651e-01
8.617027035251747027e-03
-8.174212651404335617e-01
7.951751795850811599e-02
1.029335124935691279e-02
-2.690172881906260360e-01
-4.571252164284863584e-01
-2.161319545554165611e-01
2.331159982130145691e-01
-2.232764627185984674e-01
-2.723402081396907315e-01
6.840640414354921539e-01
3.015414065474091299e-01
-3.137104645292634192e-02
1.037139750509074032e-01
-7.923928981431953289e-02
-1.260312164802437386e-02
-2.200180106740391439e-01
-3.286438716460804432e-01
4.079748925161407747e-01
4.003621002533708784e-01
1.146377885736458851e-01
-2.164876527078563317e-01
-1.636896409372248784e-02
-4.420389435066604533e-01
1.474647511617784013e-01
-1.735789787018801322e-01
1.233055309892093637e-01
-7.640668931509869699e-02
6.848876005493095831e-02
-3.419919339803866726e-02
-4.810329956476843138e-01
3.000871238798785146e-01
-2.335904504858146800e-03
5.173727407345639628e-01
-8.951736647631993726e-01
-8.580853879142259777e-02
-9.360198880469435337e-03
3.927119473161103658e-01
-1.081763936974189794e-01
-2.914146523047448367e-01
2.660540968376817195e-01
4.389084445297397608e-02
-7.324753920377858885e-01
-3.366371404763573438e-01
3.517238358322880565e-01
4.411686381581558791e-02
-1.796847860056071944e-01
-2.981124384918432124e-01
-3.930336603411210827e-01
-1.150733399216956332e-01
5.638312361429558273e-01
4.625180993517577499e-01
2.937868312428960071e-01
-1.961757852388702206e-01
-3.308511442478993120e-02
-1.415212079251002286e-01
1.736054034719772821e-01
-1.100098561635852318e-01
2.719057395116662446e-01
1.884244459953940687e-01
-7.512019300365067875e-02
-1.407203914869286920e-01
-5.688495989449559032e-01
2.169292876239672097e-01
-1.718243100884005170e-01
-2.702982648081704228e-02
-5.144034527685140690e-01
-4.131150072281454255e-01
1.933867298859684794e-02
-4.748992778983159857e-01
-6.726668642182644930e-01
-3.133495108989826083e-01
3.702022741275234341e-01
-2.948564273065625851e-01
-5.973655978449833315e-01
-3.749658315076079274e-01
2.719652610519159019e-02
-1.705223264429957808e-01
-8.245498205760071198e-02
-2.280297839009338620e-02
-2.288941459772695364e-01
-3.986774376272951281e-01
-1.779502399172173399e-01
-2.143305541549181958e-01
7.443755294237375253e-02
4.585607204180041641e-01
-6.145756016748242789e-01
1.878846339572136370e-01
4.344554869783937012e-02
-3.980875132355723989e-01
4.150157157598924340e-01
1.379215215525343152e-01
-9.868205800459578514e-02
7.790563129176306112e-02
3.455630027308322361e-01
-1.155197617990658641e-02
9.739381446547629162e-02
3.926080611756319061e-01
6.416039082532905002e-01
6.491091439565523091e-02
3.775239239919275791e-02
-1.304945375137702701e-01
5.071508613913524449e-02
-3.123461743116199840e-01
5.158542531999614766e-01
4.531355682649819139e-01
5.381580115653087359e-01
1.042559025271721923e-01
-3.650101390776192001e-01
-6.963873956955558830e-03
-5.993482536951592055e-01
-4.228233451548382149e-01
-2.186749239233478082e-01
5.489685269181864280e-01
9.485816959827432504e-02
-1.463325461765910551e-01
2.965783770490378890e-01
2.798060919363928867e-01
4.500641430377194663e-01
-1.240245665332363051e-02
-1.708165509706756346e-01
-2.704378585231646537e-01
-1.892478788756017938e-01
-5.544589685611367447e-02
-2.050018384963585294e-01
4.326521523914973466e-01
2.331749384667158587e-01
-1.376824775418533098e-01
1.989634402508976690e-02
-1.650936861262794139e-02
-1.520896319520486650e-01
-5.478449179465919583e-01
2.154427175841923392e-01
-1.222672808492153290e-01
-3.704354636641754572e-01
3.525737274873925742e-01
-1.584718050006200252e-01
3.629543259086449869e-02
-4.228609125335133223e-01
2.994300907916928045e-01
2.100172793122589698e-01
2.619535290583253073e-01
1.724215438233494269e-01
-5.403537529570264786e-01
3.509881049067208741e-02
-6.819342662433972579e-01
-4.589975625610220877e-01
-1.110215802266673324e-01
3.318492634433333199e-01
4.953287366559075977e-01
1.172967040466387501e-01
8.427545794706121918e-02
-5.056672890562765588e-01
-3.523542114549157445e-01
-5.467821559391308206e-01
-6.506364750358425431e-01
-1.320600891961474718e-02
5.257830115666055626e-01
-1.941084540853339202e-01
5.053602787718812772e-01
-4.194862675596736784e-02
-9.413582458418699728e-02
-3.139946723504998261e-01
-3.938592190877642230e-01
-2.591069104560076442e-01
-1.563773411110142009e-01
7.344425203216983222e-01
-2.048824715539750430e-01
7.016052511182510609e-02
-4.245213509482481662e-01
2.596423405040014232e-01
-1.502989229416723249e-01
-1.685571879384811789e-02
4.502456170606183306e-01
-1.350295622714113852e-01
-2.489776064993854537e-02
-7.078667697242297940e-01
-5.406516946353246977e-01
9.429795012882098704e-02
1.242164338202786378e-01
4.345025261717825465e-02
-8.587987096502547324e-01
4.462117959481207707e-01
4.797420185054837027e-01
7.691203545211914294e-01
-1.888106518544964418e-01
-5.352504702017619742e-01
-1.067407410270264506e-01
-2.779314370645799004e-01
-5.055496931009503259e-01
2.240689905991788966e-01
6.579367340993973468e-01
-7.011072089707992561e-02
1.392353098503471276e-01
-9.179634116138517541e-01
-1.807733380203092044e-01
-1.958069393093889443e-01
-1.172584045575111172e-01
-4.924553852283294342e-01
-8.799341913251666758e-02
2.166386350733560395e-01
-3.539147844403525700e-01
-2.530701767787218448e-01
2.162416341684478271e-02
-4.786265394860620970e-01
-4.333501125957769373e-01
4.014400675164899179e-01
-2.959880090107239736e-01
-4.028889547093688073e-01
8.782696022903516697e-01
-1.418122542922462502e-02
-2.763454723487036579e-01
6.357469807660214023e-02
-1.083532109883229011e-01
1.002272445527398886e-01
1.047423587210911250e-01
2.467383756836887265e-01
1.269222285234125058e-01
-9.571341773078685666e-02
2.878629089493389137e-01
-2.890219022083369005e-01
2.879855292556533497e-01
9.654023235078379450e-01
-1.865048790315829708e-01
-7.711194276320861851e-01
1.266311641747734987e-02
-2.214854182754615597e-01
1.233966259253743529e-02
2.737970819174861403e-01
1.821170425302189588e-01
-1.721803175707334321e-01
-1.953998555314156171e-01
-7.930445840477252650e-01
-4.203729284157929347e-01
-1.807324720652343508e-01
1.060459283710959988e-01
1.683222126642876793e-01
-2.453303695515484384e-01
-3.131691437321053317e-02
-1.408457895491088963e-01
1.043005458645573091e-01
1.376253543205641083e-01
2.988399501535872194e-01
3.301223992712655209e-01
4.391198995043836817e-01
-2.221747424817809846e-01
-2.078157557817156831e-01
-1.498614894303591238e-01
-2.995230930262416380e-01
-2.136088180500739231e-01
4.077230839111360521e-03
7.392172067920836920e-01
4.629760120599576978e-01
1.294744217644887840e-01
-7.636614785189381471e-02
-3.645914986878177055e-01
-2.875414674736145315e-01
-2.819290009979737999e-01
-5.841106913603012762e-02
-1.101601774267025186e-01
4.497332853694042121e-01
1.703936063659308164e-01
3.853743012748676589e-01
-4.167298277903804249e-01
-4.042162050954785091e-01
-6.741409771774048432e-02
-8.781896591494228188e-01
-2.813846165794048337e-01
-1.924327405159752258e-01
-2.491377238698305463e-01
-5.742585875678746926e-02
-3.752999699169067283e-01
-3.644499844162203961e-01
4.553264785086332256e-01
-3.637108246341557716e-01
-3.389275074782880370e-01
-1.434203796264446051e-01
1.871794823557920429e-01
-2.163738640914184552e-01
-2.084540222140498222e-01
-4.073549448419911539e-02
3.321749993368301457e-01
-2.203637176901978856e-01
4.873800910173096135e-01
5.201843088866647813e-01
-2.565618938848160946e-01
-1.272085085104109337e-01
-1.092843165102361791e-01
-1.116678619250757593e-01
1.107605771251076593e-01
-3.330450229031340914e-01
5.609500777465050575e-02
2.362426487852103962e-01
-7.446087953426673567e-02
-3.434292924309108319e-02
2.484842896098882759e-01
8.803520934882023974e-02
-2.393640858451956122e-01
-7.274543107083013549e-01
-2.911526395624923769e-01
-1.013051855829525116e-01
-1.216954795221048963e-01
1.876661188961366022e-01
4.826226891300195998e-01
2.086350905166713399e-01
-1.064979772031700717e-01
-5.603221719590389949e-01
-4.460337968887331805e-01
2.612483403067267229e-01
1.252947011357776197e-01
-3.669631717046507591e-01
-1.330471190739603848e-01
2.663158485553669963e-01
8.600372631923648425e-01
-3.376092378183653819e-01
1.247218556346309237e-01
2.190712081153519120e-01
1.299800511898280275e-02
-2.520347067037575495e-01
-1.016236672943056085e+00
5.029727758800097703e-01
4.623048366498178768e-02
5.234201658901170839e-01
1.154504214179026683e-01
-1.362300761172360597e-01
1.894475101671988515e-01
-3.958170480850434214e-01
-3.949730969548964632e-02
-7.768961709152869544e-01
-2.524080928910149568e-01
2.595434120763817631e-01
4.053674761192262860e-02
-4.574950229541766555e-01
-2.852335196457513877e-01
-1.814893131872864496e-01
1.483102542345744734e-01
-1.927189694129584630e-01
-3.905844236249820245e-01
1.737486001963326199e-01
-3.273203387118250318e-01
-6.326331832489199281e-01
-9.646322838950152634e-02
5.640008771012896549e-01
-6.307034761838117287e-01
4.987563050862116043e-01
2.184078933714435344e-01
-3.360591593804079236e-01
-5.193385562218507667e-01
2.357488446340568478e-01
3.388462012023134573e-01
-1.459983827712191262e-01
-2.112641517447750618e-03
-3.035994771703698358e-01
6.268314088996488342e-01
-4.671417702027699098e-02
-3.596106284566088496e-01
-1.140885483767223457e-01
4.244685638596478738e-01
2.957910808813871140e-01
-5.648392134049736724e-01
-1.262403638343803647e-01
1.136392248952462769e-01
6.482172087911823588e-02
-3.969076371190126129e-01
-5.796706810166497581e-01
-1.784874937862991617e-01
-3.933259789689257796e-02
-2.117635636419618606e-01
1.822487761792324426e-02
1.540755708446447103e-01
-6.052906748553988497e-02
1.273813437191494147e-01
-3.306396158120182838e-01
-4.163120422749441163e-01
3.300937338721325331e-01
-2.764405579047451988e-01
5.026040505568210026e-01
5.859523367351349155e-01
1.614184547149345450e-01
-6.461472176051171745e-01
-4.060506684781935438e-01
-1.916274808289310586e-02
-2.956149138727576786e-01
3.048834723766830068e-01
-2.966177925334864129e-01
3.998044405540492341e-01
-3.467282684518822045e-01
-9.895787956258877277e-03
-8.075085010571388944e-01
-2.487311601347745038e-01
3.988166349535959276e-01
8.775793692390873590e-02
-3.973416095945086490e-01
-2.796501260368085620e-02
-3.747914664731895329e-02
-2.768382122680256366e-02
2.450036159929046276e-01
2.204903614689481262e-01
-6.500779729098430867e-03
-6.874894091486322134e-01
-3.437078360225664375e-01
-2.663460172785150903e-01
-1.141190698418583227e-01
2.715737761885871349e-01
7.553360917278306719e-01
-6.325899892271223679e-02
3.660304624289428127e-02
-2.854259946837268691e-01
-4.210797012849887277e-01
3.252916762445346999e-01
-6.036336854286656894e-01
-5.985723805185030715e-03
8.814792202256606368e-02
1.458912353080789592e-01
-6.779587363544955503e-01
-6.301782794364177986e-01
2.997917822290236955e-01
-1.542753548513794981e-01
-2.694692615705613359e-01
-1.134035361294761929e-01
-4.454484706207741951e-01
-3.791992581611214885e-01
-3.594022124273681951e-01
3.025194387784808092e-01
3.543827451412081414e-02
3.815695245976519212e-01
2.379770102038195889e-01
2.872506430932322274e-01
1.141864006309037116e-01
-1.463191176562554097e-01
1.894749172554479888e-01
2.852827062825125659e-01
6.477746802139580096e-01
1.592270705851587809e-01
2.293807439688742289e-01
9.443373292291650650e-03
-1.780433529986574226e-01
-2.293284215601730514e-01
2.396156672986539116e-01
-1.633556815998220557e-01
5.441488087570290483e-02
1.664102809040740871e-01
2.593091887036119703e-01
3.135734285634778629e-01
-1.322593922865195407e-02
-3.099656510398949849e-01
-5.301314118052293800e-01
-2.279051668754605020e-01
-2.619553142566004023e-01
1.409001238421760116e-01
1.727562679972710069e-01
4.721504604174008857e-01
6.757330366350201845e-02
-1.715690736962053597e-01
-6.504518500285461080e-01
-7.467590215819167598e-01
-2.609383305880421111e-01
1.746196644002337151e-01
1.268686021214710802e-01
4.974542433569896227e-01
3.696088545509211287e-01
-3.263377543796473490e-01
-1.922041021227597068e-01
-2.780393837886682706e-01
3.902649967033372524e-01
1.459242661906213134e-03
-1.964401076625912068e-01
4.824380842123668911e-01
3.224299045210026748e-01
8.665143630653274545e-03
7.253877607372537228e-02
5.498272743032879273e-01
-1.511087064311595046e-03
3.660618216235159705e-01
1.028988031805131848e-01
2.951083049009050815e-02
-3.037122672353521624e-01
7.684773521850499223e-02
-3.054004940527992318e-01
2.964009329564223916e-01
-3.228988973904701153e-03
-4.665883393025583303e-01
5.642826278773122040e-02
7.097701659449975886e-02
-3.824400243202563110e-01
-1.083372636361348729e+00
9.776785764498485687e-02
-3.250058052254656271e-01
-1.777107214680355707e-01
-6.250301545147249893e-01
2.757726038572111404e-01
1.361972019230074382e-01
-2.599548221244543655e-01
1.216138037160824081e-01
-2.116876397208636018e-01
3.480268222073997775e-01
-4.669195563611346356e-01
-2.001302275755297289e-01
-5.694038375738065261e-01
-6.205052191195171707e-01
-4.103443216589774400e-01
-2.490946765346890024e-01
-1.149003780918577688e-01
2.411161241204420602e-01
8.283044549380882970e-02
-2.141967641048647952e-01
-3.826911397730822784e-01
3.590883571807981789e-01
2.247239140026221216e-01
-2.348900023830957917e-01
2.126765377607869878e-01
6.503631735571673289e-01
-8.908442843487353324e-02
-3.717871773829881099e-01
-2.447089599075103206e-01
3.888025900422035219e-01
6.135462584570949840e-01
1.946654880383015263e-01
1.589912780900868960e-01
2.090331600912076759e-01
3.107685867496391419e-01
-5.778703201439953085e-01
-2.895455397573672984e-01
1.284798656881168955e-01
5.999047526332311753e-01
-4.089820644829456620e-01
-3.005261853063574407e-01
4.255981150376373368e-01
4.041621361266359291e-01
-2.742643709634845495e-01
-8.521235221465729426e-01
1.741172642894951994e-01
9.420453844544617039e-03
-3.552448048247565104e-01
-3.315527663798462088e-01
1.003650791844329232e-01
1.730529037707125017e-01
2.057901100797999427e-01
-9.203632455112548127e-02
-4.705059127554717113e-01
2.287931520068531566e-01
-4.055593623772352774e-01
-5.144970511480913000e-01
5.762120948480248944e-02
-3.608840946561208546e-02
1.214228579166146960e-01
-1.920545381362122883e-01
-9.787120889539990820e-02
-3.821571328572564430e-01
6.840908737597045652e-02
-1.251881900780582590e-01
-3.140707452641415265e-01
1.415589198025229700e-01
1.673507390825665075e-01
-8.556366136375057052e-02
-4.178628600778305224e-01
-2.490922176232081842e-01
1.469049078393949992e-01
-1.617766079197741902e-01
-1.041202248566709676e-01
-1.164955474043448819e-01
5.615307313429022118e-01
3.517048934369625401e-01
-6.798265138761033777e-02
1.522345994315406903e-01
2.862844690588974839e-01
5.700144255371230040e-01
1.222799135615306454e-01
-9.573761226435442695e-02
-6.599428053488878843e-02
-4.694721754568401684e-01
-3.494871192732187382e-01
-2.445083123572634187e-01
8.076963808766907116e-02
5.501721923470730413e-01
-2.700726007390781835e-01
1.297378306455917452e-01
-2.492572816540484237e-01
-1.027128983871153090e-01
-6.512548954819992186e-01
-1.913791778536771127e-01
2.088594958760828513e-01
-1.482306275060425726e-01
1.010760275043393400e-02
-1.077672968202743331e-01
-1.431402972182193867e-01
-6.678191753006629261e-02
3.721439501222433832e-01
-3.833351984385344191e-01
-6.275567403253796694e-01
-1.499633084817978690e-01
-1.503252097030838008e-01
1.987992253402789400e-01
2.451077804239359392e-01
-4.614094447883978350e-02
-1.427567351419632424e-01
-4.843811211405542605e-01
-6.133344179126818396e-01
-5.235448504993586161e-01
-2.233719027430768056e-01
5.555020259524714454e-01
2.340774601459537363e-01
-1.459402444084270112e-01
-2.454817319070041470e-01
-7.309002970840501601e-02
-3.420095285185525413e-01
-1.963701708975930937e-01
5.540302105168847246e-01
2.320378614923166716e-01
6.365849805700590780e-01
-1.934550768679001997e-01
4.226377719926866505e-01
-2.767133026044777955e-01
-2.104004073917318807e-01
2.669785059387307924e-01
4.027951203154490067e-01
7.033935466879477350e-01
-2.717538612732574577e-01
4.006304684985438902e-01
2.010639003437677819e-01
7.536794547921737975e-02
-3.665104167938256774e-01
-5.990612337394676801e-02
4.641577389327785630e-01
-1.930776658833490908e-02
-2.619551152792441995e-01
-6.619335770896032922e-02
-2.167370889823835578e-01
-3.649182875043888163e-01
1.324538518840349954e-01
-3.098887429175271602e-01
3.739007937470572029e-01
7.135171060598088921e-02
3.510760024652028743e-01
2.517916463557022810e-01
-1.287164544765689311e-01
1.664542916794748903e-02
-2.721333930305268045e-01
1.658350776772999080e-01
-5.375543118165011514e-01
5.219960268583442309e-01
1.711056594522537555e-01
-2.498705341049735698e-02
-9.472612139570048273e-02
4.017056534440367477e-01
6.291319205988149532e-02
-4.028830144256954626e-01
-4.511472805457057977e-01
-8.927457730773788458e-02
1.504804211896810240e-01
-1.212123625203506833e-01
-1.124784441201476803e-01
-2.430135012581153831e-01
4.228602610347499957e-01
-4.475110416777447475e-02
4.763717168756003567e-02
-3.142851933818474053e-01
-3.040423699164224169e-01
-3.724257482758304150e-01
-6.630247397704419621e-01
-3.162991417704838493e-01
-4.711466026471441415e-01
-6.712078083897019118e-04
3.099445739720632642e-01
-3.941729364016325482e-02
-3.699384818283276699e-01
-4.731301761977604187e-02
-3.141659271597863623e-01
-3.816261352906359927e-01
-5.058165231885328739e-01
-3.992360784609310098e-01
3.494361798584105228e-01
1.692708645906376985e-01
-2.755241391408856932e-01
-3.413112627024961765e-01
4.196381477819257633e-01
6.067445630527116274e-01
1.008010148076727980e-01
-5.266475590147119412e-01
-2.658870258589567381e-01
1.356023501013706722e-01
1.462537002222598637e-01
-2.643888127008915956e-01
4.178830966179800654e-01
1.041194968985315716e+00
6.863331066781434009e-01
-7.110480063909407900e-02
-2.558484550499158239e-01
5.551238352583649782e-02
-1.181027239611264629e-01
-3.144537123785181576e-01
-4.786661153212105613e-01
-4.018803290700055375e-01
1.578036756969197763e-01
-2.836810007530341515e-01
4.957157316107413947e-01
-1.400981372345708464e-01
3.966270364496772560e-02
-1.053531027045935820e-01
-8.943886106711802786e-02
-3.581401554892967853e-01
-1.467680403471837980e-01
-1.222861822284963956e-01
-3.363706094170836047e-02
5.369428338017844249e-01
-2.144682135528387379e-01
1.132922804000730498e-02
-1.171809020156094061e-01
5.522927205641615656e-01
-2.939879749981446078e-01
-1.419479736899263989e-01
-2.479635388049928890e-01
-1.548002238007556708e-01
2.913324828727245075e-01
-4.068764715764191381e-02
-2.572107958227922708e-01
-1.057607515306319690e-01
3.315073606107267756e-01
-7.204415023977015498e-01
-4.160693819572706675e-01
-8.203943888117908034e-02
-1.975036055664330936e-01
8.957663190746249782e-02
2.783355484382905032e-01
-1.734011864762541044e-01
-3.304856571124829140e-02
-5.077570105072160001e-01
-5.963040598651804247e-01
-1.409392395292547451e-01
2.120743938412366081e-01
9.101042217667189016e-01
1.798378246368687594e-01
1.401948658488185173e-01
-4.661703663551156063e-01
2.380837756808076161e-02
-2.162412856915400527e-01
3.896495376636276153e-02
9.126378289549996747e-02
5.220491517018581717e-01
2.876936462193230813e-03
-2.018412135325265977e-01
5.433357267268515978e-01
2.125412747052365658e-01
4.875567637558613776e-01
-1.731785995910910259e-01
-2.261463142571567414e-02
-2.168381775513346724e-02
-4.613391377352715761e-01
-1.442943136400051396e-01
5.123671131420655112e-01
1.054024534490289655e+00
7.091005784850146730e-03
-3.157407102809909327e-01
-4.055741607349603317e-01
-1.878620382639327804e-02
5.092309210096571670e-01
4.392394637006997171e-01
-2.280401697670024486e-02
-3.671737408227764843e-01
-3.927936644104852437e-01
-1.807797235336103259e-01
3.898445219573187792e-02
-1.588036883956944201e-01
-1.258985882148200564e-01
1.506062225440541469e-01
-1.644819646526120022e-03
-4.566834563561645299e-01
-1.777712677581989587e-01
-8.335806633723190362e-02
-1.275922013082105531e-02
-6.188097111858567034e-01
-4.056887698307831136e-01
-3.100047452933993308e-01
-2.120887182025395223e-01
4.845809764139286657e-01
5.391145281229771102e-01
-9.231159113931111659e-02
-3.834186640596340401e-02
-1.458486152982293171e-01
-2.977777883099614331e-01
-1.066892034429416658e-01
4.261546559621915559e-02
3.405178488144186555e-01
5.646345644809420278e-02
3.311179927678939983e-01
1.505043113218924034e-01
2.451071246001416404e-01
1.815771151917185827e-02
-1.851410582011274730e-01
-6.420090794097260689e-02
1.421982810606383374e-01
3.910372867454054435e-01
2.261310931289668147e-01
2.303160805704352887e-01
1.485163707753490991e-01
-2.324806297294484680e-01
-8.904563360111823478e-01
-6.197410875597615387e-01
-3.970992432412605022e-01
-1.673199396850997278e-01
-6.444938053242588172e-02
2.734670180491582392e-01
8.188223876721174854e-02
-4.128684222527150283e-01
-4.054567496835377871e-01
-4.627885841716076754e-01
2.321654972573784781e-01
-3.785448399243750428e-01
-1.688025663656813613e-01
-2.667665024378399474e-01
1.774457264926980748e-01
1.567197570765979375e-01
-6.239008332007305729e-02
5.167577097195422686e-01
2.503537286392252814e-01
-1.407496183624526616e-02
-5.313590152330524008e-01
-2.621844592567202370e-01
-1.767421570550535559e-01
-1.301103215102798749e-01
-3.288288678758004013e-01
-5.218795606080895988e-01
-4.165194121026688512e-01
-1.021576887436678405e+00
-3.406528752876907817e-01
-2.393930771836541849e-01
-4.270491418620990798e-01
-3.682753420994986371e-01
-2.266446568852728549e-01
-1.132674188331254522e-01
-6.990151869407177365e-01
-2.093993941958964544e-01
-8.189106392411250601e-01
-6.443092401346484088e-02
-3.097456038129847711e-01
-8.222470606135873217e-03
-6.414616198127272295e-02
-2.560158710217493028e-02
-2.092975364251569922e-02
1.548757464734717426e-01
-2.150768925665880460e-01
-1.876210902801565550e-01
-2.458525791905074448e-02
3.358014072059951061e-01
9.369156948688539543e-02
-1.204749741789985090e-01
3.891683356030860297e-02
-1.395221465482986145e-01
3.987069972744548552e-01
-1.529500405126088536e-01
-7.808094873289452009e-02
-6.876574034458980689e-02
4.134995820714545411e-01
-2.618105212967624662e-01
4.383970436315737795e-01
2.797452562945290655e-01
-1.534738634058106233e-01
2.777235108307908873e-01
-7.542454110429729075e-02
-8.535913466033913377e-02
1.251633471297641242e-01
4.232161145345317843e-01
3.754720168119146662e-01
3.350437188906478236e-01
6.057936992439615781e-02
-1.699906211399190292e-01
-4.022866039785121806e-01
4.619650290512201107e-01
-2.442169256393602050e-01
8.671907495140466215e-01
3.375632656201521531e-01
4.015033891644896324e-01
-8.526853084284716222e-02
1.305209550842083011e-01
3.053923198611637746e-01
8.878090487561284688e-03
8.029879901204836079e-01
-4.424855842464558431e-01
3.407319820653985087e-01
-1.564209545075538610e-01
4.520827744509613999e-01
9.932488469395167607e-02
1.875360341609649539e-01
3.480596837859957771e-01
3.404491123505844485e-01
6.641182679850384796e-01
6.038360744613214814e-01
6.408980910785471163e-01
4.754871000212143040e-01
2.568723327072263696e-01
4.393964270241669801e-01
2.567573237220528437e-01
-8.713697805780871997e-02
4.644629347273936948e-01
2.303125590970626080e-01
3.567558641954657328e-01
6.608039176465880793e-01
1.666564331990537384e-02
3.876730601748689109e-01
1.675208415441131748e-01
2.757132971712308311e-01
-1.706894008291052339e-02
-1.183900578878124554e-01
2.164535282884310630e-01
-7.018499606916736577e-02
2.601546194279252822e-01
2.367616592871288617e-01
-4.033142614057917408e-01
-3.386211131700858634e-01
2.687862607886150612e-01
1.728387265540826112e-01
-1.584219016177612627e-01
-2.456455267668533268e-02
-3.136903747881461535e-01
-9.668397395014320661e-02
4.668263379551704229e-02
-2.585066041412790727e-01
6.829817405545887676e-02
-1.188042288424656506e-01
-2.381053755619336743e-01
-1.552603430284569541e-01
2.519741698936293628e-01
4.159099396061515241e-01
-1.823898951752568331e-01
-1.196709021760392899e-01
-3.385177254924235518e-02
-4.028618351759823968e-01
2.874407160171119687e-03
-1.889013432271156034e-01
3.610848730663528822e-02
2.699137746973077553e-02
-6.726150765791229225e-02
-6.398792860448662689e-02
-6.903609433213657720e-01
-9.697749419052173470e-02
-6.179283267106133737e-01
1.741272840450854009e-01
-8.814680633605097293e-02
-1.137204776298309100e-01
-4.179552907812454920e-01
-3.458825354540499553e-01
-2.944178634604541767e-01
-2.931679768825272703e-01
1.035289102695138505e-02
-2.967371476075534309e-01
-2.490879846114537055e-01
-4.570541128313655443e-01
-1.230181404209357426e-01
5.726060577252469752e-01
7.452516949325636020e-01
1.235267374227866088e-01
3.550983432820310065e-02
1.330014248982622771e-01
9.702631297308578207e-02
-6.955964894381495567e-01
-1.643202506528829432e-01
2.046488533841567536e-01
4.765915571167785858e-01
2.651945295229287194e-02
5.017210165439784514e-02
-5.219694566675681102e-01
-1.539253789189664046e-01
-1.719796087499372850e-01
-3.588679135866768566e-01
1.209774178301315124e-02
-1.384635365635997484e-01
-4.288020516196919263e-01
-4.231022269213521314e-01
-6.832469271954300094e-02
-2.002288901505783481e-01
-6.719544578230138288e-02
2.427315208707913619e-01
-1.406333838578369688e-01
-2.900943204697483124e-01
-4.727576739021104313e-01
1.720622794670245703e-01
2.310292614985265391e-01
1.386013415264500115e-01
6.149611767934282103e-02
2.098094359305449630e-01
5.086199308124396135e-01
3.214555386170358294e-03
-8.323171868384761085e-01
3.576152102319514470e-02
2.090385142103033667e-01
-2.477392791645044168e-01
-6.601524153020520147e-02
2.836124764700572176e-01
-8.081803960550257640e-03
-1.097006262064317700e-01
1.672052616220734977e-01
-5.305034926728775524e-01
-6.996800554914708870e-02
-6.355364377378887042e-01
-1.917811680711517530e-02
1.958248350345198896e-01
5.374473874786446226e-01
2.047720088386555670e-01
-4.608450627930392729e-01
4.634889128068699765e-02
-4.827987225971162033e-01
-3.606692743061811202e-01
1.925265846429701500e-01
4.889263343483162272e-01
-9.254663507193543193e-02
-1.089241679480958680e-01
-5.074696522926969156e-01
-8.747093703335911963e-02
6.515840586742112361e-02
-1.732623476589900680e-01
-4.477494698495951275e-01
1.012024831105593908e-01
1.601549768725631928e-01
-2.790646747873126721e-01
-4.574553308320934986e-01
-4.307056516847579952e-01
-1.471251659324932237e-01
-1.220921308324317972e-01
-1.781906318449542059e-01
-1.767165037056060706e-02
2.799105387079795504e-01
-2.664792239942367219e-02
-5.098057236417108395e-01
6.090002451789340299e-01
4.093184950805723865e-01
5.038252889902962162e-01
-9.181031762354399661e-02
5.660558288490112888e-01
-1.511710009636287877e-01
-4.860786487108098575e-01
4.995787457253818564e-01
2.300040810373859823e-01
3.689241634527479219e-01
2.434411962695632314e-01
3.020998522898982741e-01
-2.946942150540060590e-01
-1.452125826414905341e-01
-5.230134078149514254e-01
-4.735316656620576214e-01
-1.177821597061581987e-01
-1.412563728540936203e-01
-5.121476168772907123e-01
-1.833807687000087172e-02
2.882819113543135803e-01
-3.560085033329299931e-01
-4.245352762150989001e-01
5.987639706601564221e-02
-6.337303402219129911e-02
-1.080291019634837646e+00
-4.340705876539029950e-01
-1.857801284614973569e-01
-1.189852146067992972e-01
-1.473644115695772749e-02
4.034130360964646028e-02
2.360519662389735374e-01
2.605650680474700942e-01
4.761878451878975294e-01
-6.025069440388578501e-01
8.853173724376059428e-02
5.911570975118440527e-03
7.225404969036412772e-02
-5.018898307010793980e-01
1.999807337848626687e-01
4.811863135309973338e-01
3.811394150669181885e-02
-7.122927263735524817e-02
-1.337230204649374025e-02
1.339016042756986657e-01
-1.091196473886222179e-01
-6.887533397084678599e-01
-1.810742122301663704e-01
-6.132294935022974958e-02
3.517051819158342058e-02
-4.840186728145920436e-01
-1.454165173572155856e-01
-3.425798026228695781e-01
-5.127099310362471796e-01
3.535887994833550318e-01
3.391220424828256252e-02
1.441865536100788402e-02
-3.532292642388968340e-01
2.851487677143517141e-01
3.557164271183462789e-01
-3.919077795911175000e-01
-1.785565891687831142e-01
1.256485739662348000e-01
6.749325272480597437e-01
-5.933572692926500913e-01
3.948951439354190379e-02
-4.875409128834304329e-02
-5.474164555609242061e-02
-5.396780809152067482e-01
-3.081091103733147318e-01
-1.576547806068906432e-01
4.801879335571006269e-02
1.339672903519587566e-01
-4.064000310191411280e-01
-9.620139862200381697e-02
-2.422921873215084509e-01
-2.717958008340389253e-01
-8.260329178692005225e-01
-1.912930188989143271e-02
3.193061398088589686e-02
4.002648010587222527e-01
8.714365054660448695e-02
-4.151550472783389623e-01
1.270098732294146493e-01
2.106024323504095408e-01
1.351614850980263627e-01
-5.104009302765156741e-01
5.663025403490538068e-01
4.093348689671771345e-01
1.705092933389075471e-01
-5.046329269851370647e-01
5.509938941984733329e-01
2.635395961087304562e-01
4.707157051684826010e-01
-6.817943797488884572e-02
-1.280281074660510887e-01
2.502721944917496999e-01
-1.543191015630715479e-01
-4.994713306741521142e-01
-1.973271879383382138e-02
2.901844937505062560e-01
-4.096432431910938532e-01
6.856607681420533174e-02
-5.030047657010622286e-01
2.207942412269603416e-01
-7.587843505027297430e-02
-5.591244497336379099e-02
-5.186784271177581340e-01
-1.057651848990047050e+00
-5.493966891942873160e-02
-2.400335536509574930e-01
3.134196907615260930e-01
-2.164198307003913080e-01
2.549223947693226577e-01
1.539244376349187260e-01
4.415689809123651832e-01
1.972218941298988504e-01
-3.277102152349004038e-01
-1.964603962291993910e-01
8.633656809244966146e-02
-1.312476554736362044e-01
7.034808187073038344e-02
-1.374138190899308332e-01
-5.205863487052478367e-02
-3.510360232677528503e-01
5.304253867022178381e-01
2.201344553944606930e-01
3.000181441354740075e-01
-4.016659859546760358e-02
-5.637463883276446763e-01
-3.622649681360424340e-02
-3.191331941422518303e-01
1.246747647142116139e-01
1.025666004437317397e-01
6.710390309395923847e-01
4.147089472257620146e-02
-3.518504015946192776e-01
-4.474879824568973041e-01
3.248660935488068002e-02
2.525964755255520333e-01
2.019285174623400847e-01
3.283668249841394937e-01
3.634697422717346749e-01
-1.451113693091967416e-01
-3.925010113345545615e-01
-3.707173742269692096e-01
5.360993252716176466e-02
4.973125575713550073e-01
-1.661627538597251763e-02
-2.166162699792603397e-01
-6.548157985727912633e-01
7.132346336743152805e-03
-5.725460596475744068e-02
-4.953089430709530783e-01
-5.223951865126784666e-01
2.399379249151976645e-01
-1.248367641432473335e-01
-1.137490244677487494e+00
-2.662769353539938821e-01
5.951351035468666062e-01
-1.031459002884810294e-01
-4.580038704795226234e-01
-3.066493684406043641e-01
2.653068985438431296e-02
-2.915542599208549301e-01
-5.708680571023756478e-01
1.774110094830154971e-01
-4.504255252000248511e-02
4.011214868787084109e-01
-1.018699991379038577e-01
2.570491105770534301e-01
-6.270449734703310331e-03
-4.881918297846488120e-02
6.779755956511416236e-03
-2.280158439376625545e-01
-9.437709146615891331e-02
-3.513446544358998502e-01
3.967305212047592122e-01
6.336431057528271182e-01
4.439433226521555809e-01
5.214201747943472687e-02
-6.628635251633056835e-02
-1.036169037447150221e-01
5.439988372583508952e-03
-5.750137833943580468e-01
-5.091339740295611760e-01
1.025971946504703695e-03
3.211284313851557326e-01
-1.443864880521009836e-02
-3.386765196620242224e-01
2.535772081252315457e-01
4.632456425166868452e-02
-3.205184267475454374e-01
7.699793085597771147e-02
5.086978334047089767e-01
3.851867468129990812e-02
-2.332829118163173288e-01
-6.007084261102960815e-02
-3.255945733907377598e-02
-3.500244474522744981e-02
2.144421600480663770e-01
7.162433773577328022e-01
5.488809186803700335e-01
-3.095443816790373337e-02
1.619425828366466147e-01
2.961318226980395180e-02
-4.325231831935407167e-01
-1.294856954928924053e-01
-8.856983463786738398e-02
5.048648807533678839e-01
5.254677138321455221e-01
-1.035334266483128041e-01
4.834914665963558483e-02
-1.306710481922976515e-02
-2.818823069570449147e-01
-5.723032003088587283e-01
-5.069098610256650428e-01
-2.142382117146574283e-01
-2.492449092227395635e-01
-1.355017721949473286e-01
-1.029735429801277025e-01
1.261345979723929589e-01
3.053332413621878683e-01
-3.284333654033075311e-01
-6.961948709581451400e-01
-6.361628827475350745e-01
-1.004615939685581660e-01
-2.748978600519066395e-01
-9.015419884170919329e-02
-6.315352631777058912e-02
3.173681753140220607e-01
8.091560853445719723e-03
-4.049638324182023852e-01
-2.999119369129436552e-01
-1.106211061919937406e-02
-3.137606606851232188e-02
-2.606254440156315355e-01
2.045345404863112837e-01
1.633582513121751567e-01
6.652259163540258369e-03
-2.879271392500324378e-01
1.224737461769897368e-01
3.527582662539381908e-01
1.396856162371613030e-01
-4.026584795642252357e-01
-8.167356246579000612e-01
-1.193420347739800325e-01
-1.559447735768272336e-01
3.818844897007341033e-02
-6.537063308906542192e-01
-1.547111831160924988e-01
4.711776341462632356e-01
2.735400107673582326e-01
-3.691248013731187050e-01
1.554197890542010629e-01
4.842015371043574823e-01
1.710186908735529809e-01
-5.275546217710535002e-01
-3.342314104582696510e-01
6.624812072927674933e-01
1.523117565484672156e-02
-2.752412525399802745e-01
2.410214719492699553e-01
5.026336304194960469e-01
8.354274774878714394e-02
-4.405864679752636848e-01
2.287623241882977831e-01
-7.777842363455583774e-02
-2.655506689122021369e-01
-1.628438992878932512e-01
-2.513162132583590114e-01
-3.495612566568389035e-01
-3.138833914907276923e-01
-2.502829868465378249e-01
3.020418741292733855e-02
-4.911933920462567549e-02
-5.487982316910747782e-01
-2.969302904368831264e-01
-4.223435045314802294e-02
2.183107091993214954e-01
-2.412978539155522240e-01
1.060776192365448234e-01
4.566091422455933468e-01
-4.391425027026860661e-01
1.638228424499680591e-01
1.219127542581860957e-01
2.281773541298481034e-01
-1.644187146070014705e-01
2.628197329928343151e-02
2.470188530119952763e-01
1.742184418996710338e-02
5.326338374951761212e-01
3.128020915692757316e-03
-6.185051082388887816e-02
-6.827024012439379674e-02
1.620436187135280981e-01
-3.398467580141557032e-01
-2.925528901686530459e-01
6.876690655631553795e-02
3.615895154362350206e-01
4.457331716817515277e-01
-1.131632418593119110e-01
-7.650925038341532813e-02
-5.934305130125023808e-01
-4.034870102723702723e-01
-6.848706302100393550e-01
-4.497980191752997681e-01
-5.805286461770374773e-01
-4.517238050019970474e-01
-1.488705293328113355e-01
4.448613034737928795e-01
-2.668639729210992018e-01
4.042964995546659002e-01
-5.673345326378729236e-01
-5.957694359897381942e-01
-3.365972226138362333e-01
-4.737772069069794423e-01
-9.261717358110552190e-02
-1.924335650199288927e-01
1.014333311709879476e-01
-3.687311372784695118e-01
3.135945890504690525e-01
-1.246456845035772698e-01
-1.543387456706928340e-01
-2.106864506814256077e-01
2.700087843589928371e-01
1.793676675928175882e-02
-5.540826235480619255e-01
-3.535971965469968392e-01
3.922093035990049659e-01
8.454822991882747774e-01
1.823099744502561514e-01
-2.401905992900804365e-01
6.201346252998037045e-02
3.935694489519350192e-01
1.286186763838411684e-01
-2.927786297607402610e-01
3.819851106482853587e-02
5.260498350086800778e-01
-5.067910900402301105e-02
-1.303059623455080085e-01
-1.742653282361111000e-01
6.381743740526180098e-01
1.388147623501751471e-01
-8.204607064656808946e-02
-1.431765113074438649e-02
2.956573317611301266e-01
2.559330667741540610e-01
-1.887072589250943233e-01
1.374056860106653843e-01
-2.519829979181257285e-01
2.407517407920293506e-01
6.166745936216778967e-02
2.267810072091422102e-01
1.363010119264073672e-01
-6.670412825784211019e-02
-2.103122991408359344e-01
-6.929499278458206568e-02
-5.999147080585434111e-01
-4.773531820880271281e-01
-2.827006831253313646e-01
4.624628271723476569e-01
3.209608525308201843e-01
-3.701334023320738686e-01
-1.468767553738874743e-01
-2.977845741215953135e-01
-3.274451041526918460e-01
-3.886304695786243490e-01
-6.187405204195476488e-02
9.656016077670308284e-02
2.854952895168291066e-02
2.824435434575477410e-01
-9.724980110158737423e-02
-2.792032743634146885e-01
-5.202542280548207998e-01
-4.791238598980704921e-01
-1.945095142216517747e-01
2.986705674805341659e-01
2.014922482621862576e-01
-3.524737469518098298e-01
-2.783399771579668780e-01
-1.834212102552690293e-01
-2.398626469853585574e-01
-2.829597876411021895e-01
-3.538341213489906711e-01
4.107985251562196183e-01
-1.454537613108561611e-01
2.412852491796802293e-02
-1.747327939032765065e-01
4.052913435949399568e-01
6.223835553591732239e-01
3.600757376470238302e-01
1.758732683569197430e-01
-1.403231095122420002e-01
-2.044528638339590809e-01
-2.072964550441626641e-01
-4.973783912599100826e-02
3.003455055107180360e-01
8.448367023769438600e-01
4.227630031799670673e-01
3.258470997302965189e-01
3.970234995485673324e-02
-1.718684018338143271e-01
1.412418488544174011e-01
-4.074662241586101546e-02
1.510724045510307700e-01
5.612614536548294480e-02
-2.692711822695356694e-01
-4.718318994756199869e-01
6.367833898087739419e-04
-1.624024312678481741e-01
2.134417703862868942e-01
4.274426527835133993e-01
6.790220844711854220e-02
-1.131986602326569002e-01
-2.925493295655174353e-01
1.135824854381661114e-01
-2.870525008779941101e-01
1.311713535768709582e-01
6.685235899015386229e-02
3.445805377447976325e-01
2.395992865896927060e-01
1.136997593801397088e-01
-2.347927396499651376e-01
-1.635872225477769948e-01
5.363700759836611057e-03
-6.091436456523862120e-01
-1.551003362550791576e-01
4.531204129227459076e-02
-2.657584291057477066e-01
-5.191793522707570663e-01
-5.720592450696935227e-01
1.565261426554740917e-02
-5.119597766088974655e-01
-5.818751232340283464e-01
-1.282753975214108721e-01
-3.528652802313488879e-01
3.581616743820827953e-01
1.191232678403092438e-01
2.355082344900017444e-01
3.239593923223985650e-01
-3.697660236038560755e-01
-6.390648068388141700e-01
-1.367274842823957837e-01
2.684629927370598690e-01
-2.650513137161565336e-01
-4.591275885572387305e-01
-5.772788503491194101e-02
-2.299919263899196931e-01
5.893553705813192600e-02
-8.276585879744341456e-01
5.317441585504142365e-01
1.686228203467039777e-01
-1.871386326139599654e-01
-1.526420057807077180e-01
-3.671137586050441937e-01
2.241117158264709919e-01
2.006713305113819114e-04
-4.056571333992998185e-01
1.881597635582161476e-01
-3.558714161124795772e-02
-1.578187446618126155e-01
8.351259554573518817e-02
4.965402096608436677e-01
3.985086064357517555e-01
-4.608716034807281564e-02
2.926345800656628138e-02
-1.435816065220784088e-01
-6.521114557507933229e-01
-2.667999359074952337e-01
2.395287852072898460e-01
1.789485415720647454e-01
-2.959564547757738140e-01
-3.559772383438427057e-01
-5.319377024387592634e-01
-1.097145952371691990e-01
6.664010454194101152e-02
-2.411321195441490373e-01
5.011453828820346124e-02
-3.557219458652217114e-01
-4.704585756642131744e-01
-6.960346369371257502e-01
-1.820361310392979715e-01
4.241039036378340121e-01
1.596589373122755950e-01
4.845324487102445343e-02
-3.584918361442770984e-01
-3.583572601480802117e-02
-1.526130001669795677e-01
-7.434288167494360056e-02
-1.314964519147580058e-01
4.450742686928907399e-01
2.572778128142146903e-01
-2.170085372017355185e-01
-2.367376370151239029e-02
2.580369719901516312e-01
6.474256453001605571e-01
4.596644809215894023e-01
1.148480283754720471e-01
5.639829273637845253e-01
1.546317714951970235e-01
-5.102548194526296266e-01
1.580539255146932998e-01
-3.756496883044278534e-01
5.185067370490422656e-01
1.071638102904234613e-01
2.451392169094118167e-01
6.047823413572879225e-01
1.562807368110873119e-01
-4.522726397411326871e-01
-5.854121143134537464e-01
-2.750316286254392839e-01
-4.314368797980902559e-02
2.080770140446054628e-01
-1.676742170884793770e-01
3.938572296554074814e-01
-7.236961193697150074e-02
-8.621382273332699187e-02
-1.550926948026787044e-01
-2.279034710480934423e-01
-1.414625872864621325e-01
-3.258121817799226189e-02
2.488996070824692763e-01
-1.476063809895979961e-01
-3.063629471079667987e-01
-7.189899222231525833e-02
4.336211611583267178e-01
-3.450295032291901820e-01
4.465781711602062609e-01
5.621478674769133654e-01
2.210659006877388200e-01
-5.121870964364729772e-01
-4.361407866046014825e-01
-1.040172449290746870e-01
1.591087633253985001e-01
-3.234100102447299285e-01
2.691053298120188453e-01
2.233437406299531858e-01
-1.464661495935603575e-01
-2.831478487959177004e-01
-4.110274412320805149e-01
-2.684488331256404403e-01
-1.880993140348209136e-01
2.131444846532737081e-01
2.422474076546967114e-01
7.085017864738604731e-02
-3.332579110936809141e-01
-4.691496758094600983e-01
-6.457304343188436935e-01
4.436818191654067628e-02
7.814905773021441071e-02
6.657261912750412902e-01
2.972036317366530955e-01
3.224465957219834200e-01
-3.626063374838965903e-01
-3.776765883344240238e-01
-3.353652910876318560e-01
-5.568840506290630987e-01
1.894097696142494625e-01
-3.451465547778753140e-01
7.316170602324185701e-01
-1.257581850408391877e-01
2.210387070652865965e-02
5.913936072513732434e+00
1.344551398566050260e+01
-3.746913033369888346e+00
-1.306813564063229238e+00
6.371858147435239594e+00
-1.651909245937379822e+01
-2.042616681470901252e-01
3.985850688308263834e+00
-1.826791690525685397e+01
-3.976248228342353919e-01
-2.392262529132453519e+00
-8.246174230377825154e+00
2.469463033726609691e+00
-6.662569157342405290e+00
1.018155841450205479e+01
-1.349789486746161771e+01
-1.087625907781666967e+01
-5.787670591479783688e+00
5.213324938330002212e+00
6.723571115875194515e+00
2.318493621364077217e+00
-1.617987614206363745e+01
-5.364473179427929894e-01
-6.286351963220150552e+00
1.162988173792100177e+01
7.887435268485071482e+00
1.373764213613781848e+01
-3.187262071861488799e+00
8.521870034139410466e-01
1.516774895341350415e+01
-1.076058904080490031e+01
-4.058924872166341125e+00
1.885442429296852351e+00
-1.515178484335322828e+01
-3.084935820629101322e+00
-6.868828794540487337e+00
-1.301356302310927404e+01
9.839543918400815770e+00
-7.046756304212384414e+00
1.128431436481344896e+01
-4.108082539379785736e+00
-1.880378467418684973e+00
-1.429147800234132504e+01
1.440368097253926560e+00
1.553278417548192847e+00
-9.495966281422022703e+00
-1.706956711019613593e+01
-6.497950116543950827e+00
-4.235311159136362136e+00
2.257048663506254105e+00
1.078832227453222270e+00
5.725156576722401525e+00
3.726532638748953463e+00
-7.663269529965605287e+00
1.100919506662349079e+01
6.263773990480634435e-01
-9.760881779307851502e+00
-5.137740496506407517e+00
-1.098495012142618066e+01
-4.081787416208914610e-01
-7.286466895254958054e+00
-1.074334124526110124e+01
1.004847047901449741e+01
-8.103428983424398879e+00
1.307722870347885369e+01
1.404867768923331361e+01
9.240272906655140339e-01
-1.124723142724336888e+01
-3.552764971714590825e+00
-4.044010220560612545e+00
-2.035767628570747689e+01
-6.478778564016804964e+00
-1.316910434312542399e+01
-1.135944751630800553e+00
-8.417253925876471143e+00
-4.437582416922837503e+00
-2.886578008029687226e+00
1.083431533708627725e+01
-1.295737020008674634e+01
-1.093114225447049614e+00
3.124154155335685523e-01
-7.656774599161459527e+00
-6.918126172486274150e+00
-9.857472626359502499e+00
7.585423201397498261e+00
-4.127097829878694668e+00
-5.950397597562830931e+00
-1.163605794303110619e+00
-1.177639258241861420e+01
1.773457808406009661e+01
1.824907569982001831e+01
-9.881592685538693743e+00
2.064503235420073857e+00
-2.133142867948051080e+00
-1.611603315775017142e+00
-1.007858119761360527e+01
-2.447855554975117143e-01
-1.797247199236354831e+01
3.596219401834255258e-01
-7.697011933512291293e+00
-1.311533344406744295e+00
-5.688042441071003985e+00
8.631766261290993114e+00
4.158255624886544766e+00
-7.953658842524004235e+00
-1.171767920064012003e+01
-1.566170296585947419e+00
-3.997870969984656409e+00
-1.308704328322423116e+00
1.034051456433406457e+01
-3.629178513605320511e+00
-2.252716255574124471e+00
-1.179122669181180427e+01
-1.665611467881280561e+01
1.845574475770452594e+01
7.636889049563421850e+00
-1.600334121916717223e+01
3.967646920619158912e+00
1.245871741951279033e+00
-5.409734143455367850e+00
7.428882471524621556e-01
-1.979075182782045417e+00
-1.800301990819088616e+01
1.758910058321340397e+00
-2.122023927734287607e+00
5.113597362373226707e-01
-1.362277690933889618e+00
6.220939949624749304e-02
2.074519892772450547e+01
-1.086948906467063125e+01
-1.105933286936305038e+01
1.696139832019060600e+00
-3.259002156164722663e+00
6.704491446916827080e+00
3.128690519166157813e+00
-9.817102732651165065e-01
2.858113020456308107e+00
-1.214086725184494675e+01
-1.934167217386050197e+01
1.789074908002048048e+01
1.125942316406915028e-01
-9.819439618635350087e+00
-6.020120883121840016e+00
-1.179656340030357020e+00
-1.574624979322990015e+01
-4.539135329663625207e+00
-5.049560080774332604e+00
-8.128331529520407273e+00
-2.213342697391223191e-01
3.964373013385396938e+00
-9.071894018231450474e+00
-5.422585198656782596e-02
-6.077402887630015904e+00
1.386348484219172938e+01
-1.058017330392453559e+01
7.253058643074243861e+00
8.407149745753166314e+00
-5.335077789238906742e-01
8.497061257464375572e-01
-2.719524023176254079e+00
5.785844116000466997e+00
3.176540919986813094e+00
-6.295422762082598211e+00
-1.560393244525666745e+01
1.624983443149000450e+01
-1.252280283877996725e+00
-3.911945037112904977e+00
-6.648778649472445679e+00
-4.685155578584593528e+00
-1.183441733350003844e+01
-1.529205000526942193e+01
-1.124348630943361549e+01
2.488611785692044442e+00
-1.196472584681462692e+01
6.073765515303104046e+00
-1.823583156325193855e+01
-3.092564928216975151e+00
-7.309001053112338830e+00
4.943887738223279316e-01
-7.879621910317951894e+00
1.645520139915065627e+01
1.436099244612282710e+01
2.984797428069610792e+00
-7.997899135005616778e+00
-3.194328606902077539e+00
6.030238419494440727e+00
-1.744303770740305737e+00
-2.533736204085000221e+00
-7.253362403769250122e+00
9.870467478622932944e+00
-8.803159044409116785e-01
-2.814603945602380808e+00
1.342111869582012229e-01
-3.491173525432743396e+00
-8.693297262123816926e-01
-1.300295661715250617e+01
-1.609146461647887705e+01
2.847574542811342369e+00
-2.029857882219544507e+01
3.644658737300770390e+00
2.846242053713751385e+00
5.554221112994124354e+00
-8.110255300124546096e+00
-1.402353033323255893e+01
5.378332307338617113e+00
-6.249840779295452897e+00
-5.270381425681473608e+00
7.054768177930497153e+00
-1.040765309233072422e+01
-9.662943241080220957e+00
-4.984171050918175805e-01
-6.191433361467467478e+00
-8.834056193170262361e+00
-1.059124448532696761e+01
1.267387644246382195e+01
-1.691565564002620548e+01
-6.826782960594532490e+00
-1.637804463907927444e+00
-2.329204392753795982e+00
5.567399564721196015e+00
1.269744853033507503e+01
-1.502767447031018833e+01
-6.037487159534906667e+00
5.300166577128890832e-01
1.460168066785682406e+01
-8.809782793741839646e-02
4.662755520329050718e+00
-8.216370774223598517e+00
-7.938742812145437533e+00
1.746731198462742896e+01
-2.190540381605364129e+00
-1.324996231880565922e+01
8.062997473903273260e+00
9.393001556703064470e-01
-1.280913006058475467e+01
-3.532025750370036299e+00
-9.038120989477976153e+00
-3.200756800973555194e+00
-9.529167943637814275e+00
1.064626462656284112e+01
-8.286229093294961601e+00
2.298270562902000602e+00
-1.359961323306277414e+01
-2.076956139295734527e+00
-1.528534751857035134e+00
-5.099451493953689463e-01
-1.648949298820531695e+01
-9.700289298582317699e+00
-1.350250198393587175e-01
2.687550997019262145e+00
-1.186733476032159551e+01
-1.014790015904013298e+00
4.623691148526814509e-01
-1.131893073914947045e+01
1.695020114239890674e+01
3.329719929703174319e+00
-1.923717996345427039e+01
-1.209364001307003278e+00
4.838663070184711756e+00
-6.085753688132553130e+00
-3.344232531072082626e+00
-7.073951687629953078e+00
2.636061060273406365e-01
-8.163877511253561536e+00
8.301437502776256139e+00
8.775235575674527055e+00
1.899748891339141377e+00
-1.239273134726480841e+01
4.051294527703861448e+00
-5.363198906416906553e+00
-1.157882890589996627e+01
-6.192518450512442207e+00
-7.956332709006172621e+00
-7.005378618889802844e+00
-1.154084484870243266e+01
-1.667150683841134295e+01
-1.171639654062309077e+01
7.329542072808286512e+00
-1.507922888620899649e+01
4.974339801827417418e+00
-2.570030471691712726e-01
-1.095664754102170946e+01
-1.198381557259258123e+01
-1.177823387510375186e+00
5.083552977977183751e+00
-2.854179979604834827e+00
-5.946909990616510377e+00
-4.922589858911218030e+00
-1.015355758256655960e+01
1.065026043963795743e+01
1.081058341128848888e+01
-8.636409700988890492e+00
3.076598847133019010e+00
1.018935162441546538e+01
3.894912598074974364e-01
9.118784298217803563e-01
-2.516352542532193315e+00
-6.497202317344721756e+00
-1.153531951310844761e+01
-1.364067299391889598e+01
-6.459451584999587936e+00
-1.544760123046108724e+01
4.404884043102240909e+00
1.483743562980235353e+00
-4.284239966984918269e+00
-1.508744379072105879e+01
-7.396229157452346992e-02
-1.778391059281647557e+01
4.229161379656331654e+00
8.596954316138271324e+00
-7.926268960207228709e+00
-5.172629796708778649e+00
-8.009818239464877365e+00
-1.331888253910767261e+01
1.161933247767206190e+01
-2.258328660193675563e-01
-6.769166559934457261e+00
5.495602389641964791e+00
6.141586682998414481e+00
-1.002079068365772985e+00
1.163932484350803875e+01
-8.318123316199645956e+00
-7.369313549689860743e+00
-7.491107670590782419e+00
-8.766826456174539928e+00
-6.897358308129121485e-02
-5.040195047761807601e+00
-6.193575973662499567e-01
1.353275488588351116e+01
-1.373132655912957389e+01
-1.794987913246577804e+01
3.885848133131404869e-01
-1.674017819088714987e+01
1.274191532973042307e+01
1.468147956365084994e+00
-6.968020656834647220e+00
7.860314986125365166e-01
-6.106091475347721342e+00
-1.587028974005137449e+01
1.321011691939399668e+01
-7.013071318121034459e+00
6.250065653535353150e+00
-6.423673802065325233e+00
-5.662513298864256583e+00
-6.093944694232076742e+00
1.792403407856179853e-01
-8.111732660474915590e+00
-3.220704122638940792e+00
-3.168616831235148812e+00
-9.515489506249852347e-01
-1.036273209970218012e+01
-1.547905320247013883e-01
-3.297645106102693013e+00
7.197747348983539517e+00
-1.550219449975138097e+01
-2.559071036912647923e+00
7.874160272060284349e-01
-7.880673579502067483e+00
1.195898047463209490e+00
-4.096711929297168098e+00
3.151369469046386484e+00
3.644920001282564659e+00
-4.579919382563030439e+00
-1.519374775872992878e+01
1.333514315087440139e+01
-7.976632056468726084e+00
1.329337882688230188e+01
-9.711960647625874188e+00
-1.164238783021902357e+01
2.724485235096337998e+00
-1.523724006639630346e+01
-6.645003666384825536e-01
2.445834748244422485e+00
-1.159217211291195504e+01
3.403515180203368740e+00
-2.098176037272754968e+01
-3.985159594498348667e+00
-4.697218333128089007e+00
-2.333554407679127252e+00
-9.438305357594371614e+00
5.686710626480063979e+00
6.116834362770638300e+00
5.108299055988725357e-01
-1.350952482231375029e+01
-4.417461918736385051e+00
5.740516855357283177e+00
1.419358050032133028e-02
-3.143319060445724400e+00
-9.245971875003588636e+00
7.920487919907240659e+00
-6.139685366903365527e+00
8.782910244467935001e+00
-3.149207250329027818e+00
-5.465927724928381082e+00
1.066501565589523004e+01
-1.125978673643716554e+01
5.466221899290691910e-01
6.148801759639381803e-01
-2.094200084743476609e+01
2.358061260860832675e+00
5.569076097570583528e+00
-1.401013845610605557e+01
-1.154457782668825772e+01
-2.001365841825314007e+01
-8.104456448335932706e+00
6.236120880963239799e+00
-8.396036004113494045e+00
7.826841865167168955e+00
-5.296259647413474880e+00
-8.146024910777512673e+00
-2.093855839472009706e+00
-4.762159235416903336e+00
-1.736878821570415710e+01
-5.185551236707754974e+00
7.719287673527778892e+00
-1.173131837514224252e+01
6.396425989888669672e-02
-5.501611479522892978e+00
-4.020077533018305616e+00
1.871282981253896971e-01
1.142641923426772443e+01
-6.762484124384718243e+00
-7.396558071792348699e+00
8.306798364505299404e+00
5.880307388094531795e+00
-1.199757490607560179e-01
-1.387642495444263524e+01
-8.760211153537458273e+00
-1.277805758710577066e+01
1.689122416025269802e+00
2.560299073542155135e+00
-1.380235667542229194e+01
1.504373076896968087e+01
1.102078152864200433e+01
-1.183961039494657186e+01
-1.823990865873380551e+00
-3.881376161025943183e+00
-1.661492914052670145e+01
-2.596593360245178950e+00
3.456827756033042931e+00
-8.172829390824634999e+00
3.564835392993769059e+00
-1.827257806852057698e+01
2.727146914698129754e-01
-3.903864923374500417e+00
7.089263310547363472e-01
-7.677149375866350489e+00
-5.156248612720252922e+00
3.053259692235076539e+00
-1.825514211468219683e+00
-1.356648490355511605e+01
-9.505111152655695506e+00
4.090920501385107988e-01
-1.191486427766952083e+01
8.045282125636481041e+00
-3.169140255085284963e+00
-1.547355371155717840e+01
5.873392285988346728e+00
1.593902465490351972e+01
-9.591837251996809144e+00
2.049648767319325326e+00
-4.705502841264725955e-01
-9.720913930937744141e+00
-2.141252821775823989e+00
1.107614457275243991e+00
-2.312778995413434568e+00
-3.855910233888402150e+00
-2.023640445224889817e+01
1.151546870243969778e+01
-5.779613762550092737e+00
-7.154613858718635200e+00
-9.691390918043173430e-01
7.119201750143923313e+00
-8.601839122394633108e+00
-7.675399921286749638e+00
-1.670938137672717261e+01
-1.601046719301901788e+01
2.762511471698868792e+00
-1.397672186218992074e+01
5.176725058259700418e+00
-5.272951897010617728e+00
-6.786430295510029964e+00
-1.131828321794968595e+01
2.196529067024721282e+00
-2.984813984751868432e+00
7.011722815643041118e-01
-3.375594566574431799e+00
-3.041913749412134660e+00
-3.396760849398965831e+00
3.365358126847687537e+00
-6.748794825283762400e+00
-1.191928033148123589e+01
-5.124667446708780716e+00
1.556967055082188445e+01
-2.558807926480520134e+00
2.610171980875914510e+00
-5.796052516809037103e-01
1.642405405738050561e+01
-1.121599637179753906e+01
-8.449084943619425303e+00
-6.859882807240006208e+00
-2.011064482546502319e+01
-2.238402069350963863e+00
-4.885137200020771786e+00
-8.364833814876416751e-01
-1.141061918648884976e+01
1.513479775608383981e+00
-2.358184663836631501e+01
2.148337833859394141e+00
-1.873623282246735522e-01
-9.674224116382923455e+00
-1.060252141537373127e+01
6.081948038911138887e+00
-2.893301826520393139e+00
3.682069031345234666e+00
-1.380921188247902265e+01
-2.635042827963888445e+00
3.046240345108423675e+00
3.177415969417523023e+00
-1.125906760441329091e+00
8.047255525502855278e+00
-1.156925087195216584e+01
1.156379697462944023e+01
-4.305128125274787720e+00
-8.784940142448647293e+00
-1.744182309665980979e+00
-8.093544135350995816e+00
-3.976636870421130343e+00
-2.641996674046322546e+00
-1.328493098342429946e+01
-1.618343601881279881e+01
-4.732621342896233152e+00
-2.126839760604314478e+01
1.249437457192365919e+01
-2.797909103597019609e+00
-1.325844242982950405e+01
-7.878398253225121550e+00
8.392774695776358485e+00
-3.137026504405336702e+00
3.086081229698443451e+00
-1.012077849382394668e+01
1.008427261406370157e+01
-1.811130785518086705e+00
-1.318170865218471732e+01
4.392234124145795171e+00
-3.534483767759328821e+00
-1.085851472827662967e+01
4.869096779681924225e+00
2.112751469786172009e+00
-1.285888283828518608e+00
-9.569158720469431501e+00
-2.507383734145248955e+00
-4.724772480861711088e+00
-3.242658077533806527e+00
-1.539327613258838845e+01
-1.377564324908083115e+01
-1.096732405102355834e+01
-8.895555549900970860e+00
2.940525222763983315e+00
-3.221763296219408712e+00
-5.846010869791813391e+00
-2.280534800525409800e+00
2.330934555785310724e+00
-4.978596336759776975e+00
2.678913407898931176e+00
-5.490397447340093606e+00
1.117811204228619637e+01
-8.575545224104653030e+00
-1.558291735290504576e+01
1.983020696155480422e+01
-1.191323039567202713e+01
8.228491164991831752e+00
3.872022923440635589e-01
-3.589642951908514235e+00
5.635530946715363143e+00
-1.682537825684298127e+01
-8.081136581208566483e+00
-6.994993884731518285e+00
-3.548327418835620084e-01
-5.191075070964828342e+00
-1.090024499250479373e+01
-5.903375145003502134e+00
-8.900223164766302153e-02
-1.334008642927079435e+01
-2.238557317916897382e+00
-1.755523446509454466e+00
-9.943043467172795191e-01
-1.417210305217871280e+00
-4.867110162333839085e+00
1.188365513002716423e+00
-4.906779652598680208e+00
4.342056065489705574e+00
-9.826638866569068043e+00
-3.922971004120271221e+00
2.126828635449966853e+01
-4.429169202927840665e+00
1.866066597304205033e+01
-4.377466187444347234e+00
-1.152956723795465699e+01
4.606904113440132953e+00
1.602208696959483802e+01
-2.094973415153485519e+01
-1.252289570279440412e+01
-1.051088172024778977e+01
-2.292770728836389793e+01
5.587850010511504095e+00
-5.004451305823294227e+00
6.329598017796523202e+00
-1.131614849222270536e+01
-9.720123960246037642e-01
-7.433475158492691470e+00
-3.386280768605363534e+00
-7.947298437633648405e+00
4.748338141626057274e-01
2.316853562965448532e+00
-3.689958927075710271e+00
1.662331419709371483e+00
-8.303425069898839439e+00
5.659299752325374300e+00
-2.319787875184169401e+00
-1.681060131367781096e+00
-2.174625122725949655e+00
-4.722198720997718979e+00
1.978816625211028857e+00
-8.190027070625335526e+00
1.114399685242272753e+01
-1.865428054759120613e+01
-4.085445716931421778e+00
-8.413703894047932508e+00
-1.611231285123352563e+01
-4.757181424534104863e+00
-1.121673028659064375e+00
1.785531931486327295e+01
3.378355313633565782e+00
-4.400860577797877760e+00
-9.166876243457540596e+00
-3.270796136679530175e+00
-1.046268527569728413e+01
3.093097351917277305e+00
-3.536738090609675478e+00
1.698152661356956417e-01
-7.028995442664892623e-01
-1.562358088930922939e+01
5.980215472796345466e+00
-1.969146773583220433e+00
-1.098636741120001226e+01
-4.391824663256083561e+00
-8.610162607395168699e-01
-4.671862576064881090e+00
-1.021031114193622003e+01
-1.373575833465192408e+00
-6.055530192527952771e+00
8.953395422973466466e+00
-1.153461107396285890e+01
-6.191671748864796321e+00
-1.516032190226010457e+01
2.821080225373709727e+00
1.114753848021191196e+01
8.692008707839216086e+00
-1.159930438364957439e+01
-4.149857182760778862e+00
-6.331582463306738573e-01
-8.438579506701545441e+00
1.390404591844697002e+00
-3.321635115183309672e+00
-9.154596018505163357e-01
-1.244711955587291818e+01
-1.989841372265913577e+01
5.537064723237484998e+00
-4.251685298570329508e+00
-1.380292033300954557e+01
2.596848982605722167e+00
1.257051162249745779e+01
-8.198904417043769044e+00
-3.944541821066388287e+00
-6.932221359477235723e+00
-6.170808217874645507e+00
1.004052192926212328e+01
-1.012042840249688247e+01
-3.496703974614255639e+00
-1.005886753339256678e+01
3.149728733230886313e+00
-4.197563820717614469e+00
-5.530213548824798764e+00
-1.515194515020333732e+01
-1.496145691543942613e+00
-5.551872590351083048e+00
-1.226230012922484985e-01
-4.599304637982147836e-01
1.916453436069031957e+00
-1.271238772808925610e+01
-1.900734854212279501e+01
-1.033904912634422146e+01
3.955721560177629659e+00
-8.502164002570642864e+00
-5.980434243614019429e+00
7.913837645652223252e+00
2.149182614292243798e+01
-5.959746420397270539e-01
-1.280006255743212584e+00
-5.810594067271601659e+00
-1.270905969134383184e+01
-2.936550036971161126e-01
-3.260821294690352978e+00
-5.615917125775334640e+00
-5.660061230156368417e+00
-2.187976610725649973e+00
-1.096143399620326697e+01
-6.188206282397378466e+00
-1.269953314224152585e+01
-4.646435164199497869e+00
-1.811607703477905673e+01
1.126923528336843106e+01
2.030441605761569956e+00
1.671637977832824751e+00
-1.781136150703179055e+01
-1.052061913770970136e+01
4.653711004325724154e+00
-3.600012281469352260e+00
-1.033301390232649730e+01
-4.704767619685733315e+00
-1.632160547897017366e+00
1.297501396879696856e+01
6.568774581052055694e+00
-2.910987313676935528e+00
-5.962941035044331706e+00
-7.345571291895302224e+00
-7.465428352383874255e+00
-5.647382030380377671e+00
-1.366596984033334827e+01
-7.966166247838093462e+00
-1.354259982000814588e+01
-5.164315337745479795e+00
8.378690516005748989e+00
-6.631418303053901120e+00
-6.147354788066952125e+00
-1.789795372254186745e+01
1.385101170277977012e+01
4.063359299802090874e+00
-1.866817145604828143e+00
-4.998842556475723065e+00
-6.246567392957606657e+00
9.765479329211602888e+00
-1.441749222744623360e+01
-1.845434214271455931e+00
-1.093991129798672723e+01
-8.338322332464848330e+00
3.284270552437519530e+00
6.071719238250010697e+00
4.290801155025003588e+00
-1.027599975843563485e+01
-6.340693600357790061e+00
-1.327472737488970367e+01
-1.507979177856806574e+00
-1.046849518102239962e+01
-9.173513938121606870e+00
-1.644814206514990573e+01
2.777440736499682483e+00
7.613310683909452870e+00
1.814887306217133123e+00
-8.834124446532664265e+00
-8.299791396378745745e+00
8.404493988716373210e+00
2.527054213029011009e+00
-2.645825979832266306e+00
3.218238002638298845e+00
-1.319823352588002940e+01
-1.787548787352709834e+00
-1.551116294974145937e+01
1.211184168327327804e+01
-7.268336999888169281e+00
4.855537251232818541e+00
-2.810890801798497485e+00
-2.240551457161383375e+00
1.031630734144295936e+01
-1.273503162608404793e+01
-1.247862825979112067e+01
-1.499883206007341130e+01
8.362215727076291572e+00
2.325953337587933767e+00
-9.052546133277191487e+00
-7.980045586370648536e+00
5.046728203739305307e+00
-4.894663816654643895e+00
4.639004202488070661e+00
-1.020059796988326006e+01
-2.246993089758118511e+00
3.833587488504047069e+00
1.090344410194562297e+00
-1.020332979779738913e+00
-6.370993837178116070e-01
-1.584994514611100236e+01
-1.350774173812193801e+01
-5.383905058089758278e+00
1.319509751373953499e+01
1.702790567295321411e+00
1.675966353633660333e+01
-6.052343379959266301e+00
-7.811566541576534739e+00
5.397105524456056180e+00
1.480255652701868918e+01
-6.931406342052312652e+00
-1.744800892916649460e+01
-3.737006929457404869e+00
-1.881323312375760892e+01
-3.158648261430964777e+00
-5.358122120634485341e+00
2.758275277035777240e+00
-1.587795002027467639e+01
-2.633410041481792696e+00
-1.254560728935235225e+01
7.583791776074224167e+00
2.007581963563807470e+00
-2.150401738774891380e-01
7.184443967561120470e-01
-1.559193633603662699e+00
-2.502743188275137864e+00
3.790818846001049458e+00
1.020996904069115452e+01
-3.009891179872149714e+00
-1.027510176087015381e+01
-2.066209579326764079e+00
1.061342795547572937e+00
-9.026075828731285000e+00
-1.557351399081632870e+01
1.218309047913691678e+01
-6.809528623884155252e+00
-8.987363395085186113e+00
-3.901384343202002114e+00
-1.025966698145653311e+01
-1.334198069359718808e+01
5.241003111261935743e+00
1.205402491173448354e+01
-5.671418973070338154e+00
-5.008836415768270101e+00
-1.883240009577697549e+01
3.415873631666684229e+00
-4.880759666732333635e+00
2.621690222968341644e+00
-3.982164684699474044e+00
6.428650200526774938e+00
-4.914924609218469520e+00
3.173731181025049697e+00
6.967350079211960256e-01
-1.564868549972414646e+00
-1.516202990458747379e+01
-5.573575554312029112e+00
3.879875575022648793e+00
-1.445189468568791646e+01
-1.476741500147191921e+01
2.652623727313508262e+00
4.000898774608499520e-01
8.520346963140719154e+00
-7.646215494029289239e+00
-2.756535586151045436e+00
-1.528843149687249259e+01
1.311604122543768902e+01
7.546981658973640705e+00
-7.541765432861149421e-01
-1.420749999662299246e+01
-1.789180761647655160e+01
-2.205764509486122460e+00
-1.323939753224263960e+01
3.477080531241402372e+00
-3.855166444589221086e+00
6.091465265854591138e+00
-1.199544855024614876e+01
-3.548778316165629221e+00
-1.343316830733343181e+01
-2.042374967959257770e+00
-1.136331557495514488e+01
4.513316296013486495e-01
7.066105436041125287e+00
-1.016187808382089131e+01
-5.085699905935672227e+00
-5.139198383969435291e+00
3.154342923956158451e+00
1.514038549814530477e+01
-1.521168778555578527e+00
-5.715528514481051481e+00
-4.074109163092409780e+00
5.066847816430943396e+00
-9.336275174569099722e-01
-1.340037130640494922e+01
-2.158723445470773683e+01
-1.348130823039862669e+01
-9.560582328472666092e+00
-9.529582545210503852e+00
4.568580557840895118e+00
-4.289739736713922835e-01
-6.977283425255181193e+00
-1.441292496633578502e+01
-5.805018703561366955e+00
-1.100125102844357983e+01
-8.084898922086164674e+00
-4.281973673823356918e+00
1.013523268715901793e+01
4.803830531238906687e+00
2.025952491845793846e-01
-1.628405201664396618e+00
-9.412778429934069990e+00
-3.204580610559313314e+00
5.711456671458114975e+00
7.743508971384384765e+00
-9.437479719373897069e+00
-7.948363874753667790e-01
-1.075940786137360483e+01
4.911627223708620593e-01
-1.480493734585479437e+01
-1.538795265880255592e+01
-4.595586256333803910e+00
-2.020875651540070095e+01
5.516863595022659661e-01
8.642861851126445671e+00
-1.352378061210622651e+00
-1.442574758006476365e+01
-7.524471951762474298e+00
5.444316125992759048e+00
-2.633987728663039984e+00
-1.836859802617573223e+01
-5.010474158865187100e+00
7.169449478469787529e+00
-2.544732288750592986e+00
1.763205154160699895e+00
-4.780611894547129315e-01
-7.877823185028939967e+00
-3.593625003283225539e+00
-4.237748084317954245e+00
6.764966535734787123e-02
-1.125600654953071000e+01
-4.429240886427451507e+00
-1.874412055168714630e+01
7.534569610034122178e+00
1.120374083981771518e+00
-1.670446371268262009e+00
3.241413380646948283e+00
-1.890773762704883865e+01
4.935557655736212190e+00
7.740116640856100183e+00
-4.327152017579381393e+00
-4.951331521633772326e+00
-8.290537522230312817e+00
1.365046798414691054e+01
-8.258792228352049847e+00
-2.026217925562346878e+01
-7.586817183282897226e+00
-1.145540465454072176e+00
-5.810423967201905349e+00
-7.009271149191786954e+00
6.367481366783135144e+00
-4.150263737821639154e+00
-3.752574515022000234e+00
-1.249375565438904090e+01
-2.653302209800166178e+00
-5.511796117663810612e+00
4.764722673196648550e-01
-1.130015295643093332e+01
7.881766644514875964e+00
6.892724107265292943e+00
1.106775566006998623e+01
-3.419382015330901137e+00
-7.174495154185895451e+00
7.472633598814803157e+00
4.068340083753359870e+00
-3.472423468663194068e+00
8.176168836382374794e-02
-2.048612343674347613e+01
1.646462964123652367e-02
-1.781621209706247555e+01
-9.769633539512717846e+00
-2.445063232113667273e-01
2.442846396693680866e+00
-5.204721394832977133e+00
-1.612553334517780712e+01
6.339688972374600162e+00
-3.176948296169217478e+00
-6.836221924421353791e+00
-1.491801553445255379e+01
5.849078586256872825e+00
4.701237747496957553e+00
4.842541204745116623e+00
-2.436917528013387457e+00
2.496584238301061909e+00
5.204567109280345827e-01
1.200116399055672289e+01
-1.191626548461345436e+01
1.056240571248272531e+00
7.134384662625202544e+00
2.757503838902700011e+00
-1.695817280695547102e-01
-5.764134373042659298e+00
-2.321397229944074070e+01
-1.603696537667487121e+01
-1.278416676911908212e+01
-3.398566268209186170e+00
5.605873285370729597e+00
7.763752386585309750e+00
-4.056019122258081921e+00
-1.464637451271837065e+01
-1.653804088532757621e+00
-2.702995415989761785e+00
1.065952789676787305e+01
-2.066060766954882411e+01
-3.828805277881703883e+00
-8.256405975895798832e+00
-9.410778172908164763e+00
-1.245202059109927895e+01
9.430228652533432232e-01
-1.104861996144394354e+01
-5.902370755187805074e+00
-1.069746883330644316e+01
2.008057354926364368e+01
5.993245173038185269e-01
-2.501165578122536370e+00
2.380779601590707895e+00
-2.849932334043653537e+00
-4.777822399729219072e+00
1.192654672863763743e+01
4.203093375427915390e+00
-5.536342455300611753e+00
-4.810605006364366609e+00
-1.826070789785591897e+00
6.293225866405371960e+00
-3.956236331243863980e+00
-1.547820148886503944e+01
-4.890134944731906463e-01
4.367829292282560338e+00
-2.028327548658512214e+01
-1.153297194554848915e+00
4.287238814179290536e+00
-1.485942907712038341e+01
-4.360110846532472273e+00
2.162067821617180030e+00
-8.384027344624005451e+00
-6.082828144266721360e+00
-1.134971241738010406e+01
1.071781336506822946e+01
-1.204908287729036331e+01
7.645156834165767190e-01
-9.666854161901937692e-01
7.165197664599764593e+00
-3.300605451050811379e+00
1.330076462887398669e+01
-1.000377167812106904e+01
-4.719113859576459902e+00
-4.362290578790553930e+00
-5.133048055331367543e+00
9.970806328189073753e+00
-7.269053282675870697e+00
-1.557434548438161137e+01
8.136887541527149104e-01
7.754195140148124610e-01
-2.891154380136727209e+00
-5.951627284358388392e-01
8.281945811753548270e+00
-5.803492223319970833e+00
1.165568022124368941e+00
-6.399055495169011287e+00
-5.075224629654266018e+00
-1.107458520789691292e+01
-1.094360962212450339e+01
-8.752575133289336451e-01
-2.670227883668436064e+01
6.255737116669105369e+00
-4.078238431003290643e+00
8.683923144798157523e+00
-5.914077886982000543e+00
4.873840838466514391e+00
-2.646366534881584087e+01
1.624548187299402480e-01
-1.614430103087131529e+00
-4.860694155318093124e+00
5.052624120924400053e+00
-8.189961178907395833e+00
-7.773329434139709448e+00
-4.222082655485668745e+00
4.136747138521133849e+00
9.450525243029799682e+00
6.162064612737752078e+00
-1.661791938883145248e+00
6.196765582506768233e+00
-6.950910636533649267e+00
-1.169999267343690263e+01
-1.204716041902818269e+01
-1.375751647764220564e+01
-1.615982007097582951e+01
-3.348772000740901422e+00
-2.264691336527244303e+01
1.232610580652232635e+01
-5.429167594825236698e+00
-2.260712774093159627e+00
-6.393931365988092530e+00
-4.709041074834836138e+00
-1.352801944650088828e+01
1.411224250203871322e-01
1.827577983956275576e+00
-1.953820220283626563e+00
-3.465709022190083921e+00
-6.480322437208518416e+00
-2.213073758441396865e+00
-9.649358498190297340e+00
8.602322003673074091e-01
8.802022410599260382e+00
1.179637843926711405e+01
-7.166387961038900301e+00
1.429854191661995566e+00
-1.896996004010729919e+01
-4.077915825720509702e+00
-1.546494114059486513e+01
-3.640451318701819261e+00
-1.242523553252360280e+01
-5.504141447672644460e+00
-1.088982084372927872e+01
1.550917684001520058e+01
-6.929367486509240948e+00
-1.138915477990734004e+01
3.302409516600610662e+00
-2.039289240643081591e+00
4.514374242317367170e+00
-1.284883045217362252e+01
-6.311399798821599738e-01
-9.619305559615696222e-01
-8.960411814326057822e+00
-9.935060685923453150e+00
3.763471654217338536e+00
-4.657280480834866232e+00
4.863865767293076292e-01
3.018827472391024003e+00
-4.039739740948557589e+00
-5.707705630786599649e+00
-9.148210152199585110e+00
-1.528018273189288223e+01
2.492229540791109699e+00
-5.764650884559173072e+00
1.117132459176411707e+01
4.155435938137363450e-01
-5.981693453077475020e+00
-6.614635055041126144e+00
9.329633806067127111e+00
-6.640424771101504753e+00
-9.547456484887016259e+00
8.100013753065288924e+00
4.187555878200339698e+00
-9.189993797009142762e-01
-2.641866506234221390e+01
-3.738252539253117401e+00
5.511050071498775349e-01
-6.433866181142064988e+00
-1.856899546395979428e+01
8.905420307251722178e+00
4.372188109255263022e+00
6.399516946242892246e+00
-4.264683128423488512e+00
-1.702515618795523267e+01
-2.829300269697947456e+00
-1.460622603815894482e+00
-2.169131652428225809e+00
-3.372199022589746242e+00
2.280105992416011418e+00
1.910972156670655764e+01
1.121039481502689839e+00
-2.159563482313009430e+00
-2.129083802639884837e+00
2.947078446628661474e+00
-3.228461131511181303e+00
-1.061303955889472483e+01
-2.659379612199152199e+00
-4.621257855435265682e+00
-1.323180103196125756e+01
-2.147956465291335348e+01
5.354293961527250012e-01
6.885514981597476769e+00
-4.624069470815845406e+00
-2.245343921895091910e+01
1.816726530188534250e+00
6.385663210550823088e+00
8.045739522722184844e+00
-9.388305109539512472e+00
-8.746371311472913135e+00
-2.098829344511792261e-01
8.540700816192728695e+00
2.052408473435119340e+00
-1.128267381091120569e+01
1.950248021419830557e+00
1.173033321927245609e+01
-6.753404052854686590e+00
2.298824709799111243e+00
2.234277220513699813e+00
1.306610625945610282e+00
-3.078423514676692507e-01
-1.477397306593939774e+01
-1.290363053500552937e+01
-1.531087537283866595e+01
-1.046449545025134142e+01
-9.945022677538105427e+00
3.662154444024073641e+00
7.820670731943364373e+00
-5.364687958721675365e+00
-1.564695460147944495e+01
-7.073800504021825475e+00
-2.231298112919628096e+01
1.815056294392985947e+01
-1.162108199530541874e+01
-5.379843413363053273e+00
-1.177364201318699344e+01
-8.459109242439604159e+00
-9.502716085018127146e+00
2.900717468016348555e+00
-8.031057389020537229e+00
6.062088182809481918e-01
-5.307816336502320098e+00
1.344773980365309463e+01
-8.028118713382181859e-01
-3.837682664961147849e-01
-6.039629100731235267e-01
2.831565725560878932e-01
-2.539478337634143656e+00
-2.068874912844364200e+00
-1.616221479408607165e+00
-7.012808116252766233e+00
6.583930505848374359e+00
-5.450694943195013131e+00
3.058359929756070628e+00
9.270907307110809015e+00
-1.543827616896159327e+01
-1.114865569789991007e+01
7.616921435086934977e+00
-1.788898901766157579e+01
1.039831623647287318e+00
-4.525138565472799357e-01
-1.505074098767709678e+01
-7.924121905672016020e+00
-1.802060574163059314e+00
-1.120246509303578897e+01
1.879545176928018702e+00
7.093517388864784223e+00
2.302152113851375415e+00
-1.215681992110834386e+01
3.828375984483220140e+00
-5.075737962027581318e+00
8.782756581403379670e+00
7.395042843687803236e-02
-3.963022567867870105e+00
-1.053545290537812917e+01
-6.554897330463872684e+00
5.407969780983917119e+00
-7.449692571730563984e+00
6.964804931526949794e+00
5.793346076099707531e+00
-1.721473063631218992e+01
3.256098911934829143e+00
-2.433106175155789863e+00
-7.961550115397213467e+00
2.856583866453556553e+00
4.645152425734507595e+00
-6.865632856173076171e+00
-8.982298854499292773e+00
-1.570433455093000319e+01
-8.376679236223511182e+00
-4.611824524926977809e+00
1.591185144124013284e+01
-1.796180700849677736e+00
-2.026360252250270833e+01
8.978802683637484350e+00
-9.228783716842498208e+00
8.472862090087506459e+00
-5.586749417638134041e+00
-5.181582409729739602e+00
-1.726337880574949679e+01
1.246193496062692141e+00
4.812551659802657422e-01
-1.085701425273031440e+01
1.862507831127625302e+00
-4.177500226415428841e+00
-9.523244484421853784e+00
1.723245753310928885e+00
-1.563135706742763809e+00
5.456659300398492007e+00
2.828396428571400723e+00
-2.427393815288290568e+00
4.669450582350732404e+00
-1.347438774418419882e+01
-2.057219816233028098e+01
-6.560708849784574248e+00
-7.415122809334317111e+00
2.151240358046389467e+00
1.085189236932805024e+01
-1.208496082126911553e+01
1.228019351917728841e+01
-1.175007320371561015e+01
-2.043758910097337456e+00
-1.133873317296744254e+01
-8.538643302828996084e+00
-6.263619138030268374e+00
5.906759032364243822e+00
-1.700851316920348522e+00
-1.653554616950339806e+01
-7.794770706761092960e+00
-7.293431356443168312e+00
-5.153116203279612950e-01
-7.655181660710710823e+00
-5.051486244299231210e+00
8.364877411013127428e+00
1.570900470707453644e+00
-1.957824785261931932e+00
-6.516090110653071088e-01
-1.141428474478925281e+01
-1.034445201975504602e+01
-9.434000545981348296e+00
3.924302314176610906e+00
-1.169244554719788454e+01
1.741926518491615994e+01
-4.639455706219499653e+00
1.298576805911765675e+01
-1.093997164512179232e+01
-1.070428410648492701e+01
-2.005635716609239783e-01
-7.633843091422479965e+00
3.918284867622696677e+00
-3.660498452521951496e+00
-5.890250894892488986e+00
-1.606330320244005705e+01
-1.090753968198517398e+01
-4.684838567288569067e+00
8.855315435489590215e+00
-7.976990686923124407e+00
-4.711885187752729465e+00
1.641782438484630235e+00
-1.220567265664769785e+01
3.747496766784897737e+00
-1.269727105175345017e+01
7.937922433010227152e-01
-4.815274376465137784e+00
-8.102192245405932525e+00
1.753848471938415443e+01
-6.879324818587012835e+00
6.888587495524291171e+00
-1.026988378814437120e+01
8.554528150214613547e+00
-8.339962176356252144e+00
-9.966723784162786259e+00
1.117273968941178630e+01
-2.105861226727599789e+00
1.596831647574832314e+00
-1.542512223267122806e+01
-1.145440733529915356e+01
-5.020112613281579428e+00
-6.556174058872039190e+00
-3.475491902675504452e+00
1.359840043076196814e+01
-8.278969802298532521e-01
8.018941934886569811e+00
-9.050463503673050525e+00
-2.112746090197056148e+01
2.060087376478163979e+00
-6.647574317996020277e+00
1.036964015899828340e+01
-1.307885081500566393e+01
1.762179964347949934e-01
1.408808120689358212e+01
6.606186423326040336e-01
-3.286269539399587991e+00
-1.232110270322548828e+01
4.391900136547326028e+00
-5.430881005742842937e+00
-1.122554742294722452e+01
3.431814207630856206e+00
-2.813402822571370532e+00
3.398258742454592918e-01
-1.161169383057923277e+01
-1.069797723724519400e+01
7.755734789110459104e+00
-9.911860507261728515e+00
-4.242139037005389746e+00
3.587300011345339712e+00
2.218827380680018280e+00
1.579520105148236730e+01
-1.394554379410328160e+01
-1.163497757244859798e+01
-3.694844134241020317e+00
4.017585664134506906e+00
7.140644402675594193e+00
-1.880720957975571750e+01
4.909649187096769118e+00
9.202283775307736891e-01
-1.499181946994109893e+00
-4.660830133529541008e+00
-6.697096549977985980e+00
2.605675969922996771e+00
-3.716753887914993726e+00
-1.386565293975367830e+01
-8.480196743394285974e+00
-5.476059374220880294e+00
4.641128659930088496e+00
-2.271073263246893958e+00
-6.067095125838665837e+00
8.344002889503624232e+00
-1.479302827204781146e+01
-3.911100074538113702e+00
-5.984493399575550932e+00
-2.471978167457411502e+01
1.147791033624190149e+01
-1.506853142987661709e+00
-5.347055516298000022e+00
-1.746722862235151297e+01
-4.325731940213811910e+00
9.500030996345211198e-01
4.527803724899540860e+00
-7.892234434718869096e+00
7.450192424008025505e+00
-4.077377563016200135e+00
6.520641785909325749e-02
2.415882988890795335e+00
2.574739023411736660e+00
-4.838305151748033772e+00
3.269898623241516145e+00
-2.105060050850608100e+00
-1.940010290697968642e+01
-1.916633924016249768e+00
-5.216108874747042101e+00
1.024858346252656816e+01
-1.001628743636145558e+01
-3.489841372941124842e+00
1.197057751641985490e+01
-1.205267101876968461e+01
-1.206312194741055777e+01
2.604546098351011363e+00
-6.416720863134372621e+00
9.360629855899241791e-01
-1.115064128138950927e+01
-1.328569482686155290e+01
1.660054446380919924e+00
1.014438386351899979e+00
-1.224092359756905779e+01
8.379091522249508373e+00
1.348316268629833203e+01
-8.200855973669536780e+00
-1.783199994980086078e+00
7.033383174822568584e+00
-9.414405890885802819e+00
7.923401175327684065e+00
-6.282874070719505211e-01
-2.341234593373358663e+01
-3.672748846067737993e+00
-4.526194422910447379e+00
6.387877860316046430e+00
-9.923607395571380607e+00
-2.104506023700896122e+00
7.666165814892505814e+00
-1.428822898255311635e+01
3.980107392026352109e+00
-6.220529012416156966e+00
-3.604641438259560182e+00
8.612472997212347048e-01
-3.801746215033157128e+00
-1.436198354806460742e+01
-2.403436818391985419e+00
-8.334551330327665042e+00
-8.777051535819218486e+00
-2.280278775118662615e-01
2.941539340784860812e+01
-3.613987703450540767e+00
-2.461166430710064912e+00
8.167335409183412054e+00
-1.113705555918630807e+01
3.844963264643133982e+00
-8.739375573266412900e+00
-1.422356393452202283e+01
-5.120368575485124474e+00
1.239592255190777204e+00
-2.962453114389988151e+00
-1.129347771630509456e+01
-6.378297123775030109e+00
-2.646639535128217702e+00
-8.714024463462450854e+00
2.709202838961888737e+00
-8.018022926747716994e+00
4.731663021496995469e+00
-3.910675401679749363e+00
-3.507248908967726120e+00
-4.595364439618514041e+00
-4.854240681869800511e+00
-1.017323017580122091e+01
-3.400602926063542419e+00
-5.367923129110423908e+00
1.557896710296815712e+01
1.723910250552513190e+01
4.910504920004790996e+00
5.155926114318153175e+00
-1.120486130087657450e+01
-6.101910422837629078e+00
-1.903359900530999838e+01
-7.125578314463493435e+00
-4.300954594262858421e+00
4.642661509620056748e+00
-8.948638458523852535e+00
-1.662362031820175901e+01
-1.418917462060645462e+01
-1.486655264196082848e+00
-2.122782567126528352e+00
-8.028415070973489165e+00
-1.292481658559701962e+01
4.091210830667550091e+00
-5.805562808358026849e+00
2.639109622868699656e+00
-3.352625948048977289e+00
1.951992822185909304e+00
-4.025297642688281385e+00
-4.894634185773389490e+00
2.437616698398230142e+00
-3.973638644266100695e+00
2.465117495731799124e+01
6.455173403534550047e+00
3.832271484247766757e+00
-8.624615462555963674e+00
-1.025552086090724302e+01
-1.091975042003871899e+01
-4.584681314559345466e+00
-4.672621979329617758e+00
-1.843251350748934536e+00
-1.379585964587457525e+01
-1.673426981895124754e+01
-1.447990516339168998e+01
8.047803632612438918e+00
4.788562426343360379e+00
-1.300885595449848076e+01
-1.296637180847761250e+01
-6.225132629561590747e+00
-7.632574266598561863e+00
9.661111563015321479e+00
-8.957768822599280867e+00
1.257185570775575201e+01
-2.561198724949200756e+00
-6.460161311678053409e+00
1.092618433573872139e+01
-7.165901067082928400e+00
6.876986839510261795e+00
-5.407774888505035626e+00
4.454026463387050327e+00
-6.593788877819648064e+00
-5.209481397969811134e+00
-4.673707695855189304e-01
-5.894162463442893518e-01
-2.189171642763818149e+00
-6.786716907180385228e+00
-1.886618859806596760e+01
-7.624880872418531297e+00
-9.922374384488430010e+00
1.432366703725317691e+01
9.710187625200562778e+00
-9.752027717783661842e+00
1.180222714239582693e-01
-1.817818855744203788e+01
-6.484869955752994741e+00
5.222207762320110191e+00
-4.723018598304989268e+00
1.561926012618003057e+01
-9.459508216849632944e+00
4.926890358613822962e-01
3.936193719128817214e+00
-1.422268871375444554e+00
-8.583230235242050199e+00
-1.381842177357236068e+01
5.255699999360345487e+00
-6.825178727953331581e+00
-3.636256421149909102e+00
-4.334460574159210822e+00
1.957080425664493584e+00
7.721355032229102022e+00
-1.433518715072647609e+00
-1.982832186182347556e+01
2.827770300192516739e+00
-1.488064279055099348e+01
1.233660038381230528e+01
4.063409478446027734e+00
-5.492127842171607988e+00
1.008962858499292281e+01
-1.890192044915125535e+01
-1.595405648958966527e+00
-3.218863240150971361e+00
1.102159565959712317e+00
7.925283895279910062e+00
-1.217741901988805431e+01
6.454548423007581803e+00
-5.857934213076342544e+00
-8.524013223434470099e-01
-9.859327785348641626e+00
-1.090016279366006380e+01
4.040831189743580687e+00
-6.465980387948834007e+00
-6.495626870545838649e+00
-1.157868665791960083e+01
1.765417369779967327e+00
1.299869431028544930e+01
4.167846354966862954e+00
-1.466020542208538302e+01
3.444051356543552433e+00
-1.784527861945708338e+01
5.243315260165129388e+00
-2.385334825136545156e+00
-2.622602261762356779e+00
-3.520898157913618487e+00
-2.685737904198628456e+00
-2.906739623160500940e+00
-3.086961701899106014e+00
-2.315182536641653854e+00
-3.094946959052426116e+00
-3.176518017703844787e+00
-2.840052674948655653e+00
-4.099590865740185386e+00
-3.225386067803484913e+00
-3.603511541093548765e+00
-2.628820235649509840e+00
-3.877774238036286736e+00
-5.655680472972747452e+00
-2.950273540206797218e+00
-2.331775411807362808e+00
-2.521949558185942131e+00
-3.140450408087978484e+00
-3.187502208833556949e+00
-2.434685887551233385e+00
-2.911564954736002075e+00
-3.123480955797991232e+00
-2.816467609123247673e+00
-3.718447767231991552e+00
6.329175435485060452e-01
8.199799379406050859e-01
1.041846184407731801e+00
9.671550161553988945e-01
8.530348066389543682e-01
8.175937870510638916e-01
8.610557668784933893e-01
9.488545438477713478e-01
9.254544189944337029e-01
1.137234831141453739e+00
1.274790403594853849e+00
1.280069254985463534e+00
1.256242186980500053e+00
1.168109058878167961e+00
1.070305210337556323e+00
1.063033578758988407e+00
1.321492207606313807e+00
1.363260516137456690e+00
1.236137320251874172e+00
1.270922296107233729e+00
1.504376106839382832e+00
1.463250012125350663e+00
1.183602651159266106e+00
1.031177360997800108e+00
1.430408217216566191e+00
1.390549347239858458e+00
1.180242628197928578e+00
1.224304582638389371e+00
1.556847837174579530e+00
1.505389470634074689e+00
1.184849383525793387e+00
9.553474909234752621e-01
1.312227252891283724e+00
1.320127419775240174e+00
1.298647254997932876e+00
1.450379329075529355e+00
1.609795218932260852e+00
1.472327547751312471e+00
1.198029392755055378e+00
1.007594769600037354e+00
1.012388815481796822e+00
1.158603973695934597e+00
1.434529324013231522e+00
1.552479146918476438e+00
1.454395936325883598e+00
1.262628154419456639e+00
1.117334143765803089e+00
1.093644185033270100e+00
9.388619234504137490e-01
1.175495525772239036e+00
1.432203381590322344e+00
1.442828770584233977e+00
1.192643114059888987e+00
9.921777163630499663e-01
1.014660415417627304e+00
1.121822247634976177e+00
1.042616361456060403e+00
1.163104629169843474e+00
1.212684789414115949e+00
1.206615635714937795e+00
1.043290377694970239e+00
9.021762901910942434e-01
9.556866168308162379e-01
1.060946823199742095e+00
