-3.117318436381513180e-01
-3.825431915856057630e-02
-1.032299040766081755e-01
-4.472490774884746445e-01
-4.273283022363645878e-01
7.050027849607063413e-01
-3.664748445928718845e-01
-5.026220905869177580e-01
-7.297549953820289814e-02
6.945351937185022528e-01
-2.422215562388102261e-01
-5.947780904580707295e-01
1.797901456219088978e-01
2.870760190061141248e-01
7.885192535140840286e-01
2.841489395357546174e-02
3.296762173494909853e-01
4.420043974906375794e-01
2.936571958990113473e-01
-7.227142949115546999e-01
-1.649009546613984523e-02
8.269111628474471454e-01
5.545537611791896415e-01
-3.090886007342321176e-02
1.978652245860542114e-01
3.028575326851932759e-01
1.841886835216597629e-01
-3.676411203614459722e-01
-6.132614914095787517e-01
-9.615992596108174917e-02
2.637376924486702356e-01
3.986666735791338234e-01
-6.246148610832140680e-01
5.878750720895593168e-02
-2.442680567472082023e-02
-2.922304233121783001e-01
-4.016386418710959916e-01
-3.298534104825988078e-01
-5.705642194600802908e-01
-7.483702036288264470e-01
-4.392201302985191957e-01
-1.052633170993538814e+00
1.230845282774760269e-01
3.682654867955825750e-01
-4.474643438067076318e-01
-6.341100530963854620e-01
-8.253953209030590044e-01
-2.866394559330491809e-01
-3.123068841414836649e-01
-1.847117744335868561e-01
-6.567479583610503768e-01
-6.400025289880888202e-02
3.470713553718273170e-01
-2.120579085679159814e-01
-4.669998715283297241e-01
-3.616995191106959218e-01
1.790803827757667110e-02
-1.301244591208136070e-01
-3.282579357978697709e-01
-3.311615677411348102e-01
-5.280463699585713488e-02
1.846803558418286806e-01
5.902469452067658773e-02
2.893351034483860884e-01
5.362561473081928209e-02
-2.785538186804153438e-01
-4.078711268617781771e-01
8.728115017169135736e-01
7.589926521432657225e-01
-1.000656111289921907e-01
-5.838238355437312954e-01
-4.376719581493598854e-01
-5.878547824370003450e-02
-5.705775063401868907e-01
-3.651423744448157871e-01
4.159606958119370090e-01
3.397943380391384993e-01
-3.817235134333764601e-01
-6.290934412383990537e-01
8.399214423449884864e-03
-1.295440827513889837e-01
-8.224806244207721884e-02
5.303279168783154862e-01
3.965269789119567623e-01
9.692713992719549643e-02
-5.373343332093929309e-02
-1.269841725245575703e-01
2.013293259118029421e-01
4.280447478051009891e-01
9.921968447544902148e-01
9.921113398158133423e-01
3.897003989597748741e-01
-7.624657829612707660e-02
3.549000254317312142e-01
1.849523580581224624e-01
-2.164190273427434030e-01
-6.760804778770128365e-02
4.391719369227198855e-01
2.856142678276940017e-01
1.090302293582810222e-01
-2.047075402094098162e-01
4.216606310800383728e-01
4.160933597686061747e-02
-6.362720012957473470e-01
-5.359506354560215069e-01
-3.202806989384387459e-01
-4.120244326082082575e-01
-4.299708598707218110e-01
-4.220888189679517510e-01
4.525783023904726421e-01
-1.633091350433507616e-01
-8.003562849430365667e-01
2.579131758982614389e-02
-5.501356435499962227e-01
-1.995319338390927066e-01
-2.682026939641640739e-01
-9.299089044455751685e-01
-3.572421041963634303e-01
-1.387145340335822208e-01
5.993826501552832961e-03
9.629862356488629038e-02
1.731684508206589868e-01
1.080642507588662343e-01
-2.914338919433661079e-01
-7.147601451843342835e-01
-7.494463181714163813e-01
-2.218853675587858509e-01
1.908604645690606116e-01
-1.184387034637057190e-01
-3.124558082197723685e-01
-9.272315640666578540e-02
3.681349321930044161e-01
4.600083838838292527e-01
-1.818284267784952835e-01
9.051691517554470712e-02
1.111752327986238686e+00
-1.970755778108172207e-01
-4.347662602789935660e-01
-2.517045815046615731e-01
2.146455055773305032e-01
2.060037657334174432e-01
-6.056637124330364053e-01
8.111853967574839119e-02
2.675176439360062441e-01
5.672861115634248580e-02
-3.276398467643290013e-01
-3.466307530295385519e-01
-2.994973443111623168e-01
2.293277544149782410e-01
1.995101666013514297e-01
-8.749056896120828153e-01
-9.045254001808724631e-01
4.880612444638240954e-02
7.281498127176842805e-02
-5.864847627770696237e-01
-1.419800011012173346e+00
-2.207962491343428146e-01
4.914552209262867954e-01
2.704967914437978859e-03
-4.851723265488367964e-01
-4.907490834054812484e-02
5.287605170691344475e-02
-7.753391766254399964e-02
-5.673865985563351089e-01
-2.768114905558341499e-01
2.295045659563286350e-02
4.167643996006494822e-01
-5.329345600470249966e-01
-2.301440303046401736e-01
-2.272713789654850353e-02
3.822194520416848929e-01
4.580474950656807098e-02
8.491458057611341037e-02
-3.752229115677938043e-01
-1.543371082741950206e-03
5.657741043416107951e-01
-3.992795994355216593e-01
-7.414275049213902014e-01
2.942274500116329183e-01
5.032032560053965042e-01
3.550546481723075853e-01
-1.255648861974493768e-01
-3.098636767212192833e-01
5.067121190490028182e-01
-5.252386892385948469e-01
-1.181113998296035916e+00
-6.681651624960304181e-01
5.413935858896180842e-02
1.066599356017180478e-01
-9.119186975845953169e-01
3.756822993023349599e-02
4.487447417572552055e-01
2.240675231489242525e-01
1.207614630249199544e-01
-2.198104188753166599e-01
-5.057325291248213617e-01
-8.887762922881008165e-02
-1.102897095328459198e-01
2.564062569772082578e-01
-2.325314324062024152e-01
-2.687930204986920812e-01
-4.597544445518843004e-01
1.195757085992822238e-01
-4.531327150350688560e-01
-2.881563802911140670e-01
-1.175646956199079968e-01
-5.560412119730896718e-02
-5.071606315896353134e-01
-1.126678884469951014e-01
-1.067265896104076656e-01
-1.713842947609139217e-02
-5.812358244729498580e-01
-3.050195988768060196e-01
3.753907975798287389e-02
-1.879990070234118238e-01
-5.418596252258157664e-01
-2.647734947750289558e-02
-9.392101051672355205e-02
-2.176775094192441931e-02
3.734195759126024416e-01
-3.574062138599836541e-02
-1.692199867121778681e-02
-9.780616021208457522e-02
3.091399791533181451e-01
5.520206117739878682e-02
8.003469087781775460e-02
-4.098502123678146591e-01
-3.280787076979955197e-01
-2.090685906493246482e-01
2.990145802351574789e-01
2.965368161039246518e-03
-3.380213658764420481e-01
1.265012577392864157e-01
-2.246849636013766582e-01
1.206434352270257526e-01
-9.049999119424503857e-02
-7.246164387832174647e-01
-1.467175607678678384e+00
-8.338860740574435271e-01
-3.603283316471343478e-01
-3.605963707119433925e-01
3.593973964744249239e-01
4.952156900324545807e-01
4.905616386169893706e-01
-3.956676700353322085e-01
-7.679726218147501227e-01
7.273441503818168889e-03
3.768457268911789004e-01
-2.054117628218437019e-01
3.185643269875502726e-01
1.016519857701261520e+00
8.146469176923374356e-01
-9.622291070942630420e-02
-4.670701689061996370e-02
8.271733769001515801e-01
8.057004161627621119e-01
4.032222068961316061e-03
-4.485428256689413112e-02
-7.992608232626476072e-02
4.277502156421444934e-02
-9.664900094311627832e-02
-6.981522359963202584e-01
-4.955262916407168761e-01
-4.284612500459220596e-01
-3.032022504346836289e-01
-2.554220409654209822e-01
-1.380297662575317996e-01
-2.771462373135021307e-01
-5.368676978751136808e-01
-7.190058461121794364e-01
-8.029137174103105901e-01
-2.842179314053883132e-01
-3.778066671937240634e-02
-5.088627804776129082e-01
-1.932344593535592348e-01
1.858323271860672643e-01
1.893747542303783615e-02
-2.182426471373060950e-01
-4.171347635058427761e-01
-1.931932756641397131e-01
9.504930757373257488e-02
2.622933311148945706e-02
8.915695060962368357e-02
-4.649666682601749645e-02
6.364007905576209156e-03
-2.121389868350008756e-01
-6.838457596920999304e-02
8.666107023195088188e-02
-6.452450818914470809e-02
-3.287957681430293821e-02
3.591441322271512471e-01
3.278022111153482410e-01
2.253603992956729196e-01
1.931438264706381858e-01
9.456645789462995999e-02
-2.182589435698652214e-02
4.001693250545441116e-01
2.508262886725471930e-01
2.873156095988547154e-01
8.626129472968850909e-01
4.743673193609923566e-01
4.767842852581254953e-01
3.861788283813187284e-01
2.905033077734907043e-01
-2.729495990564060337e-01
8.320530770893503902e-01
8.908171751945653805e-01
8.442249058969717446e-01
1.659997696685890090e-01
5.333137252525167460e-01
4.195843868538969290e-01
1.873066436556783398e-01
2.394235206711472219e-01
1.072360759251582280e-01
2.158906716409465798e-01
-2.859970144283283666e-01
1.606388895518059967e-01
2.452811072929365066e-01
8.483766818141114108e-02
1.812000236433851108e-01
-3.964530703790832278e-01
-1.639902567951638246e-01
-6.311116819225582875e-01
2.156507656728763600e-01
-2.886468844954896973e-01
-2.280788585398182133e-01
-2.568066259052276812e-01
-1.956970762757954396e-01
-5.954538532745985435e-01
-4.357602906114865782e-01
3.308600098809839074e-01
-1.066313732208663823e-01
9.501772283711391875e-02
-2.858509498682703098e-01
-7.083355198785418194e-01
-1.387565825164997768e-01
1.608100838570677982e-01
-4.334667222402732722e-01
-2.489758350335860015e-01
3.841760511507460452e-01
2.489442836169225848e-01
-6.024129132683280208e-01
-3.882466757885185138e-01
-2.651676605883360530e-02
2.377553663033408343e-02
1.602014743859138945e-01
5.610999761964176845e-03
4.119877670380789891e-01
-4.784343384203919303e-02
-2.862315907191179676e-01
3.607822153919348351e-01
9.834614921507053298e-01
1.138960580652249144e+00
-1.560178946003870984e-02
-3.015887474362927145e-01
-8.653934929996370817e-02
1.614999781177985649e-01
-2.708343571770914227e-01
-2.032342533871461521e-01
5.606762965070563043e-01
8.289078386140780186e-01
1.129083524479780332e-01
-6.049589791420330043e-01
-1.975468578837681621e-01
-4.576505779026985854e-01
-1.031910136786674315e+00
-1.632638357357426573e-01
2.202231804988496466e-01
2.269146790927994151e-01
-2.622855805917703176e-01
-1.207938379203240986e+00
-3.142357205419146204e-01
-2.905754394411710299e-03
1.584080673553212026e-01
-6.365996958136562744e-01
-1.877722133391999948e-01
6.090188726835804069e-03
-7.971816962151354602e-01
-6.133179754529819450e-01
1.688124085034148347e-01
6.970663873682035883e-01
5.030858442695377297e-01
-1.956292228666352273e-02
4.422199998701301484e-04
-2.074161122041340288e-02
-4.083344255755091967e-01
6.303885749966993413e-02
-1.401995605239511567e-03
1.370752151395195628e-01
-5.071643031021934311e-02
-1.483313756193503086e-01
-4.000926154978248772e-02
-4.514611273010905035e-01
-2.122325726315947014e-01
3.845579226620454705e-01
6.163036713054536042e-01
6.384040215932066387e-01
1.291620407696249251e-01
3.927170770651887688e-01
-1.772983501231502335e-01
-6.821887206588006514e-01
-9.019309420556184675e-02
5.804358396576275725e-01
7.170495498945631541e-01
4.789411846472302892e-01
-2.124041388750962100e-01
-4.056146043242748189e-01
-7.796015208598294777e-02
-7.602262392738916574e-01
-7.521159229521520162e-01
-1.366512145484595209e-01
-6.652730472452725308e-02
-4.701836831874572353e-01
-3.251674615727224715e-01
-7.161630061902954369e-02
-1.309796450922374733e-01
-4.712682434783976304e-01
-4.327095940667892715e-01
-9.825122866675539690e-02
-2.375188484215289275e-01
-9.745899694203887798e-01
-6.036332639841955894e-01
-6.329156839719458638e-01
-7.383967639864760235e-01
8.268431460903032104e-02
3.806067011351573770e-01
1.860037161445952658e-01
1.272117507734756015e-01
-4.785724633960540542e-02
4.549631969293632672e-01
-2.843300783137589494e-01
-7.242095804039446749e-01
-2.738548880932627910e-02
5.029082324658539216e-01
3.092876318173783945e-01
2.761630671167881190e-01
2.860138882747209274e-02
6.720187909135456605e-01
1.276717925307340185e-01
-4.329583544842930953e-01
-2.141464606964326167e-01
-5.046406965446039727e-01
-9.919349153383590079e-02
-3.535822660028668518e-01
1.035870436092650899e-02
6.097791516958408486e-01
2.769064581961912935e-02
-2.620253098986935480e-01
1.333884140266339280e-01
-6.753071117906368770e-02
-1.025319302102856156e+00
-1.056067384913129015e+00
-6.248682706507958651e-01
1.942110213323560153e-01
4.511955921034959682e-01
-1.589130934254753824e-01
-7.399485629230763417e-02
5.441700295987629277e-01
-4.478210860534884707e-01
-9.038497042501626444e-01
-4.024472857861319808e-01
1.631404274294385448e-01
-1.890890378316515685e-01
-8.059490875348617189e-01
2.670964281252707906e-01
3.657616062793945244e-01
4.876634107194784407e-01
1.228936061109523192e-01
-6.046462687403671987e-01
-1.403237453477703955e-01
-4.182870293344045920e-01
-3.490972408361489587e-01
-8.860154417769502966e-02
2.993123856005497352e-01
5.274953570269577674e-02
3.408361631312236545e-02
-5.088872024251438475e-01
1.250930032227111077e-01
4.036676534831443869e-02
-4.699126138724188939e-01
-1.565729299343741332e-01
-1.162619936825309841e-01
-1.582478367625361482e-01
-2.388923137312574663e-01
-2.936509023773208327e-01
4.552635289494084136e-01
8.193350285293210522e-01
4.010610457104363258e-01
3.284183580638913580e-01
7.198317596470218960e-02
-1.016504868891444091e-01
-6.310374385851053036e-01
3.166144984908827453e-01
7.248730492782894386e-01
3.227672670425935642e-01
2.595609018401749402e-01
1.131652726319033742e-01
-6.395133836051088150e-02
-1.513633199804611529e-01
-1.466383176588968162e-01
6.346703334941844465e-02
1.183478704584552954e-01
4.263093344469995882e-01
-3.725787876032314316e-01
-1.625868554807071709e-01
-6.010181992609010537e-01
-1.601278657490291524e-01
-3.836184430320705996e-01
-5.245423087200121737e-01
-2.562720376721992488e-01
-7.253311667363070425e-01
-3.976171963641785267e-01
5.057650843620182801e-01
3.977093789051437400e-01
-8.672004622779398708e-02
-1.775381905473064625e-01
5.210168087306544793e-01
1.000143768935381816e+00
5.220672641781630707e-01
-4.691779664042063369e-01
1.286494664275288913e-01
8.594159012019979282e-02
-7.977991192852430524e-01
-5.494643056373451628e-01
4.356426911625899678e-01
3.277972911760290153e-01
-4.669465741487285881e-01
-4.752492972909122537e-01
-5.718315842598212795e-01
-1.027304455552893847e+00
-5.966661848413130631e-01
-4.665268573073171887e-01
-4.178796956217670916e-02
2.586419472861334889e-01
-5.350505964152491023e-01
-6.763645787570533585e-01
-6.038312015644602404e-01
-5.298647346609470787e-01
-2.739481359888502610e-01
4.136606287207500454e-01
1.147691664121969879e+00
-3.428038521013365703e-02
-5.277523938543651760e-02
3.265610226791870047e-02
-4.748553851991214603e-01
1.141828715363184255e-01
3.264773000683084403e-01
2.373087888284139413e-01
6.496507387679394396e-01
5.992496689452653236e-02
-2.642429939236891623e-01
9.740396650326478556e-02
-7.737656903823196541e-02
-1.414271315899004733e-01
3.133372311054173354e-01
2.264054296559195878e-01
1.525141121422687483e-03
-1.454930134248280660e-01
-5.350940643805641300e-02
-6.801334044150510530e-03
3.970804120870493822e-03
2.897020419951833459e-01
-8.380523518358885815e-02
-8.808284033024380566e-01
-4.348191645471933819e-01
-2.285232257845552228e-01
4.145383503021274688e-03
-3.382113636039244531e-01
-2.527635702595168454e-01
-2.397112936711703335e-01
-3.094983862416046394e-01
-2.445119887653695312e-01
-2.167039714964690000e-01
4.631257614167684777e-01
-1.830636974314965582e-02
-1.777421549597768824e-01
-7.385249286125287194e-01
-9.120717113106899809e-01
-6.273497986269408466e-01
-6.714995120303475229e-01
-4.246793814591421357e-01
-1.253249628761783363e-01
5.395102806361667946e-01
5.176999014276317812e-01
-7.529427621324934483e-01
-4.453490709561378491e-01
-5.417633926452566362e-01
-5.650285126712877304e-01
-5.335099458982645038e-01
-2.246608481161167514e-01
5.378807779454460869e-01
4.984932380343135572e-01
-3.700894290753567462e-01
-5.734425253190014171e-01
3.190865584133422694e-01
6.614115143268707309e-01
3.613294910942470017e-01
2.293120271272994504e-01
4.393871946877083157e-01
5.308105332895085571e-01
-1.440153061601330726e-02
1.861218332378383189e-01
1.438807509959804387e-01
4.165105886433882465e-01
6.566579012082450761e-01
4.724795072726452050e-01
-1.898737141879872359e-01
-2.392828150499571871e-01
-2.415327158909773009e-01
-6.004882441859239472e-01
-4.134531644929916872e-01
1.216836359747544977e-01
3.174207263068825613e-01
1.076965875497523303e-02
-3.555874667693340041e-01
-2.286615965251278249e-01
1.727291179759312678e-01
1.575946616109256959e-01
-5.393226013998038137e-01
-3.667622352267839170e-01
1.752146137472748166e-01
-1.701486656614661919e-02
9.523417848463562596e-02
-4.541014294416428898e-02
-1.357223514617686699e-01
-3.446470017913532691e-01
7.539009376574553611e-01
4.816840425669571268e-01
3.386430714938191283e-02
2.133927989250466450e-01
-3.505759163483319618e-01
5.442310128620007556e-03
-5.517026559479047965e-01
-2.222116454699290256e-01
3.832593390072374651e-01
3.790287724471226860e-01
6.147210245899008552e-01
-2.739865216055270558e-01
-4.723401718856147236e-01
-5.690821287510081650e-01
2.259198432879805374e-01
5.584905016003323119e-01
4.160126779024236332e-01
3.553221407591969361e-01
-6.534347994187321707e-01
-4.530133771933196329e-01
-3.780528587331363072e-02
4.275704620441608816e-01
-3.406076276554090843e-01
-2.642405692671818129e-01
1.959000936706055962e-01
-1.114014694018694990e-01
-1.107820865125368925e+00
-4.401969633835079998e-01
4.046970914697925470e-01
4.482106999354474874e-01
-1.188302139089798537e+00
-4.865487933358416672e-01
-4.014774325370653041e-01
-1.133393479090883060e+00
-5.525630793231409710e-01
-3.945834449473891170e-01
1.395060608285276227e-01
9.705745888939877331e-01
5.773416728491893857e-02
7.276781807965305993e-02
-8.543005774346516812e-02
-3.447413459770314326e-01
-2.163268023635398773e-01
1.549527470835269372e-01
4.473164199470152091e-01
4.098424876644438108e-01
7.459949018212885807e-02
6.036008417539412418e-01
-2.121547959801083350e-01
-1.612463532088836693e-01
1.580661301125443063e-01
2.657489298944023526e-01
1.331360528750223093e-01
1.950217207869570091e-01
-1.838501324418261862e-01
2.341972681475070206e-01
8.284693842435736366e-02
-4.356339982492068441e-01
8.924302609209912307e-02
4.860720633771632437e-01
-9.270157527709335654e-02
-8.441898896029192967e-01
-6.204892346202725006e-01
-4.769874123657713016e-01
-7.055214773477580525e-02
-3.930356936165629866e-01
-2.017507295802649092e-01
4.585535697892697549e-01
2.139162475408507361e-02
-4.005392353474145350e-01
-4.637841828928730425e-01
2.448818882879046643e-01
-1.100563775000475558e-01
-3.263256056698317087e-01
-2.187665168665511584e-01
4.637054910083995840e-01
2.794733690274832649e-01
-2.619779911450897947e-02
1.423210565981190279e-01
-2.822708656950329020e-01
-8.515439646962402742e-02
-3.229101185094714055e-02
4.167485908058078392e-01
6.158811056183731703e-01
3.180804295878271182e-01
4.684969712401406694e-01
5.345327962033388225e-01
2.810116640440619706e-01
-5.792026965975414221e-01
-3.681916311599149616e-02
-9.584394271647382613e-02
-5.728750507875375597e-02
-2.590828004426045106e-01
2.588136724681490697e-01
2.517550311935841112e-01
6.614589383607687167e-02
-3.499855886148153794e-01
5.852017483228087735e-02
-4.447906595467566726e-01
-5.554894329876629566e-01
-3.416525031916104460e-01
1.045398161934330411e-01
1.431584420886544973e-01
2.311730241401239727e-01
5.710612902187001821e-02
-2.286071696228434147e-01
-6.773584921305038087e-01
-5.973878733762368887e-01
-1.615730551276635396e-01
1.683011198165866862e-01
-4.054243999516734531e-01
-2.916046529386294162e-01
-3.481098584011543817e-01
-4.144873632419711629e-01
-5.290424746071243911e-01
-1.811143405072823120e-01
2.327835986702945781e-01
2.055882877196591185e-01
-9.583633089539862482e-01
-5.503522722200242523e-01
-3.613513103434753265e-02
-4.101688022597193006e-01
-4.741984977205103147e-01
1.247297534799122337e-01
3.545711185284814992e-01
1.806099730288209526e-01
-7.168906757191596812e-02
-3.635695476866220299e-01
-1.076279458740554973e-01
6.377615004013224842e-02
4.505603795557004410e-01
4.972072318365302057e-01
4.476807512933941857e-01
-1.981174881257604381e-01
9.056768504899476158e-02
4.709482813687168590e-01
4.922909313340477766e-01
4.934054014037305147e-01
9.251357735576546393e-01
1.129247972457440463e+00
1.675769056810448299e-01
-2.405059091143008643e-01
-9.179910525146236511e-01
1.789149358003158108e-01
1.458285985357303138e+00
4.749442987779985414e-01
3.421658857896022754e-01
5.487281669229845393e-01
1.162149498882973642e-01
-5.772003947922013101e-01
-7.751233189137948232e-01
6.315005492832277412e-01
9.987673850610001569e-01
3.038296369949763931e-01
-6.975351857484759499e-01
1.878678216833241377e-01
-5.942714289052018761e-02
-6.782469918145337395e-01
-2.174773838367507206e-01
4.053571575653758252e-01
5.295848274215971818e-01
-1.388371118696039852e-01
-5.032748611419709528e-01
-4.684180013432627243e-01
-5.798742127786911116e-01
-6.308964112809888336e-01
7.724899195381750017e-02
-1.955429219577114186e-01
-2.144460278588068702e-01
-3.721501979451350417e-01
-2.793005364182078454e-01
-7.012019176392510211e-02
-3.656628593208480771e-01
-3.456525638680647550e-01
-4.300964248291935799e-02
-4.269684945749124272e-01
-7.689686409153786428e-01
-2.864004939750059431e-01
5.069347975886328017e-01
5.399970304675499877e-01
-6.907741335020281537e-02
1.191413822188867599e-01
4.117902627279607791e-02
-1.169625566166138247e-01
-5.329189993297518413e-01
-3.942262415303079415e-01
3.226279319788968314e-01
-1.051744734899341394e-01
2.553998497161237280e-01
2.469271998248328825e-01
-2.765272524293592160e-01
-1.091274603063417670e-01
4.957359423715083230e-02
-7.952667774722307348e-01
-4.123991386362299560e-01
-4.473101409236240333e-01
5.774455702698751830e-02
2.206662553510516794e-02
-9.202042910504076856e-02
3.841022462199231158e-02
3.131014156771820267e-01
-7.483148783792153980e-02
-1.197407217871683666e-01
1.257025208516782122e-01
1.433990100367248666e-01
-8.857289184118417869e-02
-3.098028803990451330e-01
-8.059054614816756335e-01
-1.668569713346141833e-02
4.696261595548045786e-01
9.087901559620079886e-04
-4.536020547473441078e-01
-8.092266215518671979e-01
-7.820280393588319168e-01
5.602958129727282355e-01
1.371957883364195718e-01
-2.759931731788928810e-01
-1.940068108533890556e-01
1.269108800366109402e-01
-3.986244286459624808e-01
-7.759293178066587471e-01
-4.076156753467337079e-01
4.014985496104059859e-01
2.607089255783616097e-02
-3.728300858999311629e-01
9.103105423328389061e-04
-2.921631869303311646e-01
9.316269267671592469e-02
3.774706759239054299e-01
6.753671153695375851e-02
-8.570352819215984810e-03
-3.121047723946848151e-01
-1.081047352177564314e+00
-1.663126900218715731e-01
2.028610535938025761e-01
9.109741836461646702e-01
4.387924710136261730e-01
-1.168257474466667528e-01
-5.961269521543268723e-01
-1.062412014787316394e+00
-1.663912808311286129e-01
3.102430883523120131e-01
2.422969223724401322e-01
6.262552400148507781e-01
-4.640974576065969720e-02
-2.268407727547880615e-01
-1.280592454574823180e-01
-2.317841754583860603e-01
-1.365095116474591974e-01
-5.755605097405630879e-03
3.872331791267375478e-01
3.635087371462537575e-01
-4.250357943381249948e-01
-5.838001786305377916e-01
2.411621868639042543e-01
-1.748740597631590898e-01
-7.994561105591571071e-01
2.928728681976185411e-01
1.977533694313424462e-01
1.233840444743685982e-01
-1.450315277719836649e-01
-7.751188393710674029e-01
2.009060121428405954e-01
-6.142873170714942266e-02
-2.216964777934493647e-01
-1.561487349306362460e-01
4.507519940586268703e-01
4.805168017376724166e-01
5.956373875942913565e-02
1.863263497399204049e-01
8.129011410116837588e-02
1.944244993450555958e-01
-6.026228581192696193e-02
3.232111050685833598e-01
1.553096255155222427e-01
6.432325992574589382e-03
-6.690150960591555694e-03
-1.949592473625304245e-01
1.691685837659703817e-01
1.600616727029204600e-01
-1.840751858403359975e-01
-1.793433440076606378e-01
1.858791241017237195e-01
1.143899429885578967e-01
-3.722247758343270596e-01
-8.968134139251041081e-02
6.147604182518014992e-01
5.076550815392505411e-01
1.154984801123440236e-01
-3.745473340719349675e-01
-1.976936355765538667e-01
-1.882573712500915375e-01
-3.542551028037363992e-01
-1.954274600691818520e-01
7.411346956059535751e-01
7.342634747685711227e-01
-3.256908030915031671e-01
-1.359431832110358507e-01
2.107358917044206692e-01
-1.102554381370737802e-01
-6.110473523333382895e-01
-3.911686840698305745e-01
4.808533376392165604e-01
7.969075954843962695e-01
-6.780241848036958063e-02
-9.032976044228693269e-01
-1.121310330674308436e-01
-3.511398243760167071e-01
-8.814990785035609067e-01
-2.356689365867765951e-01
3.249552020448155942e-01
6.200093448747995284e-01
2.015282258681246885e-01
-3.614287294867935939e-03
4.344382535487750774e-01
-1.830022208047737964e-01
-4.042058499567302010e-01
-6.119823395568584345e-01
1.490911065904232391e-01
3.194317029205029357e-01
4.392923436851811636e-02
3.372532487859354888e-01
4.909693992954184405e-01
6.524128092900054465e-01
-8.805550575255851609e-01
-8.898169681641661111e-01
-2.625610908587140413e-01
-1.385539485865280862e-01
1.659345649544280155e-01
1.588833198356334186e-01
3.286683500030623817e-01
-1.493895509377901054e-01
-6.608381904347685465e-01
-7.756495122949067511e-01
-6.674912229861457158e-01
-6.786569885588421558e-01
1.166234809591493587e-01
-1.316563831070510227e-01
3.451911472456928309e-01
1.004531573201516148e-01
-1.453080946860223488e-01
-4.943806640727776286e-02
-9.962165802363475153e-01
-1.117714505081393472e+00
-1.895132561901233248e-01
7.682630968791760717e-02
2.117207849711684742e-01
2.863083958705303633e-01
2.545143598601899426e-01
-6.945972955200523102e-02
-8.815781586834702255e-01
-4.549442135686467270e-01
-2.235458487703155805e-01
-7.080866672419970920e-01
-4.816002278448654889e-02
6.788542852534512617e-01
8.895016864374120924e-02
-2.674324777067598191e-01
-3.842051858848202772e-01
7.506078047680185550e-02
8.281908267907543697e-02
-3.619074154946084754e-01
-1.107460501516885770e-01
-3.927547162235406342e-01
2.578698483074753911e-01
-2.235554536636661163e-02
-2.240708907714294984e-01
2.870645732428744878e-01
1.368269717481579162e-01
-7.699151793822082146e-01
-4.952418543994137612e-01
-5.965660609988415741e-02
2.491705078584301736e-01
2.758544597470267146e-01
1.134807221641558200e-01
-9.798814334959569938e-02
-6.358125080168824939e-02
-4.754542526980282680e-01
-6.218633707113855325e-01
2.817350151002362413e-01
4.114477594917804182e-01
1.697302653153044960e-01
6.748696839900405475e-01
7.877818962550803272e-01
-5.793994905363109016e-01
-2.368006433780433240e-01
2.822194605803654555e-01
-2.867837429764630644e-02
-1.904792057894726942e-01
7.643813366670054732e-02
1.161126381915291050e+00
8.305729894625761833e-01
1.717409391793525697e-01
1.260996316055510158e-01
-1.245588466411847450e-01
-1.709190143588283917e-01
-2.190438979524094165e-01
-3.710447801872102103e-01
-7.770018100401836214e-02
-4.744183639990671303e-02
-2.268451778304582112e-01
2.386810631633061175e-01
5.892945997703149530e-01
4.105489756916425592e-01
2.122139147024384165e-01
-6.311522450508253446e-01
-5.055046246912942715e-02
-7.524117102506140409e-01
-5.661054236037804666e-01
-6.351440384983472742e-02
-9.587522612451888915e-02
1.003490768722469784e-01
6.857031249783450411e-02
1.975272248451734047e-01
-3.670044585045988822e-02
-4.501330768425846340e-01
-4.073165904669845405e-01
-4.418470324530852089e-01
-1.526790846457685147e+00
-4.190076491548970772e-01
4.191112246456925039e-01
4.771049201163078957e-01
-4.644855540286799145e-02
-1.730700151870908365e-01
1.464274900422057185e-02
2.698930407069871085e-01
-6.359474734496762816e-01
-1.569436537135539655e+00
-6.073539241805023803e-01
-2.525562558562419180e-01
6.882141677597106155e-02
1.267344963345541121e-02
4.556497781476809839e-01
3.847398261179405532e-01
-3.445577834735934208e-02
-7.616423344937097717e-01
-4.191025664449944399e-01
-1.522477274094545252e-01
3.805522154288401571e-01
1.303879378805575528e-01
-1.884649891768816754e-01
7.044834981542361652e-01
5.742753139711948007e-01
-7.131484685788430644e-02
2.716095618990494245e-02
2.811932754548683855e-01
2.255964497975650185e-01
-4.647709938118343431e-01
2.627824464321194126e-02
-1.560849087975398064e-01
3.539250719255553068e-02
1.960426006337980531e-01
2.827486659465153207e-01
3.429647907709703625e-01
-2.320679285257622182e-01
-6.051450750943381252e-01
-1.165909447597530124e-01
-1.658609080154241910e-01
-7.325901692138450660e-02
-6.167402833074913104e-01
1.040909659443132046e-01
1.101929882110772169e-01
-7.992421314348868711e-01
-4.833102506497533035e-01
8.862945242504338683e-02
-1.135565127399692231e-01
-3.738393103654976679e-01
2.753527065964997758e-02
4.858444420691943738e-02
4.549357007704879496e-01
2.214506580649179268e-01
5.365630320003369341e-02
2.260695922334995667e-01
4.160402064594159038e-02
-7.813420375806853224e-01
-3.926061984106316016e-01
6.390034372698924492e-02
1.058215211855906002e-01
3.854218874566889275e-02
6.619877197594128404e-01
-2.074550758600401668e-01
2.487384679479285599e-01
-7.756030048153098044e-02
-3.155906968040970706e-01
-2.536911658298012656e-02
2.109801402226237910e-01
-2.282197287436592004e-01
-1.239152792424480787e-01
-3.000916125918888164e-02
-1.209961323665557087e-01
-3.702317373704697712e-01
3.245971839066877362e-01
3.204864676226733544e-01
1.503217631828150484e-02
-2.374153701648953341e-01
2.752848378156925319e-02
8.864121142518881502e-01
5.163253862214609580e-01
-3.399216404525320367e-01
-2.590326000881803536e-01
6.223473638166838323e-02
3.339539303424221561e-01
-2.580790975630214978e-01
1.513156657653539128e+00
6.919874351605902474e-01
3.206418752722886567e-01
-4.616618751660546138e-01
-9.142351675787053766e-01
-1.891606412652588332e-02
1.812699568782997483e-01
1.324212445403226412e-01
1.759051466393909691e-01
7.324648879170772009e-01
-1.335911651967658653e-01
-1.356924894214802890e+00
-8.969676892192283146e-01
-3.143563253671182722e-01
-7.050573189241837735e-01
-1.489712295008194520e-01
-1.122172861045876019e-01
-3.503429599882721956e-01
-7.965261667191614325e-01
-2.089493014827870365e-01
-1.651118893512254493e-01
-3.042692069437491487e-01
-3.002657904686620305e-01
4.422262029281610052e-01
5.542358626406682087e-02
3.462732927653878190e-01
-2.232584262127766672e-01
-2.245644198411128611e-02
-3.340572050770003742e-01
-6.485434008452671817e-01
-7.204523331917787043e-01
-7.100260349343882546e-03
1.713683306214771121e-02
9.365641525880558094e-02
3.672552573455885594e-01
3.605423298963410517e-01
5.718857577161049616e-02
-1.123995164529917323e-01
-3.613236740474237707e-01
-1.030891608614619842e-01
-6.157618400941139436e-01
-4.748167501432237203e-01
1.337511369388974525e-01
2.025351356483264531e-01
3.744525160342571657e-01
2.465196741749622056e-01
1.578852004559897632e-02
6.100465706136820598e-02
-2.558761821406222992e-01
-4.236667282394464551e-01
-7.370821698901717373e-03
-1.382646990863225511e-01
-6.823696550632589730e-01
-4.212362160957122681e-01
5.346251516731401754e-01
1.958040495965723271e-01
-1.554580846401593663e-01
2.066146321175667544e-01
-9.865651638047653882e-02
-1.454688888176559614e-01
-8.739461207479008731e-02
7.537866822265708588e-01
2.335342175981413027e-01
-3.768468094984980810e-01
-5.590738013641098902e-01
-2.184338920180292909e-01
-4.678506731949801795e-02
3.930445266839645013e-01
-3.746180018048433369e-01
2.308613848635005239e-01
4.683358140832578065e-01
-1.287904309466766817e+00
-1.653853718496750003e-01
4.579980200100812193e-01
4.459537827236191854e-01
-2.686341203633760832e-01
-2.259853267723198889e-01
-5.781399952266899067e-01
-6.700715730905943968e-01
-4.463332767934238277e-01
1.944689262768221349e-01
5.516636171369873054e-01
5.075620404454992407e-01
-1.715385241694465934e-01
-7.490633925830905149e-01
-1.403695583097742228e+00
-9.345614095378841357e-01
-3.967952722208594740e-01
-4.776150766419294258e-01
-5.398712345444330873e-01
-2.656636800219041583e-01
-1.209324604048733209e-01
-3.504871339707302802e-01
-5.896935177958532170e-01
-2.984527864738547587e-01
3.456914599733481031e-01
-4.347255143507083863e-01
-1.346893073360435067e-01
2.555936199427850664e-01
3.217603042040748651e-01
-2.859279748500299090e-01
-2.280053535390581462e-03
1.343959955045209154e-01
1.653529417632120316e-02
3.646608212991212516e-01
2.852880500616644666e-01
3.866106751232805672e-01
2.441706780873487970e-01
-1.064966074549471425e-01
2.930622978408594648e-01
7.216353971329317885e-01
1.300411755061003927e-01
-1.543198007348713652e-01
-6.397671352982916559e-01
1.258409283385998056e-01
3.339476564001026548e-01
-2.496616241678605297e-01
-8.127095875122952728e-02
5.010846664647647941e-01
-1.030346562340473060e+00
-7.671296362432873384e-01
-9.175434044483569140e-01
-3.569849974688663161e-04
-2.531375108515245276e-01
-4.610087858603715283e-01
-5.790396778299556485e-02
7.616819650680595188e-01
-4.283587664421804053e-01
-3.033049671270916514e-01
6.261154697921460233e-02
-7.499486585937455152e-02
-1.214702256945887904e-01
2.729479883128264894e-02
2.298936114141458542e-01
5.019991528080103294e-01
-3.083614625639698459e-01
-8.861846769318196260e-02
2.793981148899198907e-01
-5.823921119605349750e-01
-3.484811573965662657e-01
-3.721133984282107843e-01
9.184667264409437371e-01
8.934243632421368098e-01
-4.884349170530135481e-02
-1.866771053126735705e-02
-2.469374299818818397e-01
-5.231414579395128328e-01
-8.872041749024659474e-01
-1.291848734535922839e-02
5.517924348795172351e-01
2.998697109824245977e-01
4.643718839966898826e-01
3.370761941881801338e-01
3.205638275957287675e-01
-1.162153377569255797e-01
-4.932498465275296229e-01
-4.762915058195792972e-01
4.517742133192050730e-02
2.774277795157096271e-01
8.046008053434194895e-02
1.900075463147869737e-01
5.703270661253151408e-01
-1.902122664639375182e-01
-6.152940606582681937e-01
-4.806235406967008794e-01
-4.473873411502374275e-01
-7.549658236233712516e-02
-3.078482309923877280e-01
-1.290939805338446045e-01
4.328141473566980979e-01
2.778528248192461136e-01
1.679604395987082180e-02
-1.291676696127835866e-01
-2.991853751605228484e-01
-4.951802229185943149e-01
-4.597502023685265393e-01
1.367727252180369613e-01
9.838791651267123628e-01
6.229700271910250109e-01
5.136944464087700446e-01
-3.785881043804900647e-01
-3.060910534390867133e-01
-2.884020650995806623e-01
-6.500018115667026697e-01
-7.035679113996395895e-02
6.288310906868636030e-01
5.513331232372135071e-01
1.158059781276689765e-01
-1.601809084722728982e-01
-5.581764785936843554e-01
2.750919683435893437e-01
-8.485918378209607038e-01
-7.780905946808303053e-02
7.110814569504853022e-02
-8.051115624501847812e-02
-5.946496662345271966e-01
-2.248184195749322878e-01
-1.146168000869790399e-01
1.415111207342129584e-01
-6.690308342644382122e-01
-8.427706185707715125e-01
-7.873479600780560750e-01
1.351682358298657016e-01
8.725926013868973152e-01
1.332129411441892453e-01
-1.925830378863733761e-01
2.754811084460015783e-02
-2.092751972405358651e-01
-4.312836847462532819e-01
-1.985157729465370502e-01
2.355757306742793100e-01
2.774618340882510359e-01
-5.641641735670614721e-02
3.231212616816510619e-01
4.994416084254350852e-02
1.109085988010379553e-01
-2.245357510820470970e-01
-1.666900576595266026e-01
-1.064473896364893785e-01
-6.811802745763092526e-01
-6.615445912852277455e-02
1.539813062336528870e-01
8.616750811849105407e-01
2.121649044971863074e-01
3.842977394393583962e-02
1.446062774524435081e-02
-1.628213177248910015e-01
1.219064099413995350e-01
-5.858982399788672524e-01
1.688936974436787697e-01
6.121233465631644721e-01
5.293851706910400745e-01
-1.718821141103004935e-01
-7.336997529575980947e-02
5.694257819498101114e-02
1.041737238825163891e-01
-8.214428574898037239e-01
-2.228776597551437866e-01
-4.559338542356761725e-01
4.166159312874668369e-02
-2.124300312009170799e-01
-1.643027999861758903e-01
-1.551602829357442703e-01
-1.412526647535533586e-01
-5.872676498817333002e-01
-1.068266440743173895e+00
-1.173261012149024868e-01
2.490098763502823775e-01
-7.488973214461568384e-01
-6.689271164628963762e-01
6.870811575624977685e-01
4.736268101667579500e-01
2.343709104038847746e-01
-5.099407649062375203e-01
-3.451004283384018767e-01
-5.775416173051545199e-01
-5.036683389793810139e-01
-4.869611235378820124e-01
2.538134838167638296e-01
2.137979832069007990e-01
1.808589032251797513e-01
-4.442235950297349079e-01
-3.741118273623718626e-01
5.383816091737064768e-01
1.950093455387474917e-01
9.008024210225705486e-02
-7.578219173471525960e-02
-3.029757725942147650e-01
-3.540588137379709344e-01
-4.109148942222665135e-01
-3.389119864183978703e-01
7.587623117336234069e-01
9.755044032429982526e-01
-2.580501911675824323e-01
-3.729810276098653454e-01
-7.084994635048964540e-01
-3.131183249381842004e-01
-2.711580964851281195e-01
-6.574165636579540339e-02
1.074677309885281984e+00
9.173250787118487626e-01
3.451572557960830845e-01
2.134889687948431924e-01
-9.493067050496474535e-02
-1.720554245067879851e-01
-4.093750457841706103e-01
9.122861892379663384e-02
7.206728205527844766e-01
9.640852946148547042e-01
-2.498772835203622034e-01
-1.728728851689985135e-01
-1.991353037417609995e-01
-6.799248670173181353e-01
-4.379717713344423169e-01
-2.441112664089242074e-02
-1.983927553763779050e-01
-3.707024732417907864e-01
1.717872845902767009e-01
-1.723188109839876234e-02
-2.868730396588078241e-02
-2.912663846037060744e-01
4.098440185534577007e-01
5.760255922838379838e-01
-7.399472188293924058e-01
-5.584150927449398338e-01
2.910543466301340407e-02
-3.405808328537479612e-01
2.797327967620088021e-02
1.759727632749812087e-01
3.702119788957212720e-01
-1.667239815895670552e-01
-6.378569285960526969e-01
-2.334554218369179757e-01
-5.191474903005074415e-01
-4.479757775056112390e-01
-8.732473812392513857e-01
-2.777207402809623304e-01
-5.237919473267925730e-01
9.306469955420633433e-02
6.790006023721297801e-01
3.208212479304516362e-01
-3.373546808052358403e-01
-1.517898099822780622e-01
-7.522589628184126465e-01
-1.499100867652589097e-01
3.041239811185514896e-01
-1.343395224474209504e-01
9.095380310834340065e-01
2.554262406525844575e-01
-1.979904718022680588e-02
-3.009049110237504432e-01
3.604224916703841486e-01
-5.164501145916405855e-01
-1.450307570863973439e-01
5.265059850519379081e-01
2.607710808236226030e-01
-9.346057135377071334e-02
-3.079668636557403305e-01
1.921215258202671194e-01
1.720202899653275608e-01
-6.696141243250763875e-01
-3.623226559751278053e-01
-2.739849139266140599e-01
3.144804546907252196e-01
2.478302168960996310e-01
2.610457895741530310e-01
2.873332348686128412e-01
5.696625041167534542e-01
6.174648810557725742e-01
1.141733583256685947e+00
8.906423840921178225e-01
2.918354938858190306e-01
7.333103091624694481e-03
2.820014001460579012e-01
3.303961083196174098e-01
4.477065579486770308e-01
5.425633058566472489e-01
1.385695962550513860e+00
4.121299117685480740e-01
3.757924710320153516e-01
7.986614078207653414e-03
2.615310371570296888e-01
1.901753409185663879e-01
2.329915297067287616e-01
3.221389571692499509e-01
-3.158163451365356145e-02
3.454178232134163529e-01
2.229787352051727511e-01
-1.968478585273168158e-01
-4.667787290271785960e-01
3.730334849191263569e-01
-5.845902326351329337e-02
3.536969731007531537e-01
2.970705323498215034e-01
7.567289175874025893e-03
8.120885131063773632e-02
7.881679305845100403e-02
-2.559256276167606314e-01
1.594447694011584234e-03
-3.835158293654634259e-02
-2.700195918277880081e-01
3.437890761700152040e-03
4.370620511850521472e-01
2.856350144444308459e-01
-3.905040291428644728e-01
-3.057981833632674173e-01
-6.278875022630572289e-01
8.587486338459589252e-02
-1.082251159374287078e-02
1.505114903402183790e-01
-2.530607849295826162e-01
-1.554480516209257035e-01
-3.801298973140861404e-01
-2.197572328507461648e-01
-3.446858623805867938e-01
-1.494233678507098373e-01
-5.773699137711097995e-01
-1.178081333677404585e-01
-1.843850172183669200e-01
-2.980972366349587954e-01
-3.907393271951803415e-01
-4.193559708394840602e-01
-2.324872431186851551e-02
-3.001395573985520260e-01
2.268841907253520418e-01
-3.210329082638914699e-01
-1.820110963583168318e-01
1.987854807022569614e-01
8.500711833484492219e-02
1.304897643980607314e-01
-5.546007975556175307e-01
-3.177108952536103481e-01
-9.984017278364011316e-01
-1.664683343713917740e-01
-7.862364443790238744e-02
5.397361424176818634e-01
-2.227690369284963945e-01
4.507422590694843550e-02
-1.876572277344845108e-01
-2.072365641595010077e-01
2.940407306672256360e-01
1.190338708452060301e-01
-1.152952663865016297e-01
-5.502129790999108622e-02
-1.144449214777817359e-01
-7.925412769466686491e-01
2.868484362439424062e-01
6.737596376362284811e-01
2.198160585466855110e-01
1.229894918349427047e-01
-1.812696538039554051e-01
6.413385830534754639e-01
8.756922061255974568e-03
-1.788360114138156098e-01
8.147391241564252984e-02
4.541805241517116176e-02
7.296497763186314545e-02
-6.868614609143508520e-01
-1.489745130948526119e+00
4.825441724728085080e-01
3.028566083285417210e-01
2.909474570389182779e-01
-2.135574014934270570e-01
-2.189220159155238765e-01
-2.239157550961805576e-01
-6.838439895020248516e-01
-7.472916246164854615e-01
2.858348781819290974e-01
1.540421495954225062e-01
-3.808659608474062042e-01
-9.770873466256373430e-01
-4.510023844333040932e-01
-8.477151546782578373e-02
7.044309627504365956e-01
-1.944807158590577678e-01
-4.455681294094200884e-01
-6.598432955483148066e-02
-2.810208087547503286e-01
-9.410500885383474845e-01
-3.333480114295775953e-01
4.545408005922146888e-01
5.013065119767042832e-01
2.847070324893120064e-01
-2.430394197930829669e-01
2.256179060913190149e-01
-1.516365043723668336e-03
-1.016317225641032163e-01
-2.718816718555890355e-01
3.635144926680496380e-01
4.360464510806197902e-01
3.668159233229658506e-02
-3.899793543860584411e+00
-1.246764067182255076e+00
-2.800147615358118625e+00
-5.205936997799632815e-01
-1.197261485513414270e+00
-5.880203612509594890e+00
-4.110687383293734953e+00
-7.511720613389121226e-01
4.035998036697773905e+00
-9.081708174811074841e+00
5.687202188633354583e-01
2.029446834482275364e+00
-8.365602347548982465e+00
-2.851130090232022685e+00
1.318733057401077602e+00
-9.022468179142322242e+00
-1.856988311384266899e+00
-5.942515862762345336e+00
1.888100488174711655e+00
-4.057176013783169388e+00
2.130957873139011749e+00
1.394601971365398577e-03
1.227032606237577994e+01
4.954877708777440937e+00
1.861301225115687963e+00
-1.982785045113381939e+00
-4.366296859924022833e+00
-4.085068045905770440e+00
-9.445177857280451228e-01
-1.409288132658808035e+00
-6.301104951082632688e+00
-3.850274941612527257e+00
-3.147788521039093457e+00
2.812867909776534781e+00
-1.085481838036365865e+01
3.536729491541168446e+00
1.114785313294497510e-01
1.758298638028539917e+00
-5.322207317554664030e+00
9.496660057278539790e-01
-8.695964522678915287e+00
-3.779141363379969754e+00
-4.352902973001626208e+00
1.990490591111131469e+00
-6.641592594662822258e+00
4.096169848575319072e+00
-1.666829607998145724e+00
1.169939131197993731e+01
4.454277234549880227e+00
1.210471754321579274e+00
-4.582262071497913425e+00
-2.234853592445190884e+00
-1.892918082660998147e+00
-2.773683137246145236e+00
-1.575126107929543773e+00
-4.449755323153658182e+00
-4.286184745226502280e-01
-1.080473570248069848e+01
-2.423057782939539884e+00
-9.794725997373529225e+00
5.184379400457189924e+00
-1.636359527671135794e+00
1.181292937407479471e+01
-2.981163655705742599e+00
-2.411076888839230326e-01
-3.148971722499433579e+00
-2.599769343802563082e+00
-1.288615758979545056e+00
7.714346940638284744e-01
-6.755232617544636220e+00
3.217207840799992891e+00
-2.774056830347690461e+00
3.807557808354786744e+00
4.854848511603877093e+00
-1.852959903487795046e+00
-7.342048081888528976e+00
5.025100092019582299e+00
2.805415195633712333e+00
-4.862699024897568556e+00
-2.452595166062132126e+00
-2.360502265968437818e+00
2.309181623921983117e+00
-1.442733894619162704e+01
-2.685859324047594310e+00
-9.271538777718363988e+00
1.239666008366778621e-01
5.375370420233961388e-01
7.332749491832119659e+00
1.248197501935898623e+00
-7.675417428258814179e-02
4.510744224923379092e-02
1.268864066188588158e+00
-2.479093368748085169e+00
-9.799410824202930970e-02
-3.638492438644808757e+00
-1.371787048449521373e+00
-3.482068143749132982e+00
4.729319589887906461e-01
5.983345631236375084e+00
-4.969662212353923358e+00
-2.726635168458226399e+00
5.871620731575152519e+00
2.424961377904930604e+00
-4.075140292026414812e+00
-4.468277364063044210e+00
-2.776801576107530867e+00
1.625639607221732508e+00
-8.227748225239448487e+00
5.124669073492177596e+00
-7.813375427404404938e+00
-7.350203033028719801e+00
3.424217787579435068e+00
2.358770809691019821e+00
-1.006050278102513379e-01
8.330961481731222751e-01
1.591829940454215331e+00
3.839559921019247923e+00
-5.111264428727738007e+00
-1.388250001771606845e+00
-3.090785568457584009e+00
-6.356476355361388997e+00
-5.781524258439399766e+00
-1.768301945138365472e+00
6.991575248015872823e+00
-7.226692086588304420e+00
1.452517077317764693e+00
-1.559117711509430126e+00
-1.813100959897611553e+00
-1.367903875470998676e+00
-7.358693782895826985e+00
-4.290502057307279848e+00
-5.694072331495866196e-02
-2.359437033267511308e-01
9.495223684758931526e+00
-1.921345505682992227e+00
-7.030273017649240508e+00
4.268065972979828260e+00
2.820387445443837571e+00
-6.259898849147416122e+00
-4.177060499584863140e-01
1.571976238831725103e+00
4.200598391749985616e+00
-3.028502280568897476e+00
-4.603802866713450292e+00
-5.876105824501761887e+00
-6.171887987241217566e+00
-4.710092760138034684e+00
-5.255895200729375105e+00
9.772882287157168335e+00
-6.757432958977648951e+00
-2.065861611769579387e+00
-6.343017833177834852e+00
1.302456967629985529e+00
-9.843409668623853692e-01
-7.985327889150466874e+00
-4.869523346138577402e+00
-6.707698827385859541e-01
6.941238708254513501e-01
2.485171927862866337e+00
4.374606976543304881e+00
7.793007653272147894e-02
3.690806804995181878e+00
2.671305763758538565e-01
-1.004091288979261698e+01
-2.606859251162833679e+00
-6.725425843104402279e-01
9.793441663739834713e-01
9.951773777126510234e-01
-8.148537696003662845e+00
-6.291490780201834276e+00
-2.108786645131166093e+00
2.333065035854146707e+00
-4.552865884856867496e+00
1.301967666710704208e+01
-3.759589834078036930e+00
-5.879965853898420747e+00
-4.404335881170983846e+00
7.318181207968824431e+00
-3.255447862489941446e+00
-4.884575736614417352e+00
-4.182125037601915452e+00
-1.946139765891604201e+00
-3.674778954579296375e+00
-3.620940459190515437e+00
5.206794524602612384e+00
3.752205783999986721e+00
3.300171882441327753e+00
-4.580736002209360613e+00
-8.516314935972346234e+00
-2.856495602586539118e+00
-2.062679684073464692e+00
-3.117913316615706698e+00
2.318558694556721811e+00
-8.927354810367226889e+00
-3.850834643969160087e+00
6.840146081812508161e-01
6.543269191336755775e+00
-1.254539506661168646e+00
1.039125177670851485e+01
-1.441976687995730533e+00
3.511506859366435029e-01
-3.239736477685543736e+00
-4.090410830793866914e+00
-2.985146139538333188e+00
-2.314344620672921238e+00
-6.163743763157732758e+00
-5.569545332566288920e+00
9.794690516749857689e-01
-6.433990324084941648e-01
-1.003275430817282832e+01
-6.183750458571465103e+00
3.217297258711312669e+00
-5.738656506644135291e+00
1.939153391715872088e+00
3.623324828060495051e+00
-1.361767619945967667e+01
-3.264559689492142702e+00
-1.527306498443832261e+00
-2.334274147831502666e-01
1.368350240557137387e-01
-1.776905362438998062e-02
1.502427604678721051e+00
8.926354358617308193e+00
4.996144477364257597e+00
1.741805358553221161e+00
3.038959185946478847e+00
-5.839053421859596860e+00
-6.118088435160099259e+00
-2.884110069543020405e+00
-3.400305325810613954e+00
-6.358281733344111508e+00
-2.831923762008857981e+00
1.208513963234177924e+00
-3.711033749774581114e+00
-1.050157247960851414e+01
-3.169807188134680320e+00
4.232999600702717635e-01
4.875869911817408031e+00
-2.003304574429423113e+00
2.593836324009462846e+00
-1.225808854567608464e+01
-7.375194526237997650e+00
1.011723042548951235e-01
-1.937080784618740115e+00
-1.605797168960114707e+00
2.971743514716293610e+00
-6.507572742639277097e-01
7.438967246162598634e+00
3.834079264227767680e+00
-1.284368122349839325e+00
-2.489537386363839033e+00
-1.498892019696015598e+00
-4.364614479264612434e+00
-4.148537031790471730e+00
-3.442636589500120525e+00
-3.402138573570092195e+00
4.481874266483361069e+00
-5.168422680898687283e+00
-9.754105894618117389e+00
-7.308332494074938346e+00
-7.622597823551159335e-01
-2.712912504083240250e+00
1.266872850488159052e+01
-3.627889335695424489e+00
-1.023703150452837107e+00
-5.167774779839561461e+00
-6.906124918729735995e+00
9.644061474358471830e-01
-1.505029203989849185e+00
-1.974762584111254826e+00
4.162393927259544490e+00
-1.946810855166532628e+00
1.297851706753543777e+00
4.017442429373790702e+00
-4.541492650645065687e+00
-8.275972759372312026e+00
5.945018786741571581e+00
3.828544778939453330e-01
-6.809588131161593338e+00
-3.421085404400782348e+00
-3.848185925520885009e-01
8.981376570295834583e+00
-1.133096632916494961e+01
-7.407229240198101472e+00
-5.358075638752594294e+00
-6.005277229051979582e+00
-1.390725455587817461e+00
3.745348347588096427e+00
-1.095527069333761983e+00
-1.844410294942893991e+00
-1.906617032251340937e+00
-3.935881699016862356e+00
-1.750565683404016193e+00
1.859845906853127451e+00
9.175492235809618036e-01
-7.972842715650446666e-01
-1.798735048203668141e+00
-1.618776018320604582e+00
5.577980466497901801e+00
-3.484794364342776785e+00
-1.768606173504978285e+00
4.041447835827540302e+00
1.034046177799885724e+00
-5.881872580074061219e+00
-5.308253651514232452e+00
-1.748993387525055399e+00
6.389528621552655885e+00
-8.007121166750849284e+00
3.029622669224058651e+00
-4.480320007166133323e+00
-1.227957444979689505e+01
-1.064621976160477351e-01
-3.099428206111414230e+00
-1.997579075148203209e+00
7.431345104564782145e-02
1.415587027608236959e+00
-3.144358897651310158e+00
-6.109213364404729063e+00
2.885603518852406957e+00
5.223055170481452070e-01
-7.037695573928308690e+00
-4.570528646586951460e+00
-4.506170232327350256e+00
6.793251416027046297e+00
-1.684668793911925144e+00
6.238055969818792512e+00
-3.646817163084678182e+00
-4.029367089729698925e+00
-3.001924841259037358e+00
-8.583407889102229404e+00
-6.261870719767981264e+00
1.846855174671048205e+00
-2.120411521971347746e+00
5.454116408483498546e+00
-3.957246151928852512e-02
-7.710264780555160513e+00
-8.925403523049811882e-01
-2.184277910772231213e+00
-5.408538342748894223e+00
-1.014994772410467316e+00
3.536059301642561881e+00
2.080757740452036098e-01
-5.270084534306728408e+00
1.319395080580108154e-02
-3.509274149332386905e+00
-7.979894506528052212e+00
-6.346182410817425179e+00
-7.498262571868711923e+00
9.438302001672081332e+00
-4.848598694059340075e-01
4.299533839506003652e+00
-6.316818575132789881e+00
-4.786983389563603808e+00
-3.407090024023893271e+00
-9.432663444019560472e+00
-7.653404866408984653e+00
-3.754268095830219365e-01
-3.089298627081777049e+00
-3.015900519599708396e+00
6.209424371895517325e+00
2.878636373857282216e+00
-1.072778970019316658e+00
-4.095522062725547308e+00
-7.639808805252385149e+00
-3.591891612001647527e+00
7.856220236291827641e-01
3.127570596427075689e+00
-8.327353037032457772e-01
-3.386313068016978622e+00
-2.736478990440261772e+00
-5.215513460323479400e+00
-7.675864381001500369e-01
-3.967719831345508652e+00
1.164691446394209784e+01
-4.277135885013447769e-01
-1.288240935551490107e+00
-2.958040969570711720e+00
3.101263312777736147e-01
-6.271040543862984151e+00
-5.896998890445056318e+00
-4.402866217805159188e+00
-1.961369572641335823e+00
-8.148503422497224591e+00
-8.092860285769880591e+00
6.584290813370675011e+00
7.022345497820065674e+00
7.783387043330558530e-01
-7.880118457088270745e+00
-6.345056924689934874e+00
-3.096017867648956923e+00
-2.040592773421983086e+00
1.123871987649870396e+00
1.146447039343102769e+00
-5.111911041667501543e+00
2.428033982876391661e-01
-2.259724695197807165e+00
4.263012128006963053e+00
4.622537885554426906e-01
8.624484554274571835e+00
-1.404395354515721506e+00
2.614665400977423282e+00
-3.783642756798557549e-01
-3.524930796904389041e+00
-3.416550684250063696e+00
-1.442000986857889355e+00
-2.556157350509402626e+00
-8.563320010498735257e+00
1.483177111062165876e+00
-7.896969148652491555e+00
-5.442268057138680781e+00
-9.783727302270591508e+00
3.173527864428053125e+00
-1.992549940840070644e+00
3.529964295957375597e+00
7.000940996006039363e+00
-1.100769447347144947e+01
-3.835340021299680657e+00
6.295291929780878482e-01
-3.805837593901007843e+00
2.315120503939773311e+00
-3.751781991948489825e+00
2.039739325950186366e+00
-2.222112866543711540e+00
3.239764360279405064e+00
9.117158022359058700e-01
5.773010833792191043e+00
1.207690855442771216e+00
-5.419970706421915807e+00
-3.502578695324568336e+00
-2.250014377462301152e+00
-3.835519048002804077e+00
-4.910564389091114812e+00
4.705510176417594614e+00
-1.096788170463108436e+01
-3.935635498254163256e+00
-7.864425772398473846e+00
1.158704912184278069e+00
2.917300384720930229e+00
-2.061473235834298645e+00
5.937851550404070977e+00
-8.546496396534587703e+00
-7.847115873776568939e+00
1.735429601359578244e+00
-7.059404439771009621e+00
1.315023440976623714e+00
1.229132374683086004e+00
-1.250963149240077676e+00
-2.312157503502014766e+00
1.371735504248511761e+00
-3.720124021670651704e+00
-5.919895563128575733e-02
5.137915468855656087e+00
-7.856162285572720450e+00
-3.744844449216745641e+00
-1.922287183597621185e+00
-1.831925749779932833e+00
4.090147975504572209e+00
2.562769781555282567e+00
-1.186311808712981808e+01
6.911807362444969405e-01
-7.014896704414751660e+00
-1.805719558491889476e+00
4.093111634814809996e+00
-6.629960558606414089e+00
-9.619561302947668979e-01
-4.765931327176297749e+00
-7.680731952565315268e+00
1.348730775792036152e+00
-5.459576892977138662e+00
4.651175588579974374e-01
6.886727660542395490e+00
-2.861033683229006197e+00
-1.990900087979739608e+00
1.642578238770046051e+00
-5.813688854722336430e+00
-7.573121727440242701e+00
5.980071021343320581e+00
-6.588584087984170168e+00
-5.256736457135334106e+00
-1.126071624353113476e+00
1.726472162505642061e+00
7.697345831068336253e+00
-3.680517338705644459e+00
-5.013368855157988691e+00
4.188930109551281866e+00
-1.126520929065566534e+01
-3.035036448253898733e+00
-2.820009187612010138e+00
-4.470352293320846826e+00
-3.530722546512720328e+00
-4.898790879704194801e+00
-8.303660412757389864e+00
-1.050361648693435734e+00
1.818623449681024129e-01
2.923552204425627021e+00
4.199324809888433485e+00
-1.287211138197300597e+00
-1.810083586396170396e+00
3.897122663466431103e+00
-3.875509972318398888e-01
-2.779086916341416913e+00
1.253461108200321084e+00
-1.879519685291241915e+00
-4.829099705869039028e+00
-2.124086902107493291e+00
-1.919760584391807801e-01
3.422258352819041338e+00
-6.413732627091382810e+00
3.450396877815854690e+00
3.906424837567968655e+00
-1.159409021975791099e+01
-5.349847537903137606e+00
-7.528527570272707692e+00
-1.183504548022059399e+00
-1.133177188346339959e+00
-1.103500694480090472e+00
-1.337879379879259467e+01
-4.518513853941995784e+00
1.836797802151783898e+00
2.370680400387999764e+00
-1.131698389391876614e+00
-4.324397998839446977e+00
-3.056147711859751315e+00
4.557147271037889524e+00
4.409016501501032081e+00
6.289512818990382392e+00
-1.883112830820639738e+00
-2.273429159887071727e+00
-3.126778956100439988e+00
-4.406216413385450004e+00
-5.829520011245112876e+00
-1.083653524596481343e+00
-4.368694066988711988e+00
1.261021525019008216e+00
3.504337908694006298e+00
-4.187369228581509617e+00
-7.229536459171927554e+00
-6.767498083766419370e+00
1.674105842890890594e+00
-2.360932433670664299e+00
3.042841367028073840e+00
-1.027804021215386321e+01
-3.747667384389968159e+00
-7.204697645472230016e-01
-1.665602051704844211e+00
-5.080739728560869750e+00
-1.025227923033588517e+01
-2.812397152236449482e+00
4.650861507478641244e+00
3.691073702883816310e+00
7.732860365254804691e+00
-1.809973335685606699e+00
-8.054473981268948535e+00
-3.947751545953407604e+00
-5.016926536149030724e+00
-4.994701189322547030e+00
-2.701080130101741528e+00
-5.888166609610876456e+00
-6.874458296085168563e+00
4.512938600481938067e+00
4.927990101633222153e+00
-5.659244912163916119e+00
-7.807371146682061003e+00
1.262838515969916697e+00
-5.342581559012926640e+00
1.091243979317121138e+00
-5.987463734604490107e-01
-5.564168530777959809e-01
-9.285146718767226526e-01
9.431271162032435207e-01
-6.354698776654571724e+00
-9.001086968183562576e+00
9.200400599189934026e-01
5.004569892934518371e+00
-2.069809055076477389e+00
2.218524059904426693e+00
-2.614637632543744816e-01
-9.361069704729302998e+00
-5.528659028951889987e+00
-2.990901110136780172e+00
3.539163291704240932e-01
-2.798769184933699083e+00
-9.330249990367265767e+00
-7.961198597428294832e+00
3.636472181787439695e+00
8.136535073321466527e+00
-1.349357544980533508e+00
-8.435650993974437739e+00
-1.149400019488747038e+00
-3.676860588263860308e+00
-2.070465936615335512e+00
2.109484819626872287e+00
1.319534609783345747e-01
-2.746063026996987677e-01
5.572339523141915052e+00
-4.339195722332339855e+00
-3.359870940669170913e+00
2.544002654253788354e+00
4.024229603295949254e+00
-6.797504301704503149e+00
-3.906814068257115080e-01
4.195456554163639495e+00
-2.396388768734478258e+00
-1.232629743486570062e+00
2.089831019427517145e-01
3.028526370164199566e+00
-1.151855476839485348e+01
-7.818629813160802300e-01
-9.012140143425485306e+00
-2.641050597142445167e+00
-3.473814906488597920e+00
7.493256496647286991e-01
-1.074553889012965335e+00
-2.462174191028620562e+00
9.124456558187430844e+00
-5.570702048821681629e+00
-1.564071866240567266e+00
-2.357030465326193536e+00
-2.278072960797345559e+00
-2.260627143012231333e+00
-6.979953007824083677e+00
1.751971585877462045e-01
-1.028903130710771840e+01
2.556557757086128646e+00
3.136748164738811351e+00
2.337727846083422545e+00
9.754803363467914323e+00
-3.062304766966547298e+00
-2.330576959207843579e+00
4.812638970150974471e-02
-5.211254494565598083e-01
-1.026979654482171078e+01
1.508463710683652259e+00
-8.751663067035773125e+00
-2.371057829779675608e+00
-1.508609935176251193e+00
1.888474900451286298e-01
-2.213240678244429827e+00
-8.043328268390672164e+00
8.080837881393104993e+00
-1.938310320460465253e+00
-2.912033278400403713e+00
-6.011460517502166534e-02
-5.069621537618370866e+00
-4.517040744367128546e+00
5.989436307355998634e-01
-4.817944310632530147e+00
-8.966518638537237962e+00
-2.552044626078829870e-01
9.795089361560076202e-02
-1.643228933832898697e-01
1.118980292358721051e+01
-8.981488634567545759e+00
-3.068100384839910877e+00
3.318739602644674158e-01
-1.739758637704762689e+00
-3.154013721598431186e+00
1.148690623265829158e+00
-4.214629117663768909e+00
1.021699449683789451e+00
-3.713469218842558650e+00
-1.456633276140674615e+00
-4.532129612217502768e+00
-9.421439115864652436e+00
-1.115607646100278183e+00
-1.773232443272469983e+00
-1.310164510201502486e+00
1.681016406774924699e+00
-4.838545249741874166e+00
-5.190558052199130579e+00
1.026714529177637480e+01
-5.374913760524040462e+00
-5.170505890335687305e+00
-4.878100261770104695e-01
-2.493173174933317693e+00
-6.317840496423099417e+00
5.356330147021989063e+00
-1.268889018939992752e+01
-2.831296850497757145e+00
1.122970758805770686e+00
1.751165991061712557e+00
-2.278442610881020514e+00
-3.197791397440248318e+00
3.393709559230125183e+00
5.825872324306527794e+00
-7.485005024772408255e+00
-4.945392916855007925e+00
-5.494742495800233328e+00
-3.850251940110999360e+00
-4.900831005731877354e+00
-6.254930620664298502e+00
-2.327393665511851673e+00
-2.727858014353992319e-02
-2.277030984782647316e+00
-1.030545966979994565e+00
9.683032238144052783e+00
-2.977336437372108402e-01
-4.339789528306875255e+00
2.348097220686948372e+00
-5.298897091289702654e-01
-6.233321359085628899e+00
1.126442904575188253e+00
-5.451562158407179837e+00
-1.865759407759861377e+00
8.966380450695053961e-01
6.642547685647121058e-01
-6.306337788548013634e+00
-5.210757034574940327e+00
8.252139569151605514e+00
7.290696738840991564e+00
-4.740184921624313041e+00
-8.795562855363785459e+00
-3.345729665928820040e+00
2.924349300109958083e+00
-2.172703302102811040e+00
-5.490861288376730265e+00
-1.179034811935625093e+01
-3.278645903100739556e+00
-3.291580002302716856e+00
-1.599311801594648086e-01
2.240231820887685910e+00
-1.547732364633431112e+00
-4.285417794372002653e+00
3.130640733375874785e+00
1.302380610392777083e+00
-9.927518999113188469e-01
2.408407670856064442e+00
1.056239991992450333e+00
-5.737321870239348032e-01
-2.068961662355479070e-01
-3.528658863073674379e+00
-7.559016224991568222e+00
-1.019465535582385840e+00
2.145309557765098241e+00
3.427378588685325411e+00
9.360250890708425864e-01
-8.105324516368035859e+00
-3.223460889834423249e+00
8.366746928832601071e+00
-4.413666857293111256e+00
-5.136079839529796853e-01
-1.602225211136560645e+01
-1.526893375528903807e+00
-5.059889212045250773e+00
-4.110131515877709418e+00
-3.777901028863877020e+00
-9.099873239098544175e+00
-1.370598805990941971e+00
2.581711582771365254e+00
-1.514418367817702338e+00
1.657014974518603800e+00
1.297139235912916799e+00
-3.472056145463765731e+00
-1.354323825740306297e+00
-6.890089417275004902e-01
5.430656856979891867e-01
-7.051820239040052840e+00
3.591961124074315170e-02
-4.220992100909777278e+00
-5.789714276647324187e-01
5.150619928619507348e+00
-3.626157050542313964e+00
-5.036150143229605192e+00
5.515388309893364926e+00
-8.384535598180354654e+00
8.671161658271944184e-01
-8.764257588515167896e+00
1.890025384223395610e+00
-6.806572374845522022e-01
-1.210260339867528512e-01
-5.637335674572308442e+00
-1.180746129579279646e+01
1.040133959124148744e+00
3.043094967124663430e+00
-9.513175385623140912e+00
-1.239544160735131517e-01
-1.654488413067701780e+00
-9.411812043379651271e+00
-2.619946713173026076e+00
-1.434354220778530364e-01
6.293326544455565497e+00
-5.814215607004230790e+00
-3.458252510952703584e+00
-3.213432604837072493e+00
-1.720026072076893620e+00
5.485034302360441316e+00
6.900417310787507544e-03
-4.575507246764970226e+00
-3.544683141216992128e-01
-5.447900020725802150e+00
-4.578767437347999736e-01
-2.868604114202919497e+00
1.397041361417298955e+00
2.679726181481361102e+00
6.129471380724300644e+00
-2.759913344049755857e+00
-6.973922779544017736e+00
4.303849211389155216e-01
3.313744865144695684e+00
-1.416478448013988789e+01
-6.348798159352751824e+00
5.961061835708159062e-01
-2.064591797944801854e+00
-3.565016414689897717e-01
1.516776117322206963e+00
9.053388994335989537e+00
-7.794156378862678203e+00
-1.226356208800715164e+00
-5.233739219117667041e+00
-2.113892924127434014e+00
8.930853955206533579e-01
-5.347128410333677806e+00
-2.096907303961678792e+00
-7.533891621093988356e+00
8.242612796647273754e+00
-2.281016192116414487e+00
1.147913310107898877e+00
-2.302685800258486459e+00
-1.962167920243266694e+00
-8.436735179587182998e+00
-8.509472943436762193e+00
-3.906994040251202893e+00
-5.567641455263713901e+00
2.183641028974916853e+00
5.392944571309707946e+00
-4.440666140601095435e+00
4.057403604054013790e+00
-1.129419276609002321e+00
-2.407394901963157530e+00
2.105175202985129168e+00
2.307597084453254066e+00
-6.809253097167918156e+00
-1.520908960331344151e+00
-2.260505179130687825e+00
-4.296080280260400563e+00
3.143561095822421159e+00
-5.316057080285223613e+00
-5.616661786434855586e+00
-1.034460585338751848e+01
8.262296008516766932e+00
7.317128435848907486e-01
6.381854449905245419e-01
4.051834386748629058e+00
-3.307416583618672856e+00
-1.026044101296471034e+01
-1.383532795016572114e+00
-9.615244253327876578e+00
-5.863432726149545360e+00
-7.206112775448595409e-01
3.791483308747440439e+00
-1.911951011771418907e+00
4.243399972420992761e+00
-4.370524213348160991e+00
-3.920364959835106689e+00
3.587326450084269869e+00
-3.910934720061806313e+00
-3.997900378447365899e+00
-3.530558452771265898e+00
1.964129856695656429e+00
-4.071151104641822727e+00
-8.905301048421375432e-03
-4.563959308122234937e+00
-8.727951112861155991e+00
-7.039415600917530824e+00
-5.652209943182453511e-01
-1.789156551397615535e+00
3.016370382295019859e+00
8.307351876400616675e+00
-2.893197075675645547e+00
-8.431572338490328278e+00
6.634894302606761052e+00
-7.341203854169650711e+00
-6.793209703714728320e+00
-2.505863725669975395e+00
-1.134716347712158901e+00
-3.922747429041987921e+00
-1.301419274593311193e-01
-9.142681630813322968e+00
-4.141997627614648181e+00
4.817201379440494868e+00
-1.860733153881506396e+00
-6.941354636685050039e+00
-6.043536790576110818e+00
5.917091492826761723e+00
-1.670519946181309445e-01
-3.708992988813222258e+00
-7.375305457439078616e+00
-4.890040967141985107e+00
-2.048380980784651195e-01
-4.837778547779120863e+00
-7.959687605915489961e+00
5.156296168816306036e+00
3.309116621433677796e+00
-1.982481872884281904e+00
-3.472926873357225830e+00
6.267162424282984645e+00
1.851726966607677438e+00
-8.510621952452805061e+00
-6.807203496078426674e-01
-5.168420416274082996e+00
-7.302170918075656658e+00
-6.908591610602250466e-01
-6.145863387900468489e+00
-4.911716413248476520e+00
4.077777696712194810e+00
-2.449568351252163545e+00
-1.013897507277996368e+01
-2.620615751174824037e+00
6.584782571510834792e+00
3.045201865095013005e+00
-2.626692961705446305e-01
-8.742876929759754390e+00
1.196052118979911594e+00
5.703908999233010313e+00
-2.702455344072720145e+00
-7.991272133075409734e+00
-1.265922342512258325e+00
-4.367655861869091716e+00
-3.110914280420714384e+00
-2.669862585355944340e+00
2.970922093415874765e-01
3.738790303403844995e+00
-9.345596581215014353e+00
6.662831744723973770e-01
-5.342391574495771955e+00
-8.652467519454489775e+00
2.900029218432614186e+00
-1.066323315231602550e-02
-4.651336027355145397e+00
3.140549614414053448e+00
-5.621527675731154083e+00
-8.506160333785008021e+00
5.608181764524749369e+00
1.116307710543074760e+00
7.256565908539530652e-01
3.925763104317836039e+00
-3.996585420440533554e+00
1.385555048293976688e+00
6.808839866349313041e+00
-5.094063651887036137e+00
-2.041111866815145781e+00
-8.928519478878220283e+00
-4.147475688357105561e+00
-2.845354591543902245e+00
-5.279420617758944445e+00
-5.354254868872753370e+00
-2.864422755042297819e+00
-5.933251680325996702e+00
9.335192977751544108e-01
-4.443303959119872637e+00
-8.137583162547883830e+00
-4.667383483254004539e-01
-1.994464050506079278e-01
-4.799073585218870619e+00
2.498211529997328650e+00
-5.157649002356514689e-01
-9.203838110489638069e+00
8.053603327621333463e+00
-2.505222338711877050e+00
-3.150837632291587642e+00
2.516827937886429556e+00
9.933236569178676145e-01
-5.682105565441083472e-01
8.797064203584555875e-01
-9.165662549626667044e+00
2.182367628907597279e+00
-7.687769025208714524e+00
8.610223764927400492e-01
2.808858152551637843e+00
-4.490137530256744364e-02
-4.610792098570208886e+00
-8.395157734543598593e+00
-2.839011847323968940e+00
2.082229468042143594e+00
-7.901332355752088255e+00
-6.630646748915671296e+00
-6.449871449851186433e+00
-3.432028676730815686e+00
-4.307207911031579073e+00
2.183341102040900594e+00
5.627284865382914170e+00
-9.557861563803172089e+00
2.682968148553404486e+00
-1.176494925568010386e+00
-3.149035642256124756e+00
-6.374715800952288625e-01
2.584322876217715947e+00
-9.101825576751686464e-01
-4.473082040135697213e+00
-6.033622177232098593e+00
1.830142700551954382e+00
-3.657244529432830404e+00
1.814846897653826119e+00
5.114604929432127634e+00
6.006973660381349944e+00
-5.932802461753660106e-01
-6.712158225832788538e+00
-1.863631391829905226e+00
2.807604639169472449e+00
-1.098832130226340098e+01
-8.279867436043018003e+00
-5.079912362487930544e+00
-4.290323663819379796e+00
-1.242326753342435142e+00
2.947907120769488909e+00
9.041435433273131039e+00
-8.194881885684544010e-01
5.966762472539859363e-01
-2.627635825763513733e+00
-1.131524626600988848e+00
-2.485557417208478004e+00
-9.971327334615670779e+00
-2.427418145827126228e+00
-4.616024923203622343e+00
5.449182794275066577e+00
1.664633436311993009e+00
1.774309932330783823e+00
2.916239639335698741e-01
-8.486926405631621151e+00
-7.380217020661327787e+00
-9.432154130648278567e+00
-4.184254920482024964e+00
4.513054046375172490e+00
6.892667574223686477e-01
1.938941888152730053e+00
-8.251062500132903210e+00
-4.887971845880573873e+00
-2.512135224900969632e+00
-1.510195375750742697e+00
5.323624802129066858e+00
9.845166318246675874e-02
2.287503201153935795e+00
-8.078166502322094988e-01
6.951604652840627507e-02
-2.891153639156637478e+00
-3.970056897388082318e-01
-1.003517915760684254e+01
-4.553747687803221922e+00
-6.342197159568947917e+00
7.190834318831632821e+00
1.630704789240298380e+00
-3.222819257380082902e-01
9.297613626961098277e+00
-6.771078368619628307e+00
-5.857371397104730093e+00
-6.851773140409961549e+00
-8.133130537647707214e+00
2.073817410076191248e+00
-1.952006715381484403e+00
9.006476416436363097e-01
-3.442461593976155143e+00
-4.388281489467600771e+00
2.057905564324059855e-01
-1.055568970519192407e+00
8.430789965096458616e+00
-8.944294659114461865e+00
3.073747668786761977e+00
-4.062928907177360216e+00
7.552671026857912251e-01
-3.045598536943236123e+00
-2.125489999995881174e+00
-6.308693971363919850e+00
-7.118163719680117296e+00
-4.670178668802755340e+00
2.187819432923338248e+00
-3.898494718384107660e+00
7.361870928128453340e-01
1.233670161440478985e+01
-1.783925824964162521e+00
-3.447448514469782843e+00
-1.510205739923365931e+00
-6.233230505466937466e+00
-3.795503043845421587e+00
-4.273029590073112338e+00
-5.384324729464912807e+00
-1.550148195099420478e+00
-6.054083088331077889e+00
1.454258699742127237e-01
-3.339826453864775058e+00
9.119239746739379981e+00
-7.257189596523017094e+00
-9.621824970803002364e-01
-5.544410745483190794e+00
-8.536864252464284597e-01
-1.168612453967675657e+00
-5.047133624678813213e+00
-5.522662501367623378e+00
-5.671001225992063688e+00
8.478278867215234271e-01
-5.814972800167419464e-01
-7.794814252611507399e+00
5.145393589275583324e+00
2.467832791429563244e+00
2.675689740798261052e-01
-3.097491706957617108e+00
7.450027615213911103e-01
6.950932187175735688e-01
-6.428179708052875085e+00
-4.086869297001312518e+00
-1.171898740245335446e+01
-4.251778466164680914e+00
-4.942252616976731794e+00
-1.893417321622657523e+00
-1.062026366579586067e+01
7.018829384457201392e+00
-6.406905229905929033e+00
-2.233304415074232718e+00
-2.804437744849174741e-01
-1.476891014770830957e+00
8.450618447192279614e-01
-4.975376996126416040e-01
-3.694950638002105325e+00
-1.563808669308914157e+00
4.702515488885495643e+00
1.195536734044907012e+00
-5.202837881010798249e+00
3.859405047107601572e+00
-8.836728378803019979e+00
-9.441930446926946052e-01
-4.215232849881866528e+00
-4.292195504555804120e-01
2.423110131109547982e+00
-7.627203548901881014e+00
-2.637873471823858118e+00
-8.522276372475150907e+00
-8.738587253070010163e+00
-6.797020091295241651e-01
-3.053314185132083303e+00
-1.456970417769191606e+01
6.014822636088676511e+00
-9.171362598965140833e+00
-2.264687195645210815e-01
7.597582322963285506e+00
-2.555713590530814372e+00
7.601226737238399311e-02
3.858847544974477461e+00
1.429400023253064367e+00
6.282895493018111899e-02
2.113637755874466784e+00
-1.523023784496659427e+00
-4.291886126731721540e-01
-5.281726544680901414e-01
-1.011404645878285002e+01
-1.475035394578658066e+00
-2.689088152458116721e+00
-3.593805603799456794e+00
-2.269370103818947104e+00
-6.222973084890419671e+00
-1.496408482916169236e+00
-4.884911776921155857e-01
-1.124729723167616058e+01
-2.505096106132310485e+00
-8.533501457103835897e-01
-1.024081961511156891e+01
5.345427699258223697e+00
-6.045318399787342756e+00
-4.531309865387781244e+00
8.653383000536484460e+00
-3.343047433702574622e+00
-1.953341347719145915e+00
-7.023619475810314317e-01
4.342123234575105961e+00
4.255811042992840854e-01
-4.919474362912739984e+00
-8.000127784324483571e+00
2.447923072667217426e+00
-3.601817868833747660e-01
-3.828961764241824994e+00
1.079876070260608056e+00
4.438392099260700441e+00
-2.836771364424178099e+00
-7.327327967802969688e+00
-2.378948365677622245e+00
-6.982557986324171573e-01
1.741375915598331714e+00
-8.980952814884179958e+00
-7.286453882507214708e+00
1.842588729926803559e+00
-5.118473575824506128e+00
3.912643363578250266e+00
2.858904627296378620e-01
-9.197187125234245642e+00
2.846080177046345305e+00
-2.481942162266284946e+00
-1.619549408693710113e+00
-6.401592685556474649e+00
2.851329579384027646e+00
3.371131768693696462e-01
-8.163894753953048422e+00
-7.633415539067950562e+00
1.543988687154628225e+00
1.069794638870270598e+00
-1.208230914909476095e+00
1.605764120182222587e+00
8.007459112579756066e+00
9.845830759642856811e-02
-7.274131004220089736e+00
4.525114583046641603e-01
-1.981376481023783276e-01
-1.610423642574534409e+00
-5.115525466899657481e+00
-3.762062279261887188e+00
-7.803952630145311709e+00
-1.512208810122803282e+00
3.511784711698570316e+00
2.716574306157800933e+00
-1.246476913596136216e-01
-1.276218661086590878e+00
-2.101193425120799763e+00
-2.881603927141692445e+00
-6.309203025919956076e+00
-4.097505832252296365e+00
-3.062068081317350199e+00
-2.600880747640600954e-01
1.845668739578929074e+00
8.864687889452882885e+00
-1.066185155636321324e+00
-1.045673565344748118e-01
-1.202759136467209622e+01
-3.757063723848705461e+00
-8.655237748495226313e+00
3.547187636088919405e+00
7.952768567865580174e+00
-2.148163305556167302e+00
-3.528414685079262814e+00
-6.944095875350919655e+00
-4.324441852422983956e+00
-8.485742020539309038e+00
2.536257772704485713e+00
6.848704540443601552e+00
-6.644655063462047373e+00
2.809893017767612022e+00
-2.529285316521737492e+00
-8.952042705909523113e-01
-1.485469507168043490e+00
-3.835755190573857831e+00
-2.952347898218662170e+00
-2.244738593648783365e+00
-3.633809919144081135e+00
3.869332866411433258e+00
6.439402186464289635e+00
-4.264879610243452746e+00
5.176746107794321539e+00
-5.782473652917349050e+00
-1.729245931356521382e+00
-1.050134169212004309e+01
1.664699965409980775e+00
4.061356820136153623e+00
-4.859079667159536875e+00
-2.936412374496129019e+00
-5.235940202818777145e+00
-4.720841736044248727e+00
-2.613939755774886908e+00
7.471976807671256715e+00
9.290567997425810631e+00
-1.289825529945508542e+01
3.424977700144895998e+00
-4.314766053722712158e+00
-3.040553323904851002e+00
2.232127389874517753e+00
-3.470663343988047878e+00
2.353786332856754038e-02
-3.280182088556664599e+00
-5.842370416345892714e+00
3.028393287177866711e+00
-1.858064641566837372e+00
-3.873042798563460565e+00
4.643006998492648307e+00
2.874164773831586306e+00
-1.518142912367418829e+00
-6.106809995862081841e+00
-1.858415668046922153e+00
-1.829529022000645488e+00
-5.546256784698474718e+00
-6.678916427390045207e+00
-2.045287724150298914e+00
-7.739567086250183969e+00
3.264607004491911102e+00
3.865818553275834013e+00
7.579610594874796270e+00
-6.319705177449984390e+00
1.238841185223018115e+00
-5.279059220245952311e+00
-7.303893274592986984e+00
4.041470446620038182e+00
-6.331390787670940767e+00
2.071161974340445244e+00
-5.934195231383430524e+00
-1.090526984064875471e+00
3.187163869959463991e+00
-4.156056002349602707e+00
1.412569746194158003e-02
-4.002998468845541780e+00
3.428223358754860950e+00
-5.553234992216005139e+00
5.157911926239107103e-01
-3.583635786344209428e+00
-1.673836146207028586e+00
-5.338836950487277022e+00
-1.148371603664592122e+01
-1.784044345466951231e+00
-9.730154086067033248e+00
1.110356675658475734e+00
-6.041055694426151312e+00
5.312447208971655677e+00
-1.386102233460781985e+00
2.834475171349614797e+00
-2.497856857520491136e+00
-6.216453124699182098e+00
2.885651533369013588e+00
-2.167625599113003787e+00
5.267103658839624281e+00
-5.844693043721394865e+00
3.459915514290682559e+00
4.844613045628917369e+00
-1.331586736085914602e+00
3.746724795550408493e-01
-1.224844433267149313e+01
-2.108084566680276328e+00
-7.470372549360883241e+00
3.156748606830304116e+00
-4.943567692312347717e+00
-2.008617606537668632e+00
-4.113661709481134743e+00
-6.549141256549317447e+00
-4.423840963593145048e+00
-6.448393182629929221e+00
-5.299153297872847723e+00
-1.025738713097275934e+01
5.628635838004529823e+00
-3.462874540941986989e+00
6.481597581865582214e+00
9.843400835866931153e-01
-2.938375568411369265e+00
-2.563874001553918536e-01
3.227216284575342709e+00
8.724342715114405067e+00
-2.940722864864996122e+00
1.651829380409352233e+00
7.449448241242233593e-01
-5.757683596809491933e-01
-4.506684557668824698e-01
-1.122079461383634502e+01
-7.369031725398278887e+00
-1.437480960319969636e+00
4.766117884595281740e-01
-6.360614412569357334e+00
-4.635832034609877361e+00
-3.173977789635613167e+00
3.877477721209513728e+00
-6.315735123946901730e+00
-3.577663142408938235e+00
-2.347437053238755844e+00
-2.411950468707501738e+00
5.553269079122871155e+00
-5.320265580810048966e+00
8.362749966615901087e-01
1.085346909123406228e-01
-2.913629146784905810e+00
-3.492936538855500483e+00
-1.475105989269762941e-01
5.580849018554038032e+00
-4.366057112032465937e-01
-3.769712637370310482e+00
-8.684839844367109762e+00
-9.124248377909416341e-01
1.930416031083264317e+00
-6.721516793312514615e+00
-9.444064613914781248e+00
7.545396743654882776e+00
-8.619016183290842958e-01
-7.259466649838468122e+00
-2.614689890071798306e+00
-3.227434759561401911e+00
7.536040362364682110e+00
-4.446046052888884326e+00
-3.379494965891816971e+00
4.245594243578250548e+00
2.348578091600333817e+00
3.975519378289191330e+00
-2.634079907837180379e+00
-6.025859033991599389e+00
-2.716710133858530440e+00
-3.366806818480756913e+00
-3.647256191037913098e+00
-5.674608696146036024e+00
5.834985007007521540e-01
-2.399003608829811951e-01
-5.909305709928847961e+00
-1.063779720765154124e+01
-1.595334806392352922e+00
2.966814839880566712e+00
-4.929374068952821375e+00
-8.263119783021858566e+00
8.906500474832629521e+00
-1.197569338187577659e-01
-6.164109748087931884e+00
8.660140539784456637e-01
-2.953863384415799320e+00
2.831341162910277820e+00
-2.303659032288000397e+00
-1.072269743948344595e-01
-8.467496612898051112e+00
-9.123837427851324566e-01
2.462465600554445633e+00
-2.243070332037750525e+00
-3.685977381668626318e+00
-4.539092985303682326e+00
-3.263202938235889583e+00
-5.581937897554581696e+00
-5.405883179359478596e+00
2.072544256480107094e+00
-2.976271616094603445e+00
1.005379007702770222e+00
-1.384609573735222865e+00
1.128447994338874061e+01
-4.109756546105921338e+00
-2.531166134636122056e+00
-7.206609992247994256e+00
-2.116853580858242267e+00
-4.785615608313153579e+00
8.212836575387637339e+00
3.116263983438232188e+00
-3.314739428429448242e+00
-4.275574796205233952e+00
-3.809684258015327618e+00
8.673347578888074283e-02
-1.232109623104272877e+01
4.420507170476914993e+00
4.185889453149607142e+00
-9.586056104122439692e+00
-3.308888231204051067e+00
-5.737274231269380742e+00
-3.017642270884220768e+00
-2.381554537815279815e+00
-2.742564339888176494e+00
4.261195093304638526e+00
-7.309214380730504335e-01
-2.355979672112517243e+00
-5.142029478552195831e-01
9.375905626458679976e+00
-5.658046013501933480e+00
-1.027686264558262508e+00
-5.381947010626063621e-01
-1.879698075440243699e+00
-6.678937578319088963e+00
6.870600852938822278e+00
-2.749847129059507581e-02
-5.451510715890200309e+00
-1.861594586734287571e+00
-5.342522819038442172e+00
-1.229856588462088007e+00
-8.075332976341789148e+00
1.100404372834579725e+01
4.508570367471535612e+00
-1.015810470505564922e+01
-2.392584845183382214e+00
-5.763736703879411394e+00
-4.554953275324368889e+00
3.780351601084407598e+00
-2.231531493631764285e+00
6.188422495758620023e+00
-4.859015669537426751e-02
-5.039079484600571313e+00
5.403142930387029308e-01
1.615698480902989509e+00
-4.683798337289436731e+00
-2.582377435724307002e+00
6.213739373733040416e+00
-3.615494954205166422e+00
-3.807193447458225410e+00
-4.888685328162324928e-01
-2.587483038650330247e+00
-4.400504186816929675e+00
-2.037980600151211963e+00
-3.515930500883086562e+00
-5.144606614355389240e+00
-5.463816093106655947e-01
8.488836597708965925e+00
2.793998871194761868e+00
-9.144734711873513389e-01
-2.915325424971667356e+00
-6.376039059127435848e+00
-6.555036458229178464e+00
6.146619802379311714e+00
-5.257749388258070589e+00
8.029032793366406295e+00
-2.571393382090671142e+00
-1.220343894778475713e+00
2.285217603568599376e+00
-5.541165932881999545e-01
-2.988329214797551092e+00
-7.172131383333423038e+00
3.919626602417508376e+00
-7.992532552552307656e+00
1.887689296912251846e+00
-6.688889425107315212e+00
-1.254277284225538969e-01
-3.367960130266252516e+00
-5.149343676280087045e+00
-1.173200796673719681e+00
-9.495332973608553218e+00
-8.397174775607850750e-01
7.392084873068150985e-01
2.211317319702462925e+00
5.267123837550554910e+00
3.754810278394362100e-01
-6.367675504476483894e+00
-3.481056361886001316e+00
3.264441218963915148e+00
-2.632704170536094512e+00
1.132467625539593215e+01
-3.640305852575652423e+00
2.979826193352231201e+00
3.028180596811473446e+00
-1.864867436467239903e-01
-3.960254074238051647e+00
-8.357494449373318091e+00
-3.782788919132238359e+00
-8.510688011715746626e+00
4.344768034854306293e+00
-8.510360278625547892e+00
-6.200391536001271797e-01
-2.629174215683273808e+00
-2.991531365654187091e+00
-1.041657404590610181e+00
-8.562336878524803296e+00
-6.863377914491620935e+00
-1.095696703746796008e-01
3.255442984721707678e+00
3.203902418059929591e+00
5.006042217817229911e+00
-5.764385060886247913e+00
3.724676508409163200e-01
-1.965985734337082569e+00
2.532542590005682381e+00
1.122764387685632137e+01
-1.280784532626479510e+00
2.742783660294306980e+00
-1.116692810533539193e+00
-2.090015789796415113e+00
-3.998975433113311606e+00
-5.406721949104448477e+00
-1.103129258190164563e+01
-1.989492701323434476e+00
1.427516998249942937e+00
-6.704843046598001344e+00
-5.633929335883439471e+00
-2.303503475680079404e+00
3.795778090736088739e+00
-1.182796319776703076e+00
-3.310676912147612505e+00
-3.292923735541103181e+00
7.227723074899087941e+00
3.713881999149878599e+00
-1.444952674729923725e+00
1.252325127686031880e+00
-6.803815351017989954e+00
-9.391461565585838001e-01
-6.078992447828047929e+00
1.824984562020002254e+00
4.079207760509189207e+00
2.767837256164076484e-02
7.231213283390790225e-02
-8.416645110034277621e+00
-3.469394418040379957e+00
-5.801690777807960719e-01
-4.800805271661602092e+00
-1.469624014730050199e+01
4.977090606652804894e+00
-1.855973404280424899e-01
-4.894114432599605991e+00
-5.884372435581020966e+00
-2.894961671908563350e+00
5.766928158983435360e+00
-5.486538058598382506e-01
-2.660184856060438530e-01
2.947773391742898319e+00
8.731593686408915644e+00
2.775103459693666341e+00
-2.426476297431324980e+00
-3.949362809431814725e+00
-6.704016597093679586e+00
-2.731252148378485511e+00
-6.020924233027884931e+00
-1.542398227114356146e+00
-9.712185429589230701e-01
-1.061079576972182581e+00
-1.591185899562827410e+00
-9.441591129343906985e+00
-3.261083519859878876e+00
1.003362412815415494e+00
-5.064574256865775226e+00
-1.246964490369221323e+01
5.218103880946731721e+00
-2.744307113289892741e-01
-3.702633809998923109e+00
-2.450612078074914102e+00
-2.772396574907603828e+00
2.062221830135865019e+00
-1.593327548688454831e+00
-3.173258161262094479e+00
-1.566801846790879527e+00
-2.576187023081603744e+00
-6.212485561129154732e+00
-2.055860548487958184e+00
-2.466493743536295469e+00
-1.776061437613439153e+00
-2.695655260213713156e+00
-3.301558213952672016e+00
-2.703119386987232531e+00
-4.866932234568012383e+00
-2.885466324225247625e+00
-2.185131002507011644e+00
-4.089811848236403868e+00
-2.943348838780096344e+00
-2.080747213847221833e+00
-2.965513798417293678e+00
-1.704081774126845916e+00
-2.970858905750978884e+00
-3.238785980131130060e+00
-1.694976423374902508e+00
-3.518820611310768065e+00
-7.656828983270899336e+00
-2.365330117624344641e+00
3.850413182577266946e-01
4.430870809438391400e-01
4.474477394841886446e-01
4.242049398156100826e-01
4.566657476458751419e-01
4.671705267477499479e-01
4.025998451165440639e-01
3.625791317088801202e-01
4.850987574251519607e-01
5.944963441288156902e-01
6.005910610025146923e-01
5.621195213823533265e-01
6.213444357838255883e-01
6.669659692277238872e-01
5.678653709662916382e-01
4.627789801714821127e-01
5.410762897924358272e-01
6.315623807877425167e-01
6.094941681348650109e-01
5.587168047400975501e-01
6.393383842255185856e-01
7.281977544841675698e-01
6.751361452272967023e-01
5.250005933700923055e-01
5.484663551133813764e-01
5.827267870941655881e-01
5.624885175002098947e-01
5.553784503632942515e-01
6.170551083383911672e-01
6.859755100374851366e-01
6.435599990543257043e-01
5.062669694886376970e-01
5.639529625137533753e-01
5.925747511184564775e-01
6.557154436818221077e-01
7.244807704205911136e-01
7.410831006807061527e-01
6.950084057073174781e-01
6.159359763566938373e-01
5.085021313419311184e-01
5.448200485838541329e-01
5.572584181814700388e-01
6.484695614162903077e-01
7.832704011474345140e-01
7.663642462372480813e-01
6.440521747365537397e-01
5.703896897317124459e-01
5.620225202333640757e-01
5.083424491069103990e-01
5.181329764176589858e-01
5.626603076101086565e-01
6.529724725716359313e-01
6.159528573192450951e-01
5.004477859252068894e-01
5.398526982277047637e-01
6.142763463038157790e-01
5.187423288334644944e-01
5.109534176999143140e-01
4.634068836737058605e-01
4.608306549924938711e-01
4.186459333564602203e-01
3.937438135965043995e-01
5.047220364350102351e-01
5.784894512678497858e-01
