-1.401921100717815893e-01
-1.481600485377676801e-01
-1.717539827854583367e-01
-1.681314063239603973e-01
-1.740981416271401849e-01
-1.727005955781333035e-01
-1.726252586777724252e-01
-1.592930482071054921e-01
-1.558232696189100208e-01
-1.703865850515855485e-01
-2.005341740519011318e-01
-2.007849438463794045e-01
-1.994741440297528867e-01
-1.972625147752384844e-01
-1.892609833848416523e-01
-1.795842498364399742e-01
-1.735441209965973841e-01
-1.927761996754794038e-01
-2.172637633762116993e-01
-2.106383948091538894e-01
-2.126665082751492963e-01
-2.125117911391951331e-01
-2.085966571403786718e-01
-1.915814010964237424e-01
-1.746466338301926602e-01
-1.962499852444859194e-01
-2.148430918144183799e-01
-2.135496368517143806e-01
-2.130266460730117217e-01
-2.080859715670411170e-01
-2.052356354389112958e-01
-1.930525698912712584e-01
-1.804323601060231486e-01
-1.995524444775308437e-01
-2.122693559219477610e-01
-2.098086315075884112e-01
-2.141194309934988937e-01
-2.187261477077276639e-01
-2.104139014450888967e-01
-1.912376717783071944e-01
-1.731969372729648127e-01
-1.930821849689826064e-01
-2.125942028171990128e-01
-2.153585928155078433e-01
-2.097974850491689247e-01
-2.005797345628656803e-01
-1.930067154278967967e-01
-1.692472340407820131e-01
-1.660362018843793142e-01
-1.836756019362181525e-01
-1.952512879500877263e-01
-1.900162181487239643e-01
-1.862800014690467743e-01
-1.669859715817382795e-01
-1.512614648295431130e-01
-1.312101279105480911e-01
-1.614106722229065316e-01
-1.705292399108070400e-01
-1.744615008320906380e-01
-1.618377498670997283e-01
-1.581479463405503494e-01
-1.406476788199186589e-01
-1.270790968922371200e-01
-1.200138756605445833e-01
-1.419302530061211098e-01
-1.365526224485970053e-01
-1.471791426126520252e-01
-1.464518162266144063e-01
-1.499035421400353174e-01
-1.612298293098091140e-01
-1.645732321706699086e-01
-1.578271270195754639e-01
-1.630300231319215809e-01
-1.694478849320616709e-01
-1.879742938823424914e-01
-1.909425099878240550e-01
-1.878700971278207676e-01
-1.909696830829803460e-01
-1.889778481648074493e-01
-1.842244735815506684e-01
-1.870190496701575888e-01
-1.969934495204596625e-01
-2.212263383426267827e-01
-2.166900254159721539e-01
-2.096068058780854171e-01
-2.078403072214503600e-01
-2.025002347793847524e-01
-1.889142976373582861e-01
-1.898028684075564188e-01
-2.024509881279538959e-01
-2.128651917866301035e-01
-2.136950915788459193e-01
-2.055230615299085684e-01
-2.078943748791058366e-01
-1.961665578019990697e-01
-1.953532788353175287e-01
-1.794305548945082374e-01
-1.950897258957716152e-01
-2.119485746372693491e-01
-2.104689290100696664e-01
-2.186948908022894045e-01
-2.053494361178617444e-01
-1.985347058526294450e-01
-1.912681980044326213e-01
-1.732527521907166190e-01
-1.923144937582443037e-01
-2.038271258325092816e-01
-2.159706271037400982e-01
-2.137933550794598181e-01
-2.070457762969903914e-01
-1.991095650887107493e-01
-1.829412659391179696e-01
-1.754234205968480675e-01
-1.883252584154675169e-01
-1.955390691816146498e-01
-2.067517295829188195e-01
-2.085018136678294109e-01
-1.930263359329645323e-01
-1.646273707629326566e-01
-1.526075018648397341e-01
-1.668285013873815614e-01
-1.765197900493520322e-01
-1.763888284730905642e-01
-1.721433790750545312e-01
-1.783172389379290290e-01
-1.685449504796106279e-01
-1.434613118936754195e-01
-1.344737005803378904e-01
-1.436776608267446853e-01
-1.587877381494161022e-01
-1.736082586788786075e-01
-1.658688451846815626e-01
-1.669045856590163357e-01
-1.789658253361685603e-01
-1.749852267672200312e-01
-1.583718422640888190e-01
-1.603087817017776473e-01
-1.847309820151357418e-01
-2.050014241881437382e-01
-2.055613153869229048e-01
-2.035820985908800840e-01
-2.132997069607944218e-01
-2.064020736610186757e-01
-1.873641089142868699e-01
-1.925771914003164553e-01
-2.135115934081593114e-01
-2.294863072549846172e-01
-2.273873561275243371e-01
-2.252141613009921994e-01
-2.237703939860943847e-01
-2.193010130324675178e-01
-2.016068640341566187e-01
-2.052595562637730964e-01
-2.216279416124199431e-01
-2.398150121378198329e-01
-2.379732076241156680e-01
-2.311813744379682400e-01
-2.241572590540590049e-01
-2.188351177562355143e-01
-2.126277137633255099e-01
-2.041471167345417503e-01
-2.211524978997801427e-01
-2.385092451747397035e-01
-2.434255245221789432e-01
-2.419332350231421791e-01
-2.361354826800256546e-01
-2.216963527618330265e-01
-2.053584660026827324e-01
-2.032872746009034282e-01
-2.140805103072587479e-01
-2.304355427457148164e-01
-2.378813121965605015e-01
-2.429117960351065142e-01
-2.177932045143639028e-01
-2.025199611646730791e-01
-1.833799049933737824e-01
-1.822578807218063757e-01
-1.883968817141069285e-01
-2.084844940880014597e-01
-2.171533619890453903e-01
-2.169768125978785434e-01
-1.927261691606307892e-01
-1.678862160235171652e-01
-1.545480034335807995e-01
-1.652803737669163719e-01
-1.732677652817927461e-01
-1.873864071438156587e-01
-1.918715354804133022e-01
-1.833259391831765506e-01
-1.727097041142654499e-01
-1.392347059364868189e-01
-1.299528345023321929e-01
-1.455514657069023332e-01
-1.615901310230997423e-01
-1.719429726610397502e-01
-1.598525676400288642e-01
-1.703051817535155554e-01
-1.702195876020211052e-01
-1.651531853147752416e-01
-1.684544817184797649e-01
-1.653905231158192823e-01
-1.775231649437432613e-01
-1.931955543355063087e-01
-1.970287439797853424e-01
-2.002150026185170739e-01
-1.988452558756745037e-01
-1.928089304522885017e-01
-1.884816111882846035e-01
-1.822312923139435548e-01
-2.041774474774022685e-01
-2.220238951806756678e-01
-2.184241302500775639e-01
-2.171559498737108129e-01
-2.033031064411586486e-01
-1.992890569902243947e-01
-2.017414492441417240e-01
-1.910597237364712320e-01
-2.070152872212106532e-01
-2.255538194148724862e-01
-2.245325653648521935e-01
-2.127225250585023653e-01
-2.077082927872656026e-01
-1.963095897820620050e-01
-1.983645372475104640e-01
-1.761627594044578027e-01
-1.991950085808623094e-01
-2.256811541604662463e-01
-2.295001554847106162e-01
-2.164260047907096141e-01
-2.023339681561387993e-01
-1.929633150066311365e-01
-1.874349234479799342e-01
-1.700913833255592311e-01
-1.859466113090575412e-01
-2.133322278021667628e-01
-2.237932671144836350e-01
-2.203683294932216874e-01
-1.996903709241000802e-01
-1.759132809637950212e-01
-1.684184412522229946e-01
-1.580454191893801430e-01
-1.786305273514077752e-01
-2.024672267807157700e-01
-2.079952415232777796e-01
-2.085138566103268420e-01
-1.772505037072045764e-01
-1.507886401605273707e-01
-1.405933281432213966e-01
-1.636810766401682327e-01
-1.738767116244815392e-01
-1.864986845101496149e-01
-1.816005095447727757e-01
-1.832451426898584201e-01
-1.595006573352955870e-01
-1.376543486816644568e-01
-1.311435888978938757e-01
-1.464736124327305211e-01
-1.520739755966915852e-01
-1.661310227749569768e-01
-1.677474595382289213e-01
-1.761146689091241391e-01
-1.687249049571823145e-01
-1.646331715174518540e-01
-1.494241080246730136e-01
-1.709703547851530725e-01
-1.866357360067605886e-01
-2.033152699610418779e-01
-2.045965933910230405e-01
-2.063696526240719753e-01
-1.931678088294324913e-01
-1.815157292416478552e-01
-1.744560925460502121e-01
-1.961977994309782314e-01
-2.081779542327210630e-01
-2.203392247537841186e-01
-2.243182091471100370e-01
-2.101578185297728885e-01
-2.049097016408030769e-01
-2.010874698941554350e-01
-2.023026731144390855e-01
-2.007316178296414400e-01
-2.143264425548228880e-01
-2.241198324524890650e-01
-2.222820856223946540e-01
-2.152833493998632663e-01
-2.076419217663046934e-01
-2.138039064307742931e-01
-1.988087120197470914e-01
-1.901554197125389367e-01
-2.053996444580464820e-01
-2.168637336001019988e-01
-2.291726068436270580e-01
-2.204552106946271739e-01
-2.212679374672477106e-01
-2.178848746117292012e-01
-2.053969578085099168e-01
-1.836971919096016814e-01
-1.943054639552148910e-01
-2.165602178136004363e-01
-2.269905472408056124e-01
-2.264899600386007517e-01
-2.231425710430926523e-01
-2.031591724801340704e-01
-1.941394632893649330e-01
-1.710740218586963846e-01
-1.803502513609894220e-01
-1.976481583974127598e-01
-2.094557984454799293e-01
-2.069294475492278185e-01
-1.868201545737342151e-01
-1.841903855719257410e-01
-1.735991293161739668e-01
-1.685366643376372264e-01
-1.800046054847994903e-01
-1.731200951810442645e-01
-1.815794392644774213e-01
-1.873219116627580227e-01
-1.685445586581265087e-01
-1.584854391755796676e-01
-1.565546046957655701e-01
-1.399604474048261882e-01
-1.540076382169739688e-01
-1.820964434204568883e-01
-1.726138644331041694e-01
-1.751110898566400065e-01
-1.787716891000354913e-01
-1.696987684218898285e-01
-1.540454788319980117e-01
-1.631775088292987119e-01
-1.835960946865690668e-01
-1.997753000530260448e-01
-2.115985093738602107e-01
-2.038946828781986464e-01
-2.029716661784193577e-01
-1.967945661914018984e-01
-1.863334724299195166e-01
-1.887421272869387878e-01
-2.026070504114081960e-01
-2.201776727514477006e-01
-2.288116147579833393e-01
-2.110320749579862043e-01
-2.120864770779605779e-01
-2.115504904791438989e-01
-1.949811346365533105e-01
-1.943710269222854170e-01
-2.103057864701156077e-01
-2.234705386226637780e-01
-2.234831287777143127e-01
-2.157489929007630480e-01
-2.132883331855464637e-01
-2.076190309990657568e-01
-2.066081791940033441e-01
-1.868505181356989453e-01
-2.101967170242523830e-01
-2.291476207436103918e-01
-2.310178328217536714e-01
-2.260280474750663571e-01
-2.178481525390183471e-01
-2.177102979450045439e-01
-2.068689267939285426e-01
-1.807435679538151041e-01
-1.979990939711061826e-01
-2.265653511523459396e-01
-2.355370065341919894e-01
-2.266855236247443395e-01
-2.204851404424651717e-01
-2.058157334813796036e-01
-1.799184588034604404e-01
-1.737687317982501423e-01
-1.901023616128293681e-01
-2.153035540024145211e-01
-2.133514482968975057e-01
-2.063428791705860521e-01
-1.824077702152843428e-01
-1.574621434434499700e-01
-1.406837668303330680e-01
-1.725578179508093779e-01
-1.815054868098349983e-01
-1.794282257449557605e-01
-1.772361167018170480e-01
-1.783503053103135116e-01
-1.606233861106589889e-01
-1.281549802529767801e-01
-1.186549758062413196e-01
-1.325021184993027679e-01
-1.394138672219134290e-01
-1.404633427039357618e-01
-1.511220242619124576e-01
-1.468014458398696487e-01
-1.430035306945838525e-01
-1.487640643579787592e-01
-1.373441580322532773e-01
-1.521375161956414479e-01
-1.591970559353033110e-01
-1.756923130168833447e-01
-1.829552087149638739e-01
-1.848095353228242921e-01
-1.808514007252245703e-01
-1.703979514678794216e-01
-1.667959532449792837e-01
-1.862244695579755582e-01
-1.977635963908123129e-01
-2.100715080773898069e-01
-2.182912226127076416e-01
-2.071401130789967127e-01
-2.076042074844733631e-01
-1.979127101769193042e-01
-1.943814115051089586e-01
-1.925585698101397458e-01
-2.098522723486584418e-01
-2.161441330953476070e-01
-2.220308754004934604e-01
-2.222035043519084707e-01
-2.162292518021377286e-01
-2.056887737222541368e-01
-1.931761130961419659e-01
-1.826746904879946454e-01
-1.995906544796780813e-01
-2.210641016331759134e-01
-2.277878718457077845e-01
-2.251299571856708037e-01
-2.268068468525805403e-01
-2.191561741971919386e-01
-2.061972590132325200e-01
-1.817479837974289580e-01
-1.895903322869453567e-01
-2.175298602496068268e-01
-2.228164482259902268e-01
-2.333027560898527641e-01
-2.208377097810280132e-01
-2.057007890053040022e-01
-1.979063364169110772e-01
-1.725761558791274464e-01
-1.823068293228221615e-01
-1.921534684816332550e-01
-2.098368247263848185e-01
-2.074213005657105924e-01
-1.887726049418215479e-01
-1.751811134934248004e-01
-1.708909410939461471e-01
-1.677315526124428524e-01
-1.723559716700107936e-01
-1.726323565176006158e-01
-1.720330760803583103e-01
-1.752366422892218945e-01
-1.633743144097462296e-01
-1.579438070592368015e-01
-1.559492386982198331e-01
-1.391141468349104959e-01
-1.425314205346828456e-01
-1.615576600022556875e-01
-1.658159559446948372e-01
-1.737938991612112682e-01
-1.752518428700416131e-01
-1.650538923828130389e-01
-1.484248910853920855e-01
-1.520524728822182370e-01
-1.713904333871852648e-01
-1.905984963039756286e-01
-2.010248209544245324e-01
-1.992950543227075266e-01
-1.965538466784068905e-01
-1.856750841820799525e-01
-1.690535780694898127e-01
-1.736322737111773429e-01
-1.963677860639966577e-01
-2.157918654777768730e-01
-2.223876916456979935e-01
-2.146697780626582175e-01
-2.140765305107785177e-01
-2.097947897340153300e-01
-1.923255917526441594e-01
-1.862226645872666619e-01
-2.039586219798284750e-01
-2.271499803354854463e-01
-2.312547039898114332e-01
-2.261980232594133777e-01
-2.155094973197012320e-01
-2.168455717723311027e-01
-2.030800657609133919e-01
-1.883851978125778703e-01
-2.188876649007829300e-01
-2.326912461128549936e-01
-2.392832105177709612e-01
-2.273959198185745989e-01
-2.299285451451174578e-01
-2.256088604386688179e-01
-2.097500587532028504e-01
-1.846837188661103191e-01
-2.051965292330070745e-01
-2.333401041111979324e-01
-2.349612960618090440e-01
-2.340568550184477514e-01
-2.134861917738272996e-01
-1.935196508953934136e-01
-1.868978459846744877e-01
-1.757336623776840911e-01
-1.958797026386507045e-01
-2.149542033244981887e-01
-2.122285207499216841e-01
-2.076227073106616527e-01
-1.941836974889866452e-01
-1.635242227416552341e-01
-1.402780552539778791e-01
-1.679455574443323995e-01
-1.867994967630887404e-01
-1.925118181147480179e-01
-1.899363646371700354e-01
-1.862593642872855948e-01
-1.703471482777775825e-01
-1.507386325698545082e-01
-1.358548255097333235e-01
-1.388461615286437356e-01
-1.576008199363497231e-01
-1.725526997368475035e-01
-1.739406718214773495e-01
-1.682801471863028808e-01
-1.711111951974258749e-01
-1.654962885691636243e-01
-1.561833930978132057e-01
-1.669306554953624289e-01
-1.910251029585765259e-01
-2.114349720540482369e-01
-2.100187401808963072e-01
-2.032401577566150808e-01
-2.088293743174539641e-01
-1.972759652362178484e-01
-1.826315655789786108e-01
-1.956646191128251222e-01
-2.152873170502294375e-01
-2.287585165464487424e-01
-2.351388398327953211e-01
-2.300660999718721067e-01
-2.254874856260883353e-01
-2.234448207438168299e-01
-2.005488314269392724e-01
-2.148240968633519377e-01
-2.270472432973228705e-01
-2.352096165908708902e-01
-2.395120560625615680e-01
-2.330281524847553354e-01
-2.293947696910839384e-01
-2.221644857927263517e-01
-2.115847488596848125e-01
-2.160627114408433247e-01
-2.338232936489337277e-01
-2.395557526536699899e-01
-2.421271479546860395e-01
-2.453456334555475793e-01
-2.446297327863676818e-01
-2.305786439400475396e-01
-2.162346982424245834e-01
-2.203885326089728147e-01
-2.328555285142998033e-01
-2.396706172506384847e-01
-2.469090443813625746e-01
-2.503368013392368030e-01
-2.308779225304016802e-01
-2.229019382764587387e-01
-2.011102267492931306e-01
-2.114194322395559766e-01
-2.258546593776488698e-01
-2.239997572915396473e-01
-2.232650699951798379e-01
-2.228357239026644288e-01
-2.070165998542846941e-01
-1.833761777703003248e-01
-1.644298667859493690e-01
-1.991485465534282573e-01
-2.108722503717059826e-01
-2.031243396831629855e-01
-2.058945238221039087e-01
-2.010510378774727769e-01
-1.931093188645189862e-01
-1.620396018141556094e-01
-1.425375261454102094e-01
-1.163394012580844100e-01
-1.239469846102212447e-01
-1.361417036671756231e-01
-1.518150057396314145e-01
-1.515924004146712301e-01
-1.486258889904762126e-01
-1.507292023764527644e-01
-1.493966368525444233e-01
-1.334830617358429838e-01
-1.458977014596900545e-01
-1.579335100258899283e-01
-1.687856404881703243e-01
-1.669869677396712271e-01
-1.747877187753673900e-01
-1.823376917343997872e-01
-1.719846306692989768e-01
-1.617172280247257676e-01
-1.769016210455893745e-01
-1.864215124187705019e-01
-1.881245063280646002e-01
-1.881652037553633028e-01
-1.888873194321168958e-01
-1.862748759343775262e-01
-1.882201797437626500e-01
-1.729842787289140038e-01
-1.789459909172877172e-01
-2.019484188459531593e-01
-1.988258730899894189e-01
-2.044751735273608872e-01
-1.925562541076422940e-01
-1.905844761109943275e-01
-1.830723633448964605e-01
-1.617850648716591955e-01
-1.833381733971732597e-01
-1.988163537150773597e-01
-2.140548046050307351e-01
-2.112988551154111050e-01
-2.003065427926847275e-01
-1.923069826010000150e-01
-1.804410105794798103e-01
-1.582368512940375838e-01
-1.810723536613348950e-01
-1.992913760730686545e-01
-2.157371887411779765e-01
-2.072070021764239600e-01
-1.914228856884156726e-01
-1.777789947760821665e-01
-1.633192116545162664e-01
-1.569751417288434980e-01
-1.647447536298351223e-01
-1.885607783036060414e-01
-2.005627075383827895e-01
-1.946228947997243608e-01
-1.621999935003678173e-01
-1.477206538507162270e-01
-1.310373308117508684e-01
-1.554858474672098367e-01
-1.541686484005394819e-01
-1.671720348412537027e-01
-1.693766355372516852e-01
-1.631450425329474541e-01
-1.439297076924886121e-01
-1.288689963837960917e-01
-1.251477617155373201e-01
-1.422779902710261668e-01
-1.471267287735503193e-01
-1.567384201703917457e-01
-1.589909573912651197e-01
-1.675337548907754048e-01
-1.647775366264665753e-01
-1.606245745201779207e-01
-1.490766494263243425e-01
-1.614067637507786146e-01
-1.779413372103919866e-01
-1.900043425855851287e-01
-1.932888599985070344e-01
-1.937597288573176257e-01
-1.917489551879228982e-01
-1.796485421967969620e-01
-1.784150946753946532e-01
-1.930546200586283345e-01
-2.057333940549731788e-01
-2.090022710850119037e-01
-2.142755487621146038e-01
-2.199711622867410177e-01
-2.071690664091916656e-01
-2.014009910613623888e-01
-2.012587865816885813e-01
-1.965571646263947203e-01
-2.128677383048302174e-01
-2.137131871950099793e-01
-2.201752265925709107e-01
-2.203438921733142652e-01
-2.180443645989493529e-01
-2.098541670419220295e-01
-2.010383148285758981e-01
-1.989408201157994160e-01
-2.061235699449531500e-01
-2.150468926707509165e-01
-2.213115425994660601e-01
-2.188410168672854095e-01
-2.161816689277628600e-01
-2.151800158201354340e-01
-2.090549940255505279e-01
-1.933330110572583915e-01
-2.113773451056617236e-01
-2.176199869316836344e-01
-2.215194571323616524e-01
-2.185981387930063524e-01
-2.072181053901166192e-01
-1.987113404007440631e-01
-1.847066718699182930e-01
-1.854143234936770079e-01
-1.904878394120671503e-01
-2.003248628422787669e-01
-1.963176674444470360e-01
-1.883958524457132744e-01
-1.815977056496798914e-01
-1.809853948349641750e-01
-1.656588896907875696e-01
-1.676997466157313654e-01
-1.744321830791150385e-01
-1.683743414183696829e-01
-1.741775645098259384e-01
-1.650142823834155892e-01
-1.571036582347731247e-01
-1.636098884849133961e-01
-1.606286648364808611e-01
-1.370280886544715804e-01
-1.513116027972222777e-01
-1.702272488681257911e-01
-1.685052264068529204e-01
-1.689117604508863224e-01
-1.780441744660770376e-01
-1.718142326409985154e-01
-1.669983543253230618e-01
-1.637287920106965111e-01
-1.747304558920672879e-01
-2.007595080059022541e-01
-2.031508660753273132e-01
-1.987892054696463739e-01
-1.964499829755272930e-01
-1.898707883990972123e-01
-1.800948511070302738e-01
-1.881308365139482686e-01
-2.070649515729375278e-01
-2.328896635396404124e-01
-2.308058841227214608e-01
-2.178402386735796004e-01
-2.183871914824841998e-01
-2.038441150823217807e-01
-1.947131839240272555e-01
-1.897991670877568204e-01
-2.137261544209969888e-01
-2.304717658376463918e-01
-2.297576225897272340e-01
-2.239220348193218801e-01
-2.165822800446715601e-01
-2.112836183717965999e-01
-2.059219587087357251e-01
-1.888787839618484010e-01
-2.067809714216939654e-01
-2.261210645678452258e-01
-2.329180064416623563e-01
-2.291739613565224876e-01
-2.250515733723419953e-01
-2.165283887969390308e-01
-2.061447356873878367e-01
-1.910281631121769352e-01
-2.086478535578980276e-01
-2.274925233032132621e-01
-2.402175462861723676e-01
-2.353014911005461007e-01
-2.183891026694285975e-01
-2.095286199765243329e-01
-1.807126673176021048e-01
-1.844554123935973622e-01
-1.991495674439795194e-01
-2.133319619918735977e-01
-2.211145129101262652e-01
-2.197252509936090115e-01
-2.020841214811308073e-01
-1.730522433501835988e-01
-1.500528453611558177e-01
-1.808288645405813910e-01
-1.852094993561128333e-01
-1.892217345626882319e-01
-1.884041714808808166e-01
-1.847962002948014826e-01
-1.760496201335209066e-01
-1.460186416577901047e-01
-1.405259145822243816e-01
-1.422280620247434457e-01
-1.373755800855230302e-01
-1.502182148288971064e-01
-1.446484924386474413e-01
-1.380986254768645782e-01
-1.398556459470782498e-01
-1.464526274179399623e-01
-1.515385508473213738e-01
-1.514891786114014038e-01
-1.669622445413602163e-01
-1.778126752812434208e-01
-1.817486023374537407e-01
-1.654297872756358978e-01
-1.706763446067586232e-01
-1.809467231522664810e-01
-1.754265165134480942e-01
-1.763449260042777578e-01
-1.897197856923543979e-01
-2.077114371045288010e-01
-2.092403863995240254e-01
-1.896875860534626146e-01
-1.904193048586258763e-01
-1.919567740073888085e-01
-1.795438126038274851e-01
-1.838292994479646669e-01
-1.984572364429327551e-01
-2.102458463424604629e-01
-2.100970842111736792e-01
-2.041791886406622847e-01
-1.894031918618353239e-01
-1.879835592463182936e-01
-1.817996598260379904e-01
-1.819996039369246588e-01
-1.841237166979949880e-01
-2.046839424997917711e-01
-2.106393503585895222e-01
-2.095183174503879031e-01
-2.013948009968158925e-01
-2.041158610714740584e-01
-1.963137675160796514e-01
-1.724645771336553723e-01
-1.817521495586307823e-01
-1.975013889674763767e-01
-2.141611129454500106e-01
-2.256614561863127255e-01
-2.142490798102090754e-01
-1.954849658147574387e-01
-1.909660460067283683e-01
-1.681297785241804843e-01
-1.749842672497743390e-01
-1.853808136425965369e-01
-1.980464298225060871e-01
-2.056560493252208022e-01
-1.973946166753051401e-01
-1.860783468856715417e-01
-1.636548152006815915e-01
-1.684939213281617942e-01
-1.678562118064281516e-01
-1.720233063707978238e-01
-1.774181012226619392e-01
-1.825825721269170587e-01
-1.685299132057729299e-01
-1.625551100795350479e-01
-1.583634101500218383e-01
-1.457763545841539721e-01
-1.440979960470599730e-01
-1.563957677460465490e-01
-1.679112049818148322e-01
-1.661883624923078673e-01
-1.554064989580995759e-01
-1.526446668438454501e-01
-1.514896721838032423e-01
-1.624100311838095057e-01
-1.748510432547514815e-01
-1.949508248054606929e-01
-1.924972868353109212e-01
-1.947261454569422512e-01
-1.813016869649232976e-01
-1.819907318916405559e-01
-1.675163215782165815e-01
-1.841964176962064825e-01
-2.009116570950722769e-01
-2.190653914601241314e-01
-2.183924180908380641e-01
-2.055941297021023351e-01
-2.032217305169050081e-01
-1.906529150930184602e-01
-1.906230980077101567e-01
-1.920378132927595405e-01
-2.055106384227497474e-01
-2.198829533886821896e-01
-2.148764844650199457e-01
-2.073067025740408520e-01
-1.978846567905568343e-01
-1.966343288795341648e-01
-1.917389845298187456e-01
-1.853628124700581470e-01
-1.974743667977720551e-01
-2.102352945854973898e-01
-2.111577902750016444e-01
-2.161500671739983448e-01
-2.063838032039294335e-01
-1.937989435868976706e-01
-1.901829954869787564e-01
-1.786862128752575163e-01
-1.927486030699587238e-01
-2.029264402751673191e-01
-2.114352569745136246e-01
-2.135896876049221405e-01
-1.958096346923711151e-01
-1.812972257691424782e-01
-1.844067888063634919e-01
-1.674457713390793967e-01
-1.830033191662705505e-01
-1.890725051407269597e-01
-2.019963703987139314e-01
-1.966621176579630981e-01
-1.753757884103233633e-01
-1.631422230900094195e-01
-1.633503472379956301e-01
-1.613792772704682188e-01
-1.704182224784505928e-01
-1.699228472692320968e-01
-1.756635154883510186e-01
-1.830869607527052800e-01
-1.649659863252410097e-01
-1.432265215842445927e-01
-1.520954856665006627e-01
-1.253391539710089486e-01
-1.297576506327556001e-01
-1.409128267747031538e-01
-1.517711152908650662e-01
-1.547720890778306324e-01
-1.545819195505483412e-01
-1.611424672129573299e-01
-1.549876079132584961e-01
-1.502779060446284287e-01
-1.561856273939514483e-01
-1.740537979254583312e-01
-1.862662810489688348e-01
-1.925707727242060019e-01
-1.908221373524599529e-01
-1.916647817206842408e-01
-1.811615390502706036e-01
-1.785723938856473569e-01
-1.993459511771190074e-01
-2.150478689845554958e-01
-2.128369334145884251e-01
-2.060046680781782991e-01
-2.098989883447334170e-01
-2.011664930641384186e-01
-1.958093493238286797e-01
-1.896341721380419010e-01
-2.073291229452815521e-01
-2.094505312519421569e-01
-2.115234622316161939e-01
-2.010814616670191790e-01
-2.023452158750957963e-01
-2.063839024138862110e-01
-1.997389841050421222e-01
-1.787491236511099535e-01
-2.024111621831168051e-01
-2.043114749307581302e-01
-2.037601578152082316e-01
-2.073993046844268273e-01
-2.048311310932555418e-01
-2.048828027005085428e-01
-1.939539548793045853e-01
-1.635274603942346860e-01
-1.875260295681849820e-01
-2.038199648836496181e-01
-2.110747909936539213e-01
-2.147265611184775713e-01
-2.021592227032332489e-01
-2.030778182805653143e-01
-1.866203613094049862e-01
-1.610603430743766384e-01
-1.716901491892549036e-01
-1.951381544772744225e-01
-1.987662075970622888e-01
-1.995517246873471651e-01
-1.812590363726787057e-01
-1.671537647761343892e-01
-1.497124103743059376e-01
-1.516735811804985068e-01
-1.612717012327713473e-01
-1.728915366944794585e-01
-1.829945451348574392e-01
-1.809151526135788501e-01
-1.653535958122051563e-01
-1.428620040389199375e-01
-1.359035143396655210e-01
-1.322778877583412338e-01
-1.370107785103253373e-01
-1.430984622941455231e-01
-1.452898630376351918e-01
-1.549003993220274544e-01
-1.633596965655059741e-01
-1.572140905054933702e-01
-1.427453513058773715e-01
-1.640381500565167849e-01
-1.820468762409792884e-01
-1.934912466685347610e-01
-1.832094253612882584e-01
-1.858651946290464929e-01
-1.954543604348700503e-01
-1.940980749007431838e-01
-1.756464926066884369e-01
-2.021355207368001061e-01
-2.153711295602584452e-01
-2.264321057798469872e-01
-2.132604195143991965e-01
-2.038999323797343333e-01
-2.114663128907433298e-01
-2.072380976356559268e-01
-1.948413935280589315e-01
-1.981133061588025435e-01
-2.208035121135490941e-01
-2.174624519971177228e-01
-2.124547160387813549e-01
-2.146336461639282156e-01
-2.071094652835414329e-01
-2.087940576783550162e-01
-1.954520706119518281e-01
-2.010912346491837144e-01
-2.152176919646369146e-01
-2.222193049118484642e-01
-2.261299226641236282e-01
-2.234402851872999696e-01
-2.171083369756420800e-01
-2.145747867520185204e-01
-1.987494931788339469e-01
-1.893895454870639927e-01
-2.087452325818966170e-01
-2.233331605926306140e-01
-2.324958501396305333e-01
-2.293960871373461052e-01
-2.190872664148762750e-01
-1.997947674408788732e-01
-1.904063198748106589e-01
-1.826815617060826569e-01
-1.954621676188573187e-01
-2.065022294825969995e-01
-2.199523808953426918e-01
-2.114450432425652449e-01
-1.994774801503132189e-01
-1.772170929669392991e-01
-1.615431273100794429e-01
-1.844783972636995228e-01
-1.883489220811062903e-01
-1.871114548796600774e-01
-1.848453640567211120e-01
-1.908170979863620109e-01
-1.745658378409002398e-01
-1.586200718342756222e-01
-1.524706797203076725e-01
-1.385198434355698616e-01
-1.356744353840983741e-01
-1.443688288470015846e-01
-1.549837217161601499e-01
-1.446351287969898369e-01
-1.495784469973809039e-01
-1.370786938996741977e-01
-1.280790914323317042e-01
-1.596394600918208395e-01
-1.667506500608994247e-01
-1.755220026958236035e-01
-1.845245841663908093e-01
-1.789002646446266054e-01
-1.773060444627680976e-01
-1.715495951915996797e-01
-1.542994841167734110e-01
-1.851018090290554863e-01
-1.944429757812408677e-01
-2.133671433514082449e-01
-2.156475924047545345e-01
-2.037975284844737167e-01
-2.002981916510581661e-01
-1.963267310454707149e-01
-1.777555945032684159e-01
-1.832288864127079864e-01
-2.035771898584954054e-01
-2.189160092580837158e-01
-2.159069944422763732e-01
-2.030385461696821714e-01
-2.089811831824906763e-01
-2.016595594595349539e-01
-1.858425315032889158e-01
-1.773222172368418004e-01
-2.007350038919932800e-01
-2.166292792690692193e-01
-2.150168936912008610e-01
-2.210793258405515660e-01
-2.131649652387795912e-01
-2.003334227269893963e-01
-1.867938564833038495e-01
-1.801360343634674233e-01
-1.966019095074108547e-01
-2.152418748823808070e-01
-2.181980584558184388e-01
-2.121680174221289017e-01
-2.040792028005870284e-01
-1.869767877401529443e-01
-1.833598231510324417e-01
-1.662020397877717326e-01
-1.782199368429505382e-01
-1.981673103704971184e-01
-2.105865470963898534e-01
-1.959914534094841509e-01
-1.823841609875522241e-01
-1.739510930128852217e-01
-1.605041749618883185e-01
-1.676039266140095796e-01
-1.700383461301721577e-01
-1.744408246258664641e-01
-1.847302493537901769e-01
-1.753958631112601252e-01
-1.674833533920858097e-01
-1.486888559939714971e-01
-1.490054460815830040e-01
-1.350557728257369139e-01
-1.442021206690138613e-01
-1.492270851597550241e-01
-1.458415614056970677e-01
-1.467495443296968904e-01
-1.577061822560888171e-01
-1.655766615112646833e-01
-1.532360179139839185e-01
-1.646814138561424057e-01
-1.681515540729908997e-01
-1.950948975773043048e-01
-1.870570330224609057e-01
-1.881096226398663862e-01
-1.867637582469120761e-01
-1.892713829313263929e-01
-1.802647240060214484e-01
-1.940952505890981561e-01
-2.099492835231243359e-01
-2.230167477832704082e-01
-2.119199926144726964e-01
-2.033675484545329482e-01
-2.149951286576571030e-01
-2.069361188608209445e-01
-2.000020836235927579e-01
-2.030235756325502461e-01
-2.161451569666019978e-01
-2.199284242829064318e-01
-2.267503069062580257e-01
-2.149478242353066171e-01
-2.089258538719750147e-01
-2.017132429955281747e-01
-1.960545450337390638e-01
-1.845307424123383000e-01
-2.074558073145315595e-01
-2.140051153628169112e-01
-2.225135455714287447e-01
-2.287829651873774239e-01
-2.262115971081550825e-01
-2.095611038194643561e-01
-1.950002536158234878e-01
-1.797797318208139428e-01
-1.873184412164621560e-01
-2.170256320512186921e-01
-2.251069910116860473e-01
-2.378061670254328352e-01
-2.194549177215566749e-01
-2.037501087579982606e-01
-1.779493224799470197e-01
-1.603016119876617407e-01
-1.732889469975064101e-01
-1.970605109094169249e-01
-2.140456362652764788e-01
-2.042288241552308037e-01
-1.885928420957638241e-01
-1.678403679601978282e-01
-1.539127041894150782e-01
-1.573022681490278685e-01
-1.663412451682432514e-01
-1.779841501252645564e-01
-1.810426707350373532e-01
-1.858838820607756348e-01
-1.643264082377069168e-01
-1.335309536332116020e-01
-1.296035798105563963e-01
-1.228460789243391027e-01
-1.337617915596507612e-01
-1.528048611646342647e-01
-1.613393080729350892e-01
-1.687650268994291269e-01
-1.688401498964589853e-01
-1.776270450455235683e-01
-1.702328375095179813e-01
-1.516000805496937609e-01
-1.752080161390607571e-01
-1.968517084220771096e-01
-1.954665063443470630e-01
-1.932555184704116968e-01
-2.002986250751094821e-01
-2.002976381928613381e-01
-1.918807894104982981e-01
-1.892459310797844074e-01
-2.107960123976383993e-01
-2.229354894971460055e-01
-2.156176641236841329e-01
-2.025266189278707718e-01
-2.014905193785898607e-01
-2.072019161451666702e-01
-1.956117324737083052e-01
-1.987380038954355554e-01
-2.178086076927798764e-01
-2.199999045374259055e-01
-2.148013565783162271e-01
-2.162114473318653696e-01
-2.070632844883805446e-01
-2.058370307474920446e-01
-1.972473996590130285e-01
-1.864342036758982746e-01
-2.043941131075786288e-01
-2.119299476642336200e-01
-2.219874289244688492e-01
-2.139418934869902755e-01
-2.133203224549669041e-01
-2.069222772853150649e-01
-2.019318454755513192e-01
-1.797340849652940553e-01
-1.912375372834589915e-01
-2.083970453454783711e-01
-2.275609586645217508e-01
-2.216534768625543772e-01
-2.080067131238792222e-01
-1.969738012253472448e-01
-1.865906871121200683e-01
-1.702172209002488223e-01
-1.889230528302908163e-01
-2.066650865245896196e-01
-2.143326636134446905e-01
-2.109527956265807025e-01
-1.884935605187748886e-01
-1.668694312586216644e-01
-1.499411135788094040e-01
-1.715922169921957896e-01
-1.795015514635247555e-01
-1.808948714807733782e-01
-1.831582113106642595e-01
-1.821777719311214738e-01
-1.648453257214513579e-01
-1.450468938612919922e-01
-1.401543308917760633e-01
-1.363407141017818902e-01
-1.272298594291171869e-01
-1.419473448879779442e-01
-1.595070765145159275e-01
-1.606355960432352681e-01
-1.617679241197257922e-01
-1.516390172949887427e-01
-1.569800361908283981e-01
-1.584166391398353080e-01
-1.670709105611283551e-01
-1.856130544612192013e-01
-1.870669450503146813e-01
-1.940201939162901623e-01
-1.922149061703934403e-01
-1.824043249584907100e-01
-1.792136010958202685e-01
-1.908423764056778327e-01
-2.019300237517769603e-01
-2.138722852780967354e-01
-2.130541788211770260e-01
-2.122670764992590497e-01
-2.071802629904873627e-01
-2.103398697847079502e-01
-2.042552223332837202e-01
-2.039001045609851737e-01
-2.141483161556721193e-01
-2.153021657489884166e-01
-2.206006780562266845e-01
-2.163086463423813388e-01
-2.182738887839166531e-01
-2.138681651510969950e-01
-2.096875995867328590e-01
-1.987603097523543971e-01
-2.099954407276196922e-01
-2.166219609396181633e-01
-2.145310815650064984e-01
-2.182051293620824173e-01
-2.221246601776463159e-01
-2.194303150038118821e-01
-1.999734653684093200e-01
-1.904825301095320889e-01
-1.925221762846834883e-01
-2.150437788670299388e-01
-2.173821093568712726e-01
-2.152652969684911433e-01
-2.091371975536591432e-01
-1.952089587833776285e-01
-1.732154062549668416e-01
-1.843683693052986794e-01
-1.939611946788307728e-01
-2.002612221794405623e-01
-2.058487455193128146e-01
-2.031905453472133138e-01
-1.760093585461502130e-01
-1.584197875133233069e-01
-1.410575100203577126e-01
-1.770109414100009548e-01
-1.791032104303016403e-01
-1.826798758290427704e-01
-1.764425368907688307e-01
-1.814524208611329736e-01
-1.614394250485770566e-01
-1.411655482110200643e-01
-1.349950100717119961e-01
-1.269296394654400306e-01
-1.433925640591013351e-01
-1.619836133158706337e-01
-1.696375527021096175e-01
-1.700701531326154481e-01
-1.804509996584473530e-01
-1.752734896837724043e-01
-1.665640755536073603e-01
-1.486532642498407941e-01
-1.717751846284776562e-01
-2.026887585310326867e-01
-1.966339471049652898e-01
-1.949993456319776552e-01
-2.051869568967981949e-01
-2.051818858353357533e-01
-1.914670753331660091e-01
-1.692609847511366006e-01
-1.961667751843537144e-01
-2.165284673942641791e-01
-2.237428175456316892e-01
-2.119125588905055035e-01
-2.148592891669809657e-01
-2.109289498964132814e-01
-2.056163401712681749e-01
-1.786163387157004012e-01
-1.981525985256520073e-01
-2.210110073847745271e-01
-2.256645499786287812e-01
-2.169251238876099830e-01
-2.051702375018750746e-01
-2.054211221587696479e-01
-2.003972957882997341e-01
-1.728092511957340371e-01
-1.878312955246883020e-01
-2.124534831740039487e-01
-2.275657885500060873e-01
-2.242668706466650896e-01
-2.151140220425833971e-01
-2.092864045996243871e-01
-1.915735068946996245e-01
-1.784267232208366638e-01
-1.966520698438345427e-01
-2.153784956669460016e-01
-2.296011949629037374e-01
-2.279510346302109358e-01
-2.158679141328891660e-01
-1.883490348186182828e-01
-1.744745141735044303e-01
-1.794877076697590501e-01
-1.837257389655514717e-01
-1.956832114649238175e-01
-2.044128569000850659e-01
-2.065198247797585263e-01
-1.788479268098320529e-01
-1.533413217863312528e-01
-1.432192905172738895e-01
-1.754685778207062674e-01
-1.783951944799468947e-01
-1.731532408425739133e-01
-1.782426812160740615e-01
-1.771224543731696466e-01
-1.570673228844355340e-01
-1.269045814772405412e-01
-1.231630804620633263e-01
-1.498524162379642477e-01
-1.588313241334952386e-01
-1.629899716623292583e-01
-1.685981372891410257e-01
-1.738709386793159117e-01
-1.744385748112826096e-01
-1.586107144527050261e-01
-1.553062371158136779e-01
-1.660255780953684701e-01
-1.814275193517937979e-01
-1.964932455629957164e-01
-2.049069453262180873e-01
-2.071630669825044457e-01
-1.991664588176692563e-01
-1.833036312751337993e-01
-1.750120294404556853e-01
-1.847055891957354867e-01
-2.123387913826658147e-01
-2.227960612166726695e-01
-2.355461347838719854e-01
-2.296034805159465619e-01
-2.130145558483195756e-01
-2.053641817027423988e-01
-2.005454800218403055e-01
-2.012746916831273380e-01
-2.143677010403506056e-01
-2.382380857144762443e-01
-2.358006927927417118e-01
-2.315050493309965540e-01
-2.157672173375129177e-01
-2.174128726614766860e-01
-2.077519506486106282e-01
-1.954707176354275044e-01
-2.154587901026829289e-01
-2.403185929732273574e-01
-2.368721018318998284e-01
-2.302489417714728148e-01
-2.291302948049771249e-01
-2.234707237129690827e-01
-1.988412488026588543e-01
-1.981630003266932061e-01
-2.177041966762101044e-01
-2.337729997242027347e-01
-2.385048133014071314e-01
-2.350817531787181558e-01
-2.117961754905553218e-01
-1.962501961828148622e-01
-1.791459367108391987e-01
-1.970747629017566560e-01
-2.100311789292989839e-01
-2.179122043941094933e-01
-2.147181019853226236e-01
-2.132172650899092636e-01
-1.809674616474132303e-01
-1.611539132071024283e-01
-1.622948788192908054e-01
-1.967534120141428144e-01
-1.966574358088948038e-01
-1.928718580297618945e-01
-1.920462759565597088e-01
-1.839341473371720881e-01
-1.676904094777356136e-01
-1.536861604715882845e-01
-1.496281937072370671e-01
-1.403355357996697861e-01
-1.435267581990121999e-01
-1.517048655196192308e-01
-1.560155741336731183e-01
-1.591528221410878075e-01
-1.552711085386638823e-01
-1.545274456062709634e-01
-1.478694803239968547e-01
-1.550011447917314655e-01
-1.588895666653239169e-01
-1.854924517972385833e-01
-1.844685601624275473e-01
-1.763335563648657789e-01
-1.787614122747055723e-01
-1.782181008326623184e-01
-1.694708387038575681e-01
-1.822105502171132985e-01
-1.961315238926400195e-01
-2.035374755366718413e-01
-2.029084966265539136e-01
-2.015219741202229631e-01
-1.990139278484966134e-01
-1.979576380475873421e-01
-1.902538308231005448e-01
-1.849294809384038896e-01
-1.883707070814099327e-01
-2.100415933016220316e-01
-2.072028422332715392e-01
-2.076783075495481912e-01
-1.973560580669329878e-01
-1.939176690526671076e-01
-1.793211541056259906e-01
-1.661417842167588477e-01
-1.803824723238507122e-01
-2.042609419219814648e-01
-2.108462869525185301e-01
-2.134199029491201938e-01
-2.052799575275255639e-01
-1.999711340325117659e-01
-1.854056561965400363e-01
-1.630022549343345117e-01
-1.749027303529201161e-01
-2.055673442245510296e-01
-2.168750564138335613e-01
-2.114099437227756895e-01
-2.026904747640490279e-01
-1.921215697394527688e-01
-1.799137388327725073e-01
-1.541340057163655408e-01
-1.670191988124913596e-01
-1.853678285922228663e-01
-1.970902330675578518e-01
-1.980009733011756368e-01
-1.783494862866066288e-01
-1.676896947731899845e-01
-1.550586277676936631e-01
-1.439646689096250876e-01
-1.460469878001622868e-01
-1.525612654879935637e-01
-1.594630342442836524e-01
-1.691440084181167203e-01
-1.564401788808164329e-01
-1.420696403769746152e-01
-1.451947184564354454e-01
-1.409800630214026740e-01
-1.469121385492161980e-01
-1.583091980830929890e-01
-1.696045807671619499e-01
-1.681329807190150571e-01
-1.617752803921415905e-01
-1.552778679416370600e-01
-1.379990615959100220e-01
-1.569664882235235481e-01
-1.735356295849417585e-01
-1.977741523711840088e-01
-2.017295601791175563e-01
-1.960065883080512050e-01
-1.960878889628748512e-01
-1.805524787253346419e-01
-1.668393439840260561e-01
-1.853240445736739350e-01
-2.003942194741016036e-01
-2.253405272754186450e-01
-2.220746690697654735e-01
-2.148846658223543260e-01
-2.098281244018027902e-01
-1.990011139453796707e-01
-1.822777379743709125e-01
-1.960250832888746908e-01
-2.097195129050651030e-01
-2.283931598401094110e-01
-2.319500694906296845e-01
-2.217576186866130061e-01
-2.214536304114601839e-01
-2.093667401992462540e-01
-1.966016951900711462e-01
-1.884283246669002099e-01
-2.018907212123678963e-01
-2.227782470349280730e-01
-2.284232867896006935e-01
-2.282747336702581897e-01
-2.204874700344302274e-01
-2.179286036706540031e-01
-2.046699453437429705e-01
-1.943048373019745090e-01
-2.028665842062009617e-01
-2.178838817857270127e-01
-2.325552952818757679e-01
-2.246347482841047905e-01
-2.081831376230038888e-01
-2.020056006874355048e-01
-1.912599051359731017e-01
-1.881395169594987649e-01
-2.006707350461245098e-01
-2.141636014547471101e-01
-2.077385633969350553e-01
-2.019855785792413205e-01
-1.887513278056953958e-01
-1.751249903614403303e-01
-1.582148334537207823e-01
-1.838786638802709927e-01
-1.841368359373881936e-01
-1.916588127710374678e-01
-1.765131883547874925e-01
-1.852156835478777630e-01
-1.708181359709374236e-01
-1.633165681918876400e-01
-1.539940464588510360e-01
-1.298667816203616932e-01
-1.419092215261435752e-01
-1.578796766313142197e-01
-1.555005007666138972e-01
-1.470996830480530426e-01
-1.589235150111150408e-01
-1.658933526222887977e-01
-1.522542946660000451e-01
-1.573765134424265910e-01
-1.625652879174618037e-01
-1.813389786863349729e-01
-1.819760157370063358e-01
-1.886475916968925470e-01
-1.993843243318881298e-01
-2.003399346042109008e-01
-1.746719796666679758e-01
-1.846695567271732785e-01
-1.952208108584984336e-01
-2.167547176260647968e-01
-2.061418471810589348e-01
-2.111705113364294450e-01
-2.107872385010517713e-01
-2.216129801101186514e-01
-2.049018304936236767e-01
-1.830363469722117720e-01
-2.089364685483376116e-01
-2.124754477041409240e-01
-2.145031544118945199e-01
-2.119406834529287409e-01
-2.201049976060494295e-01
-2.203098742988803260e-01
-2.091323814593377683e-01
-1.779223308495385958e-01
-1.996462014511622973e-01
-2.091263650310961064e-01
-2.170237477115140867e-01
-2.221256071263860155e-01
-2.297775567399138463e-01
-2.150794556974649496e-01
-2.058210307058647437e-01
-1.758535780512301694e-01
-1.902518872907921765e-01
-2.102994921778965909e-01
-2.249139720923594155e-01
-2.315231955421237775e-01
-2.173228411887336564e-01
-1.972851210469808159e-01
-1.744594920879050659e-01
-1.803609795485117684e-01
-1.872310521504917946e-01
-1.997951261965190684e-01
-2.055672661258400313e-01
-2.091127775379419962e-01
-1.863442457470661229e-01
-1.752215623805304656e-01
-1.525627235232738244e-01
-1.726411155012659293e-01
-1.814887600651222122e-01
-1.932157792386134942e-01
-1.892087216699384900e-01
-1.839839824013166369e-01
-1.682982985154229671e-01
-1.508026309461691916e-01
-1.515818982477695476e-01
-1.654286288000892391e-01
-1.718804152873947555e-01
-1.733616395175493763e-01
-1.744761268089077832e-01
-1.761198311671546002e-01
-1.664051790875752390e-01
-1.605679279867946729e-01
-1.686150787383141614e-01
-1.625035679876389860e-01
-1.493045203206282423e-01
-1.657969464243973789e-01
-1.654247077164008317e-01
-1.695809298751409511e-01
-1.718105392285922406e-01
-1.557412934925009318e-01
-1.614882585497411094e-01
-1.688789519915164516e-01
-1.664699838592891834e-01
-1.478444516752535354e-01
-1.633959845913269260e-01
-1.537532213753007582e-01
-1.756046500144327338e-01
-1.720896741783421724e-01
-1.667674773337258498e-01
-1.599308863967980332e-01
-1.831708317471388570e-01
-1.683418512535393707e-01
-1.905538350320573615e-01
-1.924755246233316452e-01
-1.822972278481385378e-01
-1.931899282168596521e-01
-1.747405087517647226e-01
-1.755324430555411930e-01
-1.895940906250526969e-01
-1.572304347063833152e-01
-1.796971146933246943e-01
-1.792000440631075775e-01
-1.747099589962782251e-01
-1.806353227971213282e-01
-1.595748521711750079e-01
-1.730716728378575708e-01
-1.731296252226906807e-01
-1.766395734323401023e-01
-1.682424110781868543e-01
-1.651856635762637415e-01
-1.762511201504639580e-01
-1.924146839467992809e-01
-1.757735550760104737e-01
-1.745660402266817346e-01
-1.755417555736090984e-01
-2.019883297675179601e-01
-1.859850408498211760e-01
-2.139537353711884748e-01
-2.043973456775349529e-01
-2.023453425316659449e-01
-2.159811539956994209e-01
-1.846921005948287953e-01
-2.045830096341676729e-01
-2.105278487290060951e-01
-1.784011049301388041e-01
-1.926967821259485680e-01
-2.089645828109246428e-01
-1.880572226113637613e-01
-1.902138275641677145e-01
-1.816764439556969868e-01
-1.844765754983949957e-01
-1.834440608995564770e-01
-1.872056216358557457e-01
-1.896545972158690807e-01
-1.775816761909912722e-01
-1.999975021276913234e-01
-2.007226081961499542e-01
-1.949213258630203560e-01
-2.010689820240902648e-01
-1.982928269101957297e-01
-2.060597420415894721e-01
-1.808756271627900702e-01
-2.029843603455764589e-01
-1.936455443576860780e-01
-2.050338995498562911e-01
-2.098651246461496200e-01
-1.821481416230341099e-01
-2.007449167470336804e-01
-2.045324673607351873e-01
-1.841768565815428138e-01
-1.973908045976173753e-01
-1.983134028443160335e-01
-1.773810381847111817e-01
-2.054547660440443901e-01
-1.816525930538527567e-01
-1.790512122224484082e-01
-1.869068390085059650e-01
-1.819842220729194215e-01
-2.001593332358740096e-01
-1.926007248675654371e-01
-2.031205736808499862e-01
-2.032159971562791101e-01
-1.910324430488531677e-01
-2.067953602498089072e-01
-1.853925066895334151e-01
-2.062539494910454463e-01
-1.837140394781791308e-01
-1.991744888018438520e-01
-2.019103930970509997e-01
-2.073381188921937512e-01
-2.064261327894926501e-01
-1.762212493952632353e-01
-2.054298524949507432e-01
-1.997896359079771589e-01
-1.849875896997247027e-01
-1.968226171995267337e-01
-2.032965754786924262e-01
-1.727594181834968823e-01
-1.962925032069627040e-01
-1.884410294650996909e-01
-1.845871043410017842e-01
-1.757641300590908340e-01
-1.796322451954782684e-01
-1.941433791462305047e-01
-1.914239308791214900e-01
-1.977339708363090587e-01
-2.051832699643749147e-01
-1.855697320771371173e-01
-1.992699566940882572e-01
-1.815769393927283981e-01
-2.058635247828913550e-01
-1.958838538947995922e-01
-2.140364427095252930e-01
-2.095124580641796741e-01
-2.063009282425176116e-01
-2.111562460437067801e-01
-1.859571108732287203e-01
-2.140632757238496997e-01
-2.011778417098584737e-01
-1.869123689550195588e-01
-1.977559332186848706e-01
-2.114786567815251372e-01
-1.722437221582249767e-01
-1.910213027235034278e-01
-1.935016381529673091e-01
-2.026769531549696413e-01
-1.812188141548005949e-01
-2.002201561234150939e-01
-2.109941260708478317e-01
-1.962999984070077919e-01
-2.168905124120870109e-01
-2.108963271319982680e-01
-1.895832463310921090e-01
-1.987575583261377565e-01
-1.956322990289968977e-01
-2.055689592510629438e-01
-1.970444132956858108e-01
-2.126680984039418243e-01
-1.975864086551545884e-01
-1.938564704498469404e-01
-2.026849938625577829e-01
-1.778297707807714734e-01
-1.946282422979296600e-01
-1.958621719337466094e-01
-1.926725314085429575e-01
-1.932698044485831324e-01
-2.058978924123966714e-01
-1.856467051260443646e-01
-1.877633265732942536e-01
-1.943346161651557380e-01
-1.935400685795528042e-01
-1.763366429113268907e-01
-1.972606952444024564e-01
-2.083666455108710847e-01
-1.881253186567014568e-01
-2.084868830441007348e-01
-1.913110298572149592e-01
-1.870811809228505596e-01
-1.878042987283023157e-01
-1.966817726350076900e-01
-1.865664506695280667e-01
-1.906398079840447291e-01
-1.888299662955405800e-01
-1.974975712901832769e-01
-1.798211994612728681e-01
-1.795911740466682172e-01
-1.693727698462186848e-01
-1.771090860021842239e-01
-1.758346729212622306e-01
-1.800996284191051788e-01
-1.798200100202643203e-01
-1.920726666802094751e-01
-1.843914957818733602e-01
-1.777063628721284594e-01
-1.898758115064216045e-01
-1.702968093975016362e-01
-1.543745773717186687e-01
-1.825367320131791593e-01
-2.005455554905042626e-01
-1.858539599533773623e-01
-1.917579604012947525e-01
-1.793787139142441756e-01
-1.752185931428297538e-01
-1.653467597745979512e-01
-1.810319385803730863e-01
-1.908977093498243072e-01
-2.010931380275537694e-01
-1.948568394211670218e-01
-1.968743136004785232e-01
-2.035189729282264048e-01
-1.968199500525779078e-01
-1.896082194154603273e-01
-1.833453872113430527e-01
-1.982327942710933044e-01
-1.687855160979502278e-01
-1.955025004936493394e-01
-1.990147855486120443e-01
-1.896332690439651858e-01
-1.979685990643132165e-01
-1.859024398738137740e-01
-2.040545739854468521e-01
-1.992360896240802648e-01
-1.952255636008460027e-01
-1.844220732803558138e-01
-1.891326558552267612e-01
-1.805799499226564686e-01
-2.012413397440176721e-01
-1.865506906545577326e-01
-1.921979153019127695e-01
-1.891070898016634638e-01
-2.137195476008483808e-01
-2.096118811367947143e-01
-2.250654009517702447e-01
-2.190167972543736741e-01
-2.295053105407327543e-01
-2.220628581579685290e-01
-1.984726395338630711e-01
-2.134925163913937718e-01
-2.270246545549471084e-01
-1.789520228265797930e-01
-2.197207100612665331e-01
-2.230062565269381736e-01
-2.035972260133258327e-01
-2.180633107413607608e-01
-2.012375293718831337e-01
-2.245789199145830084e-01
-2.048116053325150510e-01
-2.192356300870563213e-01
-2.166372425958368875e-01
-2.090816361226159603e-01
-2.109083555886076267e-01
-2.222861284930597314e-01
-2.007153867938390457e-01
-2.153592250444882894e-01
-2.047378749112049867e-01
-2.422270217658013813e-01
-2.318440418212541765e-01
-2.569295347267847029e-01
-2.398950157422078400e-01
-2.486035826827772965e-01
-2.419643471707199900e-01
-2.158280963345805825e-01
-2.367515761365432680e-01
-2.612940406150027761e-01
-2.018517443730966920e-01
-2.296192037937175578e-01
-2.489571344767831373e-01
-2.248282825462287471e-01
-2.357583118100042563e-01
-2.158861320328137601e-01
-2.385092531357181356e-01
-2.163027409679595670e-01
-2.378991268095586586e-01
-2.410579411389089932e-01
-2.236644359722605446e-01
-2.435897692630938360e-01
-2.441684266118731295e-01
-2.198376262699544836e-01
-2.403931171758169338e-01
-2.267534239697342191e-01
-2.384601710558881260e-01
-2.230023345719761851e-01
-2.415566232744220942e-01
-2.373878919711049085e-01
-2.481856597358547134e-01
-2.490841700406936643e-01
-2.250808268831586134e-01
-2.396847532715427609e-01
-2.537033883040171744e-01
-2.025349060712924587e-01
-2.314151152996245520e-01
-2.442494201208477989e-01
-2.146553067113166346e-01
-2.385557187202332896e-01
-2.285535392114345921e-01
-2.256603603634330657e-01
-2.228391623472931737e-01
-2.265315960551631536e-01
-2.323185604304067731e-01
-2.293217054375371045e-01
-2.334780013082411732e-01
-2.465548732889486228e-01
-2.155237241558778383e-01
-2.367220160256657546e-01
-2.284772384533407807e-01
-2.312817481199955505e-01
-2.268021585335590617e-01
-2.423625961858544564e-01
-2.316280372459119108e-01
-2.398877512197444273e-01
-2.406379622773492377e-01
-2.212229933677535287e-01
-2.373581034094454645e-01
-2.407450066958201074e-01
-2.000672521410158111e-01
-2.310598306834423243e-01
-2.397088321511121889e-01
-2.027391753930455343e-01
-2.272414621592656059e-01
-2.296710557589939916e-01
-2.240010992514140098e-01
-2.226217431878407538e-01
-2.213567812840621651e-01
-2.368555235146026228e-01
-2.302425843031987995e-01
-2.316312329526405145e-01
-2.445831085589037224e-01
-2.185365100716882281e-01
-2.344018467602559941e-01
-2.183505428937748960e-01
-2.405077269479367064e-01
-2.311793117930549535e-01
-2.541599282488103961e-01
-2.391485513926951689e-01
-2.377567549521891754e-01
-2.508460126117520450e-01
-2.193394138054770015e-01
-2.424514099358280883e-01
-2.503092066078090316e-01
-2.091666941489240539e-01
-2.295694772243975779e-01
-2.378099117032423382e-01
-2.070191754794507011e-01
-2.289791915884263618e-01
-2.281748422784616592e-01
-2.366382518612957508e-01
-2.207899091864731766e-01
-2.278167588195261772e-01
-2.360048054900539538e-01
-2.305696497472836115e-01
-2.450930502448486759e-01
-2.403765534143874616e-01
-2.199956211162036324e-01
-2.368003654389175816e-01
-2.425330405936329814e-01
-2.349847998771668334e-01
-2.277065839398517422e-01
-2.461101344057404772e-01
-2.271985936236006198e-01
-2.157333296507208953e-01
-2.297139414191224915e-01
-2.131920937419960194e-01
-2.236023789757372315e-01
-2.359157176516791521e-01
-2.187876626274426750e-01
-2.195295001641847932e-01
-2.294646121575015796e-01
-2.184620443365082043e-01
-2.104440509061661635e-01
-2.274293641631242036e-01
-2.296436626650661672e-01
-2.021085510791277018e-01
-2.296791694526453820e-01
-2.401884530854035693e-01
-2.228062793253635931e-01
-2.351527755328091385e-01
-2.227364287867090453e-01
-2.174295248470027586e-01
-2.147502104272175361e-01
-2.369748854179820619e-01
-2.034612859278774888e-01
-2.118594648669063218e-01
-2.125811163792557801e-01
-2.194510586546078723e-01
-1.996387754665627234e-01
-2.070424363065908879e-01
-1.992642389718883855e-01
-1.954021302170909913e-01
-2.040111399725395291e-01
-2.012825738618508331e-01
-2.012646319451723287e-01
-2.043623718601383921e-01
-1.998037147380221090e-01
-2.006983248487069216e-01
-2.082119513256010801e-01
-2.029193777035941393e-01
-1.831266043307745450e-01
-2.103964960641684090e-01
-2.167187752951152957e-01
-2.076138659751434468e-01
-2.206343183597268831e-01
-2.008622693511401824e-01
-2.010620567103369172e-01
-1.903371496061599943e-01
-2.017362078703152095e-01
-2.063792255244364382e-01
-2.178633858193337602e-01
-2.307247933357936542e-01
-2.214838657860242754e-01
-2.331777275597131938e-01
-2.246622723200093485e-01
-2.208473988844700531e-01
-2.101920045261894132e-01
-2.308369052898383289e-01
-2.009306404482027464e-01
-2.289318771431570199e-01
-2.233025089653709605e-01
-2.104211277700516192e-01
-2.213258087596519097e-01
-2.122689467697124188e-01
-2.372399059317585324e-01
-2.175329330048812460e-01
-2.361355479522606882e-01
-2.275836285660065572e-01
-2.290539514260661047e-01
-2.094636915346902162e-01
-2.273483186984221194e-01
-2.204505650669081884e-01
-2.196712188863228776e-01
-2.206709188035027303e-01
-2.345357319154098286e-01
-2.416982974277481488e-01
-2.618707249988495578e-01
-2.418624598112761315e-01
-2.556524413857529932e-01
-2.492777511721502304e-01
-2.417370039489017963e-01
-2.348673733022801913e-01
-2.634128996696032399e-01
-2.144143448416097331e-01
-2.460432753801408967e-01
-2.512292646213565850e-01
-2.297682699525451511e-01
-2.441717534112530508e-01
-2.392516716900347784e-01
-2.609652786451210904e-01
-2.366801762049214886e-01
-2.495659965455271634e-01
-2.558012898342730823e-01
-2.450704098390159014e-01
-2.335461580196986353e-01
-2.566902012569709512e-01
-2.344343327701789159e-01
-2.422468671100628801e-01
-2.407691670872656176e-01
-2.499872990547711282e-01
-2.608251229464119136e-01
-2.831330424256184863e-01
-2.625497727980720120e-01
-2.651848468306163276e-01
-2.663495301486364375e-01
-2.497739521764595072e-01
-2.569950165751071491e-01
-2.803295416666110595e-01
-2.177738894708121375e-01
-2.575994489946186183e-01
-2.745805364604464449e-01
-2.472397600602328216e-01
-2.592522951353197214e-01
-2.565242783605807819e-01
-2.675993753234539585e-01
-2.562100229048412392e-01
-2.647559281892463701e-01
-2.679600816284997689e-01
-2.548974437870445420e-01
-2.654651279654921536e-01
-2.697764677456511717e-01
-2.462580904372583257e-01
-2.737585301850464226e-01
-2.508376222084719442e-01
-2.561698784330127543e-01
-2.552674136879293232e-01
-2.697967999604538036e-01
-2.556033449871460972e-01
-2.638625450044378429e-01
-2.652344485981436573e-01
-2.538426624079668237e-01
-2.605614919190735179e-01
-2.796006245285498903e-01
-2.236529231200580226e-01
-2.530897028865347620e-01
-2.735048962145868456e-01
-2.444800117256117067e-01
-2.590517640297625435e-01
-2.513822331613699834e-01
-2.452794165121604808e-01
-2.504238223593157620e-01
-2.604263147966704439e-01
-2.538196851683087729e-01
-2.518905804767687107e-01
-2.570670730717022900e-01
-2.780942897856774065e-01
-2.424647001885646136e-01
-2.637093184183482153e-01
-2.448612821427269826e-01
-2.510175770240616888e-01
-2.486989902697009647e-01
-2.696546272420703994e-01
-2.593785323224255257e-01
-2.565439413610377528e-01
-2.567302998663956726e-01
-2.520245077140509937e-01
-2.570825425961493216e-01
-2.741034613981142010e-01
-2.260604503256776754e-01
-2.568285884162623822e-01
-2.592688756903113179e-01
-2.305222164053588041e-01
-2.400495700484140960e-01
-2.458550452169971090e-01
-2.463388563307469248e-01
-2.391863251668109036e-01
-2.446386136665486544e-01
-2.460491183978765206e-01
-2.474254374833044778e-01
-2.499471308502232147e-01
-2.730870031894272465e-01
-2.336654297077656595e-01
-2.556268024583850940e-01
-2.491264412550950047e-01
-2.533261224096814423e-01
-2.490828114431205553e-01
-2.706676054303174261e-01
-2.502425495288314039e-01
-2.447711274118067881e-01
-2.524650417311909978e-01
-2.452719186692429998e-01
-2.524022045610093135e-01
-2.712733601390752702e-01
-2.250424151340700563e-01
-2.530220599527709946e-01
-2.599600610283238633e-01
-2.317886725844395535e-01
-2.408675920558414341e-01
-2.500482984577248602e-01
-2.510452419285605363e-01
-2.385163156352519409e-01
-2.547352079450922457e-01
-2.455987112928392502e-01
-2.539987848893952571e-01
-2.527183023310158316e-01
-2.598108725382036743e-01
-2.310907216190181412e-01
-2.491588263708660878e-01
-2.567699797048552668e-01
-2.377166675274466623e-01
-2.382999112147456688e-01
-2.603276256972453795e-01
-2.360160456750039493e-01
-2.372590550429112266e-01
-2.489780035222379229e-01
-2.363952698435155542e-01
-2.433932968878630143e-01
-2.560916388199905303e-01
-2.244664367687787265e-01
-2.345883466050878441e-01
-2.416495549518340447e-01
-2.262259247599662237e-01
-2.297234821238432756e-01
-2.430475793905290949e-01
-2.470787885970955056e-01
-2.354330470802307451e-01
-2.456558043314050477e-01
-2.437463438574653252e-01
-2.423689973039976908e-01
-2.505130344357312522e-01
-2.440087154601052744e-01
-2.297828132062793294e-01
-2.408472005603357891e-01
-2.597098788257615753e-01
-2.216214314205562919e-01
-2.210218611098112851e-01
-2.355855493343816942e-01
-2.304496968240953569e-01
-2.265895234503677858e-01
-2.272659111625359996e-01
-2.172153137603922424e-01
-2.181452200975099176e-01
-2.250539195402563031e-01
-2.181889191026780139e-01
-2.291575285364873815e-01
-2.209717063897495837e-01
-2.130666531543550790e-01
-2.187326939069773046e-01
-2.221983916490523348e-01
-2.241978846084209942e-01
-2.040134361370884164e-01
-2.296161184543603351e-01
-2.256380737554675442e-01
-2.348516471953100981e-01
-2.360300985943686591e-01
-2.318665228156610303e-01
-2.168135781503133519e-01
-2.068588999149284513e-01
-2.338180827729702538e-01
-2.112694646491383443e-01
-2.290713337581176678e-01
-2.399687614208790565e-01
-2.246944052745349640e-01
-2.357802695796806791e-01
-2.336316604717253997e-01
-2.260877652888525213e-01
-2.225425917193126768e-01
-2.481756095275033935e-01
-2.050858111469850142e-01
-2.357815545812372571e-01
-2.284423413220235399e-01
-2.213136009683588645e-01
-2.245828921157623226e-01
-2.307857663466444387e-01
-2.389892968283765518e-01
-2.216689408090031510e-01
-2.415697632661196470e-01
-2.351911457606762901e-01
-2.432768754866224958e-01
-2.148713931379068187e-01
-2.330118183972452184e-01
-2.177001991162610117e-01
-2.345950992289159431e-01
-2.167472510973176558e-01
-2.307750924739262466e-01
-2.416835347313042448e-01
-2.733446376740170103e-01
-2.453152374812648251e-01
-2.609692474012290653e-01
-2.495846439679927642e-01
-2.488817857017645574e-01
-2.485571789435404855e-01
-2.684745380068736531e-01
-2.183278690542867773e-01
-2.473104264934770369e-01
-2.512659251501525026e-01
-2.332449042898886715e-01
-2.500738482144368446e-01
-2.457540696434861727e-01
-2.601578017789755726e-01
-2.472689720061026220e-01
-2.594650133232533906e-01
-2.551877667632352353e-01
-2.538597676336285525e-01
-2.347222808551569506e-01
-2.588791798228309848e-01
-2.271580881679498287e-01
-2.506979800735711361e-01
-2.467091210583315652e-01
-2.558589826969204784e-01
-2.529521300475457424e-01
-2.789148238402912039e-01
-2.663906641089102689e-01
-2.628627065489508863e-01
-2.643718375423025346e-01
-2.567270544066339588e-01
-2.702595094989019842e-01
-2.783654467038875757e-01
-2.344537185036517091e-01
-2.552720482304819960e-01
-2.775263191563078213e-01
-2.472757815355195732e-01
-2.559062382876823860e-01
-2.487133969729951599e-01
-2.670115191799040111e-01
-2.541175373187447573e-01
-2.700511669176892116e-01
-2.606153757560644713e-01
-2.610117914027338948e-01
-2.586875975046649678e-01
-2.816521012666078905e-01
-2.420993122637978001e-01
-2.709854116984278249e-01
-2.560786316041666066e-01
-2.466913621451926886e-01
-2.517147921826202173e-01
-2.832254133505089366e-01
-2.650460688155047984e-01
-2.641854982057454948e-01
-2.684412256855062684e-01
-2.659696881164622662e-01
-2.747334344227430614e-01
-2.842280269887088040e-01
-2.346192968117706834e-01
-2.568421366539405115e-01
-2.731980095800810582e-01
-2.495729156236462520e-01
-2.526214356586874987e-01
-2.470444526845535782e-01
-2.576004210261237382e-01
-2.494984533089950607e-01
-2.555444540469591352e-01
-2.555902705933378316e-01
-2.557771672472085589e-01
-2.583443767122406420e-01
-2.819109653960359396e-01
-2.444713585011168422e-01
-2.681461038270566699e-01
-2.528352556226521330e-01
-2.502418328410141446e-01
-2.461882864132288184e-01
-2.758852210518964454e-01
-2.492767144811321445e-01
-2.491893033287441162e-01
-2.562258172576178938e-01
-2.548691982092058939e-01
-2.606908215037107013e-01
-2.778343541787197113e-01
-2.381592363914517008e-01
-2.644437344421010638e-01
-2.674904817917241884e-01
-2.338091783227541354e-01
-2.466203010622049774e-01
-2.387329266853327747e-01
-2.527109776019196286e-01
-2.483532937359659853e-01
-2.545358558236961444e-01
-2.525210048456462686e-01
-2.588620426826002685e-01
-2.582990054551632109e-01
-2.652375361845134560e-01
-2.459640118184596713e-01
-2.599718626695933787e-01
-2.519337380167198659e-01
-2.549349057983759659e-01
-2.471210853001618024e-01
-2.627027656282007184e-01
-2.459128964456846200e-01
-2.469013263660039537e-01
-2.582729987588026632e-01
-2.597099595871900646e-01
-2.589819329271793591e-01
-2.809265839778017915e-01
-2.290077706101157351e-01
-2.502260744793926572e-01
-2.603434517539495174e-01
-2.252536900354123739e-01
-2.373383770060731868e-01
-2.395046349557171939e-01
-2.483263161422553655e-01
-2.472094455223589060e-01
-2.549067944191445445e-01
-2.421683432118814927e-01
-2.553318064204983528e-01
-2.462750519587982856e-01
-2.593550118248245107e-01
-2.411688812648845326e-01
-2.547790061608078416e-01
-2.533681760151439422e-01
-2.431978482128624164e-01
-2.321044741831900515e-01
-2.604565449730019688e-01
-2.314789044468426871e-01
-2.472266037185218979e-01
-2.488963728155604016e-01
-2.475033550744895616e-01
-2.559338107080991742e-01
-2.640185533376763760e-01
-2.247564021260591294e-01
-2.465337080729088637e-01
-2.536004795979664994e-01
-2.250700086323017823e-01
-2.293998065216581450e-01
-2.397024704601973810e-01
-2.463668846490617292e-01
-2.413650684072782271e-01
-2.387060617550826047e-01
-2.419879084256118529e-01
-2.584635969378527576e-01
-2.436427792068052434e-01
-2.562357814242373077e-01
-2.295776229926163314e-01
-2.493814154374424941e-01
-2.608785642185558751e-01
-2.261621897324580521e-01
-2.218632948230917223e-01
-2.418288316716445674e-01
-2.343946749556476694e-01
-2.364574365981409187e-01
-2.340437797095810679e-01
-2.289224306045858914e-01
-2.405390022764975488e-01
-2.426153957763514390e-01
-2.170347078503806204e-01
-2.362217469479812593e-01
-2.342039735153203517e-01
-2.169535738865636665e-01
-2.257390167384913660e-01
-2.315851073336427646e-01
-2.250547066633344917e-01
-2.165075320646992485e-01
-2.263576472171046350e-01
-2.272845712623388914e-01
-2.452577854417138659e-01
-2.295392068379956130e-01
-2.392531476014605196e-01
-2.172384614322502572e-01
-2.239865088023364759e-01
-2.410039634482888105e-01
-2.151264169892989353e-01
-2.097244464561696387e-01
-2.405429111988431068e-01
-2.130923521282667432e-01
-2.267904844684632548e-01
-2.220229884680560428e-01
-2.187027027500021981e-01
-2.236338517809631221e-01
-2.517185718597459432e-01
-2.002986312154736992e-01
-2.256651596460476084e-01
-2.235280840759696908e-01
-2.161143514961348933e-01
-2.238798314178662707e-01
-2.158489472556703315e-01
-2.379353562819337409e-01
-2.116595345135090789e-01
-2.287687821547081390e-01
-2.250884633981816707e-01
-2.347431532669828069e-01
-2.111778112140997865e-01
-2.331138178505285097e-01
-2.009279314783672943e-01
-2.226018299043829030e-01
-2.124697540372246785e-01
-2.380129527179603577e-01
-2.368050279101426570e-01
-2.648877812197568682e-01
-2.421831358506440768e-01
-2.406092299960546910e-01
-2.448277086416958404e-01
-2.404388793896105048e-01
-2.518038011514059371e-01
-2.749888005711760286e-01
-2.155000664304526081e-01
-2.513549030134114015e-01
-2.480171310993476153e-01
-2.242381112967470058e-01
-2.396737358342597157e-01
-2.344931253427323947e-01
-2.542104324589182229e-01
-2.338747493874881733e-01
-2.406987140023273408e-01
-2.433028022775088339e-01
-2.427519590459046306e-01
-2.306087106243193963e-01
-2.595067224386948812e-01
-2.172231364600139825e-01
-2.408609306262352590e-01
-2.344177163511080575e-01
-2.540497567304570992e-01
-2.461130182658351206e-01
-2.811075653045277400e-01
-2.652151822632083933e-01
-2.612502754715312347e-01
-2.716496182947797933e-01
-2.608681475175687048e-01
-2.786130091870597236e-01
-2.835255349038900974e-01
-2.398270921480311901e-01
-2.542460076413536330e-01
-2.640260814043744464e-01
-2.392285210497193393e-01
-2.503010178846560296e-01
-2.480622367603927125e-01
-2.613365703404090246e-01
-2.545558777284042118e-01
-2.529534051228116143e-01
-2.534486676666666272e-01
-2.548587500379090875e-01
-2.572212451666668898e-01
-2.765069697912729829e-01
-2.406404383972528538e-01
-2.547615573088276575e-01
-2.479830049272372938e-01
-2.489998660008810594e-01
-2.518431240972289209e-01
-2.906831531913007804e-01
-2.703613477355997219e-01
-2.699418907009267232e-01
-2.733174717257195185e-01
-2.628501313938139128e-01
-2.766578972845799012e-01
-2.929010355406604371e-01
-2.459489058253352678e-01
-2.650426521488443710e-01
-2.714757646218426967e-01
-2.420848759733988664e-01
-2.465918018695569536e-01
-2.425124975342982381e-01
-2.617033456401841596e-01
-2.545445092686917099e-01
-2.615926044891791480e-01
-2.574982288654892870e-01
-2.525998513524945199e-01
-2.708434608504678431e-01
-2.830456075809714700e-01
-2.468198758863412445e-01
-2.681036726676044868e-01
-2.545741633639324597e-01
-2.527565553481761484e-01
-2.480354563881096430e-01
-2.850669362389348649e-01
-2.561515100514539234e-01
-2.593296747749888609e-01
-2.634371340349676016e-01
-2.700015866346666127e-01
-2.774832350521413415e-01
-2.906314511628630415e-01
-2.440289595823633972e-01
-2.565875218854318240e-01
-2.684517248181755300e-01
-2.442685918011934798e-01
-2.486083206029613135e-01
-2.443675959394680519e-01
-2.601524674111803104e-01
-2.535763139101557262e-01
-2.693941075136757068e-01
-2.575235708647046207e-01
-2.574797008840279400e-01
-2.651588030249936723e-01
-2.708967041585625402e-01
-2.490374405564781402e-01
-2.658148199639190357e-01
-2.630343423542342851e-01
-2.525232159466975768e-01
-2.440384420875057470e-01
-2.782611709004141343e-01
-2.396827957645725760e-01
-2.655974462457003638e-01
-2.610769485682134516e-01
-2.645766618482865984e-01
-2.735301070082448160e-01
-2.847097617983019302e-01
-2.359807218689531361e-01
-2.565446331549188774e-01
-2.655933449972618376e-01
-2.415070232946092410e-01
-2.399619874304869394e-01
-2.401915866494313267e-01
-2.603741682743989649e-01
-2.483922612021970677e-01
-2.608848439743230996e-01
-2.502934719857242696e-01
-2.578541783205931526e-01
-2.579190377753156072e-01
-2.725827364053446944e-01
-2.423734695197763411e-01
-2.609726225674385836e-01
-2.673011924107661086e-01
-2.484723205849251881e-01
-2.400109401803425246e-01
-2.603547707067345174e-01
-2.332607910820811148e-01
-2.528811667796308504e-01
-2.616146345236171622e-01
-2.569381277112937068e-01
-2.666004357249405765e-01
-2.705108810588937596e-01
-2.299645189295673742e-01
-2.509609360107304954e-01
-2.563380923273967382e-01
-2.331011682223679549e-01
-2.356830957097042212e-01
-2.417709695277677762e-01
-2.486746276472316386e-01
-2.395369051561080931e-01
-2.458058183309651534e-01
-2.490833820490959138e-01
-2.574243898691030430e-01
-2.425189189962197178e-01
-2.634773417198472689e-01
-2.330168204841075730e-01
-2.552156231922977359e-01
-2.564901019084816491e-01
-2.260363234504620955e-01
-2.312590417820151178e-01
-2.435205873095347140e-01
-2.208325057925217272e-01
-2.362292497453186979e-01
-2.431163571650272193e-01
-2.425663320544608204e-01
-2.464533275916674926e-01
-2.533551359012742865e-01
-2.127212241521519998e-01
-2.398001860488039594e-01
-2.436347336242950246e-01
-2.242704832037901164e-01
-2.235879090837480099e-01
-2.312031229720091785e-01
-2.357395738473079261e-01
-2.171049815691381280e-01
-2.306362940475006063e-01
-2.340112613759237903e-01
-2.304070458469391902e-01
-2.316439263129084214e-01
-2.374233378641270320e-01
-2.174848273567053514e-01
-2.433875713972620536e-01
-2.367168165932822255e-01
-2.022888753499349490e-01
-2.077427109828820784e-01
-2.349720562885309338e-01
-1.964362257669753642e-01
-2.128734006675106760e-01
-2.109873708824165361e-01
-2.073332795183112642e-01
-2.184255139098918441e-01
-2.458483268684714118e-01
-1.875675415442120408e-01
-2.286083890880021285e-01
-2.163198117528685738e-01
-2.012528026794850877e-01
-2.050288561011278099e-01
-1.961916337028783153e-01
-2.222146133945999691e-01
-2.095892256270270038e-01
-2.065171035208771821e-01
-2.063381476086773303e-01
-2.237798886388107644e-01
-2.092984249592550472e-01
-2.285246106151363199e-01
-1.890277326297233607e-01
-2.242920535246245850e-01
-2.067346800729777667e-01
-2.304196232835246383e-01
-2.243110605091178100e-01
-2.516085382281461058e-01
-2.221166436644689823e-01
-2.295345540788137351e-01
-2.363143114860735694e-01
-2.269555662585296119e-01
-2.490138823046972871e-01
-2.701954210986519112e-01
-2.143583712014239806e-01
-2.467369194010757272e-01
-2.429115035944530154e-01
-2.129899724724690913e-01
-2.249955577552855968e-01
-2.198203199092155780e-01
-2.499600933685287574e-01
-2.341710548748302811e-01
-2.292700711059770802e-01
-2.262357494677907366e-01
-2.329270512843322205e-01
-2.290310769561030579e-01
-2.511503159666213514e-01
-2.129256537475895106e-01
-2.411312152326811342e-01
-2.261286155473540282e-01
-2.520286417831243964e-01
-2.475598797133443940e-01
-2.795284367130819736e-01
-2.522584103274904677e-01
-2.509512547315659869e-01
-2.728313606137677261e-01
-2.536834033262059807e-01
-2.789471956281390774e-01
-2.876706925433997197e-01
-2.351282452719312688e-01
-2.554780239510571205e-01
-2.723352202892115326e-01
-2.325553265337854669e-01
-2.405689096189623510e-01
-2.431387772979186068e-01
-2.711114059879689564e-01
-2.490024779706246083e-01
-2.582865738518858034e-01
-2.531924448577363984e-01
-2.550349661150722591e-01
-2.504421744338206635e-01
-2.841137695272299979e-01
-2.439780191558413025e-01
-2.674780630544495441e-01
-2.483716319750501056e-01
-2.520291584898465831e-01
-2.564496471543287748e-01
-2.810588949052170715e-01
-2.629258238592313557e-01
-2.695741425025586224e-01
-2.814318011530317909e-01
-2.664816253657676381e-01
-2.836793356704332414e-01
-2.904008894893270742e-01
-2.533554182460318049e-01
-2.622067521758977282e-01
-2.840256355461835969e-01
-2.563170681303255649e-01
-2.538457128796116069e-01
-2.472377773731254669e-01
-2.779312348598377835e-01
-2.583373548022775412e-01
-2.710523652950666551e-01
-2.655838790526156568e-01
-2.559299114864785896e-01
-2.723134832079848744e-01
-2.804632047154780872e-01
-2.609397514042717803e-01
-2.669269674123875835e-01
-2.593181792893999305e-01
-2.506531391164981692e-01
-2.619000556640546096e-01
-2.844453328672325032e-01
-2.635490194035657319e-01
-2.625563468701688774e-01
-2.772474789984890609e-01
-2.717718421171814724e-01
-2.689428986864114135e-01
-2.939406090053159337e-01
-2.490441338051876674e-01
-2.537605971610798483e-01
-2.825595783765316171e-01
-2.606730230272272797e-01
-2.495832127059307570e-01
-2.492489294252485388e-01
-2.710729568148420032e-01
-2.499341758124788704e-01
-2.718186302932985576e-01
-2.577430855844912161e-01
-2.507293113730743039e-01
-2.678669525045304090e-01
-2.718368955820550936e-01
-2.484508694105912185e-01
-2.600654394632904154e-01
-2.710108702185566321e-01
-2.437878408941127339e-01
-2.504819635862666760e-01
-2.623095655712111007e-01
-2.366644138093124128e-01
-2.618630614617889485e-01
-2.630685478608745798e-01
-2.634426958122307871e-01
-2.610349950092339388e-01
-2.810372770739809622e-01
-2.248982932516291888e-01
-2.453337873906703270e-01
-2.622749202592287165e-01
-2.505494912522793771e-01
-2.355393312005070738e-01
-2.450247826875909252e-01
-2.542138534738073719e-01
-2.387304573258925977e-01
-2.645790912729403255e-01
-2.492665963989642852e-01
-2.514133828229923595e-01
-2.576253330948278797e-01
-2.560882661253290893e-01
-2.441938422876659964e-01
-2.485924504680188107e-01
-2.584178392824168502e-01
-2.303090413299956063e-01
-2.304316915299237933e-01
-2.414669696567464940e-01
-2.149921574038004268e-01
-2.443963318304725463e-01
-2.430995124440032407e-01
-2.429726313764095369e-01
-2.365843389452675360e-01
-2.578992378288750276e-01
-2.191174537418298374e-01
-2.387326579916184688e-01
-2.398916755291413960e-01
-2.356481447337265833e-01
-2.169876909136745358e-01
-2.360986672052420021e-01
-2.411303969194583396e-01
-2.308561060478194482e-01
-2.455355352859165119e-01
-2.319812476846729588e-01
-2.363267416163662982e-01
-2.334724686791066206e-01
-2.317649663915535840e-01
-2.341901178253849580e-01
-2.368453506117313145e-01
-2.327874574360033200e-01
-2.022110235785915811e-01
-2.187958497915454825e-01
-2.192038839877795409e-01
-2.011854253266325832e-01
-2.319461812395617051e-01
-2.224382990960537543e-01
-2.356967464303600102e-01
-2.226001007706397694e-01
-2.408114205758617177e-01
-1.981536777747782974e-01
-2.161402051403305546e-01
-2.145504944173963757e-01
-2.249416554621486986e-01
-2.217792116457151241e-01
-2.170534141633106984e-01
-2.261424474247097360e-01
-2.149709891569502596e-01
-2.174169910590254273e-01
-2.235376171642306786e-01
-2.095190576710780350e-01
-2.134918710413953036e-01
-2.151579507211470732e-01
-2.175279145036283501e-01
-2.209826600416978093e-01
-2.114660457526116311e-01
-1.957487926125068278e-01
-2.007907773004576901e-01
-2.094937194106093470e-01
-1.916291345730721241e-01
-1.977488952296210245e-01
-2.024800458350813626e-01
-2.056177863152014174e-01
-2.005119900525232923e-01
-2.384785613171742646e-01
-1.822559724117802371e-01
-2.067672156733732225e-01
-2.139704633370268783e-01
-1.944011412087630064e-01
-1.949671974598240487e-01
-1.828540337469916344e-01
-2.100436103253502107e-01
-1.921595601181487201e-01
-1.882602700762718295e-01
-1.986904810903145358e-01
-2.094785068475343015e-01
-2.086193541740208879e-01
-2.227049489189629472e-01
-1.845695069061249471e-01
-2.136478887510198654e-01
-2.073298181848395871e-01
-2.182243979553510349e-01
-2.204217522352420466e-01
-2.182118419627233352e-01
-2.149945526483999225e-01
-2.127814239085892567e-01
-2.273827495137128174e-01
-2.162177553636182026e-01
-2.282066780863777067e-01
-2.580986509663413808e-01
-2.015040163323522926e-01
-2.250226068838897531e-01
-2.364823170315956957e-01
-2.082947325971696573e-01
-2.210072949704565692e-01
-2.111252380548910845e-01
-2.289691826863355650e-01
-2.132936539969604028e-01
-2.091315449649404079e-01
-2.262823958971728611e-01
-2.256265382233866579e-01
-2.247379774873277947e-01
-2.479818604262954973e-01
-1.992642596066043215e-01
-2.329263718821449058e-01
-2.180703830979968671e-01
-2.377530544635546306e-01
-2.421637376842417366e-01
-2.507555748563758957e-01
-2.436908836989395144e-01
-2.396917913335556982e-01
-2.542519203116360704e-01
-2.361387997817160356e-01
-2.586223000733090527e-01
-2.707468783736568518e-01
-2.237182628633533066e-01
-2.406676331745232766e-01
-2.530011277339232478e-01
-2.219013954794132881e-01
-2.272252018659690620e-01
-2.324605477308593904e-01
-2.493907002305090215e-01
-2.410992484259082413e-01
-2.312864204859538808e-01
-2.391680764978777185e-01
-2.402294507028949200e-01
-2.418612934316272944e-01
-2.559833566065602972e-01
-2.200707737948295328e-01
-2.464579938629144207e-01
-2.457328116726822387e-01
-2.345989246213228407e-01
-2.389428051645736684e-01
-2.589116195203940984e-01
-2.518216826069701320e-01
-2.452922708552434383e-01
-2.535257710337434078e-01
-2.465374188876225947e-01
-2.549733797266261481e-01
-2.686775507210133473e-01
-2.358915536578649330e-01
-2.385591349734271505e-01
-2.562870916307571911e-01
-2.335722903855939336e-01
-2.382089954113907337e-01
-2.366911351767088667e-01
-2.495983715714236439e-01
-2.409950939133832237e-01
-2.487099968265993888e-01
-2.577519356627008817e-01
-2.478155443916328082e-01
-2.451532785517838431e-01
-2.602576650550792459e-01
-2.352406487734216289e-01
-2.507004746227082248e-01
-2.472713250605540758e-01
-2.207887350009697935e-01
-2.491495244194706637e-01
-2.618242779649518348e-01
-2.401999361733923588e-01
-2.471315932559715045e-01
-2.426326911825625599e-01
-2.428711078834907833e-01
-2.478990045560680311e-01
-2.602220812992528942e-01
-2.264723105907834599e-01
-2.238889996229259660e-01
-2.571955501391005039e-01
-2.396896743756709858e-01
-2.300995792345813251e-01
-2.368874377868964431e-01
-2.534739143826259533e-01
-2.353549918887536674e-01
-2.449856876101619563e-01
-2.539005067654814818e-01
-2.407525890165844451e-01
-2.463020339961189686e-01
-2.459269495105170789e-01
-2.310040451967595165e-01
-2.393648615585275974e-01
-2.435287105932979479e-01
-2.028182405159801860e-01
-2.292882568938734711e-01
-2.316368210878317901e-01
-2.167156368003032019e-01
-2.275589338227032021e-01
-2.306515235481468307e-01
-2.261746075214133012e-01
-2.321688532418896833e-01
-2.490407194422296633e-01
-2.042238959978522339e-01
-2.183905044720346467e-01
-2.449792559771367673e-01
-2.343169058368556046e-01
-2.147160917303259087e-01
-2.248114861268454279e-01
-2.350168553474176747e-01
-2.191820856099624126e-01
-2.312960867586514035e-01
-2.291225502858960372e-01
-2.156586270693650331e-01
-2.238430459374652626e-01
-2.230388497397619574e-01
-2.172768158156196949e-01
-2.216712106869861421e-01
-2.267586459169815272e-01
-1.908148799170508170e-01
-2.091114919447311649e-01
-2.026922225041862258e-01
-1.872944601497570360e-01
-2.125254121016823539e-01
-1.864947405994603902e-01
-2.108481994407902516e-01
-1.974675258669497391e-01
-2.123781572006477047e-01
-1.825320967718863652e-01
-2.087797881430293323e-01
-2.097459559627816716e-01
-2.143277136294826912e-01
-1.977035922950753921e-01
-2.033116368409802477e-01
-2.117188952274109137e-01
-2.070592195772562594e-01
-1.990252753948531517e-01
-1.983612347481351068e-01
-1.891135711396205732e-01
-1.859234072522359116e-01
-1.926253616333127305e-01
-1.999832172780992567e-01
-2.109639535264431209e-01
-2.074202386815582333e-01
-1.644275000702965228e-01
-1.834252243153743633e-01
-1.799369170008366381e-01
-1.760543132980640357e-01
-2.030058709075613921e-01
-1.703675819782196066e-01
-2.023750278636905209e-01
-1.734868119407341203e-01
-1.840583236572966574e-01
-1.680624412228317877e-01
-1.956748622364895274e-01
-1.780323153299708250e-01
-1.992159582152299158e-01
-1.955542010712267020e-01
-1.884125734260956586e-01
-1.876465686662295296e-01
-1.928313710809688997e-01
-1.805664349509365219e-01
-1.836934557458494988e-01
-1.712680567145957178e-01
-1.675452600208145182e-01
-1.880933044480470329e-01
-1.879493925706068880e-01
-1.933952494193006133e-01
-1.812136248044179665e-01
-1.874855538611196748e-01
-1.948170306002060537e-01
-1.889261593760847846e-01
-1.879085351709126051e-01
-1.922511089110277294e-01
-1.970765138402540417e-01
-1.926979842532353937e-01
-1.949082646743156566e-01
-2.214563071264290250e-01
-1.799952830761781530e-01
-1.941019452434598058e-01
-2.050982653645104514e-01
-1.915085673160630553e-01
-1.913446963823938751e-01
-1.813118765249338848e-01
-2.103538566232143192e-01
-1.948494286422353394e-01
-1.831442850328774130e-01
-1.956544922799969277e-01
-2.014035659802113909e-01
-2.014008366894006474e-01
-2.200119620146827326e-01
-1.706757683302926598e-01
-2.040384517905320105e-01
-1.952185711846829708e-01
-2.043834754487473260e-01
-2.065661055056227102e-01
-1.990140110477159607e-01
-2.083449822927923578e-01
-2.071227561318321475e-01
-2.121663162132933211e-01
-2.038822454313441168e-01
-2.206156006185107099e-01
-2.352659088607238491e-01
-1.875673800404804303e-01
-2.043113593939276940e-01
-2.130141718209881685e-01
-2.016736962251082510e-01
-1.955415391176412443e-01
-1.876078601438060378e-01
-2.212413695833966298e-01
-1.974642692490232998e-01
-1.965095656488706766e-01
-2.092836827751604623e-01
-2.147322326615922483e-01
-2.055318120070843135e-01
-2.294923209440630774e-01
-1.751059650298696924e-01
-2.230188639992367605e-01
-2.144890320383995574e-01
-2.103071232130722668e-01
-2.103963913532179986e-01
-2.264514441329410488e-01
-2.191527438320150234e-01
-2.072919191932846850e-01
-2.216170487876910622e-01
-2.057274179536981995e-01
-2.274842472611968980e-01
-2.388376820133885914e-01
-1.961138564834332687e-01
-2.046187966704441641e-01
-2.237086124401921616e-01
-2.027557565493634251e-01
-2.059463269581404687e-01
-2.101335298468672841e-01
-2.197084446292374704e-01
-2.072819955356908217e-01
-2.132693343824993426e-01
-2.195493303516670713e-01
-2.122018898124878039e-01
-2.041405276812613412e-01
-2.266008043945469952e-01
-1.903691284080648305e-01
-2.210950094696216839e-01
-2.197151382541740472e-01
-1.914734534123350429e-01
-2.084881141143749561e-01
-2.180180659668875809e-01
-2.149458009218278565e-01
-2.151200246962111373e-01
-2.138237031848961300e-01
-2.091108204154644434e-01
-2.236453914085117789e-01
-2.279129677700386380e-01
-2.041083418994994736e-01
-1.991865112800475790e-01
-2.222526977937038239e-01
-2.088158032492391236e-01
-2.110307367552170799e-01
-2.160216400703848794e-01
-2.188829397632669482e-01
-2.171464473363632908e-01
-2.168146811120145734e-01
-2.150046285461513496e-01
-2.110376953994766158e-01
-2.084838044922468214e-01
-2.229241221865260192e-01
-1.897027405729636573e-01
-2.104783658584677142e-01
-2.223246576473773273e-01
-1.912857953219744278e-01
-2.127726144686068466e-01
-2.176929226963537634e-01
-2.117614530449481447e-01
-2.117943772216646370e-01
-2.072004521210125960e-01
-2.007120176132957123e-01
-2.157388925590446038e-01
-2.342426968154180666e-01
-1.950243975171855049e-01
-1.971860204930000748e-01
-2.155979642284014397e-01
-2.157133609415413655e-01
-2.127906231533946146e-01
-2.155104248283403467e-01
-2.194281387037108622e-01
-2.069203901800461265e-01
-2.151781501592224533e-01
-2.104598998370042495e-01
-2.074436708326155010e-01
-2.101598949979396058e-01
-2.186247336483880532e-01
-2.020144767113253859e-01
-2.068187559647287621e-01
-2.124927467793875091e-01
-1.691453483190444307e-01
-1.974100028905896309e-01
-2.009841988992180362e-01
-1.891995010920210774e-01
-2.010837572772177784e-01
-1.928265390230181342e-01
-1.967866134959161684e-01
-2.018725900637242110e-01
-2.084248100649243041e-01
-1.731085957550329013e-01
-1.819037747234022451e-01
-2.002871193279120166e-01
-1.972368145329319311e-01
-1.960605104248011321e-01
-1.930267205603007907e-01
-2.020095080575242674e-01
-1.978029026865874285e-01
-1.933247657851276946e-01
-1.927352697310275864e-01
-1.943759927514049357e-01
-1.838051051380006351e-01
-1.903444290812208450e-01
-1.856422943465528830e-01
-2.045851500808880952e-01
-1.971010920041662284e-01
-1.553221845964437853e-01
-1.720015044273347227e-01
-1.619173311946646709e-01
-1.645960276899756103e-01
-1.789685218742366468e-01
-1.546170520805641158e-01
-1.845320840305724741e-01
-1.767088890765783904e-01
-1.793355663408585654e-01
-1.608670164684343484e-01
-1.877941803850518843e-01
-1.672110527164799021e-01
-1.920977658138561806e-01
-1.711558494495447613e-01
-1.689506230417542054e-01
-1.847580307077093809e-01
-1.743030030355497695e-01
-1.640585794678919018e-01
-1.775390956873323378e-01
-1.649104455630561183e-01
-1.543953807364676911e-01
-1.760152513082413051e-01
-1.729935102146564485e-01
-1.836352744785758051e-01
-1.776055018567402888e-01
-1.459692880783938773e-01
-1.591625682098858630e-01
-1.534547780237283388e-01
-1.533420287335979793e-01
-1.804411307049710311e-01
-1.432862448594301175e-01
-1.790258716730355470e-01
-1.602810797916376095e-01
-1.562168458781517943e-01
-1.555683916087037266e-01
-1.830584745133109204e-01
-1.605134060532462659e-01
-1.792944197340946566e-01
-1.798773404342526583e-01
-1.610424286079862044e-01
-1.789846365441206399e-01
-1.741734077313896456e-01
-1.570624510329286794e-01
-1.623158324908230699e-01
-1.592725689080134177e-01
-1.549371211301725226e-01
-1.727771186037556916e-01
-1.725769015296960140e-01
-1.724423576409979952e-01
-1.753667402886545101e-01
4.726357199758074445e-01
5.103210766759371797e-01
8.494009206779185028e-01
5.653417484571060525e-01
7.058694082697648531e-01
6.951592395405274960e-01
5.445982241376435828e-01
6.995723775991837812e-01
1.037827858446775720e+00
1.559377570741367347e-01
6.274818161566603214e-01
7.771321375833273315e-01
4.038888063086801816e-01
4.877845865574612083e-01
4.361392369096265265e-01
6.837536734080282841e-01
4.373995153740571906e-01
5.742384874510514381e-01
6.182770317735923893e-01
5.790290808143103707e-01
5.813006468891924738e-01
8.229168027251883011e-01
3.353256037021956626e-01
6.871490212231194938e-01
6.035277965665577504e-01
-1.958769016682336203e-02
-2.137161163065682407e-02
-2.330185010968508982e-02
-1.427615093328082896e-02
-6.532513720092721771e-03
-5.589791268350084545e-03
-2.602117812517612799e-03
-1.846069350528906083e-02
-2.575713046631290110e-02
-1.863858941242059128e-02
-6.360249385331987783e-03
8.162013884908700216e-04
4.523449715090192488e-03
-1.325073855562564334e-03
-8.220655027756975861e-03
-2.541964634801126971e-02
-4.105807960760670533e-02
-2.523287635280819716e-02
-4.036800866738621957e-03
5.073828795055278403e-03
2.466389983895931996e-03
-8.945282992860469767e-03
-2.381013055343907808e-02
-2.864001549259672860e-02
-3.999104783062750607e-02
-3.263703869977016558e-02
-1.578442177409333791e-02
-2.924238080037189561e-03
-9.269983160761290433e-03
-1.918389993046568792e-02
-3.030779132410827553e-02
-3.063802528787911220e-02
-3.208745082761207956e-02
-2.950671412717120745e-02
-1.850836781306132786e-02
-7.660951785780947300e-03
-5.760900374357941570e-03
-8.257341675653664601e-03
-1.586764759062563382e-02
-2.375898949066235916e-02
-4.269102396184519532e-02
-3.157294512089123262e-02
-1.324570821752080185e-02
-6.588132663717168915e-03
-3.619383492998718126e-03
-5.874747329941371575e-03
-1.252557601320054143e-02
-1.611623362800870818e-02
-5.123404732726831445e-02
-3.491983265442089035e-02
-7.083156562696266492e-03
-1.000856472587746855e-02
-2.108715302389143481e-02
-2.663904196092567456e-02
-2.808099492593664134e-02
-2.946283522524920095e-02
-4.725347070006553213e-02
-3.783756098299868170e-02
-1.404093632239234238e-02
-2.055736441794041997e-02
-3.286402713177980633e-02
-4.056128598133054014e-02
-4.480927745763088610e-02
-4.467156586934951240e-02
